Electrostatic potential parameters

Grid information (see 1_default_grid.dat in Angstrom)
    Number of grid points:            531

Quantum electrostatic potential (see 1_default_grid_esp.dat)

Constraints
    Charge constraints
        Total charge of   0.81275071 on the set   2
        Total charge of  -0.60513680 on the set   3
        Total charge of  -0.66618744 on the set   4
        Total charge of   0.45473180 on the set   8
    Equality constraints
        Equal charges on atoms
                                  5   6   7

Restraint
    Hyperbolic restraint to a charge of zero
    Hydrogen atoms are not restrained
    resp_a:                           0.0010
    resp_b:                           0.1000

Fit

Electrostatic Potential Charges
   Center  Symbol       ESP      RESP
      1    C      -0.29610011 -0.28004513
      2    C       0.81275071  0.81275071
      3    O      -0.60513680 -0.60513680
      4    O      -0.66618744 -0.66618744
      5    H       0.09998061  0.09462896
      6    H       0.09998061  0.09462896
      7    H       0.09998061  0.09462896
      8    H       0.45473180  0.45473180
Total Charge:      0.00000000  0.00000000
