                      :-) GROMACS - gmx mdrun, 2020.4 (-:

                            GROMACS is written by:
     Emile Apol      Rossen Apostolov      Paul Bauer     Herman J.C. Berendsen
    Par Bjelkmar      Christian Blau   Viacheslav Bolnykh     Kevin Boyd    
 Aldert van Buuren   Rudi van Drunen     Anton Feenstra       Alan Gray     
  Gerrit Groenhof     Anca Hamuraru    Vincent Hindriksen  M. Eric Irrgang  
  Aleksei Iupinov   Christoph Junghans     Joe Jordan     Dimitrios Karkoulis
    Peter Kasson        Jiri Kraus      Carsten Kutzner      Per Larsson    
  Justin A. Lemkul    Viveca Lindahl    Magnus Lundborg     Erik Marklund   
    Pascal Merz     Pieter Meulenhoff    Teemu Murtola       Szilard Pall   
    Sander Pronk      Roland Schulz      Michael Shirts    Alexey Shvetsov  
   Alfons Sijbers     Peter Tieleman      Jon Vincent      Teemu Virolainen 
 Christian Wennberg    Maarten Wolf      Artem Zhmurov   
                           and the project leaders:
        Mark Abraham, Berk Hess, Erik Lindahl, and David van der Spoel

Copyright (c) 1991-2000, University of Groningen, The Netherlands.
Copyright (c) 2001-2019, The GROMACS development team at
Uppsala University, Stockholm University and
the Royal Institute of Technology, Sweden.
check out http://www.gromacs.org for more information.

GROMACS is free software; you can redistribute it and/or modify it
under the terms of the GNU Lesser General Public License
as published by the Free Software Foundation; either version 2.1
of the License, or (at your option) any later version.

GROMACS:      gmx mdrun, version 2020.4
Executable:   /share/apps/gromacs/2020.4/openmpi/intel/bin/gmx_mpi
Data prefix:  /share/apps/gromacs/2020.4/openmpi/intel
Working dir:  /home/rz2522/ondemand/data/sys/myjobs/projects/default/4
Process ID:   162787
Command line:
  gmx_mpi mdrun -deffnm md_0_1

GROMACS version:    2020.4
Verified release checksum is 79c2857291b034542c26e90512b92fd4b184a1c9d6fa59c55f2e24ccf14e7281
Precision:          single
Memory model:       64 bit
MPI library:        MPI
OpenMP support:     disabled
GPU support:        disabled
SIMD instructions:  AVX_512
FFT library:        Intel MKL
RDTSCP usage:       enabled
TNG support:        enabled
Hwloc support:      disabled
Tracing support:    disabled
C compiler:         /share/apps/openmpi/4.0.5/intel/bin/mpicc Intel 19.1.2.20200623
C compiler flags:   -xCORE-AVX512 -qopt-zmm-usage=high -mkl=sequential -wd3180 -std=gnu99 -ip -funroll-all-loops -alias-const -ansi-alias -no-prec-div -fimf-domain-exclusion=14 -qoverride-limits -O3 -DNDEBUG
C++ compiler:       /share/apps/openmpi/4.0.5/intel/bin/mpicxx Intel 19.1.2.20200623
C++ compiler flags: -xCORE-AVX512 -qopt-zmm-usage=high -mkl=sequential -wd3180 -ip -funroll-all-loops -alias-const -ansi-alias -no-prec-div -fimf-domain-exclusion=14 -qoverride-limits -O3 -DNDEBUG


Running on 1 node with total 48 cores, 48 logical cores
Hardware detected on host cs386.hpc.nyu.edu (the node of MPI rank 0):
  CPU info:
    Vendor: Intel
    Brand:  Intel(R) Xeon(R) Platinum 8268 CPU @ 2.90GHz
    Family: 6   Model: 85   Stepping: 7
    Features: aes apic avx avx2 avx512f avx512cd avx512bw avx512vl clfsh cmov cx8 cx16 f16c fma htt intel lahf mmx msr nonstop_tsc pcid pclmuldq pdcm pdpe1gb popcnt pse rdrnd rdtscp sse2 sse3 sse4.1 sse4.2 ssse3 tdt x2apic
    Number of AVX-512 FMA units: 2
  Hardware topology: Only logical processor count


++++ PLEASE READ AND CITE THE FOLLOWING REFERENCE ++++
M. J. Abraham, T. Murtola, R. Schulz, S. Páll, J. C. Smith, B. Hess, E.
Lindahl
GROMACS: High performance molecular simulations through multi-level
parallelism from laptops to supercomputers
SoftwareX 1 (2015) pp. 19-25
-------- -------- --- Thank You --- -------- --------


++++ PLEASE READ AND CITE THE FOLLOWING REFERENCE ++++
S. Páll, M. J. Abraham, C. Kutzner, B. Hess, E. Lindahl
Tackling Exascale Software Challenges in Molecular Dynamics Simulations with
GROMACS
In S. Markidis & E. Laure (Eds.), Solving Software Challenges for Exascale 8759 (2015) pp. 3-27
-------- -------- --- Thank You --- -------- --------


++++ PLEASE READ AND CITE THE FOLLOWING REFERENCE ++++
S. Pronk, S. Páll, R. Schulz, P. Larsson, P. Bjelkmar, R. Apostolov, M. R.
Shirts, J. C. Smith, P. M. Kasson, D. van der Spoel, B. Hess, and E. Lindahl
GROMACS 4.5: a high-throughput and highly parallel open source molecular
simulation toolkit
Bioinformatics 29 (2013) pp. 845-54
-------- -------- --- Thank You --- -------- --------


++++ PLEASE READ AND CITE THE FOLLOWING REFERENCE ++++
B. Hess and C. Kutzner and D. van der Spoel and E. Lindahl
GROMACS 4: Algorithms for highly efficient, load-balanced, and scalable
molecular simulation
J. Chem. Theory Comput. 4 (2008) pp. 435-447
-------- -------- --- Thank You --- -------- --------


++++ PLEASE READ AND CITE THE FOLLOWING REFERENCE ++++
D. van der Spoel, E. Lindahl, B. Hess, G. Groenhof, A. E. Mark and H. J. C.
Berendsen
GROMACS: Fast, Flexible and Free
J. Comp. Chem. 26 (2005) pp. 1701-1719
-------- -------- --- Thank You --- -------- --------


++++ PLEASE READ AND CITE THE FOLLOWING REFERENCE ++++
E. Lindahl and B. Hess and D. van der Spoel
GROMACS 3.0: A package for molecular simulation and trajectory analysis
J. Mol. Mod. 7 (2001) pp. 306-317
-------- -------- --- Thank You --- -------- --------


++++ PLEASE READ AND CITE THE FOLLOWING REFERENCE ++++
H. J. C. Berendsen, D. van der Spoel and R. van Drunen
GROMACS: A message-passing parallel molecular dynamics implementation
Comp. Phys. Comm. 91 (1995) pp. 43-56
-------- -------- --- Thank You --- -------- --------


++++ PLEASE CITE THE DOI FOR THIS VERSION OF GROMACS ++++
https://doi.org/10.5281/zenodo.4054979
-------- -------- --- Thank You --- -------- --------

Input Parameters:
   integrator                     = md
   tinit                          = 0
   dt                             = 0.002
   nsteps                         = 500000
   init-step                      = 0
   simulation-part                = 1
   comm-mode                      = Linear
   nstcomm                        = 100
   bd-fric                        = 0
   ld-seed                        = 1245834328
   emtol                          = 10
   emstep                         = 0.01
   niter                          = 20
   fcstep                         = 0
   nstcgsteep                     = 1000
   nbfgscorr                      = 10
   rtpi                           = 0.05
   nstxout                        = 0
   nstvout                        = 0
   nstfout                        = 0
   nstlog                         = 5000
   nstcalcenergy                  = 100
   nstenergy                      = 5000
   nstxout-compressed             = 5000
   compressed-x-precision         = 1000
   cutoff-scheme                  = Verlet
   nstlist                        = 10
   pbc                            = xyz
   periodic-molecules             = false
   verlet-buffer-tolerance        = 0.005
   rlist                          = 1
   coulombtype                    = PME
   coulomb-modifier               = Potential-shift
   rcoulomb-switch                = 0
   rcoulomb                       = 1
   epsilon-r                      = 1
   epsilon-rf                     = inf
   vdw-type                       = Cut-off
   vdw-modifier                   = Potential-shift
   rvdw-switch                    = 0
   rvdw                           = 1
   DispCorr                       = EnerPres
   table-extension                = 1
   fourierspacing                 = 0.16
   fourier-nx                     = 44
   fourier-ny                     = 44
   fourier-nz                     = 44
   pme-order                      = 4
   ewald-rtol                     = 1e-05
   ewald-rtol-lj                  = 0.001
   lj-pme-comb-rule               = Geometric
   ewald-geometry                 = 0
   epsilon-surface                = 0
   tcoupl                         = V-rescale
   nsttcouple                     = 10
   nh-chain-length                = 0
   print-nose-hoover-chain-variables = false
   pcoupl                         = Parrinello-Rahman
   pcoupltype                     = Isotropic
   nstpcouple                     = 10
   tau-p                          = 2
   compressibility (3x3):
      compressibility[    0]={ 4.50000e-05,  0.00000e+00,  0.00000e+00}
      compressibility[    1]={ 0.00000e+00,  4.50000e-05,  0.00000e+00}
      compressibility[    2]={ 0.00000e+00,  0.00000e+00,  4.50000e-05}
   ref-p (3x3):
      ref-p[    0]={ 1.00000e+00,  0.00000e+00,  0.00000e+00}
      ref-p[    1]={ 0.00000e+00,  1.00000e+00,  0.00000e+00}
      ref-p[    2]={ 0.00000e+00,  0.00000e+00,  1.00000e+00}
   refcoord-scaling               = No
   posres-com (3):
      posres-com[0]= 0.00000e+00
      posres-com[1]= 0.00000e+00
      posres-com[2]= 0.00000e+00
   posres-comB (3):
      posres-comB[0]= 0.00000e+00
      posres-comB[1]= 0.00000e+00
      posres-comB[2]= 0.00000e+00
   QMMM                           = false
   QMconstraints                  = 0
   QMMMscheme                     = 0
   MMChargeScaleFactor            = 1
qm-opts:
   ngQM                           = 0
   constraint-algorithm           = Lincs
   continuation                   = true
   Shake-SOR                      = false
   shake-tol                      = 0.0001
   lincs-order                    = 4
   lincs-iter                     = 1
   lincs-warnangle                = 30
   nwall                          = 0
   wall-type                      = 9-3
   wall-r-linpot                  = -1
   wall-atomtype[0]               = -1
   wall-atomtype[1]               = -1
   wall-density[0]                = 0
   wall-density[1]                = 0
   wall-ewald-zfac                = 3
   pull                           = false
   awh                            = false
   rotation                       = false
   interactiveMD                  = false
   disre                          = No
   disre-weighting                = Conservative
   disre-mixed                    = false
   dr-fc                          = 1000
   dr-tau                         = 0
   nstdisreout                    = 100
   orire-fc                       = 0
   orire-tau                      = 0
   nstorireout                    = 100
   free-energy                    = no
   cos-acceleration               = 0
   deform (3x3):
      deform[    0]={ 0.00000e+00,  0.00000e+00,  0.00000e+00}
      deform[    1]={ 0.00000e+00,  0.00000e+00,  0.00000e+00}
      deform[    2]={ 0.00000e+00,  0.00000e+00,  0.00000e+00}
   simulated-tempering            = false
   swapcoords                     = no
   userint1                       = 0
   userint2                       = 0
   userint3                       = 0
   userint4                       = 0
   userreal1                      = 0
   userreal2                      = 0
   userreal3                      = 0
   userreal4                      = 0
   applied-forces:
     electric-field:
       x:
         E0                       = 0
         omega                    = 0
         t0                       = 0
         sigma                    = 0
       y:
         E0                       = 0
         omega                    = 0
         t0                       = 0
         sigma                    = 0
       z:
         E0                       = 0
         omega                    = 0
         t0                       = 0
         sigma                    = 0
     density-guided-simulation:
       active                     = false
       group                      = protein
       similarity-measure         = inner-product
       atom-spreading-weight      = unity
       force-constant             = 1e+09
       gaussian-transform-spreading-width = 0.2
       gaussian-transform-spreading-range-in-multiples-of-width = 4
       reference-density-filename = reference.mrc
       nst                        = 1
       normalize-densities        = true
       adaptive-force-scaling     = false
       adaptive-force-scaling-time-constant = 4
grpopts:
   nrdf:     4920.79     63837.2
   ref-t:         300         300
   tau-t:         0.1         0.1
annealing:          No          No
annealing-npoints:           0           0
   acc:	           0           0           0
   nfreeze:           N           N           N
   energygrp-flags[  0]: 0

Changing nstlist from 10 to 50, rlist from 1 to 1.111


Initializing Domain Decomposition on 48 ranks
Dynamic load balancing: auto
Using update groups, nr 11645, average size 2.9 atoms, max. radius 0.103 nm
Minimum cell size due to atom displacement: 0.398 nm
Initial maximum distances in bonded interactions:
    two-body bonded interactions: 0.460 nm, LJ-14, atoms 1156 1405
  multi-body bonded interactions: 0.460 nm, Ryckaert-Bell., atoms 1156 1405
Minimum cell size due to bonded interactions: 0.506 nm
Scaling the initial minimum size with 1/0.8 (option -dds) = 1.25
Guess for relative PME load: 0.23
Will use 36 particle-particle and 12 PME only ranks
This is a guess, check the performance at the end of the log file
Using 12 separate PME ranks, as guessed by mdrun
Optimizing the DD grid for 36 cells with a minimum initial size of 0.632 nm
The maximum allowed number of cells is: X 11 Y 11 Z 11
Domain decomposition grid 4 x 3 x 3, separate PME ranks 12
PME domain decomposition: 4 x 3 x 1
Interleaving PP and PME ranks
This rank does only particle-particle work.
Domain decomposition rank 0, coordinates 0 0 0

The initial number of communication pulses is: X 1 Y 1 Z 1
The initial domain decomposition cell size is: X 1.75 nm Y 2.33 nm Z 2.33 nm

The maximum allowed distance for atom groups involved in interactions is:
                 non-bonded interactions           1.318 nm
(the following are initial values, they could change due to box deformation)
            two-body bonded interactions  (-rdd)   1.318 nm
          multi-body bonded interactions  (-rdd)   1.318 nm

When dynamic load balancing gets turned on, these settings will change to:
The maximum number of communication pulses is: X 1 Y 1 Z 1
The minimum size for domain decomposition cells is 1.318 nm
The requested allowed shrink of DD cells (option -dds) is: 0.80
The allowed shrink of domain decomposition cells is: X 0.75 Y 0.57 Z 0.57
The maximum allowed distance for atom groups involved in interactions is:
                 non-bonded interactions           1.318 nm
            two-body bonded interactions  (-rdd)   1.318 nm
          multi-body bonded interactions  (-rdd)   1.318 nm

Using 48 MPI processes

Non-default thread affinity set, disabling internal thread affinity
System total charge: -0.000
Will do PME sum in reciprocal space for electrostatic interactions.

++++ PLEASE READ AND CITE THE FOLLOWING REFERENCE ++++
U. Essmann, L. Perera, M. L. Berkowitz, T. Darden, H. Lee and L. G. Pedersen 
A smooth particle mesh Ewald method
J. Chem. Phys. 103 (1995) pp. 8577-8592
-------- -------- --- Thank You --- -------- --------

Using a Gaussian width (1/beta) of 0.320163 nm for Ewald
Potential shift: LJ r^-12: -1.000e+00 r^-6: -1.000e+00, Ewald -1.000e-05
Initialized non-bonded Ewald tables, spacing: 9.33e-04 size: 1073

Generated table with 1055 data points for 1-4 COUL.
Tabscale = 500 points/nm
Generated table with 1055 data points for 1-4 LJ6.
Tabscale = 500 points/nm
Generated table with 1055 data points for 1-4 LJ12.
Tabscale = 500 points/nm

Using SIMD 4x8 nonbonded short-range kernels

Using a dual 4x8 pair-list setup updated with dynamic pruning:
  outer list: updated every 50 steps, buffer 0.111 nm, rlist 1.111 nm
  inner list: updated every 12 steps, buffer 0.001 nm, rlist 1.001 nm
At tolerance 0.005 kJ/mol/ps per atom, equivalent classical 1x1 list would be:
  outer list: updated every 50 steps, buffer 0.241 nm, rlist 1.241 nm
  inner list: updated every 12 steps, buffer 0.046 nm, rlist 1.046 nm

Using geometric Lennard-Jones combination rule

Long Range LJ corr.: <C6> 3.1923e-04


Initializing LINear Constraint Solver

++++ PLEASE READ AND CITE THE FOLLOWING REFERENCE ++++
B. Hess and H. Bekker and H. J. C. Berendsen and J. G. E. M. Fraaije
LINCS: A Linear Constraint Solver for molecular simulations
J. Comp. Chem. 18 (1997) pp. 1463-1472
-------- -------- --- Thank You --- -------- --------

The number of constraints is 959

++++ PLEASE READ AND CITE THE FOLLOWING REFERENCE ++++
S. Miyamoto and P. A. Kollman
SETTLE: An Analytical Version of the SHAKE and RATTLE Algorithms for Rigid
Water Models
J. Comp. Chem. 13 (1992) pp. 952-962
-------- -------- --- Thank You --- -------- --------


Linking all bonded interactions to atoms

Intra-simulation communication will occur every 10 steps.

++++ PLEASE READ AND CITE THE FOLLOWING REFERENCE ++++
G. Bussi, D. Donadio and M. Parrinello
Canonical sampling through velocity rescaling
J. Chem. Phys. 126 (2007) pp. 014101
-------- -------- --- Thank You --- -------- --------

There are: 33876 Atoms
Atom distribution over 36 domains: av 941 stddev 29 min 897 max 1031
Center of mass motion removal mode is Linear
We have the following groups for center of mass motion removal:
  0:  rest

Started mdrun on rank 0 Mon Sep 26 15:54:38 2022

           Step           Time
              0        0.00000

   Energies (kJ/mol)
           Bond          Angle    Proper Dih. Ryckaert-Bell.          LJ-14
    1.40528e+03    3.74560e+03    2.26654e+02    1.82614e+03    2.73574e+03
     Coulomb-14        LJ (SR)  Disper. corr.   Coulomb (SR)   Coul. recip.
    7.77470e+03    7.27774e+04   -4.48160e+03   -5.59393e+05    3.03733e+03
      Potential    Kinetic En.   Total Energy  Conserved En.    Temperature
   -4.70345e+05    8.57693e+04   -3.84576e+05   -3.84556e+05    3.00057e+02
 Pres. DC (bar) Pressure (bar)   Constr. rmsd
   -2.17863e+02   -5.80292e+01    2.74495e-06


DD  step 49 load imb.: force 13.9%  pme mesh/force 1.076

DD  step 4999 load imb.: force 11.8%  pme mesh/force 0.950

step 5000 Turning on dynamic load balancing, because the performance loss due to load imbalance is 2.1 %.
           Step           Time
           5000       10.00000

   Energies (kJ/mol)
           Bond          Angle    Proper Dih. Ryckaert-Bell.          LJ-14
    1.38131e+03    3.69108e+03    2.49670e+02    1.78646e+03    2.66426e+03
     Coulomb-14        LJ (SR)  Disper. corr.   Coulomb (SR)   Coul. recip.
    7.69661e+03    7.51230e+04   -4.48379e+03   -5.62968e+05    3.03387e+03
      Potential    Kinetic En.   Total Energy  Conserved En.    Temperature
   -4.71826e+05    8.55196e+04   -3.86306e+05   -3.84520e+05    2.99184e+02
 Pres. DC (bar) Pressure (bar)   Constr. rmsd
   -2.18076e+02    1.67941e+02    2.86760e-06


DD  step 9999  vol min/aver 0.700  load imb.: force  3.3%  pme mesh/force 0.990
           Step           Time
          10000       20.00000

   Energies (kJ/mol)
           Bond          Angle    Proper Dih. Ryckaert-Bell.          LJ-14
    1.55591e+03    3.94006e+03    2.30680e+02    1.87193e+03    2.58149e+03
     Coulomb-14        LJ (SR)  Disper. corr.   Coulomb (SR)   Coul. recip.
    7.74055e+03    7.28773e+04   -4.45909e+03   -5.58683e+05    3.01007e+03
      Potential    Kinetic En.   Total Energy  Conserved En.    Temperature
   -4.69334e+05    8.62875e+04   -3.83047e+05   -3.84456e+05    3.01870e+02
 Pres. DC (bar) Pressure (bar)   Constr. rmsd
   -2.15683e+02   -2.60476e+02    2.93401e-06


DD  step 14999  vol min/aver 0.672  load imb.: force  3.9%  pme mesh/force 0.982
           Step           Time
          15000       30.00000

   Energies (kJ/mol)
           Bond          Angle    Proper Dih. Ryckaert-Bell.          LJ-14
    1.57492e+03    3.81281e+03    2.70481e+02    1.92221e+03    2.66316e+03
     Coulomb-14        LJ (SR)  Disper. corr.   Coulomb (SR)   Coul. recip.
    7.79470e+03    7.35925e+04   -4.46661e+03   -5.61312e+05    2.99132e+03
      Potential    Kinetic En.   Total Energy  Conserved En.    Temperature
   -4.71157e+05    8.51419e+04   -3.86015e+05   -3.84402e+05    2.97863e+02
 Pres. DC (bar) Pressure (bar)   Constr. rmsd
   -2.16410e+02   -3.75478e+01    3.28631e-06


DD  step 19999  vol min/aver 0.666  load imb.: force  2.5%  pme mesh/force 1.011
           Step           Time
          20000       40.00000

   Energies (kJ/mol)
           Bond          Angle    Proper Dih. Ryckaert-Bell.          LJ-14
    1.48616e+03    3.66761e+03    2.34984e+02    1.81156e+03    2.59769e+03
     Coulomb-14        LJ (SR)  Disper. corr.   Coulomb (SR)   Coul. recip.
    7.67474e+03    7.47058e+04   -4.47571e+03   -5.62764e+05    3.03195e+03
      Potential    Kinetic En.   Total Energy  Conserved En.    Temperature
   -4.72029e+05    8.55281e+04   -3.86501e+05   -3.84372e+05    2.99214e+02
 Pres. DC (bar) Pressure (bar)   Constr. rmsd
   -2.17291e+02    1.26153e+01    2.56811e-06


DD  step 24999  vol min/aver 0.654  load imb.: force  7.2%  pme mesh/force 0.733
           Step           Time
          25000       50.00000

   Energies (kJ/mol)
           Bond          Angle    Proper Dih. Ryckaert-Bell.          LJ-14
    1.40920e+03    3.73945e+03    2.59868e+02    1.78030e+03    2.56194e+03
     Coulomb-14        LJ (SR)  Disper. corr.   Coulomb (SR)   Coul. recip.
    7.77275e+03    7.48737e+04   -4.47109e+03   -5.63879e+05    3.04002e+03
      Potential    Kinetic En.   Total Energy  Conserved En.    Temperature
   -4.72912e+05    8.57292e+04   -3.87183e+05   -3.84296e+05    2.99917e+02
 Pres. DC (bar) Pressure (bar)   Constr. rmsd
   -2.16844e+02   -6.90234e+01    2.92107e-06


DD  step 29999  vol min/aver 0.644  load imb.: force  3.5%  pme mesh/force 0.990
           Step           Time
          30000       60.00000

   Energies (kJ/mol)
           Bond          Angle    Proper Dih. Ryckaert-Bell.          LJ-14
    1.52411e+03    3.74058e+03    2.57327e+02    1.87193e+03    2.61688e+03
     Coulomb-14        LJ (SR)  Disper. corr.   Coulomb (SR)   Coul. recip.
    7.66017e+03    7.41534e+04   -4.47961e+03   -5.61576e+05    3.10523e+03
      Potential    Kinetic En.   Total Energy  Conserved En.    Temperature
   -4.71126e+05    8.55893e+04   -3.85537e+05   -3.84238e+05    2.99428e+02
 Pres. DC (bar) Pressure (bar)   Constr. rmsd
   -2.17670e+02   -1.95905e+01    3.17950e-06


step 32000 Turning off dynamic load balancing, because it is degrading performance.
Atom distribution over 36 domains: av 941 stddev 26 min 895 max 1011

DD  step 34999 load imb.: force 12.7%  pme mesh/force 0.952
           Step           Time
          35000       70.00000

   Energies (kJ/mol)
           Bond          Angle    Proper Dih. Ryckaert-Bell.          LJ-14
    1.41721e+03    3.72852e+03    2.46796e+02    1.81435e+03    2.65050e+03
     Coulomb-14        LJ (SR)  Disper. corr.   Coulomb (SR)   Coul. recip.
    7.85542e+03    7.47402e+04   -4.46741e+03   -5.62383e+05    2.93493e+03
      Potential    Kinetic En.   Total Energy  Conserved En.    Temperature
   -4.71462e+05    8.65191e+04   -3.84943e+05   -3.84211e+05    3.02680e+02
 Pres. DC (bar) Pressure (bar)   Constr. rmsd
   -2.16487e+02    6.53403e+01    3.05515e-06


DD  step 39999 load imb.: force 11.4%  pme mesh/force 0.971

step 40000 Turning on dynamic load balancing, because the performance loss due to load imbalance is 3.5 %.
           Step           Time
          40000       80.00000

   Energies (kJ/mol)
           Bond          Angle    Proper Dih. Ryckaert-Bell.          LJ-14
    1.57372e+03    3.70893e+03    2.49278e+02    1.80677e+03    2.70901e+03
     Coulomb-14        LJ (SR)  Disper. corr.   Coulomb (SR)   Coul. recip.
    7.72399e+03    7.40541e+04   -4.48069e+03   -5.60181e+05    3.08484e+03
      Potential    Kinetic En.   Total Energy  Conserved En.    Temperature
   -4.69751e+05    8.53742e+04   -3.84377e+05   -3.84123e+05    2.98675e+02
 Pres. DC (bar) Pressure (bar)   Constr. rmsd
   -2.17775e+02    2.21007e+02    3.29995e-06


DD  step 44999  vol min/aver 0.664  load imb.: force  3.0%  pme mesh/force 0.985
           Step           Time
          45000       90.00000

   Energies (kJ/mol)
           Bond          Angle    Proper Dih. Ryckaert-Bell.          LJ-14
    1.43249e+03    3.66924e+03    2.64125e+02    1.76448e+03    2.70886e+03
     Coulomb-14        LJ (SR)  Disper. corr.   Coulomb (SR)   Coul. recip.
    7.77269e+03    7.30720e+04   -4.46405e+03   -5.60210e+05    3.00460e+03
      Potential    Kinetic En.   Total Energy  Conserved En.    Temperature
   -4.70985e+05    8.54830e+04   -3.85502e+05   -3.84083e+05    2.99056e+02
 Pres. DC (bar) Pressure (bar)   Constr. rmsd
   -2.16163e+02   -6.19071e+01    2.79416e-06


DD  step 49999  vol min/aver 0.662  load imb.: force  2.6%  pme mesh/force 1.015
           Step           Time
          50000      100.00000

   Energies (kJ/mol)
           Bond          Angle    Proper Dih. Ryckaert-Bell.          LJ-14
    1.34733e+03    3.76281e+03    2.54602e+02    1.74668e+03    2.64658e+03
     Coulomb-14        LJ (SR)  Disper. corr.   Coulomb (SR)   Coul. recip.
    7.77374e+03    7.38776e+04   -4.47268e+03   -5.61564e+05    3.03803e+03
      Potential    Kinetic En.   Total Energy  Conserved En.    Temperature
   -4.71589e+05    8.45579e+04   -3.87031e+05   -3.84019e+05    2.95819e+02
 Pres. DC (bar) Pressure (bar)   Constr. rmsd
   -2.16998e+02    2.41473e+01    3.23271e-06


DD  step 54999  vol min/aver 0.712  load imb.: force  3.6%  pme mesh/force 0.981
           Step           Time
          55000      110.00000

   Energies (kJ/mol)
           Bond          Angle    Proper Dih. Ryckaert-Bell.          LJ-14
    1.39647e+03    3.66448e+03    2.46322e+02    1.85234e+03    2.65341e+03
     Coulomb-14        LJ (SR)  Disper. corr.   Coulomb (SR)   Coul. recip.
    7.70694e+03    7.52143e+04   -4.48374e+03   -5.62957e+05    3.02334e+03
      Potential    Kinetic En.   Total Energy  Conserved En.    Temperature
   -4.71683e+05    8.55273e+04   -3.86156e+05   -3.83964e+05    2.99211e+02
 Pres. DC (bar) Pressure (bar)   Constr. rmsd
   -2.18071e+02    2.59057e+02    2.76258e-06


DD  step 59999  vol min/aver 0.661  load imb.: force  2.8%  pme mesh/force 0.997
           Step           Time
          60000      120.00000

   Energies (kJ/mol)
           Bond          Angle    Proper Dih. Ryckaert-Bell.          LJ-14
    1.45854e+03    3.72769e+03    2.68398e+02    1.80937e+03    2.70446e+03
     Coulomb-14        LJ (SR)  Disper. corr.   Coulomb (SR)   Coul. recip.
    7.74733e+03    7.33939e+04   -4.47072e+03   -5.61915e+05    3.04377e+03
      Potential    Kinetic En.   Total Energy  Conserved En.    Temperature
   -4.72233e+05    8.57810e+04   -3.86452e+05   -3.83926e+05    3.00098e+02
 Pres. DC (bar) Pressure (bar)   Constr. rmsd
   -2.16808e+02   -8.09859e+00    2.74228e-06


DD  step 64999  vol min/aver 0.674  load imb.: force  3.8%  pme mesh/force 1.003
           Step           Time
          65000      130.00000

   Energies (kJ/mol)
           Bond          Angle    Proper Dih. Ryckaert-Bell.          LJ-14
    1.45097e+03    3.74240e+03    2.29352e+02    1.74948e+03    2.63084e+03
     Coulomb-14        LJ (SR)  Disper. corr.   Coulomb (SR)   Coul. recip.
    7.79559e+03    7.43091e+04   -4.50850e+03   -5.62105e+05    2.98640e+03
      Potential    Kinetic En.   Total Energy  Conserved En.    Temperature
   -4.71720e+05    8.50569e+04   -3.86663e+05   -3.83852e+05    2.97565e+02
 Pres. DC (bar) Pressure (bar)   Constr. rmsd
   -2.20483e+02    1.25893e+02    2.65214e-06


DD  step 69999  vol min/aver 0.700  load imb.: force  3.6%  pme mesh/force 1.006
           Step           Time
          70000      140.00000

   Energies (kJ/mol)
           Bond          Angle    Proper Dih. Ryckaert-Bell.          LJ-14
    1.51434e+03    3.75476e+03    2.36149e+02    1.79642e+03    2.63862e+03
     Coulomb-14        LJ (SR)  Disper. corr.   Coulomb (SR)   Coul. recip.
    7.78600e+03    7.33694e+04   -4.44905e+03   -5.60408e+05    3.03527e+03
      Potential    Kinetic En.   Total Energy  Conserved En.    Temperature
   -4.70727e+05    8.62956e+04   -3.84431e+05   -3.83801e+05    3.01898e+02
 Pres. DC (bar) Pressure (bar)   Constr. rmsd
   -2.14714e+02   -2.04640e+02    2.70553e-06


DD  step 74999  vol min/aver 0.693  load imb.: force  8.5%  pme mesh/force 0.868
           Step           Time
          75000      150.00000

   Energies (kJ/mol)
           Bond          Angle    Proper Dih. Ryckaert-Bell.          LJ-14
    1.45820e+03    3.90004e+03    2.47741e+02    1.89272e+03    2.61958e+03
     Coulomb-14        LJ (SR)  Disper. corr.   Coulomb (SR)   Coul. recip.
    7.77489e+03    7.35704e+04   -4.45440e+03   -5.60424e+05    3.08392e+03
      Potential    Kinetic En.   Total Energy  Conserved En.    Temperature
   -4.70331e+05    8.57474e+04   -3.84584e+05   -3.83762e+05    2.99981e+02
 Pres. DC (bar) Pressure (bar)   Constr. rmsd
   -2.15230e+02   -2.80376e+00    2.95731e-06


DD  step 79999  vol min/aver 0.672  load imb.: force  4.8%  pme mesh/force 0.987
           Step           Time
          80000      160.00000

   Energies (kJ/mol)
           Bond          Angle    Proper Dih. Ryckaert-Bell.          LJ-14
    1.35813e+03    3.62046e+03    2.26764e+02    1.77651e+03    2.64724e+03
     Coulomb-14        LJ (SR)  Disper. corr.   Coulomb (SR)   Coul. recip.
    7.64987e+03    7.40921e+04   -4.47032e+03   -5.60877e+05    2.96886e+03
      Potential    Kinetic En.   Total Energy  Conserved En.    Temperature
   -4.71007e+05    8.57588e+04   -3.85248e+05   -3.83722e+05    3.00021e+02
 Pres. DC (bar) Pressure (bar)   Constr. rmsd
   -2.16770e+02    6.20418e+01    2.58164e-06


DD  step 84999  vol min/aver 0.650  load imb.: force  3.7%  pme mesh/force 0.991
           Step           Time
          85000      170.00000

   Energies (kJ/mol)
           Bond          Angle    Proper Dih. Ryckaert-Bell.          LJ-14
    1.53185e+03    3.94631e+03    2.36987e+02    1.77571e+03    2.64277e+03
     Coulomb-14        LJ (SR)  Disper. corr.   Coulomb (SR)   Coul. recip.
    7.73945e+03    7.22167e+04   -4.45814e+03   -5.58763e+05    3.05596e+03
      Potential    Kinetic En.   Total Energy  Conserved En.    Temperature
   -4.70075e+05    8.61152e+04   -3.83960e+05   -3.83647e+05    3.01268e+02
 Pres. DC (bar) Pressure (bar)   Constr. rmsd
   -2.15591e+02   -2.35667e+02    2.81100e-06


DD  step 89999  vol min/aver 0.653  load imb.: force  3.4%  pme mesh/force 0.981
           Step           Time
          90000      180.00000

   Energies (kJ/mol)
           Bond          Angle    Proper Dih. Ryckaert-Bell.          LJ-14
    1.57638e+03    3.96567e+03    2.36494e+02    1.73928e+03    2.60265e+03
     Coulomb-14        LJ (SR)  Disper. corr.   Coulomb (SR)   Coul. recip.
    7.76809e+03    7.25687e+04   -4.44934e+03   -5.59371e+05    3.01735e+03
      Potential    Kinetic En.   Total Energy  Conserved En.    Temperature
   -4.70345e+05    8.68544e+04   -3.83491e+05   -3.83605e+05    3.03854e+02
 Pres. DC (bar) Pressure (bar)   Constr. rmsd
   -2.14741e+02   -3.24913e+02    3.04690e-06


DD  step 94999  vol min/aver 0.660  load imb.: force  4.4%  pme mesh/force 0.994
           Step           Time
          95000      190.00000

   Energies (kJ/mol)
           Bond          Angle    Proper Dih. Ryckaert-Bell.          LJ-14
    1.37075e+03    3.67734e+03    2.31434e+02    1.74315e+03    2.75913e+03
     Coulomb-14        LJ (SR)  Disper. corr.   Coulomb (SR)   Coul. recip.
    7.81057e+03    7.46354e+04   -4.46230e+03   -5.61823e+05    3.06840e+03
      Potential    Kinetic En.   Total Energy  Conserved En.    Temperature
   -4.70989e+05    8.60455e+04   -3.84943e+05   -3.83553e+05    3.01024e+02
 Pres. DC (bar) Pressure (bar)   Constr. rmsd
   -2.15993e+02    1.83948e+02    2.97553e-06


DD  step 99999  vol min/aver 0.690  load imb.: force  2.2%  pme mesh/force 1.014
           Step           Time
         100000      200.00000

   Energies (kJ/mol)
           Bond          Angle    Proper Dih. Ryckaert-Bell.          LJ-14
    1.51244e+03    3.93041e+03    2.62348e+02    1.77780e+03    2.61322e+03
     Coulomb-14        LJ (SR)  Disper. corr.   Coulomb (SR)   Coul. recip.
    7.78152e+03    7.26566e+04   -4.45441e+03   -5.58914e+05    2.99207e+03
      Potential    Kinetic En.   Total Energy  Conserved En.    Temperature
   -4.69842e+05    8.61291e+04   -3.83713e+05   -3.83513e+05    3.01316e+02
 Pres. DC (bar) Pressure (bar)   Constr. rmsd
   -2.15230e+02   -2.10153e+02    2.82993e-06


DD  step 104999  vol min/aver 0.677  load imb.: force  3.7%  pme mesh/force 0.992
           Step           Time
         105000      210.00000

   Energies (kJ/mol)
           Bond          Angle    Proper Dih. Ryckaert-Bell.          LJ-14
    1.56626e+03    3.71136e+03    2.37947e+02    1.78329e+03    2.65313e+03
     Coulomb-14        LJ (SR)  Disper. corr.   Coulomb (SR)   Coul. recip.
    7.78593e+03    7.44570e+04   -4.46417e+03   -5.62507e+05    3.07240e+03
      Potential    Kinetic En.   Total Energy  Conserved En.    Temperature
   -4.71704e+05    8.59740e+04   -3.85730e+05   -3.83439e+05    3.00774e+02
 Pres. DC (bar) Pressure (bar)   Constr. rmsd
   -2.16174e+02   -1.26528e+02    3.14155e-06


DD  step 109999  vol min/aver 0.685  load imb.: force  4.4%  pme mesh/force 0.981
           Step           Time
         110000      220.00000

   Energies (kJ/mol)
           Bond          Angle    Proper Dih. Ryckaert-Bell.          LJ-14
    1.58770e+03    3.75779e+03    2.47087e+02    1.71507e+03    2.76138e+03
     Coulomb-14        LJ (SR)  Disper. corr.   Coulomb (SR)   Coul. recip.
    7.69459e+03    7.42902e+04   -4.45585e+03   -5.62636e+05    2.96224e+03
      Potential    Kinetic En.   Total Energy  Conserved En.    Temperature
   -4.72076e+05    8.59875e+04   -3.86088e+05   -3.83386e+05    3.00821e+02
 Pres. DC (bar) Pressure (bar)   Constr. rmsd
   -2.15370e+02    1.72335e+01    2.68651e-06


DD  step 114999  vol min/aver 0.699  load imb.: force  2.8%  pme mesh/force 0.993
           Step           Time
         115000      230.00000

   Energies (kJ/mol)
           Bond          Angle    Proper Dih. Ryckaert-Bell.          LJ-14
    1.47828e+03    3.73095e+03    2.58186e+02    1.87185e+03    2.62984e+03
     Coulomb-14        LJ (SR)  Disper. corr.   Coulomb (SR)   Coul. recip.
    7.82908e+03    7.33061e+04   -4.46388e+03   -5.60808e+05    3.11651e+03
      Potential    Kinetic En.   Total Energy  Conserved En.    Temperature
   -4.71052e+05    8.56440e+04   -3.85408e+05   -3.83365e+05    2.99619e+02
 Pres. DC (bar) Pressure (bar)   Constr. rmsd
   -2.16145e+02   -8.85532e+01    2.84016e-06


DD  step 119999  vol min/aver 0.707  load imb.: force  3.5%  pme mesh/force 1.010
           Step           Time
         120000      240.00000

   Energies (kJ/mol)
           Bond          Angle    Proper Dih. Ryckaert-Bell.          LJ-14
    1.48610e+03    3.68166e+03    2.51273e+02    1.67847e+03    2.64194e+03
     Coulomb-14        LJ (SR)  Disper. corr.   Coulomb (SR)   Coul. recip.
    7.72482e+03    7.52848e+04   -4.46637e+03   -5.63255e+05    3.01493e+03
      Potential    Kinetic En.   Total Energy  Conserved En.    Temperature
   -4.71957e+05    8.55870e+04   -3.86370e+05   -3.83291e+05    2.99420e+02
 Pres. DC (bar) Pressure (bar)   Constr. rmsd
   -2.16387e+02    1.66558e+02    2.64240e-06


DD  step 124999  vol min/aver 0.726  load imb.: force  2.5%  pme mesh/force 0.988
           Step           Time
         125000      250.00000

   Energies (kJ/mol)
           Bond          Angle    Proper Dih. Ryckaert-Bell.          LJ-14
    1.50231e+03    3.65531e+03    2.31011e+02    1.78317e+03    2.60635e+03
     Coulomb-14        LJ (SR)  Disper. corr.   Coulomb (SR)   Coul. recip.
    7.73824e+03    7.41330e+04   -4.46238e+03   -5.60768e+05    3.08011e+03
      Potential    Kinetic En.   Total Energy  Conserved En.    Temperature
   -4.70501e+05    8.57993e+04   -3.84702e+05   -3.83254e+05    3.00162e+02
 Pres. DC (bar) Pressure (bar)   Constr. rmsd
   -2.16001e+02    6.99968e+01    2.53019e-06


DD  step 129999  vol min/aver 0.707  load imb.: force  3.8%  pme mesh/force 0.990
           Step           Time
         130000      260.00000

   Energies (kJ/mol)
           Bond          Angle    Proper Dih. Ryckaert-Bell.          LJ-14
    1.42916e+03    3.72668e+03    2.19866e+02    1.77158e+03    2.71939e+03
     Coulomb-14        LJ (SR)  Disper. corr.   Coulomb (SR)   Coul. recip.
    7.89575e+03    7.31222e+04   -4.45781e+03   -5.60230e+05    3.06363e+03
      Potential    Kinetic En.   Total Energy  Conserved En.    Temperature
   -4.70739e+05    8.55689e+04   -3.85171e+05   -3.83199e+05    2.99356e+02
 Pres. DC (bar) Pressure (bar)   Constr. rmsd
   -2.15559e+02   -1.08063e+02    2.57009e-06


DD  step 134999  vol min/aver 0.686  load imb.: force  2.8%  pme mesh/force 0.978
           Step           Time
         135000      270.00000

   Energies (kJ/mol)
           Bond          Angle    Proper Dih. Ryckaert-Bell.          LJ-14
    1.53755e+03    3.63245e+03    2.48619e+02    1.77000e+03    2.66953e+03
     Coulomb-14        LJ (SR)  Disper. corr.   Coulomb (SR)   Coul. recip.
    7.73093e+03    7.38389e+04   -4.48328e+03   -5.62474e+05    3.02828e+03
      Potential    Kinetic En.   Total Energy  Conserved En.    Temperature
   -4.72501e+05    8.52409e+04   -3.87260e+05   -3.83123e+05    2.98209e+02
 Pres. DC (bar) Pressure (bar)   Constr. rmsd
   -2.18027e+02   -2.18032e+01    2.52961e-06


DD  step 139999  vol min/aver 0.702  load imb.: force  4.1%  pme mesh/force 0.991
           Step           Time
         140000      280.00000

   Energies (kJ/mol)
           Bond          Angle    Proper Dih. Ryckaert-Bell.          LJ-14
    1.50957e+03    3.80402e+03    2.33625e+02    1.86146e+03    2.67468e+03
     Coulomb-14        LJ (SR)  Disper. corr.   Coulomb (SR)   Coul. recip.
    7.81290e+03    7.40378e+04   -4.46853e+03   -5.61079e+05    3.03442e+03
      Potential    Kinetic En.   Total Energy  Conserved En.    Temperature
   -4.70579e+05    8.56981e+04   -3.84881e+05   -3.83077e+05    2.99808e+02
 Pres. DC (bar) Pressure (bar)   Constr. rmsd
   -2.16596e+02    5.55603e+01    2.97994e-06


DD  step 144999  vol min/aver 0.705  load imb.: force  3.4%  pme mesh/force 0.984
           Step           Time
         145000      290.00000

   Energies (kJ/mol)
           Bond          Angle    Proper Dih. Ryckaert-Bell.          LJ-14
    1.39311e+03    3.83144e+03    2.25795e+02    1.79567e+03    2.61126e+03
     Coulomb-14        LJ (SR)  Disper. corr.   Coulomb (SR)   Coul. recip.
    7.71085e+03    7.24279e+04   -4.47546e+03   -5.59306e+05    2.98778e+03
      Potential    Kinetic En.   Total Energy  Conserved En.    Temperature
   -4.70798e+05    8.55699e+04   -3.85228e+05   -3.83045e+05    2.99360e+02
 Pres. DC (bar) Pressure (bar)   Constr. rmsd
   -2.17268e+02   -2.00964e+02    2.90345e-06


DD  step 149999  vol min/aver 0.683  load imb.: force  3.4%  pme mesh/force 0.981
           Step           Time
         150000      300.00000

   Energies (kJ/mol)
           Bond          Angle    Proper Dih. Ryckaert-Bell.          LJ-14
    1.40238e+03    3.61739e+03    2.39589e+02    1.78438e+03    2.60531e+03
     Coulomb-14        LJ (SR)  Disper. corr.   Coulomb (SR)   Coul. recip.
    7.80219e+03    7.35231e+04   -4.46085e+03   -5.62049e+05    2.94405e+03
      Potential    Kinetic En.   Total Energy  Conserved En.    Temperature
   -4.72592e+05    8.55175e+04   -3.87074e+05   -3.82989e+05    2.99176e+02
 Pres. DC (bar) Pressure (bar)   Constr. rmsd
   -2.15853e+02   -1.19855e+02    2.90387e-06


DD  step 154999  vol min/aver 0.708  load imb.: force  4.2%  pme mesh/force 0.985
           Step           Time
         155000      310.00000

   Energies (kJ/mol)
           Bond          Angle    Proper Dih. Ryckaert-Bell.          LJ-14
    1.44179e+03    3.77562e+03    2.46075e+02    1.66270e+03    2.60331e+03
     Coulomb-14        LJ (SR)  Disper. corr.   Coulomb (SR)   Coul. recip.
    7.71094e+03    7.39275e+04   -4.48663e+03   -5.61051e+05    2.97584e+03
      Potential    Kinetic En.   Total Energy  Conserved En.    Temperature
   -4.71193e+05    8.59457e+04   -3.85248e+05   -3.82921e+05    3.00675e+02
 Pres. DC (bar) Pressure (bar)   Constr. rmsd
   -2.18351e+02    4.19216e+01    3.28486e-06


DD  step 159999  vol min/aver 0.714  load imb.: force  3.9%  pme mesh/force 1.008
           Step           Time
         160000      320.00000

   Energies (kJ/mol)
           Bond          Angle    Proper Dih. Ryckaert-Bell.          LJ-14
    1.44649e+03    3.75630e+03    2.16795e+02    1.81126e+03    2.67131e+03
     Coulomb-14        LJ (SR)  Disper. corr.   Coulomb (SR)   Coul. recip.
    7.84743e+03    7.33604e+04   -4.45356e+03   -5.60361e+05    2.98015e+03
      Potential    Kinetic En.   Total Energy  Conserved En.    Temperature
   -4.70725e+05    8.58150e+04   -3.84910e+05   -3.82876e+05    3.00217e+02
 Pres. DC (bar) Pressure (bar)   Constr. rmsd
   -2.15149e+02   -1.23114e+02    3.05826e-06


DD  step 164999  vol min/aver 0.705  load imb.: force  3.5%  pme mesh/force 1.011
           Step           Time
         165000      330.00000

   Energies (kJ/mol)
           Bond          Angle    Proper Dih. Ryckaert-Bell.          LJ-14
    1.49800e+03    3.67458e+03    2.43769e+02    1.76411e+03    2.63288e+03
     Coulomb-14        LJ (SR)  Disper. corr.   Coulomb (SR)   Coul. recip.
    7.88983e+03    7.49883e+04   -4.46152e+03   -5.63122e+05    3.08791e+03
      Potential    Kinetic En.   Total Energy  Conserved En.    Temperature
   -4.71804e+05    8.58393e+04   -3.85965e+05   -3.82819e+05    3.00302e+02
 Pres. DC (bar) Pressure (bar)   Constr. rmsd
   -2.15918e+02    1.80305e+02    2.68197e-06


DD  step 169999  vol min/aver 0.681  load imb.: force  3.4%  pme mesh/force 0.989
           Step           Time
         170000      340.00000

   Energies (kJ/mol)
           Bond          Angle    Proper Dih. Ryckaert-Bell.          LJ-14
    1.54430e+03    3.85183e+03    2.33862e+02    1.83358e+03    2.54774e+03
     Coulomb-14        LJ (SR)  Disper. corr.   Coulomb (SR)   Coul. recip.
    7.74767e+03    7.36703e+04   -4.46364e+03   -5.60893e+05    3.02064e+03
      Potential    Kinetic En.   Total Energy  Conserved En.    Temperature
   -4.70907e+05    8.61226e+04   -3.84784e+05   -3.82760e+05    3.01294e+02
 Pres. DC (bar) Pressure (bar)   Constr. rmsd
   -2.16122e+02   -8.99381e+01    3.14554e-06


DD  step 174999  vol min/aver 0.699  load imb.: force  4.0%  pme mesh/force 0.997
           Step           Time
         175000      350.00000

   Energies (kJ/mol)
           Bond          Angle    Proper Dih. Ryckaert-Bell.          LJ-14
    1.55968e+03    3.66054e+03    2.57430e+02    1.81472e+03    2.61128e+03
     Coulomb-14        LJ (SR)  Disper. corr.   Coulomb (SR)   Coul. recip.
    7.76012e+03    7.31252e+04   -4.44992e+03   -5.60540e+05    3.06974e+03
      Potential    Kinetic En.   Total Energy  Conserved En.    Temperature
   -4.71132e+05    8.54425e+04   -3.85689e+05   -3.82711e+05    2.98914e+02
 Pres. DC (bar) Pressure (bar)   Constr. rmsd
   -2.14797e+02   -2.43182e+02    2.72040e-06


DD  step 179999  vol min/aver 0.671  load imb.: force  3.8%  pme mesh/force 0.998
           Step           Time
         180000      360.00000

   Energies (kJ/mol)
           Bond          Angle    Proper Dih. Ryckaert-Bell.          LJ-14
    1.48295e+03    3.66913e+03    2.73662e+02    1.79474e+03    2.65503e+03
     Coulomb-14        LJ (SR)  Disper. corr.   Coulomb (SR)   Coul. recip.
    7.80819e+03    7.38140e+04   -4.47141e+03   -5.60232e+05    3.00804e+03
      Potential    Kinetic En.   Total Energy  Conserved En.    Temperature
   -4.70197e+05    8.44618e+04   -3.85735e+05   -3.82635e+05    2.95483e+02
 Pres. DC (bar) Pressure (bar)   Constr. rmsd
   -2.16875e+02    4.39876e+00    2.62642e-06


DD  step 184999  vol min/aver 0.706  load imb.: force  2.3%  pme mesh/force 1.000
           Step           Time
         185000      370.00000

   Energies (kJ/mol)
           Bond          Angle    Proper Dih. Ryckaert-Bell.          LJ-14
    1.45130e+03    3.78791e+03    2.44096e+02    1.75525e+03    2.63584e+03
     Coulomb-14        LJ (SR)  Disper. corr.   Coulomb (SR)   Coul. recip.
    7.70347e+03    7.33559e+04   -4.45533e+03   -5.60102e+05    3.11432e+03
      Potential    Kinetic En.   Total Energy  Conserved En.    Temperature
   -4.70509e+05    8.60364e+04   -3.84473e+05   -3.82577e+05    3.00992e+02
 Pres. DC (bar) Pressure (bar)   Constr. rmsd
   -2.15320e+02   -1.14568e+02    2.95264e-06


DD  step 189999  vol min/aver 0.697  load imb.: force  3.7%  pme mesh/force 1.001
           Step           Time
         190000      380.00000

   Energies (kJ/mol)
           Bond          Angle    Proper Dih. Ryckaert-Bell.          LJ-14
    1.45902e+03    3.78007e+03    2.52793e+02    1.84862e+03    2.58352e+03
     Coulomb-14        LJ (SR)  Disper. corr.   Coulomb (SR)   Coul. recip.
    7.76050e+03    7.43456e+04   -4.47578e+03   -5.61635e+05    3.03652e+03
      Potential    Kinetic En.   Total Energy  Conserved En.    Temperature
   -4.71044e+05    8.52254e+04   -3.85819e+05   -3.82522e+05    2.98155e+02
 Pres. DC (bar) Pressure (bar)   Constr. rmsd
   -2.17298e+02    6.90177e+01    2.71022e-06


step 191000 Turning off dynamic load balancing, because it is degrading performance.
Atom distribution over 36 domains: av 941 stddev 24 min 891 max 994

DD  step 194999 load imb.: force 12.5%  pme mesh/force 0.950
           Step           Time
         195000      390.00000

   Energies (kJ/mol)
           Bond          Angle    Proper Dih. Ryckaert-Bell.          LJ-14
    1.45729e+03    3.90998e+03    2.38695e+02    1.70742e+03    2.66114e+03
     Coulomb-14        LJ (SR)  Disper. corr.   Coulomb (SR)   Coul. recip.
    7.88661e+03    7.27646e+04   -4.46333e+03   -5.59914e+05    3.03264e+03
      Potential    Kinetic En.   Total Energy  Conserved En.    Temperature
   -4.70719e+05    8.64931e+04   -3.84226e+05   -3.82478e+05    3.02589e+02
 Pres. DC (bar) Pressure (bar)   Constr. rmsd
   -2.16093e+02   -1.61720e+02    2.93297e-06


DD  step 199999 load imb.: force 13.8%  pme mesh/force 0.938

step 200000 Turning on dynamic load balancing, because the performance loss due to load imbalance is 3.3 %.
           Step           Time
         200000      400.00000

   Energies (kJ/mol)
           Bond          Angle    Proper Dih. Ryckaert-Bell.          LJ-14
    1.42911e+03    3.80732e+03    2.36385e+02    1.69016e+03    2.75689e+03
     Coulomb-14        LJ (SR)  Disper. corr.   Coulomb (SR)   Coul. recip.
    7.75804e+03    7.48876e+04   -4.45874e+03   -5.61994e+05    2.93106e+03
      Potential    Kinetic En.   Total Energy  Conserved En.    Temperature
   -4.70956e+05    8.52459e+04   -3.85710e+05   -3.82406e+05    2.98226e+02
 Pres. DC (bar) Pressure (bar)   Constr. rmsd
   -2.15649e+02    2.09783e+02    3.11879e-06


DD  step 204999  vol min/aver 0.706  load imb.: force  3.6%  pme mesh/force 0.993
           Step           Time
         205000      410.00000

   Energies (kJ/mol)
           Bond          Angle    Proper Dih. Ryckaert-Bell.          LJ-14
    1.46532e+03    3.69398e+03    2.37417e+02    1.66364e+03    2.63662e+03
     Coulomb-14        LJ (SR)  Disper. corr.   Coulomb (SR)   Coul. recip.
    7.72356e+03    7.44931e+04   -4.45018e+03   -5.61962e+05    3.05713e+03
      Potential    Kinetic En.   Total Energy  Conserved En.    Temperature
   -4.71441e+05    8.59259e+04   -3.85515e+05   -3.82363e+05    3.00605e+02
 Pres. DC (bar) Pressure (bar)   Constr. rmsd
   -2.14822e+02    1.10020e+02    2.74029e-06


DD  step 209999  vol min/aver 0.713  load imb.: force  4.6%  pme mesh/force 0.984
           Step           Time
         210000      420.00000

   Energies (kJ/mol)
           Bond          Angle    Proper Dih. Ryckaert-Bell.          LJ-14
    1.54466e+03    3.73892e+03    2.40290e+02    1.78842e+03    2.69157e+03
     Coulomb-14        LJ (SR)  Disper. corr.   Coulomb (SR)   Coul. recip.
    7.86681e+03    7.33180e+04   -4.45904e+03   -5.61130e+05    3.04726e+03
      Potential    Kinetic En.   Total Energy  Conserved En.    Temperature
   -4.71354e+05    8.58889e+04   -3.85465e+05   -3.82288e+05    3.00476e+02
 Pres. DC (bar) Pressure (bar)   Constr. rmsd
   -2.15678e+02   -1.97797e+02    2.89230e-06


DD  step 214999  vol min/aver 0.657  load imb.: force  3.5%  pme mesh/force 1.005
           Step           Time
         215000      430.00000

   Energies (kJ/mol)
           Bond          Angle    Proper Dih. Ryckaert-Bell.          LJ-14
    1.40103e+03    3.86484e+03    2.58123e+02    1.83129e+03    2.65542e+03
     Coulomb-14        LJ (SR)  Disper. corr.   Coulomb (SR)   Coul. recip.
    7.82182e+03    7.32927e+04   -4.43390e+03   -5.61408e+05    2.95409e+03
      Potential    Kinetic En.   Total Energy  Conserved En.    Temperature
   -4.71763e+05    8.59387e+04   -3.85824e+05   -3.82244e+05    3.00650e+02
 Pres. DC (bar) Pressure (bar)   Constr. rmsd
   -2.13256e+02   -2.79102e+02    2.87493e-06


DD  step 219999  vol min/aver 0.658  load imb.: force  3.1%  pme mesh/force 1.005
           Step           Time
         220000      440.00000

   Energies (kJ/mol)
           Bond          Angle    Proper Dih. Ryckaert-Bell.          LJ-14
    1.54766e+03    3.87148e+03    2.25770e+02    1.66328e+03    2.52161e+03
     Coulomb-14        LJ (SR)  Disper. corr.   Coulomb (SR)   Coul. recip.
    7.68917e+03    7.36095e+04   -4.45494e+03   -5.61232e+05    2.98624e+03
      Potential    Kinetic En.   Total Energy  Conserved En.    Temperature
   -4.71572e+05    8.63065e+04   -3.85266e+05   -3.82194e+05    3.01937e+02
 Pres. DC (bar) Pressure (bar)   Constr. rmsd
   -2.15282e+02   -2.19942e+02    2.65140e-06


DD  step 224999  vol min/aver 0.689  load imb.: force  3.8%  pme mesh/force 0.992
           Step           Time
         225000      450.00000

   Energies (kJ/mol)
           Bond          Angle    Proper Dih. Ryckaert-Bell.          LJ-14
    1.41203e+03    3.68515e+03    2.48146e+02    1.62563e+03    2.72336e+03
     Coulomb-14        LJ (SR)  Disper. corr.   Coulomb (SR)   Coul. recip.
    7.76733e+03    7.49849e+04   -4.45523e+03   -5.61833e+05    3.01189e+03
      Potential    Kinetic En.   Total Energy  Conserved En.    Temperature
   -4.70830e+05    8.54587e+04   -3.85371e+05   -3.82131e+05    2.98971e+02
 Pres. DC (bar) Pressure (bar)   Constr. rmsd
   -2.15310e+02    2.28260e+02    2.71639e-06


DD  step 229999  vol min/aver 0.688  load imb.: force  4.5%  pme mesh/force 0.998
           Step           Time
         230000      460.00000

   Energies (kJ/mol)
           Bond          Angle    Proper Dih. Ryckaert-Bell.          LJ-14
    1.57256e+03    3.68572e+03    2.79597e+02    1.86389e+03    2.66112e+03
     Coulomb-14        LJ (SR)  Disper. corr.   Coulomb (SR)   Coul. recip.
    7.80323e+03    7.50184e+04   -4.45783e+03   -5.62327e+05    2.97749e+03
      Potential    Kinetic En.   Total Energy  Conserved En.    Temperature
   -4.70922e+05    8.53311e+04   -3.85591e+05   -3.82067e+05    2.98524e+02
 Pres. DC (bar) Pressure (bar)   Constr. rmsd
   -2.15561e+02    1.56093e+02    2.87474e-06


DD  step 234999  vol min/aver 0.693  load imb.: force  3.7%  pme mesh/force 1.008
           Step           Time
         235000      470.00000

   Energies (kJ/mol)
           Bond          Angle    Proper Dih. Ryckaert-Bell.          LJ-14
    1.47833e+03    3.77811e+03    2.71994e+02    1.69268e+03    2.81075e+03
     Coulomb-14        LJ (SR)  Disper. corr.   Coulomb (SR)   Coul. recip.
    7.87944e+03    7.33887e+04   -4.46425e+03   -5.61178e+05    3.09394e+03
      Potential    Kinetic En.   Total Energy  Conserved En.    Temperature
   -4.71248e+05    8.63115e+04   -3.84937e+05   -3.82003e+05    3.01954e+02
 Pres. DC (bar) Pressure (bar)   Constr. rmsd
   -2.16182e+02    1.23197e+02    2.65810e-06


DD  step 239999  vol min/aver 0.692  load imb.: force  3.7%  pme mesh/force 1.001
           Step           Time
         240000      480.00000

   Energies (kJ/mol)
           Bond          Angle    Proper Dih. Ryckaert-Bell.          LJ-14
    1.48039e+03    3.69432e+03    2.46643e+02    1.73284e+03    2.63940e+03
     Coulomb-14        LJ (SR)  Disper. corr.   Coulomb (SR)   Coul. recip.
    7.90892e+03    7.48790e+04   -4.45694e+03   -5.62580e+05    3.00890e+03
      Potential    Kinetic En.   Total Energy  Conserved En.    Temperature
   -4.71446e+05    8.54155e+04   -3.86031e+05   -3.81963e+05    2.98820e+02
 Pres. DC (bar) Pressure (bar)   Constr. rmsd
   -2.15475e+02    1.18768e+02    2.95219e-06


DD  step 244999  vol min/aver 0.707  load imb.: force  3.7%  pme mesh/force 0.997
           Step           Time
         245000      490.00000

   Energies (kJ/mol)
           Bond          Angle    Proper Dih. Ryckaert-Bell.          LJ-14
    1.58922e+03    3.68313e+03    2.00939e+02    1.68114e+03    2.69908e+03
     Coulomb-14        LJ (SR)  Disper. corr.   Coulomb (SR)   Coul. recip.
    7.80737e+03    7.36147e+04   -4.45735e+03   -5.60072e+05    3.04617e+03
      Potential    Kinetic En.   Total Energy  Conserved En.    Temperature
   -4.70208e+05    8.55240e+04   -3.84684e+05   -3.81921e+05    2.99199e+02
 Pres. DC (bar) Pressure (bar)   Constr. rmsd
   -2.15515e+02   -1.12371e+02    3.15719e-06


DD  step 249999  vol min/aver 0.733  load imb.: force  2.9%  pme mesh/force 0.999
           Step           Time
         250000      500.00000

   Energies (kJ/mol)
           Bond          Angle    Proper Dih. Ryckaert-Bell.          LJ-14
    1.54017e+03    3.76483e+03    2.30479e+02    1.70257e+03    2.72010e+03
     Coulomb-14        LJ (SR)  Disper. corr.   Coulomb (SR)   Coul. recip.
    7.81603e+03    7.29552e+04   -4.46925e+03   -5.60716e+05    3.09709e+03
      Potential    Kinetic En.   Total Energy  Conserved En.    Temperature
   -4.71359e+05    8.49112e+04   -3.86448e+05   -3.81845e+05    2.97055e+02
 Pres. DC (bar) Pressure (bar)   Constr. rmsd
   -2.16666e+02   -1.99008e+02    2.74651e-06


DD  step 254999  vol min/aver 0.697  load imb.: force  4.1%  pme mesh/force 1.008
           Step           Time
         255000      510.00000

   Energies (kJ/mol)
           Bond          Angle    Proper Dih. Ryckaert-Bell.          LJ-14
    1.47003e+03    3.73782e+03    2.85814e+02    1.77186e+03    2.62053e+03
     Coulomb-14        LJ (SR)  Disper. corr.   Coulomb (SR)   Coul. recip.
    7.66794e+03    7.50561e+04   -4.47011e+03   -5.62163e+05    2.91907e+03
      Potential    Kinetic En.   Total Energy  Conserved En.    Temperature
   -4.71104e+05    8.55160e+04   -3.85588e+05   -3.81811e+05    2.99171e+02
 Pres. DC (bar) Pressure (bar)   Constr. rmsd
   -2.16749e+02    1.55177e+02    3.07950e-06


DD  step 259999  vol min/aver 0.692  load imb.: force  4.6%  pme mesh/force 1.004
           Step           Time
         260000      520.00000

   Energies (kJ/mol)
           Bond          Angle    Proper Dih. Ryckaert-Bell.          LJ-14
    1.62409e+03    3.62199e+03    2.39134e+02    1.76157e+03    2.58306e+03
     Coulomb-14        LJ (SR)  Disper. corr.   Coulomb (SR)   Coul. recip.
    7.74000e+03    7.39810e+04   -4.45186e+03   -5.62384e+05    3.07077e+03
      Potential    Kinetic En.   Total Energy  Conserved En.    Temperature
   -4.72215e+05    8.55162e+04   -3.86698e+05   -3.81755e+05    2.99172e+02
 Pres. DC (bar) Pressure (bar)   Constr. rmsd
   -2.14984e+02   -1.45670e+02    2.63047e-06


DD  step 264999  vol min/aver 0.721  load imb.: force  2.7%  pme mesh/force 0.991
           Step           Time
         265000      530.00000

   Energies (kJ/mol)
           Bond          Angle    Proper Dih. Ryckaert-Bell.          LJ-14
    1.45858e+03    3.76539e+03    2.52394e+02    1.71850e+03    2.66872e+03
     Coulomb-14        LJ (SR)  Disper. corr.   Coulomb (SR)   Coul. recip.
    7.78768e+03    7.37382e+04   -4.47688e+03   -5.61113e+05    2.99295e+03
      Potential    Kinetic En.   Total Energy  Conserved En.    Temperature
   -4.71208e+05    8.66256e+04   -3.84582e+05   -3.81716e+05    3.03053e+02
 Pres. DC (bar) Pressure (bar)   Constr. rmsd
   -2.17405e+02    1.17422e+00    2.97925e-06


DD  step 269999  vol min/aver 0.696  load imb.: force  3.6%  pme mesh/force 0.992
           Step           Time
         270000      540.00000

   Energies (kJ/mol)
           Bond          Angle    Proper Dih. Ryckaert-Bell.          LJ-14
    1.41688e+03    3.67752e+03    2.33690e+02    1.70356e+03    2.65759e+03
     Coulomb-14        LJ (SR)  Disper. corr.   Coulomb (SR)   Coul. recip.
    7.83031e+03    7.49122e+04   -4.47522e+03   -5.62992e+05    3.12514e+03
      Potential    Kinetic En.   Total Energy  Conserved En.    Temperature
   -4.71911e+05    8.53997e+04   -3.86511e+05   -3.81637e+05    2.98764e+02
 Pres. DC (bar) Pressure (bar)   Constr. rmsd
   -2.17244e+02    7.78349e+01    2.96150e-06


DD  step 274999  vol min/aver 0.700  load imb.: force  2.5%  pme mesh/force 1.002
           Step           Time
         275000      550.00000

   Energies (kJ/mol)
           Bond          Angle    Proper Dih. Ryckaert-Bell.          LJ-14
    1.49881e+03    3.56667e+03    2.60773e+02    1.79110e+03    2.72637e+03
     Coulomb-14        LJ (SR)  Disper. corr.   Coulomb (SR)   Coul. recip.
    7.83502e+03    7.35766e+04   -4.47534e+03   -5.60908e+05    2.95078e+03
      Potential    Kinetic En.   Total Energy  Conserved En.    Temperature
   -4.71177e+05    8.54570e+04   -3.85720e+05   -3.81610e+05    2.98965e+02
 Pres. DC (bar) Pressure (bar)   Constr. rmsd
   -2.17255e+02   -2.80736e+01    2.93145e-06


DD  step 279999  vol min/aver 0.696  load imb.: force  2.5%  pme mesh/force 0.989
           Step           Time
         280000      560.00000

   Energies (kJ/mol)
           Bond          Angle    Proper Dih. Ryckaert-Bell.          LJ-14
    1.50247e+03    3.70328e+03    2.58721e+02    1.73393e+03    2.70527e+03
     Coulomb-14        LJ (SR)  Disper. corr.   Coulomb (SR)   Coul. recip.
    7.86667e+03    7.49912e+04   -4.43829e+03   -5.62055e+05    3.02844e+03
      Potential    Kinetic En.   Total Energy  Conserved En.    Temperature
   -4.70703e+05    8.67042e+04   -3.83999e+05   -3.81564e+05    3.03328e+02
 Pres. DC (bar) Pressure (bar)   Constr. rmsd
   -2.13678e+02    6.02167e+01    2.84700e-06


DD  step 284999  vol min/aver 0.685  load imb.: force  3.5%  pme mesh/force 0.989
           Step           Time
         285000      570.00000

   Energies (kJ/mol)
           Bond          Angle    Proper Dih. Ryckaert-Bell.          LJ-14
    1.55123e+03    3.84513e+03    2.41161e+02    1.65278e+03    2.62215e+03
     Coulomb-14        LJ (SR)  Disper. corr.   Coulomb (SR)   Coul. recip.
    7.81542e+03    7.42284e+04   -4.48717e+03   -5.62040e+05    3.03317e+03
      Potential    Kinetic En.   Total Energy  Conserved En.    Temperature
   -4.71538e+05    8.54068e+04   -3.86131e+05   -3.81509e+05    2.98789e+02
 Pres. DC (bar) Pressure (bar)   Constr. rmsd
   -2.18405e+02   -2.57877e+01    2.93730e-06


DD  step 289999  vol min/aver 0.666  load imb.: force  7.1%  pme mesh/force 0.998
           Step           Time
         290000      580.00000

   Energies (kJ/mol)
           Bond          Angle    Proper Dih. Ryckaert-Bell.          LJ-14
    1.50733e+03    3.74996e+03    2.10718e+02    1.74043e+03    2.60992e+03
     Coulomb-14        LJ (SR)  Disper. corr.   Coulomb (SR)   Coul. recip.
    7.89796e+03    7.42358e+04   -4.45951e+03   -5.61870e+05    3.12007e+03
      Potential    Kinetic En.   Total Energy  Conserved En.    Temperature
   -4.71258e+05    8.58406e+04   -3.85417e+05   -3.81467e+05    3.00307e+02
 Pres. DC (bar) Pressure (bar)   Constr. rmsd
   -2.15723e+02   -2.65485e+00    2.90675e-06


DD  step 294999  vol min/aver 0.699  load imb.: force  3.8%  pme mesh/force 1.224
           Step           Time
         295000      590.00000

   Energies (kJ/mol)
           Bond          Angle    Proper Dih. Ryckaert-Bell.          LJ-14
    1.42768e+03    3.69705e+03    2.58578e+02    1.80132e+03    2.71543e+03
     Coulomb-14        LJ (SR)  Disper. corr.   Coulomb (SR)   Coul. recip.
    7.85791e+03    7.35288e+04   -4.46602e+03   -5.60592e+05    3.09211e+03
      Potential    Kinetic En.   Total Energy  Conserved En.    Temperature
   -4.70679e+05    8.60889e+04   -3.84590e+05   -3.81405e+05    3.01176e+02
 Pres. DC (bar) Pressure (bar)   Constr. rmsd
   -2.16353e+02   -5.35523e+01    2.95697e-06


DD  step 299999  vol min/aver 0.680  load imb.: force  4.5%  pme mesh/force 0.973
           Step           Time
         300000      600.00000

   Energies (kJ/mol)
           Bond          Angle    Proper Dih. Ryckaert-Bell.          LJ-14
    1.40947e+03    3.53072e+03    2.38136e+02    1.70077e+03    2.68825e+03
     Coulomb-14        LJ (SR)  Disper. corr.   Coulomb (SR)   Coul. recip.
    7.90399e+03    7.36791e+04   -4.45390e+03   -5.61215e+05    3.06968e+03
      Potential    Kinetic En.   Total Energy  Conserved En.    Temperature
   -4.71449e+05    8.43175e+04   -3.87131e+05   -3.81338e+05    2.94978e+02
 Pres. DC (bar) Pressure (bar)   Constr. rmsd
   -2.15182e+02   -7.93163e+01    2.89603e-06


DD  step 304999  vol min/aver 0.705  load imb.: force  3.7%  pme mesh/force 1.009
           Step           Time
         305000      610.00000

   Energies (kJ/mol)
           Bond          Angle    Proper Dih. Ryckaert-Bell.          LJ-14
    1.56384e+03    3.80051e+03    2.59461e+02    1.71704e+03    2.72323e+03
     Coulomb-14        LJ (SR)  Disper. corr.   Coulomb (SR)   Coul. recip.
    7.95211e+03    7.37528e+04   -4.43966e+03   -5.60952e+05    3.02199e+03
      Potential    Kinetic En.   Total Energy  Conserved En.    Temperature
   -4.70600e+05    8.52744e+04   -3.85326e+05   -3.81275e+05    2.98326e+02
 Pres. DC (bar) Pressure (bar)   Constr. rmsd
   -2.13809e+02   -1.56092e+02    2.91723e-06


DD  step 309999  vol min/aver 0.704  load imb.: force  4.8%  pme mesh/force 0.994
           Step           Time
         310000      620.00000

   Energies (kJ/mol)
           Bond          Angle    Proper Dih. Ryckaert-Bell.          LJ-14
    1.48120e+03    3.74025e+03    2.38438e+02    1.83445e+03    2.65491e+03
     Coulomb-14        LJ (SR)  Disper. corr.   Coulomb (SR)   Coul. recip.
    7.87813e+03    7.38772e+04   -4.46937e+03   -5.60810e+05    3.16333e+03
      Potential    Kinetic En.   Total Energy  Conserved En.    Temperature
   -4.70412e+05    8.59756e+04   -3.84436e+05   -3.81238e+05    3.00779e+02
 Pres. DC (bar) Pressure (bar)   Constr. rmsd
   -2.16677e+02    1.84300e+01    2.95768e-06


DD  step 314999  vol min/aver 0.695  load imb.: force  3.4%  pme mesh/force 0.995
           Step           Time
         315000      630.00000

   Energies (kJ/mol)
           Bond          Angle    Proper Dih. Ryckaert-Bell.          LJ-14
    1.49086e+03    3.78590e+03    2.65444e+02    1.87816e+03    2.66061e+03
     Coulomb-14        LJ (SR)  Disper. corr.   Coulomb (SR)   Coul. recip.
    7.94529e+03    7.34234e+04   -4.44233e+03   -5.60192e+05    3.15728e+03
      Potential    Kinetic En.   Total Energy  Conserved En.    Temperature
   -4.70028e+05    8.63343e+04   -3.83693e+05   -3.81171e+05    3.02034e+02
 Pres. DC (bar) Pressure (bar)   Constr. rmsd
   -2.14067e+02   -4.74312e+01    2.76587e-06


DD  step 319999  vol min/aver 0.654  load imb.: force  4.0%  pme mesh/force 0.997
           Step           Time
         320000      640.00000

   Energies (kJ/mol)
           Bond          Angle    Proper Dih. Ryckaert-Bell.          LJ-14
    1.49993e+03    3.95857e+03    2.27795e+02    1.76582e+03    2.61045e+03
     Coulomb-14        LJ (SR)  Disper. corr.   Coulomb (SR)   Coul. recip.
    7.82440e+03    7.34752e+04   -4.47340e+03   -5.60548e+05    3.08377e+03
      Potential    Kinetic En.   Total Energy  Conserved En.    Temperature
   -4.70575e+05    8.60886e+04   -3.84487e+05   -3.81119e+05    3.01175e+02
 Pres. DC (bar) Pressure (bar)   Constr. rmsd
   -2.17068e+02   -7.53694e+01    2.83202e-06


DD  step 324999  vol min/aver 0.655  load imb.: force  5.3%  pme mesh/force 1.019
           Step           Time
         325000      650.00000

   Energies (kJ/mol)
           Bond          Angle    Proper Dih. Ryckaert-Bell.          LJ-14
    1.45529e+03    3.51192e+03    2.55445e+02    1.73276e+03    2.76077e+03
     Coulomb-14        LJ (SR)  Disper. corr.   Coulomb (SR)   Coul. recip.
    7.80096e+03    7.17802e+04   -4.45128e+03   -5.58470e+05    3.05818e+03
      Potential    Kinetic En.   Total Energy  Conserved En.    Temperature
   -4.70566e+05    8.59778e+04   -3.84588e+05   -3.81080e+05    3.00787e+02
 Pres. DC (bar) Pressure (bar)   Constr. rmsd
   -2.14929e+02   -2.91748e+02    2.94637e-06


DD  step 329999  vol min/aver 0.682  load imb.: force  2.4%  pme mesh/force 0.998
           Step           Time
         330000      660.00000

   Energies (kJ/mol)
           Bond          Angle    Proper Dih. Ryckaert-Bell.          LJ-14
    1.57120e+03    3.87415e+03    2.63518e+02    1.71428e+03    2.63768e+03
     Coulomb-14        LJ (SR)  Disper. corr.   Coulomb (SR)   Coul. recip.
    7.80450e+03    7.46293e+04   -4.46277e+03   -5.62033e+05    2.95341e+03
      Potential    Kinetic En.   Total Energy  Conserved En.    Temperature
   -4.71048e+05    8.66486e+04   -3.84399e+05   -3.81008e+05    3.03134e+02
 Pres. DC (bar) Pressure (bar)   Constr. rmsd
   -2.16038e+02    1.15901e+02    2.78653e-06


DD  step 334999  vol min/aver 0.684  load imb.: force  3.9%  pme mesh/force 0.989
           Step           Time
         335000      670.00000

   Energies (kJ/mol)
           Bond          Angle    Proper Dih. Ryckaert-Bell.          LJ-14
    1.52366e+03    3.72217e+03    2.55857e+02    1.59804e+03    2.67644e+03
     Coulomb-14        LJ (SR)  Disper. corr.   Coulomb (SR)   Coul. recip.
    7.78928e+03    7.49286e+04   -4.49840e+03   -5.63799e+05    3.04790e+03
      Potential    Kinetic En.   Total Energy  Conserved En.    Temperature
   -4.72755e+05    8.56546e+04   -3.87101e+05   -3.80932e+05    2.99656e+02
 Pres. DC (bar) Pressure (bar)   Constr. rmsd
   -2.19498e+02    1.22941e+02    2.76908e-06


DD  step 339999  vol min/aver 0.695  load imb.: force  3.9%  pme mesh/force 0.992
           Step           Time
         340000      680.00000

   Energies (kJ/mol)
           Bond          Angle    Proper Dih. Ryckaert-Bell.          LJ-14
    1.53577e+03    3.89475e+03    2.44131e+02    1.74867e+03    2.70005e+03
     Coulomb-14        LJ (SR)  Disper. corr.   Coulomb (SR)   Coul. recip.
    7.84145e+03    7.48464e+04   -4.48103e+03   -5.62412e+05    2.98354e+03
      Potential    Kinetic En.   Total Energy  Conserved En.    Temperature
   -4.71099e+05    8.65248e+04   -3.84574e+05   -3.80875e+05    3.02700e+02
 Pres. DC (bar) Pressure (bar)   Constr. rmsd
   -2.17807e+02    2.36765e+02    3.02972e-06


DD  step 344999  vol min/aver 0.705  load imb.: force  2.6%  pme mesh/force 1.000
           Step           Time
         345000      690.00000

   Energies (kJ/mol)
           Bond          Angle    Proper Dih. Ryckaert-Bell.          LJ-14
    1.49419e+03    3.63450e+03    2.68436e+02    1.80442e+03    2.57232e+03
     Coulomb-14        LJ (SR)  Disper. corr.   Coulomb (SR)   Coul. recip.
    7.86534e+03    7.43284e+04   -4.47651e+03   -5.62689e+05    3.04464e+03
      Potential    Kinetic En.   Total Energy  Conserved En.    Temperature
   -4.72154e+05    8.49635e+04   -3.87190e+05   -3.80837e+05    2.97238e+02
 Pres. DC (bar) Pressure (bar)   Constr. rmsd
   -2.17369e+02   -1.86174e+02    2.72906e-06


DD  step 349999  vol min/aver 0.697  load imb.: force  3.6%  pme mesh/force 1.013
           Step           Time
         350000      700.00000

   Energies (kJ/mol)
           Bond          Angle    Proper Dih. Ryckaert-Bell.          LJ-14
    1.50487e+03    3.65463e+03    2.58932e+02    1.76304e+03    2.72492e+03
     Coulomb-14        LJ (SR)  Disper. corr.   Coulomb (SR)   Coul. recip.
    7.81314e+03    7.32933e+04   -4.46492e+03   -5.59970e+05    3.04194e+03
      Potential    Kinetic En.   Total Energy  Conserved En.    Temperature
   -4.70380e+05    8.51235e+04   -3.85256e+05   -3.80779e+05    2.97798e+02
 Pres. DC (bar) Pressure (bar)   Constr. rmsd
   -2.16246e+02   -2.84256e+00    2.69968e-06


DD  step 354999  vol min/aver 0.663  load imb.: force  3.2%  pme mesh/force 1.006
           Step           Time
         355000      710.00000

   Energies (kJ/mol)
           Bond          Angle    Proper Dih. Ryckaert-Bell.          LJ-14
    1.42086e+03    3.74644e+03    2.45380e+02    1.69607e+03    2.67179e+03
     Coulomb-14        LJ (SR)  Disper. corr.   Coulomb (SR)   Coul. recip.
    7.74704e+03    7.29563e+04   -4.45849e+03   -5.60008e+05    3.00730e+03
      Potential    Kinetic En.   Total Energy  Conserved En.    Temperature
   -4.70976e+05    8.53870e+04   -3.85589e+05   -3.80741e+05    2.98720e+02
 Pres. DC (bar) Pressure (bar)   Constr. rmsd
   -2.15625e+02   -1.59467e+02    3.12394e-06


DD  step 359999  vol min/aver 0.685  load imb.: force  3.5%  pme mesh/force 0.999
           Step           Time
         360000      720.00000

   Energies (kJ/mol)
           Bond          Angle    Proper Dih. Ryckaert-Bell.          LJ-14
    1.60335e+03    3.79532e+03    2.61926e+02    1.76469e+03    2.70587e+03
     Coulomb-14        LJ (SR)  Disper. corr.   Coulomb (SR)   Coul. recip.
    7.74508e+03    7.39969e+04   -4.47178e+03   -5.61274e+05    2.95385e+03
      Potential    Kinetic En.   Total Energy  Conserved En.    Temperature
   -4.70919e+05    8.67931e+04   -3.84126e+05   -3.80679e+05    3.03639e+02
 Pres. DC (bar) Pressure (bar)   Constr. rmsd
   -2.16911e+02    6.70544e+01    2.83449e-06


DD  step 364999  vol min/aver 0.691  load imb.: force  2.8%  pme mesh/force 1.007
           Step           Time
         365000      730.00000

   Energies (kJ/mol)
           Bond          Angle    Proper Dih. Ryckaert-Bell.          LJ-14
    1.42360e+03    3.63131e+03    2.93762e+02    1.78079e+03    2.68132e+03
     Coulomb-14        LJ (SR)  Disper. corr.   Coulomb (SR)   Coul. recip.
    7.91069e+03    7.41676e+04   -4.47875e+03   -5.61988e+05    2.97652e+03
      Potential    Kinetic En.   Total Energy  Conserved En.    Temperature
   -4.71601e+05    8.43679e+04   -3.87233e+05   -3.80637e+05    2.95155e+02
 Pres. DC (bar) Pressure (bar)   Constr. rmsd
   -2.17587e+02   -6.85013e+01    3.07477e-06


DD  step 369999  vol min/aver 0.710  load imb.: force  4.0%  pme mesh/force 1.082
           Step           Time
         370000      740.00000

   Energies (kJ/mol)
           Bond          Angle    Proper Dih. Ryckaert-Bell.          LJ-14
    1.41281e+03    3.67700e+03    2.67258e+02    1.76172e+03    2.65326e+03
     Coulomb-14        LJ (SR)  Disper. corr.   Coulomb (SR)   Coul. recip.
    7.79927e+03    7.59861e+04   -4.46387e+03   -5.64054e+05    3.10017e+03
      Potential    Kinetic En.   Total Energy  Conserved En.    Temperature
   -4.71860e+05    8.48696e+04   -3.86991e+05   -3.80590e+05    2.96910e+02
 Pres. DC (bar) Pressure (bar)   Constr. rmsd
   -2.16144e+02    2.84921e+02    2.81336e-06


DD  step 374999  vol min/aver 0.705  load imb.: force  3.8%  pme mesh/force 1.001
           Step           Time
         375000      750.00000

   Energies (kJ/mol)
           Bond          Angle    Proper Dih. Ryckaert-Bell.          LJ-14
    1.41828e+03    3.83492e+03    2.31751e+02    1.70341e+03    2.61074e+03
     Coulomb-14        LJ (SR)  Disper. corr.   Coulomb (SR)   Coul. recip.
    7.83596e+03    7.35533e+04   -4.44630e+03   -5.59958e+05    3.11232e+03
      Potential    Kinetic En.   Total Energy  Conserved En.    Temperature
   -4.70104e+05    8.64334e+04   -3.83670e+05   -3.80573e+05    3.02381e+02
 Pres. DC (bar) Pressure (bar)   Constr. rmsd
   -2.14449e+02   -5.43420e+01    2.99668e-06


DD  step 379999  vol min/aver 0.695  load imb.: force  6.2%  pme mesh/force 0.992
           Step           Time
         380000      760.00000

   Energies (kJ/mol)
           Bond          Angle    Proper Dih. Ryckaert-Bell.          LJ-14
    1.45711e+03    3.80709e+03    2.70097e+02    1.84327e+03    2.65850e+03
     Coulomb-14        LJ (SR)  Disper. corr.   Coulomb (SR)   Coul. recip.
    7.92947e+03    7.32573e+04   -4.49815e+03   -5.61040e+05    3.06569e+03
      Potential    Kinetic En.   Total Energy  Conserved En.    Temperature
   -4.71250e+05    8.52147e+04   -3.86035e+05   -3.80467e+05    2.98117e+02
 Pres. DC (bar) Pressure (bar)   Constr. rmsd
   -2.19473e+02   -6.12992e+01    2.70152e-06


DD  step 384999  vol min/aver 0.712  load imb.: force  4.7%  pme mesh/force 0.996
           Step           Time
         385000      770.00000

   Energies (kJ/mol)
           Bond          Angle    Proper Dih. Ryckaert-Bell.          LJ-14
    1.59684e+03    4.03290e+03    2.47881e+02    1.75461e+03    2.59945e+03
     Coulomb-14        LJ (SR)  Disper. corr.   Coulomb (SR)   Coul. recip.
    7.85853e+03    7.47903e+04   -4.47233e+03   -5.62791e+05    3.01123e+03
      Potential    Kinetic En.   Total Energy  Conserved En.    Temperature
   -4.71372e+05    8.64656e+04   -3.84906e+05   -3.80403e+05    3.02494e+02
 Pres. DC (bar) Pressure (bar)   Constr. rmsd
   -2.16964e+02    7.20769e+01    2.89207e-06


DD  step 389999  vol min/aver 0.690  load imb.: force  4.0%  pme mesh/force 0.986
           Step           Time
         390000      780.00000

   Energies (kJ/mol)
           Bond          Angle    Proper Dih. Ryckaert-Bell.          LJ-14
    1.49815e+03    3.83133e+03    2.54382e+02    1.70250e+03    2.65155e+03
     Coulomb-14        LJ (SR)  Disper. corr.   Coulomb (SR)   Coul. recip.
    7.82352e+03    7.36440e+04   -4.47646e+03   -5.61097e+05    3.04531e+03
      Potential    Kinetic En.   Total Energy  Conserved En.    Temperature
   -4.71122e+05    8.67109e+04   -3.84412e+05   -3.80369e+05    3.03352e+02
 Pres. DC (bar) Pressure (bar)   Constr. rmsd
   -2.17364e+02   -2.83410e+01    2.70125e-06


DD  step 394999  vol min/aver 0.656  load imb.: force  3.8%  pme mesh/force 0.990
           Step           Time
         395000      790.00000

   Energies (kJ/mol)
           Bond          Angle    Proper Dih. Ryckaert-Bell.          LJ-14
    1.52761e+03    3.88846e+03    2.57353e+02    1.74398e+03    2.59350e+03
     Coulomb-14        LJ (SR)  Disper. corr.   Coulomb (SR)   Coul. recip.
    7.82521e+03    7.31492e+04   -4.46204e+03   -5.60910e+05    3.04069e+03
      Potential    Kinetic En.   Total Energy  Conserved En.    Temperature
   -4.71346e+05    8.56193e+04   -3.85727e+05   -3.80316e+05    2.99533e+02
 Pres. DC (bar) Pressure (bar)   Constr. rmsd
   -2.15968e+02   -1.73385e+02    2.59357e-06


DD  step 399999  vol min/aver 0.705  load imb.: force  3.0%  pme mesh/force 0.996
           Step           Time
         400000      800.00000

   Energies (kJ/mol)
           Bond          Angle    Proper Dih. Ryckaert-Bell.          LJ-14
    1.51902e+03    3.71692e+03    2.20876e+02    1.76375e+03    2.61084e+03
     Coulomb-14        LJ (SR)  Disper. corr.   Coulomb (SR)   Coul. recip.
    7.79338e+03    7.33044e+04   -4.45006e+03   -5.60062e+05    3.06587e+03
      Potential    Kinetic En.   Total Energy  Conserved En.    Temperature
   -4.70517e+05    8.51604e+04   -3.85356e+05   -3.80287e+05    2.97927e+02
 Pres. DC (bar) Pressure (bar)   Constr. rmsd
   -2.14812e+02   -2.04846e+02    3.04739e-06


DD  step 404999  vol min/aver 0.690  load imb.: force  3.0%  pme mesh/force 1.004
           Step           Time
         405000      810.00000

   Energies (kJ/mol)
           Bond          Angle    Proper Dih. Ryckaert-Bell.          LJ-14
    1.53819e+03    3.67803e+03    2.38749e+02    1.72248e+03    2.69754e+03
     Coulomb-14        LJ (SR)  Disper. corr.   Coulomb (SR)   Coul. recip.
    7.93994e+03    7.42422e+04   -4.44959e+03   -5.62640e+05    3.10394e+03
      Potential    Kinetic En.   Total Energy  Conserved En.    Temperature
   -4.71929e+05    8.67484e+04   -3.85180e+05   -3.80241e+05    3.03483e+02
 Pres. DC (bar) Pressure (bar)   Constr. rmsd
   -2.14766e+02   -3.55851e+01    2.80429e-06


DD  step 409999  vol min/aver 0.677  load imb.: force  5.9%  pme mesh/force 1.000
           Step           Time
         410000      820.00000

   Energies (kJ/mol)
           Bond          Angle    Proper Dih. Ryckaert-Bell.          LJ-14
    1.60379e+03    3.90914e+03    2.37730e+02    1.70031e+03    2.61522e+03
     Coulomb-14        LJ (SR)  Disper. corr.   Coulomb (SR)   Coul. recip.
    7.84921e+03    7.41896e+04   -4.47439e+03   -5.62470e+05    3.13507e+03
      Potential    Kinetic En.   Total Energy  Conserved En.    Temperature
   -4.71705e+05    8.59754e+04   -3.85729e+05   -3.80168e+05    3.00779e+02
 Pres. DC (bar) Pressure (bar)   Constr. rmsd
   -2.17164e+02   -2.17640e+01    2.61970e-06


DD  step 414999  vol min/aver 0.688  load imb.: force  3.4%  pme mesh/force 0.989
           Step           Time
         415000      830.00000

   Energies (kJ/mol)
           Bond          Angle    Proper Dih. Ryckaert-Bell.          LJ-14
    1.58619e+03    3.70516e+03    2.12102e+02    1.67341e+03    2.58464e+03
     Coulomb-14        LJ (SR)  Disper. corr.   Coulomb (SR)   Coul. recip.
    7.80039e+03    7.33517e+04   -4.47796e+03   -5.61698e+05    3.07604e+03
      Potential    Kinetic En.   Total Energy  Conserved En.    Temperature
   -4.72186e+05    8.51382e+04   -3.87048e+05   -3.80119e+05    2.97850e+02
 Pres. DC (bar) Pressure (bar)   Constr. rmsd
   -2.17510e+02   -2.51708e+02    2.80616e-06


DD  step 419999  vol min/aver 0.653  load imb.: force  4.6%  pme mesh/force 1.000
           Step           Time
         420000      840.00000

   Energies (kJ/mol)
           Bond          Angle    Proper Dih. Ryckaert-Bell.          LJ-14
    1.45971e+03    3.84689e+03    1.92630e+02    1.77196e+03    2.71724e+03
     Coulomb-14        LJ (SR)  Disper. corr.   Coulomb (SR)   Coul. recip.
    7.97787e+03    7.43001e+04   -4.46294e+03   -5.62460e+05    3.03551e+03
      Potential    Kinetic En.   Total Energy  Conserved En.    Temperature
   -4.71621e+05    8.57213e+04   -3.85900e+05   -3.80077e+05    2.99890e+02
 Pres. DC (bar) Pressure (bar)   Constr. rmsd
   -2.16054e+02   -1.82522e+01    2.91808e-06


DD  step 424999  vol min/aver 0.717  load imb.: force  4.5%  pme mesh/force 0.998
           Step           Time
         425000      850.00000

   Energies (kJ/mol)
           Bond          Angle    Proper Dih. Ryckaert-Bell.          LJ-14
    1.41609e+03    4.06952e+03    2.41389e+02    1.77050e+03    2.61692e+03
     Coulomb-14        LJ (SR)  Disper. corr.   Coulomb (SR)   Coul. recip.
    7.82408e+03    7.42780e+04   -4.45155e+03   -5.61428e+05    3.06946e+03
      Potential    Kinetic En.   Total Energy  Conserved En.    Temperature
   -4.70594e+05    8.59492e+04   -3.84645e+05   -3.80041e+05    3.00687e+02
 Pres. DC (bar) Pressure (bar)   Constr. rmsd
   -2.14955e+02    1.95942e+02    2.79870e-06


DD  step 429999  vol min/aver 0.705  load imb.: force  3.5%  pme mesh/force 0.998
           Step           Time
         430000      860.00000

   Energies (kJ/mol)
           Bond          Angle    Proper Dih. Ryckaert-Bell.          LJ-14
    1.51113e+03    3.71084e+03    2.52503e+02    1.73781e+03    2.67799e+03
     Coulomb-14        LJ (SR)  Disper. corr.   Coulomb (SR)   Coul. recip.
    7.79691e+03    7.43125e+04   -4.48643e+03   -5.62028e+05    3.08662e+03
      Potential    Kinetic En.   Total Energy  Conserved En.    Temperature
   -4.71428e+05    8.56499e+04   -3.85778e+05   -3.79994e+05    2.99640e+02
 Pres. DC (bar) Pressure (bar)   Constr. rmsd
   -2.18333e+02    1.99153e+02    2.70007e-06


DD  step 434999  vol min/aver 0.672  load imb.: force  3.7%  pme mesh/force 1.004
           Step           Time
         435000      870.00000

   Energies (kJ/mol)
           Bond          Angle    Proper Dih. Ryckaert-Bell.          LJ-14
    1.40291e+03    3.63907e+03    2.21694e+02    1.74118e+03    2.68751e+03
     Coulomb-14        LJ (SR)  Disper. corr.   Coulomb (SR)   Coul. recip.
    7.87527e+03    7.49675e+04   -4.45330e+03   -5.61996e+05    2.98395e+03
      Potential    Kinetic En.   Total Energy  Conserved En.    Temperature
   -4.70930e+05    8.56492e+04   -3.85280e+05   -3.79960e+05    2.99637e+02
 Pres. DC (bar) Pressure (bar)   Constr. rmsd
   -2.15124e+02    1.11081e+02    3.10712e-06


DD  step 439999  vol min/aver 0.690  load imb.: force  3.4%  pme mesh/force 0.988
           Step           Time
         440000      880.00000

   Energies (kJ/mol)
           Bond          Angle    Proper Dih. Ryckaert-Bell.          LJ-14
    1.54156e+03    3.77651e+03    2.62089e+02    1.69500e+03    2.61056e+03
     Coulomb-14        LJ (SR)  Disper. corr.   Coulomb (SR)   Coul. recip.
    7.78926e+03    7.44758e+04   -4.46510e+03   -5.61081e+05    3.04055e+03
      Potential    Kinetic En.   Total Energy  Conserved En.    Temperature
   -4.70355e+05    8.49428e+04   -3.85412e+05   -3.79883e+05    2.97166e+02
 Pres. DC (bar) Pressure (bar)   Constr. rmsd
   -2.16264e+02    7.24382e+01    2.89272e-06


DD  step 444999  vol min/aver 0.666  load imb.: force  3.7%  pme mesh/force 0.998
           Step           Time
         445000      890.00000

   Energies (kJ/mol)
           Bond          Angle    Proper Dih. Ryckaert-Bell.          LJ-14
    1.47594e+03    3.76285e+03    2.56370e+02    1.78453e+03    2.65212e+03
     Coulomb-14        LJ (SR)  Disper. corr.   Coulomb (SR)   Coul. recip.
    7.87015e+03    7.35317e+04   -4.45567e+03   -5.59721e+05    3.15050e+03
      Potential    Kinetic En.   Total Energy  Conserved En.    Temperature
   -4.69692e+05    8.46901e+04   -3.85002e+05   -3.79839e+05    2.96282e+02
 Pres. DC (bar) Pressure (bar)   Constr. rmsd
   -2.15352e+02   -2.40280e-01    2.82811e-06


DD  step 449999  vol min/aver 0.680  load imb.: force  3.1%  pme mesh/force 1.009
           Step           Time
         450000      900.00000

   Energies (kJ/mol)
           Bond          Angle    Proper Dih. Ryckaert-Bell.          LJ-14
    1.59661e+03    3.57157e+03    2.32551e+02    1.75224e+03    2.69938e+03
     Coulomb-14        LJ (SR)  Disper. corr.   Coulomb (SR)   Coul. recip.
    7.73707e+03    7.43913e+04   -4.45807e+03   -5.61157e+05    3.05275e+03
      Potential    Kinetic En.   Total Energy  Conserved En.    Temperature
   -4.70582e+05    8.48297e+04   -3.85752e+05   -3.79793e+05    2.96770e+02
 Pres. DC (bar) Pressure (bar)   Constr. rmsd
   -2.15584e+02    6.10810e+01    3.23489e-06


DD  step 454999  vol min/aver 0.693  load imb.: force  3.3%  pme mesh/force 1.009
           Step           Time
         455000      910.00000

   Energies (kJ/mol)
           Bond          Angle    Proper Dih. Ryckaert-Bell.          LJ-14
    1.45873e+03    3.73642e+03    2.54290e+02    1.72377e+03    2.63820e+03
     Coulomb-14        LJ (SR)  Disper. corr.   Coulomb (SR)   Coul. recip.
    7.79317e+03    7.44022e+04   -4.46414e+03   -5.62032e+05    2.98222e+03
      Potential    Kinetic En.   Total Energy  Conserved En.    Temperature
   -4.71507e+05    8.54927e+04   -3.86014e+05   -3.79735e+05    2.99090e+02
 Pres. DC (bar) Pressure (bar)   Constr. rmsd
   -2.16171e+02    3.04895e+01    2.81125e-06


DD  step 459999  vol min/aver 0.686  load imb.: force  4.0%  pme mesh/force 1.003
           Step           Time
         460000      920.00000

   Energies (kJ/mol)
           Bond          Angle    Proper Dih. Ryckaert-Bell.          LJ-14
    1.30670e+03    3.85365e+03    2.44396e+02    1.77165e+03    2.62737e+03
     Coulomb-14        LJ (SR)  Disper. corr.   Coulomb (SR)   Coul. recip.
    7.88071e+03    7.38340e+04   -4.45680e+03   -5.61956e+05    3.07166e+03
      Potential    Kinetic En.   Total Energy  Conserved En.    Temperature
   -4.71822e+05    8.56852e+04   -3.86137e+05   -3.79692e+05    2.99763e+02
 Pres. DC (bar) Pressure (bar)   Constr. rmsd
   -2.15462e+02   -1.23113e+02    2.94972e-06


DD  step 464999  vol min/aver 0.648  load imb.: force 13.6%  pme mesh/force 1.052
           Step           Time
         465000      930.00000

   Energies (kJ/mol)
           Bond          Angle    Proper Dih. Ryckaert-Bell.          LJ-14
    1.56736e+03    3.80736e+03    2.60662e+02    1.71449e+03    2.55995e+03
     Coulomb-14        LJ (SR)  Disper. corr.   Coulomb (SR)   Coul. recip.
    7.73997e+03    7.49134e+04   -4.47375e+03   -5.62690e+05    2.99463e+03
      Potential    Kinetic En.   Total Energy  Conserved En.    Temperature
   -4.71606e+05    8.62665e+04   -3.85340e+05   -3.79624e+05    3.01797e+02
 Pres. DC (bar) Pressure (bar)   Constr. rmsd
   -2.17101e+02   -1.23643e+01    2.88465e-06


DD  step 469999  vol min/aver 0.653  load imb.: force  4.4%  pme mesh/force 0.998
           Step           Time
         470000      940.00000

   Energies (kJ/mol)
           Bond          Angle    Proper Dih. Ryckaert-Bell.          LJ-14
    1.42320e+03    3.75602e+03    2.60945e+02    1.82672e+03    2.71147e+03
     Coulomb-14        LJ (SR)  Disper. corr.   Coulomb (SR)   Coul. recip.
    7.98528e+03    7.44167e+04   -4.46878e+03   -5.61983e+05    2.99581e+03
      Potential    Kinetic En.   Total Energy  Conserved En.    Temperature
   -4.71075e+05    8.55070e+04   -3.85568e+05   -3.79581e+05    2.99140e+02
 Pres. DC (bar) Pressure (bar)   Constr. rmsd
   -2.16620e+02    1.19609e+02    2.63483e-06


DD  step 474999  vol min/aver 0.663  load imb.: force  2.8%  pme mesh/force 1.013
           Step           Time
         475000      950.00000

   Energies (kJ/mol)
           Bond          Angle    Proper Dih. Ryckaert-Bell.          LJ-14
    1.59674e+03    3.90214e+03    2.44206e+02    1.71889e+03    2.68733e+03
     Coulomb-14        LJ (SR)  Disper. corr.   Coulomb (SR)   Coul. recip.
    7.81547e+03    7.25488e+04   -4.47029e+03   -5.59466e+05    2.99531e+03
      Potential    Kinetic En.   Total Energy  Conserved En.    Temperature
   -4.70427e+05    8.62307e+04   -3.84196e+05   -3.79523e+05    3.01672e+02
 Pres. DC (bar) Pressure (bar)   Constr. rmsd
   -2.16766e+02   -1.77348e+02    2.65362e-06


DD  step 479999  vol min/aver 0.664  load imb.: force  4.1%  pme mesh/force 1.011
           Step           Time
         480000      960.00000

   Energies (kJ/mol)
           Bond          Angle    Proper Dih. Ryckaert-Bell.          LJ-14
    1.45627e+03    3.80459e+03    2.40806e+02    1.76421e+03    2.71356e+03
     Coulomb-14        LJ (SR)  Disper. corr.   Coulomb (SR)   Coul. recip.
    7.82337e+03    7.48300e+04   -4.47832e+03   -5.63663e+05    2.93643e+03
      Potential    Kinetic En.   Total Energy  Conserved En.    Temperature
   -4.72572e+05    8.53870e+04   -3.87185e+05   -3.79487e+05    2.98720e+02
 Pres. DC (bar) Pressure (bar)   Constr. rmsd
   -2.17545e+02    2.10409e+02    2.71742e-06


DD  step 484999  vol min/aver 0.709  load imb.: force  3.3%  pme mesh/force 0.994
           Step           Time
         485000      970.00000

   Energies (kJ/mol)
           Bond          Angle    Proper Dih. Ryckaert-Bell.          LJ-14
    1.60315e+03    3.73020e+03    2.36301e+02    1.76906e+03    2.59977e+03
     Coulomb-14        LJ (SR)  Disper. corr.   Coulomb (SR)   Coul. recip.
    7.73721e+03    7.38955e+04   -4.45617e+03   -5.60189e+05    3.04315e+03
      Potential    Kinetic En.   Total Energy  Conserved En.    Temperature
   -4.70030e+05    8.57970e+04   -3.84233e+05   -3.79422e+05    3.00154e+02
 Pres. DC (bar) Pressure (bar)   Constr. rmsd
   -2.15400e+02   -1.03841e+02    3.10253e-06


DD  step 489999  vol min/aver 0.700  load imb.: force  3.5%  pme mesh/force 0.988
           Step           Time
         490000      980.00000

   Energies (kJ/mol)
           Bond          Angle    Proper Dih. Ryckaert-Bell.          LJ-14
    1.56820e+03    3.79306e+03    2.54359e+02    1.70587e+03    2.67511e+03
     Coulomb-14        LJ (SR)  Disper. corr.   Coulomb (SR)   Coul. recip.
    7.70288e+03    7.52619e+04   -4.49244e+03   -5.62288e+05    2.97848e+03
      Potential    Kinetic En.   Total Energy  Conserved En.    Temperature
   -4.70841e+05    8.53462e+04   -3.85495e+05   -3.79357e+05    2.98577e+02
 Pres. DC (bar) Pressure (bar)   Constr. rmsd
   -2.18917e+02    3.07337e+02    2.72304e-06


DD  step 494999  vol min/aver 0.671  load imb.: force 12.1%  pme mesh/force 1.028
           Step           Time
         495000      990.00000

   Energies (kJ/mol)
           Bond          Angle    Proper Dih. Ryckaert-Bell.          LJ-14
    1.41401e+03    3.73862e+03    2.68613e+02    1.77625e+03    2.67968e+03
     Coulomb-14        LJ (SR)  Disper. corr.   Coulomb (SR)   Coul. recip.
    7.73817e+03    7.33515e+04   -4.47826e+03   -5.60688e+05    2.93474e+03
      Potential    Kinetic En.   Total Energy  Conserved En.    Temperature
   -4.71264e+05    8.58185e+04   -3.85446e+05   -3.79317e+05    3.00230e+02
 Pres. DC (bar) Pressure (bar)   Constr. rmsd
   -2.17539e+02    9.70947e+00    2.64176e-06


DD  step 499999  vol min/aver 0.709  load imb.: force  2.9%  pme mesh/force 1.016
           Step           Time
         500000     1000.00000

Writing checkpoint, step 500000 at Mon Sep 26 16:00:36 2022


   Energies (kJ/mol)
           Bond          Angle    Proper Dih. Ryckaert-Bell.          LJ-14
    1.49901e+03    3.85721e+03    2.62553e+02    1.70436e+03    2.71163e+03
     Coulomb-14        LJ (SR)  Disper. corr.   Coulomb (SR)   Coul. recip.
    7.76890e+03    7.30747e+04   -4.47378e+03   -5.59799e+05    3.07929e+03
      Potential    Kinetic En.   Total Energy  Conserved En.    Temperature
   -4.70315e+05    8.58953e+04   -3.84419e+05   -3.79260e+05    3.00498e+02
 Pres. DC (bar) Pressure (bar)   Constr. rmsd
   -2.17105e+02   -1.27332e+02    2.99050e-06


	<======  ###############  ==>
	<====  A V E R A G E S  ====>
	<==  ###############  ======>

	Statistics over 500001 steps using 5001 frames

   Energies (kJ/mol)
           Bond          Angle    Proper Dih. Ryckaert-Bell.          LJ-14
    1.47445e+03    3.77502e+03    2.48449e+02    1.76300e+03    2.65267e+03
     Coulomb-14        LJ (SR)  Disper. corr.   Coulomb (SR)   Coul. recip.
    7.80050e+03    7.39631e+04   -4.46615e+03   -5.61370e+05    3.03741e+03
      Potential    Kinetic En.   Total Energy  Conserved En.    Temperature
   -4.71122e+05    8.57487e+04   -3.85373e+05   -3.81888e+05    2.99985e+02
 Pres. DC (bar) Pressure (bar)   Constr. rmsd
   -2.16367e+02    1.27251e+00    0.00000e+00

          Box-X          Box-Y          Box-Z
    7.00122e+00    7.00122e+00    7.00122e+00

   Total Virial (kJ/mol)
    2.85632e+04   -7.93968e-01    2.02397e+01
   -6.95610e-01    2.85715e+04   -2.89360e+01
    2.03894e+01   -2.88934e+01    2.85792e+04

   Pressure (bar)
    3.67692e+00   -3.97603e-01   -1.63335e+00
   -4.07109e-01    8.56779e-01    1.31630e+00
   -1.64782e+00    1.31223e+00   -7.16185e-01

      T-Protein  T-non-Protein
    2.99950e+02    2.99988e+02


	M E G A - F L O P S   A C C O U N T I N G

 NB=Group-cutoff nonbonded kernels    NxN=N-by-N cluster Verlet kernels
 RF=Reaction-Field  VdW=Van der Waals  QSTab=quadratic-spline table
 W3=SPC/TIP3p  W4=TIP4p (single or pairs)
 V&F=Potential and force  V=Potential only  F=Force only

 Computing:                               M-Number         M-Flops  % Flops
-----------------------------------------------------------------------------
 Pair Search distance check          151311.110902     1361799.998     0.2
 NxN Ewald Elec. + LJ [F]           5390737.583440   355788680.507    52.0
 NxN Ewald Elec. + LJ [V&F]           54463.454496     5827589.631     0.9
 NxN Ewald Elec. [F]                4787398.095472   292031283.824    42.7
 NxN Ewald Elec. [V&F]                48369.252192     4063017.184     0.6
 1,4 nonbonded interactions            2553.005106      229770.460     0.0
 Calc Weights                         50814.101628     1829307.659     0.3
 Spread Q Bspline                   1084034.168064     2168068.336     0.3
 Gather F Bspline                   1084034.168064     6504205.008     1.0
 3D-FFT                             1395170.790336    11161366.323     1.6
 Solve PME                             2904.005808      185856.372     0.0
 Reset In Box                           338.692248        1016.077     0.0
 CG-CoM                                 338.793876        1016.382     0.0
 Bonds                                  512.501025       30237.560     0.0
 Angles                                1773.503547      297948.596     0.0
 Propers                                213.000426       48777.098     0.0
 RB-Dihedrals                          1975.003950      487825.976     0.1
 Virial                                1774.835496       31947.039     0.0
 Stop-CM                                169.413876        1694.139     0.0
 Calc-Ekin                             3387.667752       91467.029     0.0
 Lincs                                  479.500959       28770.058     0.0
 Lincs-Mat                             2388.004776        9552.019     0.0
 Constraint-V                         16913.033826      135304.271     0.0
 Constraint-Vir                        1643.382867       39441.189     0.0
 Settle                                5318.010636     1717717.435     0.3
-----------------------------------------------------------------------------
 Total                                               684073660.168   100.0
-----------------------------------------------------------------------------


    D O M A I N   D E C O M P O S I T I O N   S T A T I S T I C S

 av. #atoms communicated per step for force:  2 x 90768.0


Dynamic load balancing report:
 DLB was turned on during the run due to measured imbalance.
 Average load imbalance: 4.0%.
 The balanceable part of the MD step is 81%, load imbalance is computed from this.
 Part of the total run time spent waiting due to load imbalance: 3.3%.
 Steps where the load balancing was limited by -rdd, -rcon and/or -dds: X 0 % Y 0 % Z 0 %
 Average PME mesh/force load: 0.995
 Part of the total run time spent waiting due to PP/PME imbalance: 0.1 %


     R E A L   C Y C L E   A N D   T I M E   A C C O U N T I N G

On 36 MPI ranks doing PP, and
on 12 MPI ranks doing PME

 Computing:          Num   Num      Call    Wall time         Giga-Cycles
                     Ranks Threads  Count      (s)         total sum    %
-----------------------------------------------------------------------------
 Domain decomp.        36    1      10000       7.987        831.867   1.7
 DD comm. load         36    1       9567       0.040          4.122   0.0
 DD comm. bounds       36    1       9561       0.290         30.255   0.1
 Send X to PME         36    1     500001       7.953        828.388   1.7
 Neighbor search       36    1      10001      20.250       2109.081   4.2
 Comm. coord.          36    1     490000      15.847       1650.488   3.3
 Force                 36    1     500001     248.734      25906.671  52.1
 Wait + Comm. F        36    1     500001      25.450       2650.763   5.3
 PME mesh *            12    1     500001     282.677       9813.998  19.7
 PME wait for PP *                             75.054       2605.719   5.2
 Wait + Recv. PME F    36    1     500001       5.401        562.496   1.1
 NB X/F buffer ops.    36    1    1480001       8.855        922.326   1.9
 Write traj.           36    1        101       0.017          1.786   0.0
 Update                36    1     500001       1.862        193.985   0.4
 Constraints           36    1     500001       5.806        604.671   1.2
 Comm. energies        36    1      50001       7.402        770.945   1.6
 Rest                                           2.185        227.619   0.5
-----------------------------------------------------------------------------
 Total                                        358.080      49727.285 100.0
-----------------------------------------------------------------------------
(*) Note that with separate PME ranks, the walltime column actually sums to
    twice the total reported, but the cycle count total and % are correct.
-----------------------------------------------------------------------------
 Breakdown of PME mesh computation
-----------------------------------------------------------------------------
 PME redist. X/F       12    1    1000002      53.923       1872.108   3.8
 PME spread            12    1     500001      76.278       2648.229   5.3
 PME gather            12    1     500001      63.868       2217.366   4.5
 PME 3D-FFT            12    1    1000002      57.730       2004.257   4.0
 PME 3D-FFT Comm.      12    1    2000004      26.211        910.002   1.8
 PME solve Elec        12    1     500001       4.215        146.323   0.3
-----------------------------------------------------------------------------

               Core t (s)   Wall t (s)        (%)
       Time:    17187.802      358.080     4800.0
                 (ns/day)    (hour/ns)
Performance:      241.288        0.099
Finished mdrun on rank 0 Mon Sep 26 16:00:37 2022

