Electrostatic potential parameters

Grid information (see 1_default_grid.dat in Angstrom)
    Number of grid points:            1090

Quantum electrostatic potential (see 1_default_grid_esp.dat)

Constraints
    Charge constraints
        Total charge of   0.07076841 on the set   2
        Total charge of   0.08502052 on the set   3
        Total charge of  -0.47143522 on the set   4
        Total charge of   0.12600009 on the set   5
        Total charge of  -0.10081820 on the set   6
        Total charge of   0.36323893 on the set   7
        Total charge of  -0.49566933 on the set   8
        Total charge of  -0.04585352 on the set   9
        Total charge of   0.36242521 on the set  10
        Total charge of  -0.52853014 on the set  11
        Total charge of   0.02496351 on the set  12
        Total charge of   0.17300358 on the set  18
    Equality constraints
        Equal charges on atoms
                                 15  16  17
                                 19  20  21
                                 22  23  24

Restraint
    Hyperbolic restraint to a charge of zero
    Hydrogen atoms are not restrained
    resp_a:                           0.0010
    resp_b:                           0.1000

Fit

Electrostatic Potential Charges
   Center  Symbol       ESP      RESP
      1    C      -0.23823382 -0.20076948
      2    N       0.07076841  0.07076841
      3    C       0.08502052  0.08502052
      4    N      -0.47143522 -0.47143522
      5    C       0.12600009  0.12600009
      6    C      -0.10081820 -0.10081820
      7    C       0.36323893  0.36323893
      8    O      -0.49566933 -0.49566933
      9    N      -0.04585352 -0.04585352
     10    C       0.36242521  0.36242521
     11    O      -0.52853014 -0.52853014
     12    N       0.02496351  0.02496351
     13    C       0.03205246  0.00600306
     14    C      -0.04490312 -0.03370788
     15    H       0.12194284  0.11020264
     16    H       0.12194284  0.11020264
     17    H       0.12194284  0.11020264
     18    H       0.17300358  0.17300358
     19    H       0.04256496  0.05006103
     20    H       0.04256496  0.05006103
     21    H       0.04256496  0.05006103
     22    H       0.06481575  0.06152315
     23    H       0.06481575  0.06152315
     24    H       0.06481575  0.06152315
Total Charge:     -0.00000000 -0.00000000
