                      :-) GROMACS - gmx mdrun, 2020.4 (-:

                            GROMACS is written by:
     Emile Apol      Rossen Apostolov      Paul Bauer     Herman J.C. Berendsen
    Par Bjelkmar      Christian Blau   Viacheslav Bolnykh     Kevin Boyd    
 Aldert van Buuren   Rudi van Drunen     Anton Feenstra       Alan Gray     
  Gerrit Groenhof     Anca Hamuraru    Vincent Hindriksen  M. Eric Irrgang  
  Aleksei Iupinov   Christoph Junghans     Joe Jordan     Dimitrios Karkoulis
    Peter Kasson        Jiri Kraus      Carsten Kutzner      Per Larsson    
  Justin A. Lemkul    Viveca Lindahl    Magnus Lundborg     Erik Marklund   
    Pascal Merz     Pieter Meulenhoff    Teemu Murtola       Szilard Pall   
    Sander Pronk      Roland Schulz      Michael Shirts    Alexey Shvetsov  
   Alfons Sijbers     Peter Tieleman      Jon Vincent      Teemu Virolainen 
 Christian Wennberg    Maarten Wolf      Artem Zhmurov   
                           and the project leaders:
        Mark Abraham, Berk Hess, Erik Lindahl, and David van der Spoel

Copyright (c) 1991-2000, University of Groningen, The Netherlands.
Copyright (c) 2001-2019, The GROMACS development team at
Uppsala University, Stockholm University and
the Royal Institute of Technology, Sweden.
check out http://www.gromacs.org for more information.

GROMACS is free software; you can redistribute it and/or modify it
under the terms of the GNU Lesser General Public License
as published by the Free Software Foundation; either version 2.1
of the License, or (at your option) any later version.

GROMACS:      gmx mdrun, version 2020.4
Executable:   /share/apps/gromacs/2020.4/openmpi/intel/bin/gmx_mpi
Data prefix:  /share/apps/gromacs/2020.4/openmpi/intel
Working dir:  /scratch/work/courses/CHEM-GA-2671-2022fa/rz2522/comp-lab-class/Week4/Setup/Water&Ions_CHARMM36M/gromacs
Process ID:   147694
Command line:
  gmx_mpi mdrun -v -deffnm step4.1_equilibration

GROMACS version:    2020.4
Verified release checksum is 79c2857291b034542c26e90512b92fd4b184a1c9d6fa59c55f2e24ccf14e7281
Precision:          single
Memory model:       64 bit
MPI library:        MPI
OpenMP support:     disabled
GPU support:        disabled
SIMD instructions:  AVX_512
FFT library:        Intel MKL
RDTSCP usage:       enabled
TNG support:        enabled
Hwloc support:      disabled
Tracing support:    disabled
C compiler:         /share/apps/openmpi/4.0.5/intel/bin/mpicc Intel 19.1.2.20200623
C compiler flags:   -xCORE-AVX512 -qopt-zmm-usage=high -mkl=sequential -wd3180 -std=gnu99 -ip -funroll-all-loops -alias-const -ansi-alias -no-prec-div -fimf-domain-exclusion=14 -qoverride-limits -O3 -DNDEBUG
C++ compiler:       /share/apps/openmpi/4.0.5/intel/bin/mpicxx Intel 19.1.2.20200623
C++ compiler flags: -xCORE-AVX512 -qopt-zmm-usage=high -mkl=sequential -wd3180 -ip -funroll-all-loops -alias-const -ansi-alias -no-prec-div -fimf-domain-exclusion=14 -qoverride-limits -O3 -DNDEBUG


Running on 1 node with total 48 cores, 48 logical cores
Hardware detected on host cs263.hpc.nyu.edu (the node of MPI rank 0):
  CPU info:
    Vendor: Intel
    Brand:  Intel(R) Xeon(R) Platinum 8268 CPU @ 2.90GHz
    Family: 6   Model: 85   Stepping: 7
    Features: aes apic avx avx2 avx512f avx512cd avx512bw avx512vl clfsh cmov cx8 cx16 f16c fma htt intel lahf mmx msr nonstop_tsc pcid pclmuldq pdcm pdpe1gb popcnt pse rdrnd rdtscp sse2 sse3 sse4.1 sse4.2 ssse3 tdt x2apic
    Number of AVX-512 FMA units: 2
  Hardware topology: Basic
    Sockets, cores, and logical processors:
      Socket  0: [   0] [   1] [   2] [   3] [   4] [   5] [   6] [   7] [   8] [   9] [  10] [  11] [  12] [  13] [  14] [  15] [  16] [  17] [  18] [  19] [  20] [  21] [  22] [  23]
      Socket  1: [  24] [  25] [  26] [  27] [  28] [  29] [  30] [  31] [  32] [  33] [  34] [  35] [  36] [  37] [  38] [  39] [  40] [  41] [  42] [  43] [  44] [  45] [  46] [  47]


++++ PLEASE READ AND CITE THE FOLLOWING REFERENCE ++++
M. J. Abraham, T. Murtola, R. Schulz, S. Páll, J. C. Smith, B. Hess, E.
Lindahl
GROMACS: High performance molecular simulations through multi-level
parallelism from laptops to supercomputers
SoftwareX 1 (2015) pp. 19-25
-------- -------- --- Thank You --- -------- --------


++++ PLEASE READ AND CITE THE FOLLOWING REFERENCE ++++
S. Páll, M. J. Abraham, C. Kutzner, B. Hess, E. Lindahl
Tackling Exascale Software Challenges in Molecular Dynamics Simulations with
GROMACS
In S. Markidis & E. Laure (Eds.), Solving Software Challenges for Exascale 8759 (2015) pp. 3-27
-------- -------- --- Thank You --- -------- --------


++++ PLEASE READ AND CITE THE FOLLOWING REFERENCE ++++
S. Pronk, S. Páll, R. Schulz, P. Larsson, P. Bjelkmar, R. Apostolov, M. R.
Shirts, J. C. Smith, P. M. Kasson, D. van der Spoel, B. Hess, and E. Lindahl
GROMACS 4.5: a high-throughput and highly parallel open source molecular
simulation toolkit
Bioinformatics 29 (2013) pp. 845-54
-------- -------- --- Thank You --- -------- --------


++++ PLEASE READ AND CITE THE FOLLOWING REFERENCE ++++
B. Hess and C. Kutzner and D. van der Spoel and E. Lindahl
GROMACS 4: Algorithms for highly efficient, load-balanced, and scalable
molecular simulation
J. Chem. Theory Comput. 4 (2008) pp. 435-447
-------- -------- --- Thank You --- -------- --------


++++ PLEASE READ AND CITE THE FOLLOWING REFERENCE ++++
D. van der Spoel, E. Lindahl, B. Hess, G. Groenhof, A. E. Mark and H. J. C.
Berendsen
GROMACS: Fast, Flexible and Free
J. Comp. Chem. 26 (2005) pp. 1701-1719
-------- -------- --- Thank You --- -------- --------


++++ PLEASE READ AND CITE THE FOLLOWING REFERENCE ++++
E. Lindahl and B. Hess and D. van der Spoel
GROMACS 3.0: A package for molecular simulation and trajectory analysis
J. Mol. Mod. 7 (2001) pp. 306-317
-------- -------- --- Thank You --- -------- --------


++++ PLEASE READ AND CITE THE FOLLOWING REFERENCE ++++
H. J. C. Berendsen, D. van der Spoel and R. van Drunen
GROMACS: A message-passing parallel molecular dynamics implementation
Comp. Phys. Comm. 91 (1995) pp. 43-56
-------- -------- --- Thank You --- -------- --------


++++ PLEASE CITE THE DOI FOR THIS VERSION OF GROMACS ++++
https://doi.org/10.5281/zenodo.4054979
-------- -------- --- Thank You --- -------- --------

Input Parameters:
   integrator                     = md
   tinit                          = 0
   dt                             = 0.001
   nsteps                         = 125000
   init-step                      = 0
   simulation-part                = 1
   comm-mode                      = Linear
   nstcomm                        = 100
   bd-fric                        = 0
   ld-seed                        = -2127588546
   emtol                          = 10
   emstep                         = 0.01
   niter                          = 20
   fcstep                         = 0
   nstcgsteep                     = 1000
   nbfgscorr                      = 10
   rtpi                           = 0.05
   nstxout                        = 0
   nstvout                        = 5000
   nstfout                        = 5000
   nstlog                         = 1000
   nstcalcenergy                  = 100
   nstenergy                      = 1000
   nstxout-compressed             = 5000
   compressed-x-precision         = 1000
   cutoff-scheme                  = Verlet
   nstlist                        = 20
   pbc                            = xyz
   periodic-molecules             = false
   verlet-buffer-tolerance        = 0.005
   rlist                          = 1.2
   coulombtype                    = PME
   coulomb-modifier               = Potential-shift
   rcoulomb-switch                = 0
   rcoulomb                       = 1.2
   epsilon-r                      = 1
   epsilon-rf                     = inf
   vdw-type                       = Cut-off
   vdw-modifier                   = Force-switch
   rvdw-switch                    = 1
   rvdw                           = 1.2
   DispCorr                       = No
   table-extension                = 1
   fourierspacing                 = 0.12
   fourier-nx                     = 42
   fourier-ny                     = 42
   fourier-nz                     = 42
   pme-order                      = 4
   ewald-rtol                     = 1e-05
   ewald-rtol-lj                  = 0.001
   lj-pme-comb-rule               = Geometric
   ewald-geometry                 = 0
   epsilon-surface                = 0
   tcoupl                         = Nose-Hoover
   nsttcouple                     = 20
   nh-chain-length                = 1
   print-nose-hoover-chain-variables = false
   pcoupl                         = No
   pcoupltype                     = Isotropic
   nstpcouple                     = -1
   tau-p                          = 1
   compressibility (3x3):
      compressibility[    0]={ 0.00000e+00,  0.00000e+00,  0.00000e+00}
      compressibility[    1]={ 0.00000e+00,  0.00000e+00,  0.00000e+00}
      compressibility[    2]={ 0.00000e+00,  0.00000e+00,  0.00000e+00}
   ref-p (3x3):
      ref-p[    0]={ 0.00000e+00,  0.00000e+00,  0.00000e+00}
      ref-p[    1]={ 0.00000e+00,  0.00000e+00,  0.00000e+00}
      ref-p[    2]={ 0.00000e+00,  0.00000e+00,  0.00000e+00}
   refcoord-scaling               = No
   posres-com (3):
      posres-com[0]= 0.00000e+00
      posres-com[1]= 0.00000e+00
      posres-com[2]= 0.00000e+00
   posres-comB (3):
      posres-comB[0]= 0.00000e+00
      posres-comB[1]= 0.00000e+00
      posres-comB[2]= 0.00000e+00
   QMMM                           = false
   QMconstraints                  = 0
   QMMMscheme                     = 0
   MMChargeScaleFactor            = 1
qm-opts:
   ngQM                           = 0
   constraint-algorithm           = Lincs
   continuation                   = false
   Shake-SOR                      = false
   shake-tol                      = 0.0001
   lincs-order                    = 4
   lincs-iter                     = 1
   lincs-warnangle                = 30
   nwall                          = 0
   wall-type                      = 9-3
   wall-r-linpot                  = -1
   wall-atomtype[0]               = -1
   wall-atomtype[1]               = -1
   wall-density[0]                = 0
   wall-density[1]                = 0
   wall-ewald-zfac                = 3
   pull                           = false
   awh                            = false
   rotation                       = false
   interactiveMD                  = false
   disre                          = No
   disre-weighting                = Conservative
   disre-mixed                    = false
   dr-fc                          = 1000
   dr-tau                         = 0
   nstdisreout                    = 100
   orire-fc                       = 0
   orire-tau                      = 0
   nstorireout                    = 100
   free-energy                    = no
   cos-acceleration               = 0
   deform (3x3):
      deform[    0]={ 0.00000e+00,  0.00000e+00,  0.00000e+00}
      deform[    1]={ 0.00000e+00,  0.00000e+00,  0.00000e+00}
      deform[    2]={ 0.00000e+00,  0.00000e+00,  0.00000e+00}
   simulated-tempering            = false
   swapcoords                     = no
   userint1                       = 0
   userint2                       = 0
   userint3                       = 0
   userint4                       = 0
   userreal1                      = 0
   userreal2                      = 0
   userreal3                      = 0
   userreal4                      = 0
   applied-forces:
     electric-field:
       x:
         E0                       = 0
         omega                    = 0
         t0                       = 0
         sigma                    = 0
       y:
         E0                       = 0
         omega                    = 0
         t0                       = 0
         sigma                    = 0
       z:
         E0                       = 0
         omega                    = 0
         t0                       = 0
         sigma                    = 0
     density-guided-simulation:
       active                     = false
       group                      = protein
       similarity-measure         = inner-product
       atom-spreading-weight      = unity
       force-constant             = 1e+09
       gaussian-transform-spreading-width = 0.2
       gaussian-transform-spreading-range-in-multiples-of-width = 4
       reference-density-filename = reference.mrc
       nst                        = 1
       normalize-densities        = true
       adaptive-force-scaling     = false
       adaptive-force-scaling-time-constant = 4
grpopts:
   nrdf:       23319
   ref-t:         300
   tau-t:           1
annealing:          No
annealing-npoints:           0
   acc:	           0           0           0
   nfreeze:           N           N           N
   energygrp-flags[  0]: 0

Changing nstlist from 20 to 100, rlist from 1.2 to 1.297


Initializing Domain Decomposition on 48 ranks
Dynamic load balancing: auto
Using update groups, nr 3894, average size 3.0 atoms, max. radius 0.078 nm
Minimum cell size due to atom displacement: 0.296 nm
Scaling the initial minimum size with 1/0.8 (option -dds) = 1.25
Guess for relative PME load: 0.20
Will use 36 particle-particle and 12 PME only ranks
This is a guess, check the performance at the end of the log file
Using 12 separate PME ranks, as guessed by mdrun
Optimizing the DD grid for 36 cells with a minimum initial size of 0.370 nm
The maximum allowed number of cells is: X 13 Y 13 Z 13
Domain decomposition grid 6 x 6 x 1, separate PME ranks 12
PME domain decomposition: 6 x 2 x 1
Interleaving PP and PME ranks
This rank does only particle-particle work.
Domain decomposition rank 0, coordinates 0 0 0

The initial number of communication pulses is: X 2 Y 2
The initial domain decomposition cell size is: X 0.83 nm Y 0.83 nm

When dynamic load balancing gets turned on, these settings will change to:
The maximum number of communication pulses is: X 3 Y 3
The minimum size for domain decomposition cells is 0.484 nm
The requested allowed shrink of DD cells (option -dds) is: 0.80
The allowed shrink of domain decomposition cells is: X 0.58 Y 0.58

Using 48 MPI processes

Non-default thread affinity set, disabling internal thread affinity
System total charge: 0.000
Will do PME sum in reciprocal space for electrostatic interactions.

++++ PLEASE READ AND CITE THE FOLLOWING REFERENCE ++++
U. Essmann, L. Perera, M. L. Berkowitz, T. Darden, H. Lee and L. G. Pedersen 
A smooth particle mesh Ewald method
J. Chem. Phys. 103 (1995) pp. 8577-8592
-------- -------- --- Thank You --- -------- --------

Using a Gaussian width (1/beta) of 0.384195 nm for Ewald
Potential shift: LJ r^-12: -2.648e-01 r^-6: -5.349e-01, Ewald -8.333e-06
Initialized non-bonded Ewald tables, spacing: 1.02e-03 size: 1176


Using SIMD 4x8 nonbonded short-range kernels

Using a dual 4x8 pair-list setup updated with dynamic pruning:
  outer list: updated every 100 steps, buffer 0.097 nm, rlist 1.297 nm
  inner list: updated every  23 steps, buffer 0.001 nm, rlist 1.201 nm
At tolerance 0.005 kJ/mol/ps per atom, equivalent classical 1x1 list would be:
  outer list: updated every 100 steps, buffer 0.227 nm, rlist 1.427 nm
  inner list: updated every  23 steps, buffer 0.046 nm, rlist 1.246 nm

Removing pbc first time

++++ PLEASE READ AND CITE THE FOLLOWING REFERENCE ++++
S. Miyamoto and P. A. Kollman
SETTLE: An Analytical Version of the SHAKE and RATTLE Algorithms for Rigid
Water Models
J. Comp. Chem. 13 (1992) pp. 952-962
-------- -------- --- Thank You --- -------- --------


Linking all bonded interactions to atoms


Intra-simulation communication will occur every 20 steps.
There are: 11654 Atoms
Atom distribution over 36 domains: av 323 stddev 30 min 286 max 387

Constraining the starting coordinates (step 0)

Constraining the coordinates at t0-dt (step 0)
Center of mass motion removal mode is Linear
We have the following groups for center of mass motion removal:
  0:  SOLV
RMS relative constraint deviation after constraining: 0.00e+00
Initial temperature: 298.519 K

Started mdrun on rank 0 Sat Oct  8 20:29:47 2022

           Step           Time
              0        0.00000

   Energies (kJ/mol)
        LJ (SR)   Coulomb (SR)   Coul. recip.      Potential    Kinetic En.
    2.65820e+04   -2.14163e+05    6.60706e+02   -1.86920e+05    2.89468e+04
   Total Energy  Conserved En.    Temperature Pressure (bar)
   -1.57973e+05   -1.57973e+05    2.98598e+02   -1.17431e+03


DD  step 99 load imb.: force 13.4%  pme mesh/force 1.783

DD  step 999 load imb.: force  6.6%  pme mesh/force 0.822
           Step           Time
           1000        1.00000

   Energies (kJ/mol)
        LJ (SR)   Coulomb (SR)   Coul. recip.      Potential    Kinetic En.
    1.76241e+04   -1.86788e+05    4.59746e+02   -1.68704e+05    2.28684e+04
   Total Energy  Conserved En.    Temperature Pressure (bar)
   -1.45836e+05   -1.56351e+05    2.35897e+02   -2.27220e+03


DD  step 1999 load imb.: force  6.7%  pme mesh/force 0.859
           Step           Time
           2000        2.00000

   Energies (kJ/mol)
        LJ (SR)   Coulomb (SR)   Coul. recip.      Potential    Kinetic En.
    1.63400e+04   -1.80103e+05    5.51052e+02   -1.63212e+05    2.63076e+04
   Total Energy  Conserved En.    Temperature Pressure (bar)
   -1.36905e+05   -1.55935e+05    2.71373e+02   -1.87178e+03


DD  step 2999 load imb.: force  8.2%  pme mesh/force 0.848
           Step           Time
           3000        3.00000

   Energies (kJ/mol)
        LJ (SR)   Coulomb (SR)   Coul. recip.      Potential    Kinetic En.
    1.70990e+04   -1.78531e+05    5.96425e+02   -1.60836e+05    2.86401e+04
   Total Energy  Conserved En.    Temperature Pressure (bar)
   -1.32196e+05   -1.55656e+05    2.95434e+02   -1.00213e+03


DD  step 3999 load imb.: force  5.8%  pme mesh/force 0.857
           Step           Time
           4000        4.00000

   Energies (kJ/mol)
        LJ (SR)   Coulomb (SR)   Coul. recip.      Potential    Kinetic En.
    1.70778e+04   -1.77672e+05    6.13963e+02   -1.59980e+05    2.95943e+04
   Total Energy  Conserved En.    Temperature Pressure (bar)
   -1.30385e+05   -1.55454e+05    3.05277e+02   -8.51818e+02


DD  step 4999 load imb.: force  6.0%  pme mesh/force 0.829
           Step           Time
           5000        5.00000

   Energies (kJ/mol)
        LJ (SR)   Coulomb (SR)   Coul. recip.      Potential    Kinetic En.
    1.72688e+04   -1.77879e+05    5.51538e+02   -1.60059e+05    2.91796e+04
   Total Energy  Conserved En.    Temperature Pressure (bar)
   -1.30879e+05   -1.55362e+05    3.01000e+02   -7.62210e+02


DD  step 5999 load imb.: force  6.5%  pme mesh/force 0.834
           Step           Time
           6000        6.00000

   Energies (kJ/mol)
        LJ (SR)   Coulomb (SR)   Coul. recip.      Potential    Kinetic En.
    1.72269e+04   -1.78968e+05    5.90915e+02   -1.61150e+05    2.93082e+04
   Total Energy  Conserved En.    Temperature Pressure (bar)
   -1.31842e+05   -1.55266e+05    3.02326e+02   -1.06933e+03


DD  step 6999 load imb.: force  6.3%  pme mesh/force 0.873
           Step           Time
           7000        7.00000

   Energies (kJ/mol)
        LJ (SR)   Coulomb (SR)   Coul. recip.      Potential    Kinetic En.
    1.72262e+04   -1.79643e+05    5.43296e+02   -1.61873e+05    2.87527e+04
   Total Energy  Conserved En.    Temperature Pressure (bar)
   -1.33121e+05   -1.55317e+05    2.96596e+02   -1.12439e+03


DD  step 7999 load imb.: force  5.2%  pme mesh/force 0.831
           Step           Time
           8000        8.00000

   Energies (kJ/mol)
        LJ (SR)   Coulomb (SR)   Coul. recip.      Potential    Kinetic En.
    1.71574e+04   -1.78921e+05    5.67760e+02   -1.61195e+05    2.91327e+04
   Total Energy  Conserved En.    Temperature Pressure (bar)
   -1.32063e+05   -1.55349e+05    3.00515e+02   -1.01113e+03


DD  step 8999 load imb.: force  8.1%  pme mesh/force 0.802
           Step           Time
           9000        9.00000

   Energies (kJ/mol)
        LJ (SR)   Coulomb (SR)   Coul. recip.      Potential    Kinetic En.
    1.69177e+04   -1.78592e+05    5.59853e+02   -1.61115e+05    2.94379e+04
   Total Energy  Conserved En.    Temperature Pressure (bar)
   -1.31677e+05   -1.55318e+05    3.03663e+02   -1.10545e+03


DD  step 9999 load imb.: force  7.8%  pme mesh/force 0.843

step 10000 Turning on dynamic load balancing, because the performance loss due to load imbalance is 5.7 %.
           Step           Time
          10000       10.00000

   Energies (kJ/mol)
        LJ (SR)   Coulomb (SR)   Coul. recip.      Potential    Kinetic En.
    1.73925e+04   -1.79209e+05    5.65433e+02   -1.61251e+05    2.93250e+04
   Total Energy  Conserved En.    Temperature Pressure (bar)
   -1.31926e+05   -1.55370e+05    3.02499e+02   -9.29814e+02


DD  step 10999  vol min/aver 0.905  load imb.: force  6.2%  pme mesh/force 0.864
           Step           Time
          11000       11.00000

   Energies (kJ/mol)
        LJ (SR)   Coulomb (SR)   Coul. recip.      Potential    Kinetic En.
    1.70234e+04   -1.78282e+05    6.13605e+02   -1.60645e+05    2.96130e+04
   Total Energy  Conserved En.    Temperature Pressure (bar)
   -1.31032e+05   -1.55325e+05    3.05470e+02   -9.66841e+02


DD  step 11999  vol min/aver 0.867  load imb.: force  5.4%  pme mesh/force 0.844
           Step           Time
          12000       12.00000

   Energies (kJ/mol)
        LJ (SR)   Coulomb (SR)   Coul. recip.      Potential    Kinetic En.
    1.71453e+04   -1.78087e+05    5.96123e+02   -1.60346e+05    2.94125e+04
   Total Energy  Conserved En.    Temperature Pressure (bar)
   -1.30933e+05   -1.55266e+05    3.03401e+02   -9.27899e+02


DD  step 12999  vol min/aver 0.896  load imb.: force  5.2%  pme mesh/force 0.848
           Step           Time
          13000       13.00000

   Energies (kJ/mol)
        LJ (SR)   Coulomb (SR)   Coul. recip.      Potential    Kinetic En.
    1.75465e+04   -1.79425e+05    5.36996e+02   -1.61342e+05    2.92717e+04
   Total Energy  Conserved En.    Temperature Pressure (bar)
   -1.32070e+05   -1.55208e+05    3.01949e+02   -9.22498e+02


DD  step 13999  vol min/aver 0.909  load imb.: force  6.9%  pme mesh/force 0.855
           Step           Time
          14000       14.00000

   Energies (kJ/mol)
        LJ (SR)   Coulomb (SR)   Coul. recip.      Potential    Kinetic En.
    1.71116e+04   -1.78717e+05    5.59808e+02   -1.61046e+05    2.89263e+04
   Total Energy  Conserved En.    Temperature Pressure (bar)
   -1.32119e+05   -1.55240e+05    2.98386e+02   -1.06552e+03


DD  step 14999  vol min/aver 0.904  load imb.: force  6.3%  pme mesh/force 0.861
           Step           Time
          15000       15.00000

   Energies (kJ/mol)
        LJ (SR)   Coulomb (SR)   Coul. recip.      Potential    Kinetic En.
    1.74723e+04   -1.79493e+05    5.57765e+02   -1.61463e+05    2.87575e+04
   Total Energy  Conserved En.    Temperature Pressure (bar)
   -1.32706e+05   -1.55225e+05    2.96645e+02   -9.28005e+02


DD  step 15999  vol min/aver 0.907  load imb.: force  5.3%  pme mesh/force 0.866
           Step           Time
          16000       16.00000

   Energies (kJ/mol)
        LJ (SR)   Coulomb (SR)   Coul. recip.      Potential    Kinetic En.
    1.67977e+04   -1.79242e+05    5.68079e+02   -1.61876e+05    2.88167e+04
   Total Energy  Conserved En.    Temperature Pressure (bar)
   -1.33059e+05   -1.55202e+05    2.97255e+02   -1.36294e+03


DD  step 16999  vol min/aver 0.882  load imb.: force  4.7%  pme mesh/force 0.874
           Step           Time
          17000       17.00000

   Energies (kJ/mol)
        LJ (SR)   Coulomb (SR)   Coul. recip.      Potential    Kinetic En.
    1.69255e+04   -1.79287e+05    5.66530e+02   -1.61795e+05    2.86966e+04
   Total Energy  Conserved En.    Temperature Pressure (bar)
   -1.33098e+05   -1.55261e+05    2.96017e+02   -1.21581e+03


DD  step 17999  vol min/aver 0.876  load imb.: force  5.2%  pme mesh/force 0.866
           Step           Time
          18000       18.00000

   Energies (kJ/mol)
        LJ (SR)   Coulomb (SR)   Coul. recip.      Potential    Kinetic En.
    1.68067e+04   -1.79646e+05    5.50216e+02   -1.62289e+05    2.90226e+04
   Total Energy  Conserved En.    Temperature Pressure (bar)
   -1.33267e+05   -1.55248e+05    2.99380e+02   -1.39887e+03


DD  step 18999  vol min/aver 0.842  load imb.: force  5.8%  pme mesh/force 0.862
           Step           Time
          19000       19.00000

   Energies (kJ/mol)
        LJ (SR)   Coulomb (SR)   Coul. recip.      Potential    Kinetic En.
    1.72695e+04   -1.80306e+05    5.47676e+02   -1.62489e+05    2.89512e+04
   Total Energy  Conserved En.    Temperature Pressure (bar)
   -1.33538e+05   -1.55307e+05    2.98643e+02   -1.17954e+03


DD  step 19999  vol min/aver 0.891  load imb.: force  5.6%  pme mesh/force 0.869
           Step           Time
          20000       20.00000

   Energies (kJ/mol)
        LJ (SR)   Coulomb (SR)   Coul. recip.      Potential    Kinetic En.
    1.70676e+04   -1.79346e+05    5.55119e+02   -1.61723e+05    2.93776e+04
   Total Energy  Conserved En.    Temperature Pressure (bar)
   -1.32345e+05   -1.55325e+05    3.03042e+02   -1.12267e+03


DD  step 20999  vol min/aver 0.910  load imb.: force  5.2%  pme mesh/force 0.871
           Step           Time
          21000       21.00000

   Energies (kJ/mol)
        LJ (SR)   Coulomb (SR)   Coul. recip.      Potential    Kinetic En.
    1.73939e+04   -1.79216e+05    5.45939e+02   -1.61276e+05    2.94387e+04
   Total Energy  Conserved En.    Temperature Pressure (bar)
   -1.31837e+05   -1.55260e+05    3.03672e+02   -9.04348e+02


DD  step 21999  vol min/aver 0.903  load imb.: force  6.2%  pme mesh/force 0.846
           Step           Time
          22000       22.00000

   Energies (kJ/mol)
        LJ (SR)   Coulomb (SR)   Coul. recip.      Potential    Kinetic En.
    1.77595e+04   -1.79951e+05    5.99585e+02   -1.61592e+05    2.91389e+04
   Total Energy  Conserved En.    Temperature Pressure (bar)
   -1.32453e+05   -1.55267e+05    3.00579e+02   -7.86970e+02


DD  step 22999  vol min/aver 0.871  load imb.: force  6.5%  pme mesh/force 0.848
           Step           Time
          23000       23.00000

   Energies (kJ/mol)
        LJ (SR)   Coulomb (SR)   Coul. recip.      Potential    Kinetic En.
    1.72287e+04   -1.79362e+05    5.65404e+02   -1.61568e+05    2.88657e+04
   Total Energy  Conserved En.    Temperature Pressure (bar)
   -1.32702e+05   -1.55254e+05    2.97761e+02   -1.05968e+03


DD  step 23999  vol min/aver 0.892  load imb.: force  4.2%  pme mesh/force 0.855

step 24000 Turning off dynamic load balancing, because it is degrading performance.
Atom distribution over 36 domains: av 323 stddev 25 min 294 max 355
           Step           Time
          24000       24.00000

   Energies (kJ/mol)
        LJ (SR)   Coulomb (SR)   Coul. recip.      Potential    Kinetic En.
    1.70152e+04   -1.79212e+05    5.48100e+02   -1.61649e+05    2.87995e+04
   Total Energy  Conserved En.    Temperature Pressure (bar)
   -1.32849e+05   -1.55269e+05    2.97078e+02   -1.23264e+03


DD  step 24999 load imb.: force  5.7%  pme mesh/force 0.833
           Step           Time
          25000       25.00000

   Energies (kJ/mol)
        LJ (SR)   Coulomb (SR)   Coul. recip.      Potential    Kinetic En.
    1.68945e+04   -1.78629e+05    5.99449e+02   -1.61135e+05    2.91158e+04
   Total Energy  Conserved En.    Temperature Pressure (bar)
   -1.32019e+05   -1.55276e+05    3.00341e+02   -1.21507e+03


DD  step 25999 load imb.: force  7.9%  pme mesh/force 0.828
           Step           Time
          26000       26.00000

   Energies (kJ/mol)
        LJ (SR)   Coulomb (SR)   Coul. recip.      Potential    Kinetic En.
    1.77596e+04   -1.80280e+05    5.85816e+02   -1.61935e+05    2.96314e+04
   Total Energy  Conserved En.    Temperature Pressure (bar)
   -1.32304e+05   -1.55243e+05    3.05659e+02   -8.71775e+02


DD  step 26999 load imb.: force  6.6%  pme mesh/force 0.830
           Step           Time
          27000       27.00000

   Energies (kJ/mol)
        LJ (SR)   Coulomb (SR)   Coul. recip.      Potential    Kinetic En.
    1.66106e+04   -1.78467e+05    5.61078e+02   -1.61296e+05    2.91006e+04
   Total Energy  Conserved En.    Temperature Pressure (bar)
   -1.32195e+05   -1.55264e+05    3.00184e+02   -1.34844e+03


DD  step 27999 load imb.: force  7.0%  pme mesh/force 0.836
           Step           Time
          28000       28.00000

   Energies (kJ/mol)
        LJ (SR)   Coulomb (SR)   Coul. recip.      Potential    Kinetic En.
    1.73617e+04   -1.79031e+05    5.67140e+02   -1.61102e+05    2.92674e+04
   Total Energy  Conserved En.    Temperature Pressure (bar)
   -1.31835e+05   -1.55258e+05    3.01905e+02   -8.98057e+02


DD  step 28999 load imb.: force 11.5%  pme mesh/force 0.881
           Step           Time
          29000       29.00000

   Energies (kJ/mol)
        LJ (SR)   Coulomb (SR)   Coul. recip.      Potential    Kinetic En.
    1.64448e+04   -1.78132e+05    5.43527e+02   -1.61143e+05    2.90854e+04
   Total Energy  Conserved En.    Temperature Pressure (bar)
   -1.32058e+05   -1.55254e+05    3.00028e+02   -1.35498e+03


DD  step 29999 load imb.: force  6.6%  pme mesh/force 0.843
           Step           Time
          30000       30.00000

   Energies (kJ/mol)
        LJ (SR)   Coulomb (SR)   Coul. recip.      Potential    Kinetic En.
    1.71248e+04   -1.79213e+05    5.61611e+02   -1.61527e+05    2.91695e+04
   Total Energy  Conserved En.    Temperature Pressure (bar)
   -1.32358e+05   -1.55256e+05    3.00895e+02   -1.10647e+03


DD  step 30999 load imb.: force  7.9%  pme mesh/force 0.849
           Step           Time
          31000       31.00000

   Energies (kJ/mol)
        LJ (SR)   Coulomb (SR)   Coul. recip.      Potential    Kinetic En.
    1.68486e+04   -1.78632e+05    5.56515e+02   -1.61227e+05    2.97099e+04
   Total Energy  Conserved En.    Temperature Pressure (bar)
   -1.31517e+05   -1.55254e+05    3.06470e+02   -1.20516e+03


DD  step 31999 load imb.: force  5.9%  pme mesh/force 0.827
           Step           Time
          32000       32.00000

   Energies (kJ/mol)
        LJ (SR)   Coulomb (SR)   Coul. recip.      Potential    Kinetic En.
    1.68413e+04   -1.79044e+05    5.89881e+02   -1.61613e+05    2.96247e+04
   Total Energy  Conserved En.    Temperature Pressure (bar)
   -1.31988e+05   -1.55180e+05    3.05590e+02   -1.21501e+03


DD  step 32999 load imb.: force  6.2%  pme mesh/force 0.845
           Step           Time
          33000       33.00000

   Energies (kJ/mol)
        LJ (SR)   Coulomb (SR)   Coul. recip.      Potential    Kinetic En.
    1.69407e+04   -1.78909e+05    5.75405e+02   -1.61393e+05    2.88773e+04
   Total Energy  Conserved En.    Temperature Pressure (bar)
   -1.32516e+05   -1.55188e+05    2.97881e+02   -1.18419e+03


DD  step 33999 load imb.: force  6.6%  pme mesh/force 0.816
           Step           Time
          34000       34.00000

   Energies (kJ/mol)
        LJ (SR)   Coulomb (SR)   Coul. recip.      Potential    Kinetic En.
    1.72991e+04   -1.79497e+05    5.37531e+02   -1.61660e+05    2.91026e+04
   Total Energy  Conserved En.    Temperature Pressure (bar)
   -1.32558e+05   -1.55192e+05    3.00204e+02   -1.06827e+03


DD  step 34999 load imb.: force  9.6%  pme mesh/force 0.814
           Step           Time
          35000       35.00000

   Energies (kJ/mol)
        LJ (SR)   Coulomb (SR)   Coul. recip.      Potential    Kinetic En.
    1.71724e+04   -1.79532e+05    5.94736e+02   -1.61764e+05    2.90677e+04
   Total Energy  Conserved En.    Temperature Pressure (bar)
   -1.32697e+05   -1.55207e+05    2.99845e+02   -1.13155e+03


DD  step 35999 load imb.: force  5.8%  pme mesh/force 0.815
           Step           Time
          36000       36.00000

   Energies (kJ/mol)
        LJ (SR)   Coulomb (SR)   Coul. recip.      Potential    Kinetic En.
    1.78674e+04   -1.79635e+05    5.71792e+02   -1.61196e+05    2.91535e+04
   Total Energy  Conserved En.    Temperature Pressure (bar)
   -1.32043e+05   -1.55221e+05    3.00730e+02   -6.95997e+02


DD  step 36999 load imb.: force  7.0%  pme mesh/force 0.823
           Step           Time
          37000       37.00000

   Energies (kJ/mol)
        LJ (SR)   Coulomb (SR)   Coul. recip.      Potential    Kinetic En.
    1.71942e+04   -1.79070e+05    5.66405e+02   -1.61309e+05    2.89730e+04
   Total Energy  Conserved En.    Temperature Pressure (bar)
   -1.32336e+05   -1.55212e+05    2.98868e+02   -1.07146e+03


DD  step 37999 load imb.: force  7.4%  pme mesh/force 0.801
           Step           Time
          38000       38.00000

   Energies (kJ/mol)
        LJ (SR)   Coulomb (SR)   Coul. recip.      Potential    Kinetic En.
    1.71455e+04   -1.79202e+05    5.48938e+02   -1.61508e+05    2.89076e+04
   Total Energy  Conserved En.    Temperature Pressure (bar)
   -1.32600e+05   -1.55197e+05    2.98193e+02   -1.12312e+03


DD  step 38999 load imb.: force  7.7%  pme mesh/force 0.806
           Step           Time
          39000       39.00000

   Energies (kJ/mol)
        LJ (SR)   Coulomb (SR)   Coul. recip.      Potential    Kinetic En.
    1.72995e+04   -1.79182e+05    5.38877e+02   -1.61343e+05    2.95144e+04
   Total Energy  Conserved En.    Temperature Pressure (bar)
   -1.31829e+05   -1.55217e+05    3.04453e+02   -1.00773e+03


DD  step 39999 load imb.: force  4.8%  pme mesh/force 0.844

step 40000 Turning on dynamic load balancing, because the performance loss due to load imbalance is 5.7 %.
           Step           Time
          40000       40.00000

   Energies (kJ/mol)
        LJ (SR)   Coulomb (SR)   Coul. recip.      Potential    Kinetic En.
    1.76039e+04   -1.79197e+05    5.81443e+02   -1.61011e+05    2.99001e+04
   Total Energy  Conserved En.    Temperature Pressure (bar)
   -1.31111e+05   -1.55220e+05    3.08432e+02   -7.38419e+02


DD  step 40999  vol min/aver 0.885  load imb.: force  5.2%  pme mesh/force 0.832
           Step           Time
          41000       41.00000

   Energies (kJ/mol)
        LJ (SR)   Coulomb (SR)   Coul. recip.      Potential    Kinetic En.
    1.66769e+04   -1.78071e+05    5.62801e+02   -1.60831e+05    2.96428e+04
   Total Energy  Conserved En.    Temperature Pressure (bar)
   -1.31188e+05   -1.55200e+05    3.05777e+02   -1.25329e+03


DD  step 41999  vol min/aver 0.881  load imb.: force  4.9%  pme mesh/force 0.858

step 42000 Turning off dynamic load balancing, because it is degrading performance.
Atom distribution over 36 domains: av 323 stddev 28 min 286 max 363
           Step           Time
          42000       42.00000

   Energies (kJ/mol)
        LJ (SR)   Coulomb (SR)   Coul. recip.      Potential    Kinetic En.
    1.68996e+04   -1.78328e+05    5.65667e+02   -1.60862e+05    2.97712e+04
   Total Energy  Conserved En.    Temperature Pressure (bar)
   -1.31091e+05   -1.55202e+05    3.07102e+02   -1.10541e+03


DD  step 42999 load imb.: force  8.3%  pme mesh/force 0.823
           Step           Time
          43000       43.00000

   Energies (kJ/mol)
        LJ (SR)   Coulomb (SR)   Coul. recip.      Potential    Kinetic En.
    1.74685e+04   -1.79245e+05    5.94915e+02   -1.61181e+05    2.90317e+04
   Total Energy  Conserved En.    Temperature Pressure (bar)
   -1.32150e+05   -1.55207e+05    2.99474e+02   -8.95789e+02


DD  step 43999 load imb.: force  8.6%  pme mesh/force 0.800
           Step           Time
          44000       44.00000

   Energies (kJ/mol)
        LJ (SR)   Coulomb (SR)   Coul. recip.      Potential    Kinetic En.
    1.69807e+04   -1.78894e+05    5.77091e+02   -1.61337e+05    2.92033e+04
   Total Energy  Conserved En.    Temperature Pressure (bar)
   -1.32133e+05   -1.55208e+05    3.01243e+02   -1.17442e+03


DD  step 44999 load imb.: force  6.7%  pme mesh/force 0.824
           Step           Time
          45000       45.00000

   Energies (kJ/mol)
        LJ (SR)   Coulomb (SR)   Coul. recip.      Potential    Kinetic En.
    1.63528e+04   -1.77726e+05    5.57533e+02   -1.60815e+05    2.85050e+04
   Total Energy  Conserved En.    Temperature Pressure (bar)
   -1.32310e+05   -1.55201e+05    2.94040e+02   -1.41784e+03


DD  step 45999 load imb.: force  7.0%  pme mesh/force 0.805
           Step           Time
          46000       46.00000

   Energies (kJ/mol)
        LJ (SR)   Coulomb (SR)   Coul. recip.      Potential    Kinetic En.
    1.73793e+04   -1.79939e+05    6.08000e+02   -1.61952e+05    2.89600e+04
   Total Energy  Conserved En.    Temperature Pressure (bar)
   -1.32992e+05   -1.55179e+05    2.98733e+02   -1.06801e+03


DD  step 46999 load imb.: force  9.3%  pme mesh/force 0.823
           Step           Time
          47000       47.00000

   Energies (kJ/mol)
        LJ (SR)   Coulomb (SR)   Coul. recip.      Potential    Kinetic En.
    1.70502e+04   -1.79274e+05    5.43612e+02   -1.61680e+05    2.87537e+04
   Total Energy  Conserved En.    Temperature Pressure (bar)
   -1.32926e+05   -1.55212e+05    2.96605e+02   -1.11336e+03


DD  step 47999 load imb.: force  5.9%  pme mesh/force 0.834
           Step           Time
          48000       48.00000

   Energies (kJ/mol)
        LJ (SR)   Coulomb (SR)   Coul. recip.      Potential    Kinetic En.
    1.74780e+04   -1.80249e+05    5.85694e+02   -1.62186e+05    2.90802e+04
   Total Energy  Conserved En.    Temperature Pressure (bar)
   -1.33105e+05   -1.55212e+05    2.99974e+02   -1.03895e+03


DD  step 48999 load imb.: force  8.2%  pme mesh/force 0.827
           Step           Time
          49000       49.00000

   Energies (kJ/mol)
        LJ (SR)   Coulomb (SR)   Coul. recip.      Potential    Kinetic En.
    1.71872e+04   -1.79277e+05    5.57370e+02   -1.61532e+05    2.90493e+04
   Total Energy  Conserved En.    Temperature Pressure (bar)
   -1.32483e+05   -1.55202e+05    2.99655e+02   -1.07388e+03


DD  step 49999 load imb.: force  6.9%  pme mesh/force 0.831

step 50000 Turning on dynamic load balancing, because the performance loss due to load imbalance is 5.8 %.
           Step           Time
          50000       50.00000

   Energies (kJ/mol)
        LJ (SR)   Coulomb (SR)   Coul. recip.      Potential    Kinetic En.
    1.66428e+04   -1.78640e+05    5.93638e+02   -1.61403e+05    2.88737e+04
   Total Energy  Conserved En.    Temperature Pressure (bar)
   -1.32530e+05   -1.55177e+05    2.97843e+02   -1.32640e+03


DD  step 50999  vol min/aver 0.861  load imb.: force  5.0%  pme mesh/force 0.860
           Step           Time
          51000       51.00000

   Energies (kJ/mol)
        LJ (SR)   Coulomb (SR)   Coul. recip.      Potential    Kinetic En.
    1.68127e+04   -1.78953e+05    5.85195e+02   -1.61555e+05    2.89741e+04
   Total Energy  Conserved En.    Temperature Pressure (bar)
   -1.32581e+05   -1.55164e+05    2.98879e+02   -1.24529e+03


DD  step 51999  vol min/aver 0.829  load imb.: force  6.9%  pme mesh/force 0.868
           Step           Time
          52000       52.00000

   Energies (kJ/mol)
        LJ (SR)   Coulomb (SR)   Coul. recip.      Potential    Kinetic En.
    1.75005e+04   -1.79405e+05    5.68136e+02   -1.61337e+05    2.88301e+04
   Total Energy  Conserved En.    Temperature Pressure (bar)
   -1.32507e+05   -1.55189e+05    2.97394e+02   -9.08531e+02


DD  step 52999  vol min/aver 0.900  load imb.: force  5.7%  pme mesh/force 1.157
           Step           Time
          53000       53.00000

   Energies (kJ/mol)
        LJ (SR)   Coulomb (SR)   Coul. recip.      Potential    Kinetic En.
    1.61630e+04   -1.77636e+05    5.68614e+02   -1.60905e+05    2.89216e+04
   Total Energy  Conserved En.    Temperature Pressure (bar)
   -1.31983e+05   -1.55239e+05    2.98338e+02   -1.50979e+03


DD  step 53999  vol min/aver 0.898  load imb.: force  6.3%  pme mesh/force 0.854
           Step           Time
          54000       54.00000

   Energies (kJ/mol)
        LJ (SR)   Coulomb (SR)   Coul. recip.      Potential    Kinetic En.
    1.65743e+04   -1.78340e+05    6.14374e+02   -1.61152e+05    2.88567e+04
   Total Energy  Conserved En.    Temperature Pressure (bar)
   -1.32295e+05   -1.55212e+05    2.97668e+02   -1.28474e+03


DD  step 54999  vol min/aver 0.919  load imb.: force  5.2%  pme mesh/force 0.853
           Step           Time
          55000       55.00000

   Energies (kJ/mol)
        LJ (SR)   Coulomb (SR)   Coul. recip.      Potential    Kinetic En.
    1.76544e+04   -1.80007e+05    5.81858e+02   -1.61770e+05    2.91198e+04
   Total Energy  Conserved En.    Temperature Pressure (bar)
   -1.32651e+05   -1.55205e+05    3.00382e+02   -9.22163e+02


DD  step 55999  vol min/aver 0.887  load imb.: force  7.1%  pme mesh/force 0.851
           Step           Time
          56000       56.00000

   Energies (kJ/mol)
        LJ (SR)   Coulomb (SR)   Coul. recip.      Potential    Kinetic En.
    1.63989e+04   -1.78307e+05    5.69658e+02   -1.61338e+05    2.91846e+04
   Total Energy  Conserved En.    Temperature Pressure (bar)
   -1.32154e+05   -1.55197e+05    3.01051e+02   -1.47755e+03


DD  step 56999  vol min/aver 0.878  load imb.: force  7.0%  pme mesh/force 0.840
           Step           Time
          57000       57.00000

   Energies (kJ/mol)
        LJ (SR)   Coulomb (SR)   Coul. recip.      Potential    Kinetic En.
    1.68475e+04   -1.79001e+05    5.84130e+02   -1.61569e+05    2.89369e+04
   Total Energy  Conserved En.    Temperature Pressure (bar)
   -1.32633e+05   -1.55142e+05    2.98495e+02   -1.34928e+03


DD  step 57999  vol min/aver 0.892  load imb.: force  5.8%  pme mesh/force 0.847
           Step           Time
          58000       58.00000

   Energies (kJ/mol)
        LJ (SR)   Coulomb (SR)   Coul. recip.      Potential    Kinetic En.
    1.76779e+04   -1.79940e+05    5.59759e+02   -1.61702e+05    2.92364e+04
   Total Energy  Conserved En.    Temperature Pressure (bar)
   -1.32466e+05   -1.55135e+05    3.01585e+02   -8.21452e+02


DD  step 58999  vol min/aver 0.855  load imb.: force  6.0%  pme mesh/force 0.868
           Step           Time
          59000       59.00000

   Energies (kJ/mol)
        LJ (SR)   Coulomb (SR)   Coul. recip.      Potential    Kinetic En.
    1.67680e+04   -1.78452e+05    6.12289e+02   -1.61072e+05    2.90986e+04
   Total Energy  Conserved En.    Temperature Pressure (bar)
   -1.31973e+05   -1.55188e+05    3.00163e+02   -1.15853e+03


DD  step 59999  vol min/aver 0.892  load imb.: force  7.6%  pme mesh/force 0.839
           Step           Time
          60000       60.00000

   Energies (kJ/mol)
        LJ (SR)   Coulomb (SR)   Coul. recip.      Potential    Kinetic En.
    1.75111e+04   -1.80224e+05    5.97953e+02   -1.62115e+05    2.92088e+04
   Total Energy  Conserved En.    Temperature Pressure (bar)
   -1.32907e+05   -1.55172e+05    3.01301e+02   -1.00447e+03


DD  step 60999  vol min/aver 0.879  load imb.: force  6.0%  pme mesh/force 0.854
           Step           Time
          61000       61.00000

   Energies (kJ/mol)
        LJ (SR)   Coulomb (SR)   Coul. recip.      Potential    Kinetic En.
    1.75357e+04   -1.79571e+05    5.57314e+02   -1.61478e+05    2.93985e+04
   Total Energy  Conserved En.    Temperature Pressure (bar)
   -1.32079e+05   -1.55181e+05    3.03257e+02   -9.62517e+02


DD  step 61999  vol min/aver 0.911  load imb.: force  5.7%  pme mesh/force 0.862
           Step           Time
          62000       62.00000

   Energies (kJ/mol)
        LJ (SR)   Coulomb (SR)   Coul. recip.      Potential    Kinetic En.
    1.64449e+04   -1.78402e+05    5.69166e+02   -1.61388e+05    2.90280e+04
   Total Energy  Conserved En.    Temperature Pressure (bar)
   -1.32360e+05   -1.55209e+05    2.99435e+02   -1.41290e+03


DD  step 62999  vol min/aver 0.842  load imb.: force  7.5%  pme mesh/force 1.006
           Step           Time
          63000       63.00000

   Energies (kJ/mol)
        LJ (SR)   Coulomb (SR)   Coul. recip.      Potential    Kinetic En.
    1.72405e+04   -1.79538e+05    5.43835e+02   -1.61754e+05    2.89709e+04
   Total Energy  Conserved En.    Temperature Pressure (bar)
   -1.32783e+05   -1.55192e+05    2.98846e+02   -1.12025e+03


DD  step 63999  vol min/aver 0.919  load imb.: force  6.1%  pme mesh/force 0.840

step 64000 Turning off dynamic load balancing, because it is degrading performance.
Atom distribution over 36 domains: av 323 stddev 25 min 300 max 349
           Step           Time
          64000       64.00000

   Energies (kJ/mol)
        LJ (SR)   Coulomb (SR)   Coul. recip.      Potential    Kinetic En.
    1.73157e+04   -1.79118e+05    5.98829e+02   -1.61203e+05    2.90985e+04
   Total Energy  Conserved En.    Temperature Pressure (bar)
   -1.32105e+05   -1.55173e+05    3.00163e+02   -9.73939e+02


DD  step 64999 load imb.: force  7.0%  pme mesh/force 0.858
           Step           Time
          65000       65.00000

   Energies (kJ/mol)
        LJ (SR)   Coulomb (SR)   Coul. recip.      Potential    Kinetic En.
    1.77650e+04   -1.80312e+05    5.74315e+02   -1.61973e+05    2.93650e+04
   Total Energy  Conserved En.    Temperature Pressure (bar)
   -1.32608e+05   -1.55155e+05    3.02911e+02   -9.38312e+02


DD  step 65999 load imb.: force  7.3%  pme mesh/force 0.829
           Step           Time
          66000       66.00000

   Energies (kJ/mol)
        LJ (SR)   Coulomb (SR)   Coul. recip.      Potential    Kinetic En.
    1.75339e+04   -1.80285e+05    5.65861e+02   -1.62185e+05    2.87711e+04
   Total Energy  Conserved En.    Temperature Pressure (bar)
   -1.33414e+05   -1.55141e+05    2.96785e+02   -1.01117e+03


DD  step 66999 load imb.: force  8.7%  pme mesh/force 0.841
           Step           Time
          67000       67.00000

   Energies (kJ/mol)
        LJ (SR)   Coulomb (SR)   Coul. recip.      Potential    Kinetic En.
    1.72901e+04   -1.79898e+05    6.04557e+02   -1.62003e+05    2.88290e+04
   Total Energy  Conserved En.    Temperature Pressure (bar)
   -1.33174e+05   -1.55162e+05    2.97382e+02   -1.12722e+03


DD  step 67999 load imb.: force  8.8%  pme mesh/force 0.817
           Step           Time
          68000       68.00000

   Energies (kJ/mol)
        LJ (SR)   Coulomb (SR)   Coul. recip.      Potential    Kinetic En.
    1.68706e+04   -1.78672e+05    5.30221e+02   -1.61271e+05    2.91986e+04
   Total Energy  Conserved En.    Temperature Pressure (bar)
   -1.32073e+05   -1.55173e+05    3.01196e+02   -1.18240e+03


DD  step 68999 load imb.: force  8.2%  pme mesh/force 0.823
           Step           Time
          69000       69.00000

   Energies (kJ/mol)
        LJ (SR)   Coulomb (SR)   Coul. recip.      Potential    Kinetic En.
    1.68532e+04   -1.78511e+05    6.00962e+02   -1.61056e+05    2.89740e+04
   Total Energy  Conserved En.    Temperature Pressure (bar)
   -1.32082e+05   -1.55128e+05    2.98878e+02   -1.19761e+03


DD  step 69999 load imb.: force  7.8%  pme mesh/force 0.827

step 70000 Will no longer try dynamic load balancing, as it degraded performance.
           Step           Time
          70000       70.00000

   Energies (kJ/mol)
        LJ (SR)   Coulomb (SR)   Coul. recip.      Potential    Kinetic En.
    1.71844e+04   -1.79278e+05    5.41223e+02   -1.61552e+05    2.94179e+04
   Total Energy  Conserved En.    Temperature Pressure (bar)
   -1.32135e+05   -1.55143e+05    3.03457e+02   -1.09296e+03


DD  step 70999 load imb.: force  6.8%  pme mesh/force 0.826
           Step           Time
          71000       71.00000

   Energies (kJ/mol)
        LJ (SR)   Coulomb (SR)   Coul. recip.      Potential    Kinetic En.
    1.67406e+04   -1.77963e+05    5.71148e+02   -1.60651e+05    2.93939e+04
   Total Energy  Conserved En.    Temperature Pressure (bar)
   -1.31257e+05   -1.55138e+05    3.03210e+02   -1.15395e+03


DD  step 71999 load imb.: force  8.3%  pme mesh/force 0.819
           Step           Time
          72000       72.00000

   Energies (kJ/mol)
        LJ (SR)   Coulomb (SR)   Coul. recip.      Potential    Kinetic En.
    1.70543e+04   -1.78765e+05    5.51779e+02   -1.61159e+05    2.91841e+04
   Total Energy  Conserved En.    Temperature Pressure (bar)
   -1.31975e+05   -1.55098e+05    3.01045e+02   -1.08545e+03


DD  step 72999 load imb.: force  6.2%  pme mesh/force 0.836
           Step           Time
          73000       73.00000

   Energies (kJ/mol)
        LJ (SR)   Coulomb (SR)   Coul. recip.      Potential    Kinetic En.
    1.72006e+04   -1.79424e+05    5.38698e+02   -1.61685e+05    2.86788e+04
   Total Energy  Conserved En.    Temperature Pressure (bar)
   -1.33006e+05   -1.55149e+05    2.95833e+02   -1.13718e+03


DD  step 73999 load imb.: force  7.1%  pme mesh/force 0.832
           Step           Time
          74000       74.00000

   Energies (kJ/mol)
        LJ (SR)   Coulomb (SR)   Coul. recip.      Potential    Kinetic En.
    1.67265e+04   -1.78228e+05    5.53294e+02   -1.60948e+05    2.88532e+04
   Total Energy  Conserved En.    Temperature Pressure (bar)
   -1.32095e+05   -1.55128e+05    2.97632e+02   -1.24671e+03


DD  step 74999 load imb.: force  5.2%  pme mesh/force 0.840
           Step           Time
          75000       75.00000

   Energies (kJ/mol)
        LJ (SR)   Coulomb (SR)   Coul. recip.      Potential    Kinetic En.
    1.73334e+04   -1.79221e+05    6.06608e+02   -1.61281e+05    2.86636e+04
   Total Energy  Conserved En.    Temperature Pressure (bar)
   -1.32617e+05   -1.55132e+05    2.95676e+02   -9.91215e+02


DD  step 75999 load imb.: force  7.5%  pme mesh/force 0.836
           Step           Time
          76000       76.00000

   Energies (kJ/mol)
        LJ (SR)   Coulomb (SR)   Coul. recip.      Potential    Kinetic En.
    1.70835e+04   -1.79136e+05    5.64481e+02   -1.61488e+05    2.94777e+04
   Total Energy  Conserved En.    Temperature Pressure (bar)
   -1.32010e+05   -1.55111e+05    3.04074e+02   -1.16279e+03


DD  step 76999 load imb.: force  7.5%  pme mesh/force 0.820
           Step           Time
          77000       77.00000

   Energies (kJ/mol)
        LJ (SR)   Coulomb (SR)   Coul. recip.      Potential    Kinetic En.
    1.70353e+04   -1.79098e+05    5.59848e+02   -1.61503e+05    2.88443e+04
   Total Energy  Conserved En.    Temperature Pressure (bar)
   -1.32659e+05   -1.55074e+05    2.97540e+02   -1.17630e+03


DD  step 77999 load imb.: force  7.5%  pme mesh/force 0.819
           Step           Time
          78000       78.00000

   Energies (kJ/mol)
        LJ (SR)   Coulomb (SR)   Coul. recip.      Potential    Kinetic En.
    1.73794e+04   -1.80262e+05    5.34509e+02   -1.62348e+05    2.91887e+04
   Total Energy  Conserved En.    Temperature Pressure (bar)
   -1.33160e+05   -1.55103e+05    3.01093e+02   -1.08169e+03


DD  step 78999 load imb.: force  8.4%  pme mesh/force 0.824
           Step           Time
          79000       79.00000

   Energies (kJ/mol)
        LJ (SR)   Coulomb (SR)   Coul. recip.      Potential    Kinetic En.
    1.72708e+04   -1.79918e+05    5.47730e+02   -1.62099e+05    2.87221e+04
   Total Energy  Conserved En.    Temperature Pressure (bar)
   -1.33377e+05   -1.55144e+05    2.96280e+02   -1.14280e+03


DD  step 79999 load imb.: force  6.1%  pme mesh/force 0.830
           Step           Time
          80000       80.00000

   Energies (kJ/mol)
        LJ (SR)   Coulomb (SR)   Coul. recip.      Potential    Kinetic En.
    1.72133e+04   -1.80003e+05    5.87194e+02   -1.62203e+05    2.90862e+04
   Total Energy  Conserved En.    Temperature Pressure (bar)
   -1.33117e+05   -1.55156e+05    3.00035e+02   -1.17588e+03


DD  step 80999 load imb.: force  6.6%  pme mesh/force 0.827
           Step           Time
          81000       81.00000

   Energies (kJ/mol)
        LJ (SR)   Coulomb (SR)   Coul. recip.      Potential    Kinetic En.
    1.73054e+04   -1.78710e+05    6.00619e+02   -1.60804e+05    2.92741e+04
   Total Energy  Conserved En.    Temperature Pressure (bar)
   -1.31530e+05   -1.55165e+05    3.01974e+02   -9.13732e+02


DD  step 81999 load imb.: force  8.7%  pme mesh/force 0.827
           Step           Time
          82000       82.00000

   Energies (kJ/mol)
        LJ (SR)   Coulomb (SR)   Coul. recip.      Potential    Kinetic En.
    1.74901e+04   -1.79603e+05    5.63455e+02   -1.61549e+05    2.96758e+04
   Total Energy  Conserved En.    Temperature Pressure (bar)
   -1.31874e+05   -1.55121e+05    3.06118e+02   -9.12963e+02


DD  step 82999 load imb.: force  8.1%  pme mesh/force 0.814
           Step           Time
          83000       83.00000

   Energies (kJ/mol)
        LJ (SR)   Coulomb (SR)   Coul. recip.      Potential    Kinetic En.
    1.74395e+04   -1.78922e+05    5.72858e+02   -1.60909e+05    2.93804e+04
   Total Energy  Conserved En.    Temperature Pressure (bar)
   -1.31529e+05   -1.55095e+05    3.03071e+02   -8.17601e+02


DD  step 83999 load imb.: force  9.0%  pme mesh/force 0.938
           Step           Time
          84000       84.00000

   Energies (kJ/mol)
        LJ (SR)   Coulomb (SR)   Coul. recip.      Potential    Kinetic En.
    1.68691e+04   -1.78436e+05    5.70602e+02   -1.60997e+05    2.87258e+04
   Total Energy  Conserved En.    Temperature Pressure (bar)
   -1.32271e+05   -1.55122e+05    2.96318e+02   -1.18089e+03


DD  step 84999 load imb.: force 33.0%  pme mesh/force 0.914
           Step           Time
          85000       85.00000

   Energies (kJ/mol)
        LJ (SR)   Coulomb (SR)   Coul. recip.      Potential    Kinetic En.
    1.74519e+04   -1.79968e+05    5.82718e+02   -1.61933e+05    2.89406e+04
   Total Energy  Conserved En.    Temperature Pressure (bar)
   -1.32993e+05   -1.55157e+05    2.98534e+02   -9.97540e+02


DD  step 85999 load imb.: force 41.3%  pme mesh/force 0.918
           Step           Time
          86000       86.00000

   Energies (kJ/mol)
        LJ (SR)   Coulomb (SR)   Coul. recip.      Potential    Kinetic En.
    1.69084e+04   -1.79067e+05    5.31402e+02   -1.61627e+05    2.88737e+04
   Total Energy  Conserved En.    Temperature Pressure (bar)
   -1.32753e+05   -1.55156e+05    2.97844e+02   -1.17681e+03


DD  step 86999 load imb.: force  7.9%  pme mesh/force 0.822
           Step           Time
          87000       87.00000

   Energies (kJ/mol)
        LJ (SR)   Coulomb (SR)   Coul. recip.      Potential    Kinetic En.
    1.70137e+04   -1.78734e+05    5.94286e+02   -1.61126e+05    2.93571e+04
   Total Energy  Conserved En.    Temperature Pressure (bar)
   -1.31769e+05   -1.55122e+05    3.02830e+02   -1.01732e+03


DD  step 87999 load imb.: force  7.8%  pme mesh/force 0.817
           Step           Time
          88000       88.00000

   Energies (kJ/mol)
        LJ (SR)   Coulomb (SR)   Coul. recip.      Potential    Kinetic En.
    1.69619e+04   -1.78361e+05    5.37051e+02   -1.60862e+05    2.93274e+04
   Total Energy  Conserved En.    Temperature Pressure (bar)
   -1.31535e+05   -1.55092e+05    3.02524e+02   -1.03415e+03


DD  step 88999 load imb.: force 38.8%  pme mesh/force 1.456
           Step           Time
          89000       89.00000

   Energies (kJ/mol)
        LJ (SR)   Coulomb (SR)   Coul. recip.      Potential    Kinetic En.
    1.75918e+04   -1.79478e+05    5.61066e+02   -1.61325e+05    2.88104e+04
   Total Energy  Conserved En.    Temperature Pressure (bar)
   -1.32514e+05   -1.55070e+05    2.97191e+02   -8.46252e+02


DD  step 89999 load imb.: force  6.5%  pme mesh/force 0.823
           Step           Time
          90000       90.00000

   Energies (kJ/mol)
        LJ (SR)   Coulomb (SR)   Coul. recip.      Potential    Kinetic En.
    1.77146e+04   -1.80576e+05    5.62981e+02   -1.62298e+05    2.91177e+04
   Total Energy  Conserved En.    Temperature Pressure (bar)
   -1.33180e+05   -1.55084e+05    3.00361e+02   -9.10228e+02


DD  step 90999 load imb.: force  6.4%  pme mesh/force 0.811
           Step           Time
          91000       91.00000

   Energies (kJ/mol)
        LJ (SR)   Coulomb (SR)   Coul. recip.      Potential    Kinetic En.
    1.63872e+04   -1.78156e+05    5.64558e+02   -1.61204e+05    2.90714e+04
   Total Energy  Conserved En.    Temperature Pressure (bar)
   -1.32133e+05   -1.55105e+05    2.99883e+02   -1.44337e+03


DD  step 91999 load imb.: force  6.3%  pme mesh/force 0.825
           Step           Time
          92000       92.00000

   Energies (kJ/mol)
        LJ (SR)   Coulomb (SR)   Coul. recip.      Potential    Kinetic En.
    1.75439e+04   -1.80135e+05    5.59089e+02   -1.62032e+05    2.88978e+04
   Total Energy  Conserved En.    Temperature Pressure (bar)
   -1.33134e+05   -1.55091e+05    2.98092e+02   -1.03379e+03


DD  step 92999 load imb.: force  7.4%  pme mesh/force 0.822
           Step           Time
          93000       93.00000

   Energies (kJ/mol)
        LJ (SR)   Coulomb (SR)   Coul. recip.      Potential    Kinetic En.
    1.66347e+04   -1.78297e+05    5.44861e+02   -1.61117e+05    2.88406e+04
   Total Energy  Conserved En.    Temperature Pressure (bar)
   -1.32276e+05   -1.55084e+05    2.97503e+02   -1.25574e+03


DD  step 93999 load imb.: force  9.8%  pme mesh/force 0.840
           Step           Time
          94000       94.00000

   Energies (kJ/mol)
        LJ (SR)   Coulomb (SR)   Coul. recip.      Potential    Kinetic En.
    1.65887e+04   -1.78200e+05    5.70798e+02   -1.61040e+05    2.88321e+04
   Total Energy  Conserved En.    Temperature Pressure (bar)
   -1.32208e+05   -1.55069e+05    2.97414e+02   -1.31704e+03


DD  step 94999 load imb.: force  7.6%  pme mesh/force 0.806
           Step           Time
          95000       95.00000

   Energies (kJ/mol)
        LJ (SR)   Coulomb (SR)   Coul. recip.      Potential    Kinetic En.
    1.74396e+04   -1.79155e+05    5.95655e+02   -1.61120e+05    2.87515e+04
   Total Energy  Conserved En.    Temperature Pressure (bar)
   -1.32368e+05   -1.55109e+05    2.96583e+02   -9.11011e+02


DD  step 95999 load imb.: force  7.8%  pme mesh/force 0.846
           Step           Time
          96000       96.00000

   Energies (kJ/mol)
        LJ (SR)   Coulomb (SR)   Coul. recip.      Potential    Kinetic En.
    1.77345e+04   -1.79998e+05    5.70108e+02   -1.61694e+05    2.90478e+04
   Total Energy  Conserved En.    Temperature Pressure (bar)
   -1.32646e+05   -1.55099e+05    2.99639e+02   -8.32265e+02


DD  step 96999 load imb.: force  6.7%  pme mesh/force 0.818
           Step           Time
          97000       97.00000

   Energies (kJ/mol)
        LJ (SR)   Coulomb (SR)   Coul. recip.      Potential    Kinetic En.
    1.71413e+04   -1.79519e+05    6.03513e+02   -1.61774e+05    2.92158e+04
   Total Energy  Conserved En.    Temperature Pressure (bar)
   -1.32558e+05   -1.55076e+05    3.01373e+02   -1.08680e+03


DD  step 97999 load imb.: force  6.0%  pme mesh/force 0.832
           Step           Time
          98000       98.00000

   Energies (kJ/mol)
        LJ (SR)   Coulomb (SR)   Coul. recip.      Potential    Kinetic En.
    1.72850e+04   -1.79967e+05    5.82935e+02   -1.62099e+05    2.91306e+04
   Total Energy  Conserved En.    Temperature Pressure (bar)
   -1.32968e+05   -1.55084e+05    3.00493e+02   -1.14092e+03


DD  step 98999 load imb.: force  6.4%  pme mesh/force 0.813
           Step           Time
          99000       99.00000

   Energies (kJ/mol)
        LJ (SR)   Coulomb (SR)   Coul. recip.      Potential    Kinetic En.
    1.72178e+04   -1.79726e+05    5.55584e+02   -1.61952e+05    2.86507e+04
   Total Energy  Conserved En.    Temperature Pressure (bar)
   -1.33302e+05   -1.55088e+05    2.95544e+02   -1.18249e+03


DD  step 99999 load imb.: force  9.2%  pme mesh/force 0.848
           Step           Time
         100000      100.00000

   Energies (kJ/mol)
        LJ (SR)   Coulomb (SR)   Coul. recip.      Potential    Kinetic En.
    1.74657e+04   -1.80042e+05    6.20180e+02   -1.61956e+05    2.91503e+04
   Total Energy  Conserved En.    Temperature Pressure (bar)
   -1.32806e+05   -1.55138e+05    3.00697e+02   -1.02690e+03


DD  step 100999 load imb.: force  6.7%  pme mesh/force 0.813
           Step           Time
         101000      101.00000

   Energies (kJ/mol)
        LJ (SR)   Coulomb (SR)   Coul. recip.      Potential    Kinetic En.
    1.64715e+04   -1.78438e+05    5.86404e+02   -1.61380e+05    2.90986e+04
   Total Energy  Conserved En.    Temperature Pressure (bar)
   -1.32282e+05   -1.55131e+05    3.00164e+02   -1.39218e+03


DD  step 101999 load imb.: force  8.0%  pme mesh/force 0.840
           Step           Time
         102000      102.00000

   Energies (kJ/mol)
        LJ (SR)   Coulomb (SR)   Coul. recip.      Potential    Kinetic En.
    1.70083e+04   -1.78698e+05    5.84923e+02   -1.61104e+05    2.93857e+04
   Total Energy  Conserved En.    Temperature Pressure (bar)
   -1.31719e+05   -1.55111e+05    3.03125e+02   -1.06218e+03


DD  step 102999 load imb.: force  6.4%  pme mesh/force 0.824
           Step           Time
         103000      103.00000

   Energies (kJ/mol)
        LJ (SR)   Coulomb (SR)   Coul. recip.      Potential    Kinetic En.
    1.70180e+04   -1.78989e+05    5.30967e+02   -1.61440e+05    2.92033e+04
   Total Energy  Conserved En.    Temperature Pressure (bar)
   -1.32237e+05   -1.55090e+05    3.01244e+02   -1.17596e+03


DD  step 103999 load imb.: force  7.7%  pme mesh/force 0.845
           Step           Time
         104000      104.00000

   Energies (kJ/mol)
        LJ (SR)   Coulomb (SR)   Coul. recip.      Potential    Kinetic En.
    1.74655e+04   -1.79564e+05    5.50421e+02   -1.61548e+05    2.96740e+04
   Total Energy  Conserved En.    Temperature Pressure (bar)
   -1.31874e+05   -1.55100e+05    3.06099e+02   -9.78433e+02


DD  step 104999 load imb.: force  6.3%  pme mesh/force 0.821
           Step           Time
         105000      105.00000

   Energies (kJ/mol)
        LJ (SR)   Coulomb (SR)   Coul. recip.      Potential    Kinetic En.
    1.74156e+04   -1.78403e+05    5.37480e+02   -1.60450e+05    2.94225e+04
   Total Energy  Conserved En.    Temperature Pressure (bar)
   -1.31027e+05   -1.55093e+05    3.03505e+02   -8.34912e+02


DD  step 105999 load imb.: force  6.8%  pme mesh/force 0.840
           Step           Time
         106000      106.00000

   Energies (kJ/mol)
        LJ (SR)   Coulomb (SR)   Coul. recip.      Potential    Kinetic En.
    1.78270e+04   -1.79307e+05    6.14118e+02   -1.60866e+05    2.89438e+04
   Total Energy  Conserved En.    Temperature Pressure (bar)
   -1.31922e+05   -1.55085e+05    2.98567e+02   -6.49964e+02


DD  step 106999 load imb.: force  9.1%  pme mesh/force 0.840
           Step           Time
         107000      107.00000

   Energies (kJ/mol)
        LJ (SR)   Coulomb (SR)   Coul. recip.      Potential    Kinetic En.
    1.80994e+04   -1.80036e+05    6.04118e+02   -1.61332e+05    2.92167e+04
   Total Energy  Conserved En.    Temperature Pressure (bar)
   -1.32115e+05   -1.55101e+05    3.01382e+02   -5.70025e+02


DD  step 107999 load imb.: force  6.5%  pme mesh/force 0.827
           Step           Time
         108000      108.00000

   Energies (kJ/mol)
        LJ (SR)   Coulomb (SR)   Coul. recip.      Potential    Kinetic En.
    1.75845e+04   -1.79205e+05    5.66049e+02   -1.61054e+05    2.92101e+04
   Total Energy  Conserved En.    Temperature Pressure (bar)
   -1.31844e+05   -1.55027e+05    3.01314e+02   -8.35019e+02


DD  step 108999 load imb.: force  7.3%  pme mesh/force 0.847
           Step           Time
         109000      109.00000

   Energies (kJ/mol)
        LJ (SR)   Coulomb (SR)   Coul. recip.      Potential    Kinetic En.
    1.63023e+04   -1.78260e+05    5.68662e+02   -1.61389e+05    2.90219e+04
   Total Energy  Conserved En.    Temperature Pressure (bar)
   -1.32367e+05   -1.55025e+05    2.99372e+02   -1.47657e+03


DD  step 109999 load imb.: force  6.7%  pme mesh/force 0.845
           Step           Time
         110000      110.00000

   Energies (kJ/mol)
        LJ (SR)   Coulomb (SR)   Coul. recip.      Potential    Kinetic En.
    1.78311e+04   -1.80324e+05    5.92158e+02   -1.61901e+05    2.83943e+04
   Total Energy  Conserved En.    Temperature Pressure (bar)
   -1.33507e+05   -1.55053e+05    2.92898e+02   -8.23816e+02


DD  step 110999 load imb.: force  9.5%  pme mesh/force 0.899
           Step           Time
         111000      111.00000

   Energies (kJ/mol)
        LJ (SR)   Coulomb (SR)   Coul. recip.      Potential    Kinetic En.
    1.72077e+04   -1.79307e+05    5.73226e+02   -1.61526e+05    2.85863e+04
   Total Energy  Conserved En.    Temperature Pressure (bar)
   -1.32940e+05   -1.55061e+05    2.94879e+02   -1.08725e+03


DD  step 111999 load imb.: force  9.3%  pme mesh/force 0.839
           Step           Time
         112000      112.00000

   Energies (kJ/mol)
        LJ (SR)   Coulomb (SR)   Coul. recip.      Potential    Kinetic En.
    1.70422e+04   -1.79824e+05    5.72979e+02   -1.62209e+05    2.85297e+04
   Total Energy  Conserved En.    Temperature Pressure (bar)
   -1.33680e+05   -1.55058e+05    2.94295e+02   -1.23432e+03


DD  step 112999 load imb.: force  5.6%  pme mesh/force 0.843
           Step           Time
         113000      113.00000

   Energies (kJ/mol)
        LJ (SR)   Coulomb (SR)   Coul. recip.      Potential    Kinetic En.
    1.75215e+04   -1.78867e+05    6.09493e+02   -1.60736e+05    2.86234e+04
   Total Energy  Conserved En.    Temperature Pressure (bar)
   -1.32112e+05   -1.55087e+05    2.95261e+02   -8.72918e+02


DD  step 113999 load imb.: force  7.2%  pme mesh/force 0.827
           Step           Time
         114000      114.00000

   Energies (kJ/mol)
        LJ (SR)   Coulomb (SR)   Coul. recip.      Potential    Kinetic En.
    1.69802e+04   -1.79434e+05    5.82843e+02   -1.61871e+05    2.92867e+04
   Total Energy  Conserved En.    Temperature Pressure (bar)
   -1.32584e+05   -1.55063e+05    3.02104e+02   -1.23782e+03


DD  step 114999 load imb.: force  7.0%  pme mesh/force 0.838
           Step           Time
         115000      115.00000

   Energies (kJ/mol)
        LJ (SR)   Coulomb (SR)   Coul. recip.      Potential    Kinetic En.
    1.71374e+04   -1.78699e+05    5.85313e+02   -1.60976e+05    2.94464e+04
   Total Energy  Conserved En.    Temperature Pressure (bar)
   -1.31530e+05   -1.55099e+05    3.03751e+02   -1.02605e+03


DD  step 115999 load imb.: force  7.5%  pme mesh/force 0.838
           Step           Time
         116000      116.00000

   Energies (kJ/mol)
        LJ (SR)   Coulomb (SR)   Coul. recip.      Potential    Kinetic En.
    1.68605e+04   -1.78745e+05    5.84152e+02   -1.61301e+05    2.93854e+04
   Total Energy  Conserved En.    Temperature Pressure (bar)
   -1.31915e+05   -1.55066e+05    3.03122e+02   -1.19489e+03


DD  step 116999 load imb.: force  7.7%  pme mesh/force 1.394
           Step           Time
         117000      117.00000

   Energies (kJ/mol)
        LJ (SR)   Coulomb (SR)   Coul. recip.      Potential    Kinetic En.
    1.75946e+04   -1.79525e+05    5.49994e+02   -1.61380e+05    2.94286e+04
   Total Energy  Conserved En.    Temperature Pressure (bar)
   -1.31952e+05   -1.55060e+05    3.03568e+02   -8.16922e+02


DD  step 117999 load imb.: force  5.9%  pme mesh/force 0.839
           Step           Time
         118000      118.00000

   Energies (kJ/mol)
        LJ (SR)   Coulomb (SR)   Coul. recip.      Potential    Kinetic En.
    1.69970e+04   -1.78699e+05    5.53335e+02   -1.61148e+05    2.85874e+04
   Total Energy  Conserved En.    Temperature Pressure (bar)
   -1.32561e+05   -1.55083e+05    2.94891e+02   -1.12729e+03


DD  step 118999 load imb.: force  9.4%  pme mesh/force 0.811
           Step           Time
         119000      119.00000

   Energies (kJ/mol)
        LJ (SR)   Coulomb (SR)   Coul. recip.      Potential    Kinetic En.
    1.67221e+04   -1.78401e+05    5.95070e+02   -1.61084e+05    2.93269e+04
   Total Energy  Conserved En.    Temperature Pressure (bar)
   -1.31757e+05   -1.55030e+05    3.02518e+02   -1.20199e+03


DD  step 119999 load imb.: force  7.0%  pme mesh/force 0.847
           Step           Time
         120000      120.00000

   Energies (kJ/mol)
        LJ (SR)   Coulomb (SR)   Coul. recip.      Potential    Kinetic En.
    1.72549e+04   -1.79436e+05    5.64169e+02   -1.61617e+05    2.94343e+04
   Total Energy  Conserved En.    Temperature Pressure (bar)
   -1.32183e+05   -1.55068e+05    3.03626e+02   -1.06424e+03


DD  step 120999 load imb.: force  7.1%  pme mesh/force 0.831
           Step           Time
         121000      121.00000

   Energies (kJ/mol)
        LJ (SR)   Coulomb (SR)   Coul. recip.      Potential    Kinetic En.
    1.69200e+04   -1.78752e+05    5.44027e+02   -1.61288e+05    2.90041e+04
   Total Energy  Conserved En.    Temperature Pressure (bar)
   -1.32284e+05   -1.55029e+05    2.99189e+02   -1.16690e+03


DD  step 121999 load imb.: force  6.7%  pme mesh/force 0.819
           Step           Time
         122000      122.00000

   Energies (kJ/mol)
        LJ (SR)   Coulomb (SR)   Coul. recip.      Potential    Kinetic En.
    1.73214e+04   -1.79704e+05    5.13739e+02   -1.61869e+05    2.89125e+04
   Total Energy  Conserved En.    Temperature Pressure (bar)
   -1.32957e+05   -1.55012e+05    2.98244e+02   -1.04957e+03


DD  step 122999 load imb.: force  7.4%  pme mesh/force 1.124
           Step           Time
         123000      123.00000

   Energies (kJ/mol)
        LJ (SR)   Coulomb (SR)   Coul. recip.      Potential    Kinetic En.
    1.66155e+04   -1.78152e+05    5.42684e+02   -1.60993e+05    2.88973e+04
   Total Energy  Conserved En.    Temperature Pressure (bar)
   -1.32096e+05   -1.55032e+05    2.98087e+02   -1.29066e+03


DD  step 123999 load imb.: force  8.0%  pme mesh/force 0.863
           Step           Time
         124000      124.00000

   Energies (kJ/mol)
        LJ (SR)   Coulomb (SR)   Coul. recip.      Potential    Kinetic En.
    1.70957e+04   -1.79686e+05    5.79927e+02   -1.62010e+05    2.87547e+04
   Total Energy  Conserved En.    Temperature Pressure (bar)
   -1.33255e+05   -1.55009e+05    2.96616e+02   -1.25013e+03


DD  step 124999 load imb.: force  6.9%  pme mesh/force 0.837
           Step           Time
         125000      125.00000

Writing checkpoint, step 125000 at Sat Oct  8 20:30:41 2022


   Energies (kJ/mol)
        LJ (SR)   Coulomb (SR)   Coul. recip.      Potential    Kinetic En.
    1.70297e+04   -1.79155e+05    5.62501e+02   -1.61563e+05    2.88262e+04
   Total Energy  Conserved En.    Temperature Pressure (bar)
   -1.32737e+05   -1.55059e+05    2.97354e+02   -1.21638e+03


	<======  ###############  ==>
	<====  A V E R A G E S  ====>
	<==  ###############  ======>

	Statistics over 125001 steps using 1251 frames

   Energies (kJ/mol)
        LJ (SR)   Coulomb (SR)   Coul. recip.      Potential    Kinetic En.
    1.71290e+04   -1.79137e+05    5.71530e+02   -1.61436e+05    2.90842e+04
   Total Energy  Conserved En.    Temperature Pressure (bar)
   -1.32352e+05   -1.55186e+05    3.00015e+02   -1.09938e+03

   Total Virial (kJ/mol)
    1.38152e+04   -2.02804e+01    1.04016e+01
   -2.08471e+01    1.38492e+04    3.37346e+00
    9.76517e+00    3.66362e+00    1.38334e+04

   Pressure (bar)
   -1.09497e+03    5.54741e+00   -4.02971e+00
    5.69798e+00   -1.10441e+03   -1.18623e+00
   -3.86062e+00   -1.26332e+00   -1.09877e+03


	M E G A - F L O P S   A C C O U N T I N G

 NB=Group-cutoff nonbonded kernels    NxN=N-by-N cluster Verlet kernels
 RF=Reaction-Field  VdW=Van der Waals  QSTab=quadratic-spline table
 W3=SPC/TIP3p  W4=TIP4p (single or pairs)
 V&F=Potential and force  V=Potential only  F=Force only

 Computing:                               M-Number         M-Flops  % Flops
-----------------------------------------------------------------------------
 Pair Search distance check            8632.689132       77694.202     0.1
 NxN Ewald Elec. + LJ [F]           1315952.592768   102644302.236    94.7
 NxN Ewald Elec. + LJ [V&F]           13303.150768     1716106.449     1.6
 NxN Ewald Elec. [F]                   6501.195360      396572.917     0.4
 NxN Ewald Elec. [V&F]                   65.715184        5520.075     0.0
 Calc Weights                          4370.284962      157330.259     0.1
 Spread Q Bspline                     93232.745856      186465.492     0.2
 Gather F Bspline                     93232.745856      559396.475     0.5
 3D-FFT                              299631.897036     2397055.176     2.2
 Solve PME                              441.003528       28224.226     0.0
 Reset In Box                            14.544192          43.633     0.0
 CG-CoM                                  14.590808          43.772     0.0
 Virial                                  16.605774         298.904     0.0
 Stop-CM                                 14.590808         145.908     0.0
 Calc-Ekin                              145.698308        3933.854     0.0
 Constraint-V                          1455.023280       11640.186     0.0
 Constraint-Vir                          14.561640         349.479     0.0
 Settle                                 485.011640      156658.760     0.1
-----------------------------------------------------------------------------
 Total                                               108341782.004   100.0
-----------------------------------------------------------------------------


    D O M A I N   D E C O M P O S I T I O N   S T A T I S T I C S

 av. #atoms communicated per step for force:  2 x 63498.9


Dynamic load balancing report:
 DLB got disabled because it was unsuitable to use.
 Average load imbalance: 7.6%.
 The balanceable part of the MD step is 83%, load imbalance is computed from this.
 Part of the total run time spent waiting due to load imbalance: 6.3%.
 Average PME mesh/force load: 0.848
 Part of the total run time spent waiting due to PP/PME imbalance: 3.4 %

NOTE: 6.3 % of the available CPU time was lost due to load imbalance
      in the domain decomposition.
      You might want to use dynamic load balancing (option -dlb.)
      You can also consider manually changing the decomposition (option -dd);
      e.g. by using fewer domains along the box dimension in which there is
      considerable inhomogeneity in the simulated system.

     R E A L   C Y C L E   A N D   T I M E   A C C O U N T I N G

On 36 MPI ranks doing PP, and
on 12 MPI ranks doing PME

 Computing:          Num   Num      Call    Wall time         Giga-Cycles
                     Ranks Threads  Count      (s)         total sum    %
-----------------------------------------------------------------------------
 Domain decomp.        36    1       1251       0.407         42.347   0.6
 DD comm. load         36    1       1250       0.004          0.389   0.0
 DD comm. bounds       36    1        300       0.011          1.139   0.0
 Send X to PME         36    1     125001       0.094          9.837   0.1
 Neighbor search       36    1       1251       0.861         89.642   1.2
 Comm. coord.          36    1     123750       3.534        368.030   4.9
 Force                 36    1     125001      39.419       4105.640  55.2
 Wait + Comm. F        36    1     125001       5.406        563.075   7.6
 PME mesh *            12    1     125001      38.696       1343.440  18.1
 PME wait for PP *                             14.583        506.278   6.8
 Wait + Recv. PME F    36    1     125001       1.245        129.624   1.7
 NB X/F buffer ops.    36    1     372501       1.266        131.852   1.8
 Write traj.           36    1         26       0.012          1.213   0.0
 Update                36    1     125001       0.193         20.135   0.3
 Constraints           36    1     125003       0.414         43.147   0.6
 Comm. energies        36    1       6251       0.633         65.928   0.9
 Rest                                           0.095          9.876   0.1
-----------------------------------------------------------------------------
 Total                                         53.593       7442.498 100.0
-----------------------------------------------------------------------------
(*) Note that with separate PME ranks, the walltime column actually sums to
    twice the total reported, but the cycle count total and % are correct.
-----------------------------------------------------------------------------
 Breakdown of PME mesh computation
-----------------------------------------------------------------------------
 PME redist. X/F       12    1     250002       6.431        223.284   3.0
 PME spread            12    1     125001       7.700        267.330   3.6
 PME gather            12    1     125001       6.552        227.466   3.1
 PME 3D-FFT            12    1     250002      11.458        397.805   5.3
 PME 3D-FFT Comm.      12    1     500004       5.709        198.204   2.7
 PME solve Elec        12    1     125001       0.762         26.459   0.4
-----------------------------------------------------------------------------

               Core t (s)   Wall t (s)        (%)
       Time:     2572.428       53.593     4800.0
                 (ns/day)    (hour/ns)
Performance:      201.522        0.119
Finished mdrun on rank 0 Sat Oct  8 20:30:41 2022

