                      :-) GROMACS - gmx mdrun, 2020.4 (-:

                            GROMACS is written by:
     Emile Apol      Rossen Apostolov      Paul Bauer     Herman J.C. Berendsen
    Par Bjelkmar      Christian Blau   Viacheslav Bolnykh     Kevin Boyd    
 Aldert van Buuren   Rudi van Drunen     Anton Feenstra       Alan Gray     
  Gerrit Groenhof     Anca Hamuraru    Vincent Hindriksen  M. Eric Irrgang  
  Aleksei Iupinov   Christoph Junghans     Joe Jordan     Dimitrios Karkoulis
    Peter Kasson        Jiri Kraus      Carsten Kutzner      Per Larsson    
  Justin A. Lemkul    Viveca Lindahl    Magnus Lundborg     Erik Marklund   
    Pascal Merz     Pieter Meulenhoff    Teemu Murtola       Szilard Pall   
    Sander Pronk      Roland Schulz      Michael Shirts    Alexey Shvetsov  
   Alfons Sijbers     Peter Tieleman      Jon Vincent      Teemu Virolainen 
 Christian Wennberg    Maarten Wolf      Artem Zhmurov   
                           and the project leaders:
        Mark Abraham, Berk Hess, Erik Lindahl, and David van der Spoel

Copyright (c) 1991-2000, University of Groningen, The Netherlands.
Copyright (c) 2001-2019, The GROMACS development team at
Uppsala University, Stockholm University and
the Royal Institute of Technology, Sweden.
check out http://www.gromacs.org for more information.

GROMACS is free software; you can redistribute it and/or modify it
under the terms of the GNU Lesser General Public License
as published by the Free Software Foundation; either version 2.1
of the License, or (at your option) any later version.

GROMACS:      gmx mdrun, version 2020.4
Executable:   /share/apps/gromacs/2020.4/openmpi/intel/bin/gmx_mpi
Data prefix:  /share/apps/gromacs/2020.4/openmpi/intel
Working dir:  /home/rz2522/ondemand/data/sys/myjobs/projects/default/4
Process ID:   3606204
Command line:
  gmx_mpi mdrun -deffnm nvt

GROMACS version:    2020.4
Verified release checksum is 79c2857291b034542c26e90512b92fd4b184a1c9d6fa59c55f2e24ccf14e7281
Precision:          single
Memory model:       64 bit
MPI library:        MPI
OpenMP support:     disabled
GPU support:        disabled
SIMD instructions:  AVX_512
FFT library:        Intel MKL
RDTSCP usage:       enabled
TNG support:        enabled
Hwloc support:      disabled
Tracing support:    disabled
C compiler:         /share/apps/openmpi/4.0.5/intel/bin/mpicc Intel 19.1.2.20200623
C compiler flags:   -xCORE-AVX512 -qopt-zmm-usage=high -mkl=sequential -wd3180 -std=gnu99 -ip -funroll-all-loops -alias-const -ansi-alias -no-prec-div -fimf-domain-exclusion=14 -qoverride-limits -O3 -DNDEBUG
C++ compiler:       /share/apps/openmpi/4.0.5/intel/bin/mpicxx Intel 19.1.2.20200623
C++ compiler flags: -xCORE-AVX512 -qopt-zmm-usage=high -mkl=sequential -wd3180 -ip -funroll-all-loops -alias-const -ansi-alias -no-prec-div -fimf-domain-exclusion=14 -qoverride-limits -O3 -DNDEBUG


Running on 1 node with total 48 cores, 48 logical cores
Hardware detected on host cs087.hpc.nyu.edu (the node of MPI rank 0):
  CPU info:
    Vendor: Intel
    Brand:  Intel(R) Xeon(R) Platinum 8268 CPU @ 2.90GHz
    Family: 6   Model: 85   Stepping: 7
    Features: aes apic avx avx2 avx512f avx512cd avx512bw avx512vl clfsh cmov cx8 cx16 f16c fma htt intel lahf mmx msr nonstop_tsc pcid pclmuldq pdcm pdpe1gb popcnt pse rdrnd rdtscp sse2 sse3 sse4.1 sse4.2 ssse3 tdt x2apic
    Number of AVX-512 FMA units: 2
  Hardware topology: Only logical processor count


++++ PLEASE READ AND CITE THE FOLLOWING REFERENCE ++++
M. J. Abraham, T. Murtola, R. Schulz, S. Páll, J. C. Smith, B. Hess, E.
Lindahl
GROMACS: High performance molecular simulations through multi-level
parallelism from laptops to supercomputers
SoftwareX 1 (2015) pp. 19-25
-------- -------- --- Thank You --- -------- --------


++++ PLEASE READ AND CITE THE FOLLOWING REFERENCE ++++
S. Páll, M. J. Abraham, C. Kutzner, B. Hess, E. Lindahl
Tackling Exascale Software Challenges in Molecular Dynamics Simulations with
GROMACS
In S. Markidis & E. Laure (Eds.), Solving Software Challenges for Exascale 8759 (2015) pp. 3-27
-------- -------- --- Thank You --- -------- --------


++++ PLEASE READ AND CITE THE FOLLOWING REFERENCE ++++
S. Pronk, S. Páll, R. Schulz, P. Larsson, P. Bjelkmar, R. Apostolov, M. R.
Shirts, J. C. Smith, P. M. Kasson, D. van der Spoel, B. Hess, and E. Lindahl
GROMACS 4.5: a high-throughput and highly parallel open source molecular
simulation toolkit
Bioinformatics 29 (2013) pp. 845-54
-------- -------- --- Thank You --- -------- --------


++++ PLEASE READ AND CITE THE FOLLOWING REFERENCE ++++
B. Hess and C. Kutzner and D. van der Spoel and E. Lindahl
GROMACS 4: Algorithms for highly efficient, load-balanced, and scalable
molecular simulation
J. Chem. Theory Comput. 4 (2008) pp. 435-447
-------- -------- --- Thank You --- -------- --------


++++ PLEASE READ AND CITE THE FOLLOWING REFERENCE ++++
D. van der Spoel, E. Lindahl, B. Hess, G. Groenhof, A. E. Mark and H. J. C.
Berendsen
GROMACS: Fast, Flexible and Free
J. Comp. Chem. 26 (2005) pp. 1701-1719
-------- -------- --- Thank You --- -------- --------


++++ PLEASE READ AND CITE THE FOLLOWING REFERENCE ++++
E. Lindahl and B. Hess and D. van der Spoel
GROMACS 3.0: A package for molecular simulation and trajectory analysis
J. Mol. Mod. 7 (2001) pp. 306-317
-------- -------- --- Thank You --- -------- --------


++++ PLEASE READ AND CITE THE FOLLOWING REFERENCE ++++
H. J. C. Berendsen, D. van der Spoel and R. van Drunen
GROMACS: A message-passing parallel molecular dynamics implementation
Comp. Phys. Comm. 91 (1995) pp. 43-56
-------- -------- --- Thank You --- -------- --------


++++ PLEASE CITE THE DOI FOR THIS VERSION OF GROMACS ++++
https://doi.org/10.5281/zenodo.4054979
-------- -------- --- Thank You --- -------- --------

Input Parameters:
   integrator                     = md
   tinit                          = 0
   dt                             = 0.002
   nsteps                         = 50000
   init-step                      = 0
   simulation-part                = 1
   comm-mode                      = Linear
   nstcomm                        = 100
   bd-fric                        = 0
   ld-seed                        = -1067374285
   emtol                          = 10
   emstep                         = 0.01
   niter                          = 20
   fcstep                         = 0
   nstcgsteep                     = 1000
   nbfgscorr                      = 10
   rtpi                           = 0.05
   nstxout                        = 500
   nstvout                        = 500
   nstfout                        = 0
   nstlog                         = 500
   nstcalcenergy                  = 100
   nstenergy                      = 500
   nstxout-compressed             = 0
   compressed-x-precision         = 1000
   cutoff-scheme                  = Verlet
   nstlist                        = 10
   pbc                            = xyz
   periodic-molecules             = false
   verlet-buffer-tolerance        = 0.005
   rlist                          = 1
   coulombtype                    = PME
   coulomb-modifier               = Potential-shift
   rcoulomb-switch                = 0
   rcoulomb                       = 1
   epsilon-r                      = 1
   epsilon-rf                     = inf
   vdw-type                       = Cut-off
   vdw-modifier                   = Potential-shift
   rvdw-switch                    = 0
   rvdw                           = 1
   DispCorr                       = EnerPres
   table-extension                = 1
   fourierspacing                 = 0.16
   fourier-nx                     = 44
   fourier-ny                     = 44
   fourier-nz                     = 44
   pme-order                      = 4
   ewald-rtol                     = 1e-05
   ewald-rtol-lj                  = 0.001
   lj-pme-comb-rule               = Geometric
   ewald-geometry                 = 0
   epsilon-surface                = 0
   tcoupl                         = V-rescale
   nsttcouple                     = 10
   nh-chain-length                = 0
   print-nose-hoover-chain-variables = false
   pcoupl                         = No
   pcoupltype                     = Isotropic
   nstpcouple                     = -1
   tau-p                          = 1
   compressibility (3x3):
      compressibility[    0]={ 0.00000e+00,  0.00000e+00,  0.00000e+00}
      compressibility[    1]={ 0.00000e+00,  0.00000e+00,  0.00000e+00}
      compressibility[    2]={ 0.00000e+00,  0.00000e+00,  0.00000e+00}
   ref-p (3x3):
      ref-p[    0]={ 0.00000e+00,  0.00000e+00,  0.00000e+00}
      ref-p[    1]={ 0.00000e+00,  0.00000e+00,  0.00000e+00}
      ref-p[    2]={ 0.00000e+00,  0.00000e+00,  0.00000e+00}
   refcoord-scaling               = No
   posres-com (3):
      posres-com[0]= 0.00000e+00
      posres-com[1]= 0.00000e+00
      posres-com[2]= 0.00000e+00
   posres-comB (3):
      posres-comB[0]= 0.00000e+00
      posres-comB[1]= 0.00000e+00
      posres-comB[2]= 0.00000e+00
   QMMM                           = false
   QMconstraints                  = 0
   QMMMscheme                     = 0
   MMChargeScaleFactor            = 1
qm-opts:
   ngQM                           = 0
   constraint-algorithm           = Lincs
   continuation                   = false
   Shake-SOR                      = false
   shake-tol                      = 0.0001
   lincs-order                    = 4
   lincs-iter                     = 1
   lincs-warnangle                = 30
   nwall                          = 0
   wall-type                      = 9-3
   wall-r-linpot                  = -1
   wall-atomtype[0]               = -1
   wall-atomtype[1]               = -1
   wall-density[0]                = 0
   wall-density[1]                = 0
   wall-ewald-zfac                = 3
   pull                           = false
   awh                            = false
   rotation                       = false
   interactiveMD                  = false
   disre                          = No
   disre-weighting                = Conservative
   disre-mixed                    = false
   dr-fc                          = 1000
   dr-tau                         = 0
   nstdisreout                    = 100
   orire-fc                       = 0
   orire-tau                      = 0
   nstorireout                    = 100
   free-energy                    = no
   cos-acceleration               = 0
   deform (3x3):
      deform[    0]={ 0.00000e+00,  0.00000e+00,  0.00000e+00}
      deform[    1]={ 0.00000e+00,  0.00000e+00,  0.00000e+00}
      deform[    2]={ 0.00000e+00,  0.00000e+00,  0.00000e+00}
   simulated-tempering            = false
   swapcoords                     = no
   userint1                       = 0
   userint2                       = 0
   userint3                       = 0
   userint4                       = 0
   userreal1                      = 0
   userreal2                      = 0
   userreal3                      = 0
   userreal4                      = 0
   applied-forces:
     electric-field:
       x:
         E0                       = 0
         omega                    = 0
         t0                       = 0
         sigma                    = 0
       y:
         E0                       = 0
         omega                    = 0
         t0                       = 0
         sigma                    = 0
       z:
         E0                       = 0
         omega                    = 0
         t0                       = 0
         sigma                    = 0
     density-guided-simulation:
       active                     = false
       group                      = protein
       similarity-measure         = inner-product
       atom-spreading-weight      = unity
       force-constant             = 1e+09
       gaussian-transform-spreading-width = 0.2
       gaussian-transform-spreading-range-in-multiples-of-width = 4
       reference-density-filename = reference.mrc
       nst                        = 1
       normalize-densities        = true
       adaptive-force-scaling     = false
       adaptive-force-scaling-time-constant = 4
grpopts:
   nrdf:     4920.79     63837.2
   ref-t:         300         300
   tau-t:         0.1         0.1
annealing:          No          No
annealing-npoints:           0           0
   acc:	           0           0           0
   nfreeze:           N           N           N
   energygrp-flags[  0]: 0

Changing nstlist from 10 to 50, rlist from 1 to 1.111


Initializing Domain Decomposition on 48 ranks
Dynamic load balancing: auto
Using update groups, nr 11645, average size 2.9 atoms, max. radius 0.103 nm
Minimum cell size due to atom displacement: 0.398 nm
Initial maximum distances in bonded interactions:
    two-body bonded interactions: 0.453 nm, LJ-14, atoms 1156 1405
  multi-body bonded interactions: 0.453 nm, Ryckaert-Bell., atoms 1156 1405
Minimum cell size due to bonded interactions: 0.499 nm
Scaling the initial minimum size with 1/0.8 (option -dds) = 1.25
Guess for relative PME load: 0.23
Will use 36 particle-particle and 12 PME only ranks
This is a guess, check the performance at the end of the log file
Using 12 separate PME ranks, as guessed by mdrun
Optimizing the DD grid for 36 cells with a minimum initial size of 0.623 nm
The maximum allowed number of cells is: X 11 Y 11 Z 11
Domain decomposition grid 4 x 3 x 3, separate PME ranks 12
PME domain decomposition: 4 x 3 x 1
Interleaving PP and PME ranks
This rank does only particle-particle work.
Domain decomposition rank 0, coordinates 0 0 0

The initial number of communication pulses is: X 1 Y 1 Z 1
The initial domain decomposition cell size is: X 1.75 nm Y 2.34 nm Z 2.34 nm

The maximum allowed distance for atom groups involved in interactions is:
                 non-bonded interactions           1.318 nm
            two-body bonded interactions  (-rdd)   1.318 nm
          multi-body bonded interactions  (-rdd)   1.318 nm

When dynamic load balancing gets turned on, these settings will change to:
The maximum number of communication pulses is: X 1 Y 1 Z 1
The minimum size for domain decomposition cells is 1.318 nm
The requested allowed shrink of DD cells (option -dds) is: 0.80
The allowed shrink of domain decomposition cells is: X 0.75 Y 0.56 Z 0.56
The maximum allowed distance for atom groups involved in interactions is:
                 non-bonded interactions           1.318 nm
            two-body bonded interactions  (-rdd)   1.318 nm
          multi-body bonded interactions  (-rdd)   1.318 nm

Using 48 MPI processes

Non-default thread affinity set, disabling internal thread affinity
System total charge: -0.000
Will do PME sum in reciprocal space for electrostatic interactions.

++++ PLEASE READ AND CITE THE FOLLOWING REFERENCE ++++
U. Essmann, L. Perera, M. L. Berkowitz, T. Darden, H. Lee and L. G. Pedersen 
A smooth particle mesh Ewald method
J. Chem. Phys. 103 (1995) pp. 8577-8592
-------- -------- --- Thank You --- -------- --------

Using a Gaussian width (1/beta) of 0.320163 nm for Ewald
Potential shift: LJ r^-12: -1.000e+00 r^-6: -1.000e+00, Ewald -1.000e-05
Initialized non-bonded Ewald tables, spacing: 9.33e-04 size: 1073

Generated table with 1055 data points for 1-4 COUL.
Tabscale = 500 points/nm
Generated table with 1055 data points for 1-4 LJ6.
Tabscale = 500 points/nm
Generated table with 1055 data points for 1-4 LJ12.
Tabscale = 500 points/nm

Using SIMD 4x8 nonbonded short-range kernels

Using a dual 4x8 pair-list setup updated with dynamic pruning:
  outer list: updated every 50 steps, buffer 0.111 nm, rlist 1.111 nm
  inner list: updated every 12 steps, buffer 0.001 nm, rlist 1.001 nm
At tolerance 0.005 kJ/mol/ps per atom, equivalent classical 1x1 list would be:
  outer list: updated every 50 steps, buffer 0.240 nm, rlist 1.240 nm
  inner list: updated every 12 steps, buffer 0.046 nm, rlist 1.046 nm

Using geometric Lennard-Jones combination rule

Long Range LJ corr.: <C6> 3.1923e-04

Removing pbc first time

Initializing LINear Constraint Solver

++++ PLEASE READ AND CITE THE FOLLOWING REFERENCE ++++
B. Hess and H. Bekker and H. J. C. Berendsen and J. G. E. M. Fraaije
LINCS: A Linear Constraint Solver for molecular simulations
J. Comp. Chem. 18 (1997) pp. 1463-1472
-------- -------- --- Thank You --- -------- --------

The number of constraints is 959

++++ PLEASE READ AND CITE THE FOLLOWING REFERENCE ++++
S. Miyamoto and P. A. Kollman
SETTLE: An Analytical Version of the SHAKE and RATTLE Algorithms for Rigid
Water Models
J. Comp. Chem. 13 (1992) pp. 952-962
-------- -------- --- Thank You --- -------- --------


Linking all bonded interactions to atoms

Intra-simulation communication will occur every 10 steps.

++++ PLEASE READ AND CITE THE FOLLOWING REFERENCE ++++
G. Bussi, D. Donadio and M. Parrinello
Canonical sampling through velocity rescaling
J. Chem. Phys. 126 (2007) pp. 014101
-------- -------- --- Thank You --- -------- --------

There are: 33876 Atoms
Atom distribution over 36 domains: av 941 stddev 24 min 897 max 995

Constraining the starting coordinates (step 0)

Constraining the coordinates at t0-dt (step 0)
Center of mass motion removal mode is Linear
We have the following groups for center of mass motion removal:
  0:  rest
RMS relative constraint deviation after constraining: 0.00e+00
Initial temperature: 300.151 K

Started mdrun on rank 0 Sat Sep 24 20:41:42 2022

           Step           Time
              0        0.00000

   Energies (kJ/mol)
           Bond          Angle    Proper Dih. Ryckaert-Bell.          LJ-14
    2.10052e+02    9.47886e+02    7.21300e+01    1.43169e+03    2.51177e+03
     Coulomb-14        LJ (SR)  Disper. corr.   Coulomb (SR)   Coul. recip.
    7.78227e+03    7.84499e+04   -4.44920e+03   -6.38829e+05    2.72452e+03
 Position Rest.      Potential    Kinetic En.   Total Energy  Conserved En.
    1.34951e-03   -5.49148e+05    8.58200e+04   -4.63328e+05   -4.63328e+05
    Temperature Pres. DC (bar) Pressure (bar)   Constr. rmsd
    3.00235e+02   -2.14729e+02   -4.27645e+03    3.29409e-06


DD  step 49 load imb.: force 10.0%  pme mesh/force 1.000

DD  step 499 load imb.: force 14.0%  pme mesh/force 0.983
           Step           Time
            500        1.00000

   Energies (kJ/mol)
           Bond          Angle    Proper Dih. Ryckaert-Bell.          LJ-14
    1.38830e+03    3.60190e+03    2.71919e+02    1.97947e+03    2.67269e+03
     Coulomb-14        LJ (SR)  Disper. corr.   Coulomb (SR)   Coul. recip.
    7.67848e+03    7.38805e+04   -4.44920e+03   -5.60534e+05    3.00959e+03
 Position Rest.      Potential    Kinetic En.   Total Energy  Conserved En.
    5.32421e+02   -4.69968e+05    8.49639e+04   -3.85004e+05   -4.62552e+05
    Temperature Pres. DC (bar) Pressure (bar)   Constr. rmsd
    2.97240e+02   -2.14729e+02    1.26364e+02    3.04134e-06


DD  step 999 load imb.: force 14.3%  pme mesh/force 0.980
           Step           Time
           1000        2.00000

   Energies (kJ/mol)
           Bond          Angle    Proper Dih. Ryckaert-Bell.          LJ-14
    1.37259e+03    3.55737e+03    2.32050e+02    1.90707e+03    2.72158e+03
     Coulomb-14        LJ (SR)  Disper. corr.   Coulomb (SR)   Coul. recip.
    7.74989e+03    7.35384e+04   -4.44920e+03   -5.59994e+05    3.16998e+03
 Position Rest.      Potential    Kinetic En.   Total Energy  Conserved En.
    5.22483e+02   -4.69672e+05    8.55215e+04   -3.84150e+05   -4.62562e+05
    Temperature Pres. DC (bar) Pressure (bar)   Constr. rmsd
    2.99190e+02   -2.14729e+02   -4.90475e+01    3.11104e-06


DD  step 1499 load imb.: force 14.3%  pme mesh/force 0.977
           Step           Time
           1500        3.00000

   Energies (kJ/mol)
           Bond          Angle    Proper Dih. Ryckaert-Bell.          LJ-14
    1.51386e+03    3.74195e+03    2.59442e+02    1.85269e+03    2.65653e+03
     Coulomb-14        LJ (SR)  Disper. corr.   Coulomb (SR)   Coul. recip.
    7.71307e+03    7.37615e+04   -4.44920e+03   -5.60542e+05    3.08217e+03
 Position Rest.      Potential    Kinetic En.   Total Energy  Conserved En.
    5.19272e+02   -4.69890e+05    8.76833e+04   -3.82207e+05   -4.62542e+05
    Temperature Pres. DC (bar) Pressure (bar)   Constr. rmsd
    3.06753e+02   -2.14729e+02   -2.13416e+01    3.21758e-06


DD  step 1999 load imb.: force 14.2%  pme mesh/force 0.971
           Step           Time
           2000        4.00000

   Energies (kJ/mol)
           Bond          Angle    Proper Dih. Ryckaert-Bell.          LJ-14
    1.45321e+03    3.73190e+03    2.55021e+02    1.91127e+03    2.72137e+03
     Coulomb-14        LJ (SR)  Disper. corr.   Coulomb (SR)   Coul. recip.
    7.74379e+03    7.42541e+04   -4.44920e+03   -5.61174e+05    3.09164e+03
 Position Rest.      Potential    Kinetic En.   Total Energy  Conserved En.
    4.56385e+02   -4.70005e+05    8.63941e+04   -3.83611e+05   -4.62540e+05
    Temperature Pres. DC (bar) Pressure (bar)   Constr. rmsd
    3.02243e+02   -2.14729e+02   -3.49755e+01    2.62286e-06


DD  step 2499 load imb.: force 14.1%  pme mesh/force 0.983
           Step           Time
           2500        5.00000

   Energies (kJ/mol)
           Bond          Angle    Proper Dih. Ryckaert-Bell.          LJ-14
    1.44971e+03    3.69256e+03    2.47871e+02    1.83213e+03    2.69894e+03
     Coulomb-14        LJ (SR)  Disper. corr.   Coulomb (SR)   Coul. recip.
    7.64724e+03    7.40234e+04   -4.44920e+03   -5.59909e+05    3.10224e+03
 Position Rest.      Potential    Kinetic En.   Total Energy  Conserved En.
    4.53894e+02   -4.69210e+05    8.56045e+04   -3.83605e+05   -4.62536e+05
    Temperature Pres. DC (bar) Pressure (bar)   Constr. rmsd
    2.99481e+02   -2.14729e+02    2.69769e+02    2.75807e-06


DD  step 2999 load imb.: force 14.3%  pme mesh/force 0.972
           Step           Time
           3000        6.00000

   Energies (kJ/mol)
           Bond          Angle    Proper Dih. Ryckaert-Bell.          LJ-14
    1.38968e+03    3.73903e+03    2.71810e+02    1.81090e+03    2.69515e+03
     Coulomb-14        LJ (SR)  Disper. corr.   Coulomb (SR)   Coul. recip.
    7.79092e+03    7.51291e+04   -4.44920e+03   -5.62933e+05    3.04593e+03
 Position Rest.      Potential    Kinetic En.   Total Energy  Conserved En.
    5.89275e+02   -4.70920e+05    8.55205e+04   -3.85400e+05   -4.62533e+05
    Temperature Pres. DC (bar) Pressure (bar)   Constr. rmsd
    2.99187e+02   -2.14729e+02   -2.88389e+02    2.85912e-06


DD  step 3499 load imb.: force 15.3%  pme mesh/force 0.975
           Step           Time
           3500        7.00000

   Energies (kJ/mol)
           Bond          Angle    Proper Dih. Ryckaert-Bell.          LJ-14
    1.39765e+03    3.59514e+03    2.49105e+02    1.98185e+03    2.73265e+03
     Coulomb-14        LJ (SR)  Disper. corr.   Coulomb (SR)   Coul. recip.
    7.69453e+03    7.32998e+04   -4.44920e+03   -5.59858e+05    2.94464e+03
 Position Rest.      Potential    Kinetic En.   Total Energy  Conserved En.
    4.86082e+02   -4.69925e+05    8.46594e+04   -3.85266e+05   -4.62529e+05
    Temperature Pres. DC (bar) Pressure (bar)   Constr. rmsd
    2.96175e+02   -2.14729e+02    8.09353e+01    3.26374e-06


DD  step 3999 load imb.: force 15.7%  pme mesh/force 0.976
           Step           Time
           4000        8.00000

   Energies (kJ/mol)
           Bond          Angle    Proper Dih. Ryckaert-Bell.          LJ-14
    1.38967e+03    3.81206e+03    2.15257e+02    1.78795e+03    2.74569e+03
     Coulomb-14        LJ (SR)  Disper. corr.   Coulomb (SR)   Coul. recip.
    7.66022e+03    7.29993e+04   -4.44920e+03   -5.58970e+05    3.03749e+03
 Position Rest.      Potential    Kinetic En.   Total Energy  Conserved En.
    5.51373e+02   -4.69220e+05    8.64416e+04   -3.82779e+05   -4.62539e+05
    Temperature Pres. DC (bar) Pressure (bar)   Constr. rmsd
    3.02409e+02   -2.14729e+02   -2.95628e+02    3.22450e-06


DD  step 4499 load imb.: force 16.0%  pme mesh/force 0.982
           Step           Time
           4500        9.00000

   Energies (kJ/mol)
           Bond          Angle    Proper Dih. Ryckaert-Bell.          LJ-14
    1.45522e+03    3.59917e+03    2.60238e+02    1.89551e+03    2.68641e+03
     Coulomb-14        LJ (SR)  Disper. corr.   Coulomb (SR)   Coul. recip.
    7.73605e+03    7.39510e+04   -4.44920e+03   -5.60353e+05    3.10037e+03
 Position Rest.      Potential    Kinetic En.   Total Energy  Conserved En.
    5.03976e+02   -4.69614e+05    8.54298e+04   -3.84185e+05   -4.62516e+05
    Temperature Pres. DC (bar) Pressure (bar)   Constr. rmsd
    2.98870e+02   -2.14729e+02   -4.86756e+01    2.96167e-06


DD  step 4999 load imb.: force 14.6%  pme mesh/force 0.981
           Step           Time
           5000       10.00000

   Energies (kJ/mol)
           Bond          Angle    Proper Dih. Ryckaert-Bell.          LJ-14
    1.44686e+03    3.70491e+03    2.22365e+02    1.88234e+03    2.66771e+03
     Coulomb-14        LJ (SR)  Disper. corr.   Coulomb (SR)   Coul. recip.
    7.75187e+03    7.47147e+04   -4.44920e+03   -5.61355e+05    2.95632e+03
 Position Rest.      Potential    Kinetic En.   Total Energy  Conserved En.
    5.32605e+02   -4.69925e+05    8.54826e+04   -3.84442e+05   -4.62505e+05
    Temperature Pres. DC (bar) Pressure (bar)   Constr. rmsd
    2.99054e+02   -2.14729e+02    2.00823e+02    2.90322e-06


DD  step 5499 load imb.: force 15.1%  pme mesh/force 0.977
           Step           Time
           5500       11.00000

   Energies (kJ/mol)
           Bond          Angle    Proper Dih. Ryckaert-Bell.          LJ-14
    1.42303e+03    3.77499e+03    2.13251e+02    1.84341e+03    2.62134e+03
     Coulomb-14        LJ (SR)  Disper. corr.   Coulomb (SR)   Coul. recip.
    7.69121e+03    7.32199e+04   -4.44920e+03   -5.60740e+05    3.07088e+03
 Position Rest.      Potential    Kinetic En.   Total Energy  Conserved En.
    5.02610e+02   -4.70828e+05    8.51090e+04   -3.85719e+05   -4.62503e+05
    Temperature Pres. DC (bar) Pressure (bar)   Constr. rmsd
    2.97748e+02   -2.14729e+02   -2.28259e+02    2.93514e-06


DD  step 5999 load imb.: force 14.1%  pme mesh/force 0.975
           Step           Time
           6000       12.00000

   Energies (kJ/mol)
           Bond          Angle    Proper Dih. Ryckaert-Bell.          LJ-14
    1.34068e+03    3.79052e+03    2.14225e+02    1.86327e+03    2.67034e+03
     Coulomb-14        LJ (SR)  Disper. corr.   Coulomb (SR)   Coul. recip.
    7.65105e+03    7.35464e+04   -4.44920e+03   -5.61350e+05    2.99992e+03
 Position Rest.      Potential    Kinetic En.   Total Energy  Conserved En.
    5.02352e+02   -4.71220e+05    8.55009e+04   -3.85720e+05   -4.62505e+05
    Temperature Pres. DC (bar) Pressure (bar)   Constr. rmsd
    2.99118e+02   -2.14729e+02   -1.53304e+02    2.60249e-06


DD  step 6499 load imb.: force 15.4%  pme mesh/force 0.974
           Step           Time
           6500       13.00000

   Energies (kJ/mol)
           Bond          Angle    Proper Dih. Ryckaert-Bell.          LJ-14
    1.49367e+03    3.87636e+03    2.63375e+02    1.91034e+03    2.67823e+03
     Coulomb-14        LJ (SR)  Disper. corr.   Coulomb (SR)   Coul. recip.
    7.84578e+03    7.27978e+04   -4.44920e+03   -5.59774e+05    2.98213e+03
 Position Rest.      Potential    Kinetic En.   Total Energy  Conserved En.
    5.17510e+02   -4.69858e+05    8.48689e+04   -3.84989e+05   -4.62483e+05
    Temperature Pres. DC (bar) Pressure (bar)   Constr. rmsd
    2.96908e+02   -2.14729e+02   -1.88877e+02    2.69795e-06


DD  step 6999 load imb.: force 15.7%  pme mesh/force 0.975
           Step           Time
           7000       14.00000

   Energies (kJ/mol)
           Bond          Angle    Proper Dih. Ryckaert-Bell.          LJ-14
    1.44905e+03    3.59500e+03    2.09995e+02    1.92173e+03    2.69691e+03
     Coulomb-14        LJ (SR)  Disper. corr.   Coulomb (SR)   Coul. recip.
    7.73850e+03    7.43304e+04   -4.44920e+03   -5.61674e+05    3.05268e+03
 Position Rest.      Potential    Kinetic En.   Total Energy  Conserved En.
    4.65443e+02   -4.70663e+05    8.49527e+04   -3.85711e+05   -4.62507e+05
    Temperature Pres. DC (bar) Pressure (bar)   Constr. rmsd
    2.97201e+02   -2.14729e+02    4.73247e+00    2.85878e-06


DD  step 7499 load imb.: force 15.1%  pme mesh/force 1.266
           Step           Time
           7500       15.00000

   Energies (kJ/mol)
           Bond          Angle    Proper Dih. Ryckaert-Bell.          LJ-14
    1.37305e+03    3.66433e+03    2.57841e+02    1.88522e+03    2.75543e+03
     Coulomb-14        LJ (SR)  Disper. corr.   Coulomb (SR)   Coul. recip.
    7.76882e+03    7.33785e+04   -4.44920e+03   -5.60813e+05    3.17961e+03
 Position Rest.      Potential    Kinetic En.   Total Energy  Conserved En.
    5.41496e+02   -4.70458e+05    8.60457e+04   -3.84412e+05   -4.62497e+05
    Temperature Pres. DC (bar) Pressure (bar)   Constr. rmsd
    3.01024e+02   -2.14729e+02    1.60800e+01    2.73308e-06


DD  step 7999 load imb.: force 14.9%  pme mesh/force 0.977
           Step           Time
           8000       16.00000

   Energies (kJ/mol)
           Bond          Angle    Proper Dih. Ryckaert-Bell.          LJ-14
    1.48441e+03    3.83659e+03    2.79151e+02    1.74757e+03    2.70954e+03
     Coulomb-14        LJ (SR)  Disper. corr.   Coulomb (SR)   Coul. recip.
    7.72784e+03    7.25265e+04   -4.44920e+03   -5.58502e+05    3.13873e+03
 Position Rest.      Potential    Kinetic En.   Total Energy  Conserved En.
    4.94961e+02   -4.69006e+05    8.56393e+04   -3.83367e+05   -4.62475e+05
    Temperature Pres. DC (bar) Pressure (bar)   Constr. rmsd
    2.99603e+02   -2.14729e+02   -2.90634e+02    3.09885e-06


DD  step 8499 load imb.: force 13.2%  pme mesh/force 0.978
           Step           Time
           8500       17.00000

   Energies (kJ/mol)
           Bond          Angle    Proper Dih. Ryckaert-Bell.          LJ-14
    1.35690e+03    3.77059e+03    2.41514e+02    1.73837e+03    2.69338e+03
     Coulomb-14        LJ (SR)  Disper. corr.   Coulomb (SR)   Coul. recip.
    7.75502e+03    7.30598e+04   -4.44920e+03   -5.60075e+05    3.03765e+03
 Position Rest.      Potential    Kinetic En.   Total Energy  Conserved En.
    4.71737e+02   -4.70399e+05    8.53331e+04   -3.85066e+05   -4.62502e+05
    Temperature Pres. DC (bar) Pressure (bar)   Constr. rmsd
    2.98531e+02   -2.14729e+02    2.22892e+02    2.84794e-06


DD  step 8999 load imb.: force 27.0%  pme mesh/force 0.998
           Step           Time
           9000       18.00000

   Energies (kJ/mol)
           Bond          Angle    Proper Dih. Ryckaert-Bell.          LJ-14
    1.48195e+03    3.63334e+03    2.35082e+02    1.87689e+03    2.58950e+03
     Coulomb-14        LJ (SR)  Disper. corr.   Coulomb (SR)   Coul. recip.
    7.62765e+03    7.39699e+04   -4.44920e+03   -5.61928e+05    3.04027e+03
 Position Rest.      Potential    Kinetic En.   Total Energy  Conserved En.
    4.90194e+02   -4.71433e+05    8.50849e+04   -3.86348e+05   -4.62491e+05
    Temperature Pres. DC (bar) Pressure (bar)   Constr. rmsd
    2.97663e+02   -2.14729e+02   -2.98642e+02    2.69337e-06


DD  step 9499 load imb.: force 14.6%  pme mesh/force 0.980
           Step           Time
           9500       19.00000

   Energies (kJ/mol)
           Bond          Angle    Proper Dih. Ryckaert-Bell.          LJ-14
    1.46042e+03    3.61632e+03    2.50510e+02    1.85589e+03    2.66097e+03
     Coulomb-14        LJ (SR)  Disper. corr.   Coulomb (SR)   Coul. recip.
    7.61289e+03    7.36127e+04   -4.44920e+03   -5.60061e+05    2.97156e+03
 Position Rest.      Potential    Kinetic En.   Total Energy  Conserved En.
    4.69610e+02   -4.69999e+05    8.55245e+04   -3.84475e+05   -4.62479e+05
    Temperature Pres. DC (bar) Pressure (bar)   Constr. rmsd
    2.99201e+02   -2.14729e+02   -1.73469e+02    2.79095e-06


DD  step 9999 load imb.: force 13.7%  pme mesh/force 0.976

step 10000 Turning on dynamic load balancing, because the performance loss due to load imbalance is 7.5 %.
           Step           Time
          10000       20.00000

   Energies (kJ/mol)
           Bond          Angle    Proper Dih. Ryckaert-Bell.          LJ-14
    1.36956e+03    3.66821e+03    2.57088e+02    1.92309e+03    2.63669e+03
     Coulomb-14        LJ (SR)  Disper. corr.   Coulomb (SR)   Coul. recip.
    7.78662e+03    7.30269e+04   -4.44920e+03   -5.60446e+05    3.15557e+03
 Position Rest.      Potential    Kinetic En.   Total Energy  Conserved En.
    5.61868e+02   -4.70510e+05    8.61168e+04   -3.84393e+05   -4.62488e+05
    Temperature Pres. DC (bar) Pressure (bar)   Constr. rmsd
    3.01273e+02   -2.14729e+02   -4.27618e+02    2.95783e-06


DD  step 10499  vol min/aver 0.657  load imb.: force  4.9%  pme mesh/force 1.006
           Step           Time
          10500       21.00000

   Energies (kJ/mol)
           Bond          Angle    Proper Dih. Ryckaert-Bell.          LJ-14
    1.52264e+03    3.77417e+03    2.57292e+02    1.94329e+03    2.70995e+03
     Coulomb-14        LJ (SR)  Disper. corr.   Coulomb (SR)   Coul. recip.
    7.75668e+03    7.33058e+04   -4.44920e+03   -5.60183e+05    3.04435e+03
 Position Rest.      Potential    Kinetic En.   Total Energy  Conserved En.
    4.95179e+02   -4.69823e+05    8.61162e+04   -3.83707e+05   -4.62465e+05
    Temperature Pres. DC (bar) Pressure (bar)   Constr. rmsd
    3.01271e+02   -2.14729e+02    1.48898e+02    2.68723e-06


DD  step 10999  vol min/aver 0.641  load imb.: force  2.4%  pme mesh/force 1.020
           Step           Time
          11000       22.00000

   Energies (kJ/mol)
           Bond          Angle    Proper Dih. Ryckaert-Bell.          LJ-14
    1.52306e+03    3.79791e+03    2.40271e+02    1.88394e+03    2.64898e+03
     Coulomb-14        LJ (SR)  Disper. corr.   Coulomb (SR)   Coul. recip.
    7.78056e+03    7.40664e+04   -4.44920e+03   -5.61242e+05    3.13074e+03
 Position Rest.      Potential    Kinetic En.   Total Energy  Conserved En.
    5.35937e+02   -4.70083e+05    8.56849e+04   -3.84398e+05   -4.62459e+05
    Temperature Pres. DC (bar) Pressure (bar)   Constr. rmsd
    2.99762e+02   -2.14729e+02    1.43276e+02    2.71222e-06


DD  step 11499  vol min/aver 0.675  load imb.: force  3.7%  pme mesh/force 1.031
           Step           Time
          11500       23.00000

   Energies (kJ/mol)
           Bond          Angle    Proper Dih. Ryckaert-Bell.          LJ-14
    1.38065e+03    3.78034e+03    2.42793e+02    1.92476e+03    2.73203e+03
     Coulomb-14        LJ (SR)  Disper. corr.   Coulomb (SR)   Coul. recip.
    7.76634e+03    7.33927e+04   -4.44920e+03   -5.60505e+05    3.09203e+03
 Position Rest.      Potential    Kinetic En.   Total Energy  Conserved En.
    4.78174e+02   -4.70165e+05    8.57440e+04   -3.84421e+05   -4.62462e+05
    Temperature Pres. DC (bar) Pressure (bar)   Constr. rmsd
    2.99969e+02   -2.14729e+02   -8.34901e+01    2.53027e-06


DD  step 11999  vol min/aver 0.666  load imb.: force  2.9%  pme mesh/force 1.028
           Step           Time
          12000       24.00000

   Energies (kJ/mol)
           Bond          Angle    Proper Dih. Ryckaert-Bell.          LJ-14
    1.47139e+03    3.74395e+03    2.59871e+02    1.86325e+03    2.75357e+03
     Coulomb-14        LJ (SR)  Disper. corr.   Coulomb (SR)   Coul. recip.
    7.80146e+03    7.25105e+04   -4.44920e+03   -5.59968e+05    3.04514e+03
 Position Rest.      Potential    Kinetic En.   Total Energy  Conserved En.
    5.60496e+02   -4.70407e+05    8.56918e+04   -3.84715e+05   -4.62474e+05
    Temperature Pres. DC (bar) Pressure (bar)   Constr. rmsd
    2.99786e+02   -2.14729e+02   -2.32807e+02    2.72296e-06


DD  step 12499  vol min/aver 0.676  load imb.: force  5.9%  pme mesh/force 1.022
           Step           Time
          12500       25.00000

   Energies (kJ/mol)
           Bond          Angle    Proper Dih. Ryckaert-Bell.          LJ-14
    1.43039e+03    3.72450e+03    2.39836e+02    1.82318e+03    2.70190e+03
     Coulomb-14        LJ (SR)  Disper. corr.   Coulomb (SR)   Coul. recip.
    7.71143e+03    7.39605e+04   -4.44920e+03   -5.61280e+05    2.95968e+03
 Position Rest.      Potential    Kinetic En.   Total Energy  Conserved En.
    4.83625e+02   -4.70694e+05    8.62302e+04   -3.84464e+05   -4.62471e+05
    Temperature Pres. DC (bar) Pressure (bar)   Constr. rmsd
    3.01670e+02   -2.14729e+02   -5.80647e+01    2.75318e-06


DD  step 12999  vol min/aver 0.633  load imb.: force  9.1%  pme mesh/force 1.032
           Step           Time
          13000       26.00000

   Energies (kJ/mol)
           Bond          Angle    Proper Dih. Ryckaert-Bell.          LJ-14
    1.43590e+03    3.72791e+03    2.30430e+02    1.94889e+03    2.73706e+03
     Coulomb-14        LJ (SR)  Disper. corr.   Coulomb (SR)   Coul. recip.
    7.73313e+03    7.23859e+04   -4.44920e+03   -5.58925e+05    3.04915e+03
 Position Rest.      Potential    Kinetic En.   Total Energy  Conserved En.
    4.97433e+02   -4.69628e+05    8.52308e+04   -3.84398e+05   -4.62470e+05
    Temperature Pres. DC (bar) Pressure (bar)   Constr. rmsd
    2.98173e+02   -2.14729e+02   -2.08741e+02    3.01240e-06


DD  step 13499  vol min/aver 0.647  load imb.: force  2.3%  pme mesh/force 1.031
           Step           Time
          13500       27.00000

   Energies (kJ/mol)
           Bond          Angle    Proper Dih. Ryckaert-Bell.          LJ-14
    1.45027e+03    3.81526e+03    2.17933e+02    1.91397e+03    2.64065e+03
     Coulomb-14        LJ (SR)  Disper. corr.   Coulomb (SR)   Coul. recip.
    7.75996e+03    7.30113e+04   -4.44920e+03   -5.59943e+05    3.02011e+03
 Position Rest.      Potential    Kinetic En.   Total Energy  Conserved En.
    5.07547e+02   -4.70055e+05    8.55439e+04   -3.84512e+05   -4.62463e+05
    Temperature Pres. DC (bar) Pressure (bar)   Constr. rmsd
    2.99269e+02   -2.14729e+02   -2.36820e+01    2.87178e-06


DD  step 13999  vol min/aver 0.631  load imb.: force  3.0%  pme mesh/force 1.026
           Step           Time
          14000       28.00000

   Energies (kJ/mol)
           Bond          Angle    Proper Dih. Ryckaert-Bell.          LJ-14
    1.43549e+03    3.69348e+03    2.74914e+02    1.79574e+03    2.69113e+03
     Coulomb-14        LJ (SR)  Disper. corr.   Coulomb (SR)   Coul. recip.
    7.75739e+03    7.25579e+04   -4.44920e+03   -5.60460e+05    3.10636e+03
 Position Rest.      Potential    Kinetic En.   Total Energy  Conserved En.
    5.36852e+02   -4.71060e+05    8.58482e+04   -3.85212e+05   -4.62468e+05
    Temperature Pres. DC (bar) Pressure (bar)   Constr. rmsd
    3.00334e+02   -2.14729e+02   -5.82031e+02    2.75713e-06


DD  step 14499  vol min/aver 0.644  load imb.: force  2.7%  pme mesh/force 1.029
           Step           Time
          14500       29.00000

   Energies (kJ/mol)
           Bond          Angle    Proper Dih. Ryckaert-Bell.          LJ-14
    1.59282e+03    3.70306e+03    2.49809e+02    2.00802e+03    2.69889e+03
     Coulomb-14        LJ (SR)  Disper. corr.   Coulomb (SR)   Coul. recip.
    7.76778e+03    7.35493e+04   -4.44920e+03   -5.60322e+05    3.07770e+03
 Position Rest.      Potential    Kinetic En.   Total Energy  Conserved En.
    4.96884e+02   -4.69627e+05    8.55235e+04   -3.84103e+05   -4.62449e+05
    Temperature Pres. DC (bar) Pressure (bar)   Constr. rmsd
    2.99198e+02   -2.14729e+02   -1.88524e+02    2.89018e-06


DD  step 14999  vol min/aver 0.641  load imb.: force  2.8%  pme mesh/force 1.027
           Step           Time
          15000       30.00000

   Energies (kJ/mol)
           Bond          Angle    Proper Dih. Ryckaert-Bell.          LJ-14
    1.44309e+03    3.82946e+03    2.40435e+02    1.82269e+03    2.71585e+03
     Coulomb-14        LJ (SR)  Disper. corr.   Coulomb (SR)   Coul. recip.
    7.72284e+03    7.51846e+04   -4.44920e+03   -5.62135e+05    3.00722e+03
 Position Rest.      Potential    Kinetic En.   Total Energy  Conserved En.
    5.38009e+02   -4.70080e+05    8.58551e+04   -3.84225e+05   -4.62454e+05
    Temperature Pres. DC (bar) Pressure (bar)   Constr. rmsd
    3.00358e+02   -2.14729e+02    2.84411e+02    2.84016e-06


DD  step 15499  vol min/aver 0.649  load imb.: force  2.7%  pme mesh/force 1.014
           Step           Time
          15500       31.00000

   Energies (kJ/mol)
           Bond          Angle    Proper Dih. Ryckaert-Bell.          LJ-14
    1.42053e+03    3.69025e+03    2.75013e+02    1.92126e+03    2.76489e+03
     Coulomb-14        LJ (SR)  Disper. corr.   Coulomb (SR)   Coul. recip.
    7.83954e+03    7.34490e+04   -4.44920e+03   -5.59470e+05    3.12517e+03
 Position Rest.      Potential    Kinetic En.   Total Energy  Conserved En.
    5.02357e+02   -4.68931e+05    8.56854e+04   -3.83245e+05   -4.62453e+05
    Temperature Pres. DC (bar) Pressure (bar)   Constr. rmsd
    2.99764e+02   -2.14729e+02    1.60654e+01    2.87617e-06


DD  step 15999  vol min/aver 0.656  load imb.: force  3.1%  pme mesh/force 1.018
           Step           Time
          16000       32.00000

   Energies (kJ/mol)
           Bond          Angle    Proper Dih. Ryckaert-Bell.          LJ-14
    1.40296e+03    3.61155e+03    2.61868e+02    1.82644e+03    2.73198e+03
     Coulomb-14        LJ (SR)  Disper. corr.   Coulomb (SR)   Coul. recip.
    7.73815e+03    7.33909e+04   -4.44920e+03   -5.59649e+05    3.05835e+03
 Position Rest.      Potential    Kinetic En.   Total Energy  Conserved En.
    5.10024e+02   -4.69566e+05    8.55888e+04   -3.83978e+05   -4.62463e+05
    Temperature Pres. DC (bar) Pressure (bar)   Constr. rmsd
    2.99426e+02   -2.14729e+02    1.26303e+02    3.04525e-06


DD  step 16499  vol min/aver 0.669  load imb.: force  3.5%  pme mesh/force 1.025
           Step           Time
          16500       33.00000

   Energies (kJ/mol)
           Bond          Angle    Proper Dih. Ryckaert-Bell.          LJ-14
    1.41381e+03    3.60059e+03    2.36607e+02    1.85693e+03    2.67625e+03
     Coulomb-14        LJ (SR)  Disper. corr.   Coulomb (SR)   Coul. recip.
    7.78651e+03    7.36114e+04   -4.44920e+03   -5.61338e+05    3.08263e+03
 Position Rest.      Potential    Kinetic En.   Total Energy  Conserved En.
    4.97090e+02   -4.71025e+05    8.52818e+04   -3.85743e+05   -4.62455e+05
    Temperature Pres. DC (bar) Pressure (bar)   Constr. rmsd
    2.98352e+02   -2.14729e+02   -1.66300e+02    2.91460e-06


DD  step 16999  vol min/aver 0.662  load imb.: force  3.4%  pme mesh/force 1.029
           Step           Time
          17000       34.00000

   Energies (kJ/mol)
           Bond          Angle    Proper Dih. Ryckaert-Bell.          LJ-14
    1.45652e+03    3.88257e+03    2.53978e+02    1.78597e+03    2.64373e+03
     Coulomb-14        LJ (SR)  Disper. corr.   Coulomb (SR)   Coul. recip.
    7.64399e+03    7.44423e+04   -4.44920e+03   -5.62369e+05    3.03140e+03
 Position Rest.      Potential    Kinetic En.   Total Energy  Conserved En.
    5.46685e+02   -4.71131e+05    8.60444e+04   -3.85087e+05   -4.62439e+05
    Temperature Pres. DC (bar) Pressure (bar)   Constr. rmsd
    3.01020e+02   -2.14729e+02   -3.69278e+02    2.95264e-06


DD  step 17499  vol min/aver 0.657  load imb.: force  2.9%  pme mesh/force 1.025
           Step           Time
          17500       35.00000

   Energies (kJ/mol)
           Bond          Angle    Proper Dih. Ryckaert-Bell.          LJ-14
    1.45312e+03    3.76737e+03    2.43975e+02    1.87219e+03    2.69398e+03
     Coulomb-14        LJ (SR)  Disper. corr.   Coulomb (SR)   Coul. recip.
    7.76281e+03    7.42971e+04   -4.44920e+03   -5.61459e+05    3.06762e+03
 Position Rest.      Potential    Kinetic En.   Total Energy  Conserved En.
    5.02824e+02   -4.70248e+05    8.55524e+04   -3.84695e+05   -4.62418e+05
    Temperature Pres. DC (bar) Pressure (bar)   Constr. rmsd
    2.99299e+02   -2.14729e+02    8.33432e+01    2.69428e-06


DD  step 17999  vol min/aver 0.684  load imb.: force  3.9%  pme mesh/force 1.018
           Step           Time
          18000       36.00000

   Energies (kJ/mol)
           Bond          Angle    Proper Dih. Ryckaert-Bell.          LJ-14
    1.36315e+03    3.58302e+03    2.60377e+02    1.81668e+03    2.67705e+03
     Coulomb-14        LJ (SR)  Disper. corr.   Coulomb (SR)   Coul. recip.
    7.75314e+03    7.51320e+04   -4.44920e+03   -5.63527e+05    3.11016e+03
 Position Rest.      Potential    Kinetic En.   Total Energy  Conserved En.
    4.55787e+02   -4.71825e+05    8.49127e+04   -3.86912e+05   -4.62434e+05
    Temperature Pres. DC (bar) Pressure (bar)   Constr. rmsd
    2.97061e+02   -2.14729e+02   -7.43090e+01    2.88620e-06


DD  step 18499  vol min/aver 0.647  load imb.: force  3.2%  pme mesh/force 1.017
           Step           Time
          18500       37.00000

   Energies (kJ/mol)
           Bond          Angle    Proper Dih. Ryckaert-Bell.          LJ-14
    1.50275e+03    3.58107e+03    2.43496e+02    1.83132e+03    2.60497e+03
     Coulomb-14        LJ (SR)  Disper. corr.   Coulomb (SR)   Coul. recip.
    7.69845e+03    7.39919e+04   -4.44920e+03   -5.61498e+05    2.98696e+03
 Position Rest.      Potential    Kinetic En.   Total Energy  Conserved En.
    5.25255e+02   -4.70981e+05    8.63735e+04   -3.84608e+05   -4.62451e+05
    Temperature Pres. DC (bar) Pressure (bar)   Constr. rmsd
    3.02171e+02   -2.14729e+02   -2.59461e+02    2.93766e-06


DD  step 18999  vol min/aver 0.662  load imb.: force  3.4%  pme mesh/force 1.020
           Step           Time
          19000       38.00000

   Energies (kJ/mol)
           Bond          Angle    Proper Dih. Ryckaert-Bell.          LJ-14
    1.44006e+03    3.79679e+03    2.36018e+02    1.79620e+03    2.65633e+03
     Coulomb-14        LJ (SR)  Disper. corr.   Coulomb (SR)   Coul. recip.
    7.75834e+03    7.40521e+04   -4.44920e+03   -5.61491e+05    3.03998e+03
 Position Rest.      Potential    Kinetic En.   Total Energy  Conserved En.
    4.91071e+02   -4.70673e+05    8.58726e+04   -3.84801e+05   -4.62432e+05
    Temperature Pres. DC (bar) Pressure (bar)   Constr. rmsd
    3.00419e+02   -2.14729e+02   -1.84726e+02    2.88977e-06


DD  step 19499  vol min/aver 0.658  load imb.: force  2.3%  pme mesh/force 1.020
           Step           Time
          19500       39.00000

   Energies (kJ/mol)
           Bond          Angle    Proper Dih. Ryckaert-Bell.          LJ-14
    1.48403e+03    3.72856e+03    2.19823e+02    1.86321e+03    2.68317e+03
     Coulomb-14        LJ (SR)  Disper. corr.   Coulomb (SR)   Coul. recip.
    7.71701e+03    7.43883e+04   -4.44920e+03   -5.61920e+05    3.03592e+03
 Position Rest.      Potential    Kinetic En.   Total Energy  Conserved En.
    5.55282e+02   -4.70694e+05    8.62212e+04   -3.84473e+05   -4.62429e+05
    Temperature Pres. DC (bar) Pressure (bar)   Constr. rmsd
    3.01638e+02   -2.14729e+02    9.31925e+01    3.14793e-06


DD  step 19999  vol min/aver 0.662  load imb.: force  3.3%  pme mesh/force 1.033
           Step           Time
          20000       40.00000

   Energies (kJ/mol)
           Bond          Angle    Proper Dih. Ryckaert-Bell.          LJ-14
    1.45993e+03    3.59769e+03    2.76123e+02    1.86313e+03    2.63153e+03
     Coulomb-14        LJ (SR)  Disper. corr.   Coulomb (SR)   Coul. recip.
    7.65735e+03    7.28755e+04   -4.44920e+03   -5.60631e+05    3.04868e+03
 Position Rest.      Potential    Kinetic En.   Total Energy  Conserved En.
    4.56066e+02   -4.71214e+05    8.58798e+04   -3.85335e+05   -4.62446e+05
    Temperature Pres. DC (bar) Pressure (bar)   Constr. rmsd
    3.00444e+02   -2.14729e+02   -3.46660e+02    2.79071e-06


DD  step 20499  vol min/aver 0.657  load imb.: force  4.4%  pme mesh/force 1.033
           Step           Time
          20500       41.00000

   Energies (kJ/mol)
           Bond          Angle    Proper Dih. Ryckaert-Bell.          LJ-14
    1.45486e+03    3.73740e+03    2.37690e+02    1.87265e+03    2.72259e+03
     Coulomb-14        LJ (SR)  Disper. corr.   Coulomb (SR)   Coul. recip.
    7.79949e+03    7.42524e+04   -4.44920e+03   -5.61660e+05    3.04729e+03
 Position Rest.      Potential    Kinetic En.   Total Energy  Conserved En.
    4.70166e+02   -4.70514e+05    8.57054e+04   -3.84809e+05   -4.62424e+05
    Temperature Pres. DC (bar) Pressure (bar)   Constr. rmsd
    2.99834e+02   -2.14729e+02   -2.87389e+02    2.71846e-06


DD  step 20999  vol min/aver 0.676  load imb.: force  7.1%  pme mesh/force 1.027
           Step           Time
          21000       42.00000

   Energies (kJ/mol)
           Bond          Angle    Proper Dih. Ryckaert-Bell.          LJ-14
    1.35819e+03    3.83543e+03    2.26321e+02    1.75396e+03    2.76745e+03
     Coulomb-14        LJ (SR)  Disper. corr.   Coulomb (SR)   Coul. recip.
    7.90252e+03    7.47734e+04   -4.44920e+03   -5.62094e+05    3.01749e+03
 Position Rest.      Potential    Kinetic En.   Total Energy  Conserved En.
    4.97271e+02   -4.70411e+05    8.59007e+04   -3.84510e+05   -4.62411e+05
    Temperature Pres. DC (bar) Pressure (bar)   Constr. rmsd
    3.00517e+02   -2.14729e+02    2.37785e+02    3.06540e-06


DD  step 21499  vol min/aver 0.684  load imb.: force  2.8%  pme mesh/force 1.041
           Step           Time
          21500       43.00000

   Energies (kJ/mol)
           Bond          Angle    Proper Dih. Ryckaert-Bell.          LJ-14
    1.38952e+03    3.98571e+03    2.54684e+02    1.75750e+03    2.62195e+03
     Coulomb-14        LJ (SR)  Disper. corr.   Coulomb (SR)   Coul. recip.
    7.71576e+03    7.37888e+04   -4.44920e+03   -5.61929e+05    3.10601e+03
 Position Rest.      Potential    Kinetic En.   Total Energy  Conserved En.
    4.74938e+02   -4.71283e+05    8.62363e+04   -3.85047e+05   -4.62407e+05
    Temperature Pres. DC (bar) Pressure (bar)   Constr. rmsd
    3.01691e+02   -2.14729e+02   -2.75884e+01    3.05652e-06


DD  step 21999  vol min/aver 0.670  load imb.: force  3.5%  pme mesh/force 1.015
           Step           Time
          22000       44.00000

   Energies (kJ/mol)
           Bond          Angle    Proper Dih. Ryckaert-Bell.          LJ-14
    1.49323e+03    3.82238e+03    2.37321e+02    1.91172e+03    2.64645e+03
     Coulomb-14        LJ (SR)  Disper. corr.   Coulomb (SR)   Coul. recip.
    7.66509e+03    7.37070e+04   -4.44920e+03   -5.60007e+05    3.04478e+03
 Position Rest.      Potential    Kinetic En.   Total Energy  Conserved En.
    5.04480e+02   -4.69424e+05    8.61256e+04   -3.83299e+05   -4.62419e+05
    Temperature Pres. DC (bar) Pressure (bar)   Constr. rmsd
    3.01304e+02   -2.14729e+02   -2.46434e+02    2.81400e-06


DD  step 22499  vol min/aver 0.627  load imb.: force  4.7%  pme mesh/force 1.012
           Step           Time
          22500       45.00000

   Energies (kJ/mol)
           Bond          Angle    Proper Dih. Ryckaert-Bell.          LJ-14
    1.55435e+03    3.66095e+03    2.22568e+02    1.86376e+03    2.63366e+03
     Coulomb-14        LJ (SR)  Disper. corr.   Coulomb (SR)   Coul. recip.
    7.82136e+03    7.26046e+04   -4.44920e+03   -5.58950e+05    3.13294e+03
 Position Rest.      Potential    Kinetic En.   Total Energy  Conserved En.
    4.63507e+02   -4.69442e+05    8.46552e+04   -3.84787e+05   -4.62411e+05
    Temperature Pres. DC (bar) Pressure (bar)   Constr. rmsd
    2.96160e+02   -2.14729e+02   -4.78580e+02    2.81934e-06


DD  step 22999  vol min/aver 0.671  load imb.: force  4.1%  pme mesh/force 1.029
           Step           Time
          23000       46.00000

   Energies (kJ/mol)
           Bond          Angle    Proper Dih. Ryckaert-Bell.          LJ-14
    1.48733e+03    3.58310e+03    2.49970e+02    1.86576e+03    2.71718e+03
     Coulomb-14        LJ (SR)  Disper. corr.   Coulomb (SR)   Coul. recip.
    7.75020e+03    7.35228e+04   -4.44920e+03   -5.60988e+05    3.10757e+03
 Position Rest.      Potential    Kinetic En.   Total Energy  Conserved En.
    4.60913e+02   -4.70693e+05    8.52669e+04   -3.85426e+05   -4.62409e+05
    Temperature Pres. DC (bar) Pressure (bar)   Constr. rmsd
    2.98300e+02   -2.14729e+02    3.95507e+01    3.26840e-06


DD  step 23499  vol min/aver 0.665  load imb.: force  4.5%  pme mesh/force 1.019
           Step           Time
          23500       47.00000

   Energies (kJ/mol)
           Bond          Angle    Proper Dih. Ryckaert-Bell.          LJ-14
    1.44887e+03    3.59858e+03    2.18903e+02    1.79088e+03    2.65440e+03
     Coulomb-14        LJ (SR)  Disper. corr.   Coulomb (SR)   Coul. recip.
    7.73097e+03    7.29588e+04   -4.44920e+03   -5.60007e+05    2.95257e+03
 Position Rest.      Potential    Kinetic En.   Total Energy  Conserved En.
    4.54123e+02   -4.70649e+05    8.56733e+04   -3.84975e+05   -4.62409e+05
    Temperature Pres. DC (bar) Pressure (bar)   Constr. rmsd
    2.99722e+02   -2.14729e+02   -2.36302e+02    2.89146e-06


DD  step 23999  vol min/aver 0.665  load imb.: force  3.4%  pme mesh/force 1.029
           Step           Time
          24000       48.00000

   Energies (kJ/mol)
           Bond          Angle    Proper Dih. Ryckaert-Bell.          LJ-14
    1.55363e+03    3.69411e+03    2.40562e+02    1.81233e+03    2.66068e+03
     Coulomb-14        LJ (SR)  Disper. corr.   Coulomb (SR)   Coul. recip.
    7.72375e+03    7.39092e+04   -4.44920e+03   -5.62167e+05    3.06275e+03
 Position Rest.      Potential    Kinetic En.   Total Energy  Conserved En.
    4.86881e+02   -4.71472e+05    8.54260e+04   -3.86046e+05   -4.62383e+05
    Temperature Pres. DC (bar) Pressure (bar)   Constr. rmsd
    2.98857e+02   -2.14729e+02   -7.66992e+01    2.57427e-06


DD  step 24499  vol min/aver 0.677  load imb.: force  3.1%  pme mesh/force 1.027
           Step           Time
          24500       49.00000

   Energies (kJ/mol)
           Bond          Angle    Proper Dih. Ryckaert-Bell.          LJ-14
    1.47015e+03    3.69850e+03    2.54329e+02    1.78444e+03    2.65325e+03
     Coulomb-14        LJ (SR)  Disper. corr.   Coulomb (SR)   Coul. recip.
    7.73395e+03    7.42162e+04   -4.44920e+03   -5.61100e+05    3.08467e+03
 Position Rest.      Potential    Kinetic En.   Total Energy  Conserved En.
    4.63349e+02   -4.70190e+05    8.55968e+04   -3.84593e+05   -4.62399e+05
    Temperature Pres. DC (bar) Pressure (bar)   Constr. rmsd
    2.99454e+02   -2.14729e+02   -7.39586e+01    2.85652e-06


DD  step 24999  vol min/aver 0.673  load imb.: force  3.4%  pme mesh/force 1.018
           Step           Time
          25000       50.00000

   Energies (kJ/mol)
           Bond          Angle    Proper Dih. Ryckaert-Bell.          LJ-14
    1.46432e+03    3.61040e+03    2.75134e+02    1.88480e+03    2.73566e+03
     Coulomb-14        LJ (SR)  Disper. corr.   Coulomb (SR)   Coul. recip.
    7.77200e+03    7.38601e+04   -4.44920e+03   -5.60205e+05    3.08121e+03
 Position Rest.      Potential    Kinetic En.   Total Energy  Conserved En.
    4.57198e+02   -4.69513e+05    8.57821e+04   -3.83731e+05   -4.62391e+05
    Temperature Pres. DC (bar) Pressure (bar)   Constr. rmsd
    3.00102e+02   -2.14729e+02   -1.14616e+02    2.86066e-06


DD  step 25499  vol min/aver 0.662  load imb.: force  3.8%  pme mesh/force 1.029
           Step           Time
          25500       51.00000

   Energies (kJ/mol)
           Bond          Angle    Proper Dih. Ryckaert-Bell.          LJ-14
    1.40461e+03    3.71640e+03    2.66926e+02    1.88181e+03    2.75264e+03
     Coulomb-14        LJ (SR)  Disper. corr.   Coulomb (SR)   Coul. recip.
    7.80739e+03    7.48330e+04   -4.44920e+03   -5.61680e+05    3.00806e+03
 Position Rest.      Potential    Kinetic En.   Total Energy  Conserved En.
    5.19774e+02   -4.69939e+05    8.60187e+04   -3.83920e+05   -4.62390e+05
    Temperature Pres. DC (bar) Pressure (bar)   Constr. rmsd
    3.00930e+02   -2.14729e+02    6.45359e+01    3.00721e-06


DD  step 25999  vol min/aver 0.662  load imb.: force  3.0%  pme mesh/force 1.043
           Step           Time
          26000       52.00000

   Energies (kJ/mol)
           Bond          Angle    Proper Dih. Ryckaert-Bell.          LJ-14
    1.40428e+03    3.81986e+03    2.36510e+02    1.82847e+03    2.71636e+03
     Coulomb-14        LJ (SR)  Disper. corr.   Coulomb (SR)   Coul. recip.
    7.77168e+03    7.29482e+04   -4.44920e+03   -5.59503e+05    3.05199e+03
 Position Rest.      Potential    Kinetic En.   Total Energy  Conserved En.
    5.18589e+02   -4.69656e+05    8.66188e+04   -3.83038e+05   -4.62389e+05
    Temperature Pres. DC (bar) Pressure (bar)   Constr. rmsd
    3.03029e+02   -2.14729e+02   -2.04388e+02    2.73957e-06


DD  step 26499  vol min/aver 0.665  load imb.: force  3.6%  pme mesh/force 1.029
           Step           Time
          26500       53.00000

   Energies (kJ/mol)
           Bond          Angle    Proper Dih. Ryckaert-Bell.          LJ-14
    1.37293e+03    3.69519e+03    2.88849e+02    1.77917e+03    2.65801e+03
     Coulomb-14        LJ (SR)  Disper. corr.   Coulomb (SR)   Coul. recip.
    7.79115e+03    7.42816e+04   -4.44920e+03   -5.61481e+05    3.00984e+03
 Position Rest.      Potential    Kinetic En.   Total Energy  Conserved En.
    5.19646e+02   -4.70533e+05    8.43862e+04   -3.86147e+05   -4.62370e+05
    Temperature Pres. DC (bar) Pressure (bar)   Constr. rmsd
    2.95219e+02   -2.14729e+02   -1.37714e+02    2.71995e-06


DD  step 26999  vol min/aver 0.657  load imb.: force  3.3%  pme mesh/force 1.034
           Step           Time
          27000       54.00000

   Energies (kJ/mol)
           Bond          Angle    Proper Dih. Ryckaert-Bell.          LJ-14
    1.34863e+03    3.73812e+03    2.45392e+02    1.84901e+03    2.71950e+03
     Coulomb-14        LJ (SR)  Disper. corr.   Coulomb (SR)   Coul. recip.
    7.67457e+03    7.38949e+04   -4.44920e+03   -5.61281e+05    3.06195e+03
 Position Rest.      Potential    Kinetic En.   Total Energy  Conserved En.
    4.69758e+02   -4.70728e+05    8.54505e+04   -3.85278e+05   -4.62390e+05
    Temperature Pres. DC (bar) Pressure (bar)   Constr. rmsd
    2.98942e+02   -2.14729e+02    6.27688e+01    2.66380e-06


DD  step 27499  vol min/aver 0.668  load imb.: force  3.2%  pme mesh/force 1.024
           Step           Time
          27500       55.00000

   Energies (kJ/mol)
           Bond          Angle    Proper Dih. Ryckaert-Bell.          LJ-14
    1.43763e+03    3.82545e+03    2.43010e+02    1.83957e+03    2.67890e+03
     Coulomb-14        LJ (SR)  Disper. corr.   Coulomb (SR)   Coul. recip.
    7.66668e+03    7.27100e+04   -4.44920e+03   -5.59396e+05    3.14636e+03
 Position Rest.      Potential    Kinetic En.   Total Energy  Conserved En.
    5.05991e+02   -4.69791e+05    8.55195e+04   -3.84272e+05   -4.62370e+05
    Temperature Pres. DC (bar) Pressure (bar)   Constr. rmsd
    2.99184e+02   -2.14729e+02   -3.55739e+02    3.16725e-06


DD  step 27999  vol min/aver 0.676  load imb.: force  2.7%  pme mesh/force 1.028
           Step           Time
          28000       56.00000

   Energies (kJ/mol)
           Bond          Angle    Proper Dih. Ryckaert-Bell.          LJ-14
    1.48569e+03    3.62750e+03    2.59976e+02    1.88121e+03    2.74408e+03
     Coulomb-14        LJ (SR)  Disper. corr.   Coulomb (SR)   Coul. recip.
    7.78276e+03    7.38775e+04   -4.44920e+03   -5.60142e+05    3.07784e+03
 Position Rest.      Potential    Kinetic En.   Total Energy  Conserved En.
    5.49366e+02   -4.69306e+05    8.57890e+04   -3.83517e+05   -4.62381e+05
    Temperature Pres. DC (bar) Pressure (bar)   Constr. rmsd
    3.00126e+02   -2.14729e+02   -2.72202e+01    2.65357e-06


DD  step 28499  vol min/aver 0.660  load imb.: force  2.9%  pme mesh/force 1.034
           Step           Time
          28500       57.00000

   Energies (kJ/mol)
           Bond          Angle    Proper Dih. Ryckaert-Bell.          LJ-14
    1.53345e+03    3.85629e+03    2.19029e+02    1.86645e+03    2.60704e+03
     Coulomb-14        LJ (SR)  Disper. corr.   Coulomb (SR)   Coul. recip.
    7.71559e+03    7.38151e+04   -4.44920e+03   -5.60694e+05    3.07421e+03
 Position Rest.      Potential    Kinetic En.   Total Energy  Conserved En.
    5.46537e+02   -4.69909e+05    8.56919e+04   -3.84218e+05   -4.62368e+05
    Temperature Pres. DC (bar) Pressure (bar)   Constr. rmsd
    2.99787e+02   -2.14729e+02   -2.14806e+02    3.18532e-06


DD  step 28999  vol min/aver 0.680  load imb.: force  3.8%  pme mesh/force 1.034
           Step           Time
          29000       58.00000

   Energies (kJ/mol)
           Bond          Angle    Proper Dih. Ryckaert-Bell.          LJ-14
    1.43518e+03    3.60109e+03    2.63431e+02    1.84635e+03    2.67817e+03
     Coulomb-14        LJ (SR)  Disper. corr.   Coulomb (SR)   Coul. recip.
    7.82206e+03    7.35774e+04   -4.44920e+03   -5.61558e+05    3.03435e+03
 Position Rest.      Potential    Kinetic En.   Total Energy  Conserved En.
    4.79574e+02   -4.71270e+05    8.50373e+04   -3.86232e+05   -4.62375e+05
    Temperature Pres. DC (bar) Pressure (bar)   Constr. rmsd
    2.97497e+02   -2.14729e+02    5.91157e+01    2.83573e-06


DD  step 29499  vol min/aver 0.681  load imb.: force  2.7%  pme mesh/force 1.041
           Step           Time
          29500       59.00000

   Energies (kJ/mol)
           Bond          Angle    Proper Dih. Ryckaert-Bell.          LJ-14
    1.51051e+03    3.84388e+03    2.59600e+02    1.86017e+03    2.69878e+03
     Coulomb-14        LJ (SR)  Disper. corr.   Coulomb (SR)   Coul. recip.
    7.81186e+03    7.48565e+04   -4.44920e+03   -5.62536e+05    2.97565e+03
 Position Rest.      Potential    Kinetic En.   Total Energy  Conserved En.
    5.27650e+02   -4.70641e+05    8.60078e+04   -3.84633e+05   -4.62338e+05
    Temperature Pres. DC (bar) Pressure (bar)   Constr. rmsd
    3.00892e+02   -2.14729e+02    1.49126e+01    2.82700e-06


DD  step 29999  vol min/aver 0.667  load imb.: force  8.1%  pme mesh/force 1.067
           Step           Time
          30000       60.00000

   Energies (kJ/mol)
           Bond          Angle    Proper Dih. Ryckaert-Bell.          LJ-14
    1.42224e+03    3.75633e+03    2.46256e+02    1.88158e+03    2.64801e+03
     Coulomb-14        LJ (SR)  Disper. corr.   Coulomb (SR)   Coul. recip.
    7.65712e+03    7.47351e+04   -4.44920e+03   -5.63787e+05    3.02670e+03
 Position Rest.      Potential    Kinetic En.   Total Energy  Conserved En.
    5.31407e+02   -4.72332e+05    8.59745e+04   -3.86357e+05   -4.62358e+05
    Temperature Pres. DC (bar) Pressure (bar)   Constr. rmsd
    3.00775e+02   -2.14729e+02    1.08458e+00    2.56323e-06


DD  step 30499  vol min/aver 0.647  load imb.: force  3.5%  pme mesh/force 1.018
           Step           Time
          30500       61.00000

   Energies (kJ/mol)
           Bond          Angle    Proper Dih. Ryckaert-Bell.          LJ-14
    1.40740e+03    3.60498e+03    2.48304e+02    1.79404e+03    2.67233e+03
     Coulomb-14        LJ (SR)  Disper. corr.   Coulomb (SR)   Coul. recip.
    7.75952e+03    7.48817e+04   -4.44920e+03   -5.63548e+05    3.00560e+03
 Position Rest.      Potential    Kinetic En.   Total Energy  Conserved En.
    5.35815e+02   -4.72087e+05    8.57560e+04   -3.86331e+05   -4.62359e+05
    Temperature Pres. DC (bar) Pressure (bar)   Constr. rmsd
    3.00011e+02   -2.14729e+02   -3.31489e+02    2.74004e-06


DD  step 30999  vol min/aver 0.647  load imb.: force  3.0%  pme mesh/force 1.025
           Step           Time
          31000       62.00000

   Energies (kJ/mol)
           Bond          Angle    Proper Dih. Ryckaert-Bell.          LJ-14
    1.37194e+03    3.69008e+03    3.00440e+02    1.86443e+03    2.70098e+03
     Coulomb-14        LJ (SR)  Disper. corr.   Coulomb (SR)   Coul. recip.
    7.72675e+03    7.33920e+04   -4.44920e+03   -5.60815e+05    3.04253e+03
 Position Rest.      Potential    Kinetic En.   Total Energy  Conserved En.
    5.01263e+02   -4.70673e+05    8.62908e+04   -3.84383e+05   -4.62358e+05
    Temperature Pres. DC (bar) Pressure (bar)   Constr. rmsd
    3.01882e+02   -2.14729e+02   -6.24579e+01    3.13696e-06


DD  step 31499  vol min/aver 0.653  load imb.: force  2.5%  pme mesh/force 1.028
           Step           Time
          31500       63.00000

   Energies (kJ/mol)
           Bond          Angle    Proper Dih. Ryckaert-Bell.          LJ-14
    1.44684e+03    3.70496e+03    2.58852e+02    1.91116e+03    2.65629e+03
     Coulomb-14        LJ (SR)  Disper. corr.   Coulomb (SR)   Coul. recip.
    7.76753e+03    7.30197e+04   -4.44920e+03   -5.59077e+05    3.08833e+03
 Position Rest.      Potential    Kinetic En.   Total Energy  Conserved En.
    5.18890e+02   -4.69154e+05    8.58940e+04   -3.83260e+05   -4.62345e+05
    Temperature Pres. DC (bar) Pressure (bar)   Constr. rmsd
    3.00494e+02   -2.14729e+02    6.84923e+01    2.91383e-06


DD  step 31999  vol min/aver 0.679  load imb.: force  2.8%  pme mesh/force 1.018
           Step           Time
          32000       64.00000

   Energies (kJ/mol)
           Bond          Angle    Proper Dih. Ryckaert-Bell.          LJ-14
    1.36049e+03    3.65523e+03    2.30293e+02    1.78390e+03    2.72436e+03
     Coulomb-14        LJ (SR)  Disper. corr.   Coulomb (SR)   Coul. recip.
    7.76782e+03    7.23667e+04   -4.44920e+03   -5.58973e+05    3.00825e+03
 Position Rest.      Potential    Kinetic En.   Total Energy  Conserved En.
    5.19757e+02   -4.70006e+05    8.59576e+04   -3.84048e+05   -4.62368e+05
    Temperature Pres. DC (bar) Pressure (bar)   Constr. rmsd
    3.00716e+02   -2.14729e+02   -3.28644e+02    2.98374e-06


DD  step 32499  vol min/aver 0.633  load imb.: force  5.8%  pme mesh/force 1.023
           Step           Time
          32500       65.00000

   Energies (kJ/mol)
           Bond          Angle    Proper Dih. Ryckaert-Bell.          LJ-14
    1.53176e+03    3.72930e+03    2.69431e+02    1.85926e+03    2.62491e+03
     Coulomb-14        LJ (SR)  Disper. corr.   Coulomb (SR)   Coul. recip.
    7.70762e+03    7.47425e+04   -4.44920e+03   -5.60903e+05    3.16289e+03
 Position Rest.      Potential    Kinetic En.   Total Energy  Conserved En.
    5.16935e+02   -4.69208e+05    8.62248e+04   -3.82983e+05   -4.62346e+05
    Temperature Pres. DC (bar) Pressure (bar)   Constr. rmsd
    3.01651e+02   -2.14729e+02   -9.34327e+01    2.63039e-06


DD  step 32999  vol min/aver 0.668  load imb.: force  4.0%  pme mesh/force 1.016
           Step           Time
          33000       66.00000

   Energies (kJ/mol)
           Bond          Angle    Proper Dih. Ryckaert-Bell.          LJ-14
    1.40991e+03    3.70290e+03    2.39414e+02    1.75623e+03    2.69093e+03
     Coulomb-14        LJ (SR)  Disper. corr.   Coulomb (SR)   Coul. recip.
    7.70944e+03    7.27216e+04   -4.44920e+03   -5.60159e+05    3.07771e+03
 Position Rest.      Potential    Kinetic En.   Total Energy  Conserved En.
    5.38357e+02   -4.70762e+05    8.50771e+04   -3.85685e+05   -4.62355e+05
    Temperature Pres. DC (bar) Pressure (bar)   Constr. rmsd
    2.97636e+02   -2.14729e+02   -1.76475e+02    2.66615e-06


DD  step 33499  vol min/aver 0.644  load imb.: force  3.4%  pme mesh/force 1.024
           Step           Time
          33500       67.00000

   Energies (kJ/mol)
           Bond          Angle    Proper Dih. Ryckaert-Bell.          LJ-14
    1.49209e+03    3.55982e+03    2.48600e+02    1.75722e+03    2.70685e+03
     Coulomb-14        LJ (SR)  Disper. corr.   Coulomb (SR)   Coul. recip.
    7.75927e+03    7.28486e+04   -4.44920e+03   -5.60574e+05    3.06716e+03
 Position Rest.      Potential    Kinetic En.   Total Energy  Conserved En.
    4.70054e+02   -4.71113e+05    8.58618e+04   -3.85252e+05   -4.62354e+05
    Temperature Pres. DC (bar) Pressure (bar)   Constr. rmsd
    3.00381e+02   -2.14729e+02   -4.86996e+02    2.76953e-06


DD  step 33999  vol min/aver 0.643  load imb.: force  4.8%  pme mesh/force 1.008
           Step           Time
          34000       68.00000

   Energies (kJ/mol)
           Bond          Angle    Proper Dih. Ryckaert-Bell.          LJ-14
    1.47820e+03    3.74210e+03    2.28225e+02    1.84170e+03    2.75777e+03
     Coulomb-14        LJ (SR)  Disper. corr.   Coulomb (SR)   Coul. recip.
    7.75029e+03    7.33094e+04   -4.44920e+03   -5.59298e+05    3.08963e+03
 Position Rest.      Potential    Kinetic En.   Total Energy  Conserved En.
    5.54389e+02   -4.68995e+05    8.61430e+04   -3.82852e+05   -4.62340e+05
    Temperature Pres. DC (bar) Pressure (bar)   Constr. rmsd
    3.01365e+02   -2.14729e+02    7.10031e+01    2.93118e-06


DD  step 34499  vol min/aver 0.618  load imb.: force  5.3%  pme mesh/force 1.022
           Step           Time
          34500       69.00000

   Energies (kJ/mol)
           Bond          Angle    Proper Dih. Ryckaert-Bell.          LJ-14
    1.54773e+03    3.72207e+03    2.38407e+02    1.81017e+03    2.66697e+03
     Coulomb-14        LJ (SR)  Disper. corr.   Coulomb (SR)   Coul. recip.
    7.75797e+03    7.33921e+04   -4.44920e+03   -5.59475e+05    3.12757e+03
 Position Rest.      Potential    Kinetic En.   Total Energy  Conserved En.
    4.73066e+02   -4.69188e+05    8.56881e+04   -3.83500e+05   -4.62324e+05
    Temperature Pres. DC (bar) Pressure (bar)   Constr. rmsd
    2.99773e+02   -2.14729e+02   -1.18975e+02    2.78264e-06


DD  step 34999  vol min/aver 0.637  load imb.: force  3.0%  pme mesh/force 1.028
           Step           Time
          35000       70.00000

   Energies (kJ/mol)
           Bond          Angle    Proper Dih. Ryckaert-Bell.          LJ-14
    1.47909e+03    3.57640e+03    2.83784e+02    1.83565e+03    2.64359e+03
     Coulomb-14        LJ (SR)  Disper. corr.   Coulomb (SR)   Coul. recip.
    7.70562e+03    7.40873e+04   -4.44920e+03   -5.61611e+05    3.06569e+03
 Position Rest.      Potential    Kinetic En.   Total Energy  Conserved En.
    4.38565e+02   -4.70945e+05    8.56704e+04   -3.85274e+05   -4.62341e+05
    Temperature Pres. DC (bar) Pressure (bar)   Constr. rmsd
    2.99711e+02   -2.14729e+02   -2.12653e+02    3.05995e-06


DD  step 35499  vol min/aver 0.681  load imb.: force  3.3%  pme mesh/force 1.021
           Step           Time
          35500       71.00000

   Energies (kJ/mol)
           Bond          Angle    Proper Dih. Ryckaert-Bell.          LJ-14
    1.40280e+03    3.75490e+03    2.54273e+02    1.82846e+03    2.72519e+03
     Coulomb-14        LJ (SR)  Disper. corr.   Coulomb (SR)   Coul. recip.
    7.72996e+03    7.23164e+04   -4.44920e+03   -5.59320e+05    3.13026e+03
 Position Rest.      Potential    Kinetic En.   Total Energy  Conserved En.
    5.21369e+02   -4.70105e+05    8.60019e+04   -3.84104e+05   -4.62338e+05
    Temperature Pres. DC (bar) Pressure (bar)   Constr. rmsd
    3.00871e+02   -2.14729e+02   -1.55873e+02    3.07397e-06


DD  step 35999  vol min/aver 0.652  load imb.: force  3.3%  pme mesh/force 1.005
           Step           Time
          36000       72.00000

   Energies (kJ/mol)
           Bond          Angle    Proper Dih. Ryckaert-Bell.          LJ-14
    1.47000e+03    3.66338e+03    2.46833e+02    1.90627e+03    2.64450e+03
     Coulomb-14        LJ (SR)  Disper. corr.   Coulomb (SR)   Coul. recip.
    7.70846e+03    7.37509e+04   -4.44920e+03   -5.61663e+05    3.09721e+03
 Position Rest.      Potential    Kinetic En.   Total Energy  Conserved En.
    4.84509e+02   -4.71140e+05    8.65872e+04   -3.84553e+05   -4.62328e+05
    Temperature Pres. DC (bar) Pressure (bar)   Constr. rmsd
    3.02919e+02   -2.14729e+02   -1.44872e+02    3.03082e-06


DD  step 36499  vol min/aver 0.668  load imb.: force  3.5%  pme mesh/force 1.014
           Step           Time
          36500       73.00000

   Energies (kJ/mol)
           Bond          Angle    Proper Dih. Ryckaert-Bell.          LJ-14
    1.47110e+03    3.56551e+03    2.30646e+02    1.86832e+03    2.74935e+03
     Coulomb-14        LJ (SR)  Disper. corr.   Coulomb (SR)   Coul. recip.
    7.83991e+03    7.39465e+04   -4.44920e+03   -5.60913e+05    3.05558e+03
 Position Rest.      Potential    Kinetic En.   Total Energy  Conserved En.
    4.80118e+02   -4.70155e+05    8.54121e+04   -3.84743e+05   -4.62327e+05
    Temperature Pres. DC (bar) Pressure (bar)   Constr. rmsd
    2.98808e+02   -2.14729e+02   -2.95242e+01    2.85767e-06


DD  step 36999  vol min/aver 0.716  load imb.: force  4.0%  pme mesh/force 1.017
           Step           Time
          37000       74.00000

   Energies (kJ/mol)
           Bond          Angle    Proper Dih. Ryckaert-Bell.          LJ-14
    1.43554e+03    3.59753e+03    2.40820e+02    1.81631e+03    2.74613e+03
     Coulomb-14        LJ (SR)  Disper. corr.   Coulomb (SR)   Coul. recip.
    7.72698e+03    7.37476e+04   -4.44920e+03   -5.60929e+05    2.96451e+03
 Position Rest.      Potential    Kinetic En.   Total Energy  Conserved En.
    4.92186e+02   -4.70611e+05    8.58988e+04   -3.84712e+05   -4.62322e+05
    Temperature Pres. DC (bar) Pressure (bar)   Constr. rmsd
    3.00511e+02   -2.14729e+02    1.06463e+02    2.71926e-06


DD  step 37499  vol min/aver 0.664  load imb.: force  2.7%  pme mesh/force 1.027
           Step           Time
          37500       75.00000

   Energies (kJ/mol)
           Bond          Angle    Proper Dih. Ryckaert-Bell.          LJ-14
    1.45742e+03    3.75438e+03    2.61523e+02    1.87241e+03    2.72261e+03
     Coulomb-14        LJ (SR)  Disper. corr.   Coulomb (SR)   Coul. recip.
    7.66682e+03    7.43717e+04   -4.44920e+03   -5.61362e+05    3.03752e+03
 Position Rest.      Potential    Kinetic En.   Total Energy  Conserved En.
    5.21671e+02   -4.70145e+05    8.51356e+04   -3.85009e+05   -4.62295e+05
    Temperature Pres. DC (bar) Pressure (bar)   Constr. rmsd
    2.97841e+02   -2.14729e+02   -1.57913e+01    2.76652e-06


DD  step 37999  vol min/aver 0.679  load imb.: force  3.5%  pme mesh/force 1.030
           Step           Time
          38000       76.00000

   Energies (kJ/mol)
           Bond          Angle    Proper Dih. Ryckaert-Bell.          LJ-14
    1.46713e+03    3.70064e+03    2.43454e+02    1.88664e+03    2.67677e+03
     Coulomb-14        LJ (SR)  Disper. corr.   Coulomb (SR)   Coul. recip.
    7.68039e+03    7.21316e+04   -4.44920e+03   -5.59385e+05    3.03237e+03
 Position Rest.      Potential    Kinetic En.   Total Energy  Conserved En.
    4.55676e+02   -4.70560e+05    8.60356e+04   -3.84524e+05   -4.62335e+05
    Temperature Pres. DC (bar) Pressure (bar)   Constr. rmsd
    3.00989e+02   -2.14729e+02   -2.46748e+02    2.73007e-06


DD  step 38499  vol min/aver 0.669  load imb.: force  2.4%  pme mesh/force 1.043
           Step           Time
          38500       77.00000

   Energies (kJ/mol)
           Bond          Angle    Proper Dih. Ryckaert-Bell.          LJ-14
    1.39081e+03    3.66726e+03    2.40571e+02    1.93115e+03    2.74109e+03
     Coulomb-14        LJ (SR)  Disper. corr.   Coulomb (SR)   Coul. recip.
    7.72441e+03    7.40953e+04   -4.44920e+03   -5.60734e+05    3.01863e+03
 Position Rest.      Potential    Kinetic En.   Total Energy  Conserved En.
    5.20126e+02   -4.69854e+05    8.53631e+04   -3.84491e+05   -4.62318e+05
    Temperature Pres. DC (bar) Pressure (bar)   Constr. rmsd
    2.98636e+02   -2.14729e+02    1.21300e+01    2.98087e-06


DD  step 38999  vol min/aver 0.701  load imb.: force  3.8%  pme mesh/force 1.021
           Step           Time
          39000       78.00000

   Energies (kJ/mol)
           Bond          Angle    Proper Dih. Ryckaert-Bell.          LJ-14
    1.36043e+03    3.76011e+03    2.24932e+02    1.81061e+03    2.75683e+03
     Coulomb-14        LJ (SR)  Disper. corr.   Coulomb (SR)   Coul. recip.
    7.73723e+03    7.35645e+04   -4.44920e+03   -5.60789e+05    3.12014e+03
 Position Rest.      Potential    Kinetic En.   Total Energy  Conserved En.
    4.30463e+02   -4.70473e+05    8.52292e+04   -3.85244e+05   -4.62302e+05
    Temperature Pres. DC (bar) Pressure (bar)   Constr. rmsd
    2.98168e+02   -2.14729e+02   -2.10054e+02    2.96337e-06


DD  step 39499  vol min/aver 0.673  load imb.: force  3.5%  pme mesh/force 1.014
           Step           Time
          39500       79.00000

   Energies (kJ/mol)
           Bond          Angle    Proper Dih. Ryckaert-Bell.          LJ-14
    1.49702e+03    3.79690e+03    2.71161e+02    1.85019e+03    2.69830e+03
     Coulomb-14        LJ (SR)  Disper. corr.   Coulomb (SR)   Coul. recip.
    7.76902e+03    7.38107e+04   -4.44920e+03   -5.60495e+05    3.18731e+03
 Position Rest.      Potential    Kinetic En.   Total Energy  Conserved En.
    5.38374e+02   -4.69525e+05    8.60040e+04   -3.83521e+05   -4.62314e+05
    Temperature Pres. DC (bar) Pressure (bar)   Constr. rmsd
    3.00878e+02   -2.14729e+02    8.81752e+01    2.91068e-06


DD  step 39999  vol min/aver 0.681  load imb.: force  3.0%  pme mesh/force 1.026
           Step           Time
          40000       80.00000

   Energies (kJ/mol)
           Bond          Angle    Proper Dih. Ryckaert-Bell.          LJ-14
    1.41212e+03    3.56795e+03    2.40776e+02    1.77567e+03    2.68911e+03
     Coulomb-14        LJ (SR)  Disper. corr.   Coulomb (SR)   Coul. recip.
    7.78919e+03    7.28095e+04   -4.44920e+03   -5.60466e+05    3.07458e+03
 Position Rest.      Potential    Kinetic En.   Total Energy  Conserved En.
    5.24576e+02   -4.71032e+05    8.53107e+04   -3.85721e+05   -4.62325e+05
    Temperature Pres. DC (bar) Pressure (bar)   Constr. rmsd
    2.98453e+02   -2.14729e+02   -2.98014e+02    2.75500e-06


DD  step 40499  vol min/aver 0.665  load imb.: force  3.5%  pme mesh/force 1.022
           Step           Time
          40500       81.00000

   Energies (kJ/mol)
           Bond          Angle    Proper Dih. Ryckaert-Bell.          LJ-14
    1.46327e+03    3.68153e+03    2.53750e+02    1.89525e+03    2.75511e+03
     Coulomb-14        LJ (SR)  Disper. corr.   Coulomb (SR)   Coul. recip.
    7.73029e+03    7.29492e+04   -4.44920e+03   -5.59774e+05    3.06125e+03
 Position Rest.      Potential    Kinetic En.   Total Energy  Conserved En.
    4.79934e+02   -4.69953e+05    8.61723e+04   -3.83781e+05   -4.62328e+05
    Temperature Pres. DC (bar) Pressure (bar)   Constr. rmsd
    3.01467e+02   -2.14729e+02   -1.29162e+02    2.62128e-06


DD  step 40999  vol min/aver 0.660  load imb.: force  2.1%  pme mesh/force 1.032
           Step           Time
          41000       82.00000

   Energies (kJ/mol)
           Bond          Angle    Proper Dih. Ryckaert-Bell.          LJ-14
    1.51183e+03    3.68194e+03    2.74453e+02    1.89838e+03    2.75395e+03
     Coulomb-14        LJ (SR)  Disper. corr.   Coulomb (SR)   Coul. recip.
    7.72254e+03    7.26341e+04   -4.44920e+03   -5.59507e+05    3.10232e+03
 Position Rest.      Potential    Kinetic En.   Total Energy  Conserved En.
    4.97451e+02   -4.69880e+05    8.55938e+04   -3.84286e+05   -4.62315e+05
    Temperature Pres. DC (bar) Pressure (bar)   Constr. rmsd
    2.99444e+02   -2.14729e+02   -2.97470e+02    2.78599e-06


DD  step 41499  vol min/aver 0.657  load imb.: force  3.3%  pme mesh/force 1.018
           Step           Time
          41500       83.00000

   Energies (kJ/mol)
           Bond          Angle    Proper Dih. Ryckaert-Bell.          LJ-14
    1.37048e+03    3.55867e+03    2.69587e+02    1.87171e+03    2.75748e+03
     Coulomb-14        LJ (SR)  Disper. corr.   Coulomb (SR)   Coul. recip.
    7.80489e+03    7.36874e+04   -4.44920e+03   -5.61377e+05    3.04245e+03
 Position Rest.      Potential    Kinetic En.   Total Energy  Conserved En.
    4.72892e+02   -4.70990e+05    8.51866e+04   -3.85804e+05   -4.62331e+05
    Temperature Pres. DC (bar) Pressure (bar)   Constr. rmsd
    2.98019e+02   -2.14729e+02   -1.55198e+01    3.00771e-06


DD  step 41999  vol min/aver 0.661  load imb.: force  3.9%  pme mesh/force 1.028
           Step           Time
          42000       84.00000

   Energies (kJ/mol)
           Bond          Angle    Proper Dih. Ryckaert-Bell.          LJ-14
    1.59784e+03    3.70022e+03    1.97917e+02    1.89213e+03    2.64577e+03
     Coulomb-14        LJ (SR)  Disper. corr.   Coulomb (SR)   Coul. recip.
    7.76629e+03    7.44491e+04   -4.44920e+03   -5.61683e+05    3.08369e+03
 Position Rest.      Potential    Kinetic En.   Total Energy  Conserved En.
    5.12842e+02   -4.70287e+05    8.56144e+04   -3.84672e+05   -4.62293e+05
    Temperature Pres. DC (bar) Pressure (bar)   Constr. rmsd
    2.99516e+02   -2.14729e+02   -7.17382e+01    2.41996e-06


DD  step 42499  vol min/aver 0.645  load imb.: force  4.0%  pme mesh/force 1.018
           Step           Time
          42500       85.00000

   Energies (kJ/mol)
           Bond          Angle    Proper Dih. Ryckaert-Bell.          LJ-14
    1.43228e+03    3.75088e+03    2.71313e+02    1.86657e+03    2.63064e+03
     Coulomb-14        LJ (SR)  Disper. corr.   Coulomb (SR)   Coul. recip.
    7.70501e+03    7.62203e+04   -4.44920e+03   -5.63223e+05    2.99716e+03
 Position Rest.      Potential    Kinetic En.   Total Energy  Conserved En.
    5.28239e+02   -4.70270e+05    8.58630e+04   -3.84407e+05   -4.62310e+05
    Temperature Pres. DC (bar) Pressure (bar)   Constr. rmsd
    3.00385e+02   -2.14729e+02    4.49630e+02    2.91075e-06


DD  step 42999  vol min/aver 0.649  load imb.: force  3.0%  pme mesh/force 1.020
           Step           Time
          43000       86.00000

   Energies (kJ/mol)
           Bond          Angle    Proper Dih. Ryckaert-Bell.          LJ-14
    1.35135e+03    3.68910e+03    2.45738e+02    1.90642e+03    2.71623e+03
     Coulomb-14        LJ (SR)  Disper. corr.   Coulomb (SR)   Coul. recip.
    7.79771e+03    7.32335e+04   -4.44920e+03   -5.59911e+05    3.03799e+03
 Position Rest.      Potential    Kinetic En.   Total Energy  Conserved En.
    4.69184e+02   -4.69913e+05    8.58202e+04   -3.84093e+05   -4.62313e+05
    Temperature Pres. DC (bar) Pressure (bar)   Constr. rmsd
    3.00235e+02   -2.14729e+02   -1.98852e+02    2.81483e-06


DD  step 43499  vol min/aver 0.671  load imb.: force  5.5%  pme mesh/force 1.039
           Step           Time
          43500       87.00000

   Energies (kJ/mol)
           Bond          Angle    Proper Dih. Ryckaert-Bell.          LJ-14
    1.41466e+03    3.78648e+03    2.66137e+02    1.90025e+03    2.75266e+03
     Coulomb-14        LJ (SR)  Disper. corr.   Coulomb (SR)   Coul. recip.
    7.74595e+03    7.52951e+04   -4.44920e+03   -5.62593e+05    3.04774e+03
 Position Rest.      Potential    Kinetic En.   Total Energy  Conserved En.
    4.72053e+02   -4.70362e+05    8.55331e+04   -3.84828e+05   -4.62298e+05
    Temperature Pres. DC (bar) Pressure (bar)   Constr. rmsd
    2.99231e+02   -2.14729e+02    1.88581e+02    2.86064e-06


DD  step 43999  vol min/aver 0.673  load imb.: force  3.4%  pme mesh/force 1.015
           Step           Time
          44000       88.00000

   Energies (kJ/mol)
           Bond          Angle    Proper Dih. Ryckaert-Bell.          LJ-14
    1.48732e+03    3.85831e+03    2.80349e+02    1.90078e+03    2.66469e+03
     Coulomb-14        LJ (SR)  Disper. corr.   Coulomb (SR)   Coul. recip.
    7.74494e+03    7.39300e+04   -4.44920e+03   -5.61021e+05    3.07593e+03
 Position Rest.      Potential    Kinetic En.   Total Energy  Conserved En.
    4.79253e+02   -4.70048e+05    8.63939e+04   -3.83654e+05   -4.62296e+05
    Temperature Pres. DC (bar) Pressure (bar)   Constr. rmsd
    3.02243e+02   -2.14729e+02   -2.37587e+02    2.82944e-06


DD  step 44499  vol min/aver 0.670  load imb.: force  2.5%  pme mesh/force 1.023
           Step           Time
          44500       89.00000

   Energies (kJ/mol)
           Bond          Angle    Proper Dih. Ryckaert-Bell.          LJ-14
    1.49742e+03    3.71589e+03    2.40598e+02    1.81796e+03    2.69892e+03
     Coulomb-14        LJ (SR)  Disper. corr.   Coulomb (SR)   Coul. recip.
    7.76513e+03    7.36549e+04   -4.44920e+03   -5.60804e+05    3.08972e+03
 Position Rest.      Potential    Kinetic En.   Total Energy  Conserved En.
    4.62102e+02   -4.70310e+05    8.59853e+04   -3.84325e+05   -4.62301e+05
    Temperature Pres. DC (bar) Pressure (bar)   Constr. rmsd
    3.00813e+02   -2.14729e+02   -5.19284e+02    2.88026e-06


DD  step 44999  vol min/aver 0.675  load imb.: force  3.2%  pme mesh/force 1.022
           Step           Time
          45000       90.00000

   Energies (kJ/mol)
           Bond          Angle    Proper Dih. Ryckaert-Bell.          LJ-14
    1.41994e+03    3.80904e+03    2.44100e+02    1.82313e+03    2.72146e+03
     Coulomb-14        LJ (SR)  Disper. corr.   Coulomb (SR)   Coul. recip.
    7.74302e+03    7.49039e+04   -4.44920e+03   -5.61878e+05    3.03526e+03
 Position Rest.      Potential    Kinetic En.   Total Energy  Conserved En.
    4.62300e+02   -4.70165e+05    8.53713e+04   -3.84793e+05   -4.62281e+05
    Temperature Pres. DC (bar) Pressure (bar)   Constr. rmsd
    2.98665e+02   -2.14729e+02    1.49595e+02    3.16415e-06


DD  step 45499  vol min/aver 0.680  load imb.: force  3.3%  pme mesh/force 1.025
           Step           Time
          45500       91.00000

   Energies (kJ/mol)
           Bond          Angle    Proper Dih. Ryckaert-Bell.          LJ-14
    1.41598e+03    3.72733e+03    2.24481e+02    1.94822e+03    2.67876e+03
     Coulomb-14        LJ (SR)  Disper. corr.   Coulomb (SR)   Coul. recip.
    7.76372e+03    7.35264e+04   -4.44920e+03   -5.60756e+05    2.96510e+03
 Position Rest.      Potential    Kinetic En.   Total Energy  Conserved En.
    4.94137e+02   -4.70461e+05    8.61640e+04   -3.84297e+05   -4.62292e+05
    Temperature Pres. DC (bar) Pressure (bar)   Constr. rmsd
    3.01438e+02   -2.14729e+02   -8.32634e+01    2.71414e-06


DD  step 45999  vol min/aver 0.651  load imb.: force  4.5%  pme mesh/force 1.014
           Step           Time
          46000       92.00000

   Energies (kJ/mol)
           Bond          Angle    Proper Dih. Ryckaert-Bell.          LJ-14
    1.52805e+03    3.78187e+03    2.67530e+02    1.92000e+03    2.68915e+03
     Coulomb-14        LJ (SR)  Disper. corr.   Coulomb (SR)   Coul. recip.
    7.75375e+03    7.35855e+04   -4.44920e+03   -5.58840e+05    3.04443e+03
 Position Rest.      Potential    Kinetic En.   Total Energy  Conserved En.
    5.13865e+02   -4.68205e+05    8.63263e+04   -3.81879e+05   -4.62289e+05
    Temperature Pres. DC (bar) Pressure (bar)   Constr. rmsd
    3.02006e+02   -2.14729e+02   -1.05500e+02    3.07494e-06


DD  step 46499  vol min/aver 0.673  load imb.: force  3.5%  pme mesh/force 1.009
           Step           Time
          46500       93.00000

   Energies (kJ/mol)
           Bond          Angle    Proper Dih. Ryckaert-Bell.          LJ-14
    1.44340e+03    3.75601e+03    2.37511e+02    1.88916e+03    2.76159e+03
     Coulomb-14        LJ (SR)  Disper. corr.   Coulomb (SR)   Coul. recip.
    7.74631e+03    7.29219e+04   -4.44920e+03   -5.58784e+05    3.14097e+03
 Position Rest.      Potential    Kinetic En.   Total Energy  Conserved En.
    4.88898e+02   -4.68848e+05    8.53867e+04   -3.83461e+05   -4.62288e+05
    Temperature Pres. DC (bar) Pressure (bar)   Constr. rmsd
    2.98719e+02   -2.14729e+02   -2.90219e+02    2.85640e-06


DD  step 46999  vol min/aver 0.633  load imb.: force  3.0%  pme mesh/force 1.028
           Step           Time
          47000       94.00000

   Energies (kJ/mol)
           Bond          Angle    Proper Dih. Ryckaert-Bell.          LJ-14
    1.42533e+03    3.66468e+03    2.33333e+02    1.89023e+03    2.73794e+03
     Coulomb-14        LJ (SR)  Disper. corr.   Coulomb (SR)   Coul. recip.
    7.78320e+03    7.29879e+04   -4.44920e+03   -5.59702e+05    3.09732e+03
 Position Rest.      Potential    Kinetic En.   Total Energy  Conserved En.
    5.31327e+02   -4.69800e+05    8.54817e+04   -3.84318e+05   -4.62293e+05
    Temperature Pres. DC (bar) Pressure (bar)   Constr. rmsd
    2.99051e+02   -2.14729e+02    6.42363e+01    2.95380e-06


DD  step 47499  vol min/aver 0.633  load imb.: force  3.5%  pme mesh/force 1.016
           Step           Time
          47500       95.00000

   Energies (kJ/mol)
           Bond          Angle    Proper Dih. Ryckaert-Bell.          LJ-14
    1.42014e+03    3.73558e+03    2.29636e+02    1.80694e+03    2.71758e+03
     Coulomb-14        LJ (SR)  Disper. corr.   Coulomb (SR)   Coul. recip.
    7.81752e+03    7.36933e+04   -4.44920e+03   -5.60131e+05    2.96370e+03
 Position Rest.      Potential    Kinetic En.   Total Energy  Conserved En.
    5.15687e+02   -4.69680e+05    8.56824e+04   -3.83997e+05   -4.62294e+05
    Temperature Pres. DC (bar) Pressure (bar)   Constr. rmsd
    2.99753e+02   -2.14729e+02   -1.56853e+02    2.73106e-06


DD  step 47999  vol min/aver 0.656  load imb.: force  3.4%  pme mesh/force 1.018
           Step           Time
          48000       96.00000

   Energies (kJ/mol)
           Bond          Angle    Proper Dih. Ryckaert-Bell.          LJ-14
    1.47826e+03    3.58721e+03    2.50100e+02    1.87428e+03    2.64127e+03
     Coulomb-14        LJ (SR)  Disper. corr.   Coulomb (SR)   Coul. recip.
    7.72370e+03    7.43071e+04   -4.44920e+03   -5.61206e+05    2.99888e+03
 Position Rest.      Potential    Kinetic En.   Total Energy  Conserved En.
    4.83580e+02   -4.70311e+05    8.60218e+04   -3.84289e+05   -4.62298e+05
    Temperature Pres. DC (bar) Pressure (bar)   Constr. rmsd
    3.00941e+02   -2.14729e+02   -6.82908e+01    2.93599e-06


DD  step 48499  vol min/aver 0.661  load imb.: force  3.5%  pme mesh/force 1.036
           Step           Time
          48500       97.00000

   Energies (kJ/mol)
           Bond          Angle    Proper Dih. Ryckaert-Bell.          LJ-14
    1.43688e+03    3.70756e+03    2.50083e+02    1.81605e+03    2.66733e+03
     Coulomb-14        LJ (SR)  Disper. corr.   Coulomb (SR)   Coul. recip.
    7.67692e+03    7.36077e+04   -4.44920e+03   -5.61289e+05    3.20052e+03
 Position Rest.      Potential    Kinetic En.   Total Energy  Conserved En.
    5.29149e+02   -4.70846e+05    8.57119e+04   -3.85134e+05   -4.62293e+05
    Temperature Pres. DC (bar) Pressure (bar)   Constr. rmsd
    2.99857e+02   -2.14729e+02    3.13381e+01    2.73728e-06


DD  step 48999  vol min/aver 0.660  load imb.: force  2.7%  pme mesh/force 1.021
           Step           Time
          49000       98.00000

   Energies (kJ/mol)
           Bond          Angle    Proper Dih. Ryckaert-Bell.          LJ-14
    1.44376e+03    3.77812e+03    2.54756e+02    1.85207e+03    2.62411e+03
     Coulomb-14        LJ (SR)  Disper. corr.   Coulomb (SR)   Coul. recip.
    7.73205e+03    7.44452e+04   -4.44920e+03   -5.60662e+05    3.16474e+03
 Position Rest.      Potential    Kinetic En.   Total Energy  Conserved En.
    5.78056e+02   -4.69239e+05    8.57825e+04   -3.83456e+05   -4.62281e+05
    Temperature Pres. DC (bar) Pressure (bar)   Constr. rmsd
    3.00104e+02   -2.14729e+02    1.82672e+02    2.97695e-06


DD  step 49499  vol min/aver 0.668  load imb.: force  3.0%  pme mesh/force 1.030
           Step           Time
          49500       99.00000

   Energies (kJ/mol)
           Bond          Angle    Proper Dih. Ryckaert-Bell.          LJ-14
    1.44805e+03    3.65471e+03    2.22462e+02    1.87284e+03    2.69275e+03
     Coulomb-14        LJ (SR)  Disper. corr.   Coulomb (SR)   Coul. recip.
    7.77614e+03    7.38840e+04   -4.44920e+03   -5.61303e+05    3.01379e+03
 Position Rest.      Potential    Kinetic En.   Total Energy  Conserved En.
    4.68641e+02   -4.70719e+05    8.48493e+04   -3.85869e+05   -4.62272e+05
    Temperature Pres. DC (bar) Pressure (bar)   Constr. rmsd
    2.96839e+02   -2.14729e+02   -3.47217e+02    2.82186e-06


DD  step 49999  vol min/aver 0.651  load imb.: force  2.5%  pme mesh/force 1.019
           Step           Time
          50000      100.00000

Writing checkpoint, step 50000 at Sat Sep 24 20:42:20 2022


   Energies (kJ/mol)
           Bond          Angle    Proper Dih. Ryckaert-Bell.          LJ-14
    1.36563e+03    3.83699e+03    2.78181e+02    1.84998e+03    2.68076e+03
     Coulomb-14        LJ (SR)  Disper. corr.   Coulomb (SR)   Coul. recip.
    7.71350e+03    7.26621e+04   -4.44920e+03   -5.59240e+05    3.11642e+03
 Position Rest.      Potential    Kinetic En.   Total Energy  Conserved En.
    5.08343e+02   -4.69678e+05    8.61522e+04   -3.83525e+05   -4.62273e+05
    Temperature Pres. DC (bar) Pressure (bar)   Constr. rmsd
    3.01397e+02   -2.14729e+02   -1.94307e+02    2.80901e-06


	<======  ###############  ==>
	<====  A V E R A G E S  ====>
	<==  ###############  ======>

	Statistics over 50001 steps using 501 frames

   Energies (kJ/mol)
           Bond          Angle    Proper Dih. Ryckaert-Bell.          LJ-14
    1.43552e+03    3.69959e+03    2.49566e+02    1.85649e+03    2.69502e+03
     Coulomb-14        LJ (SR)  Disper. corr.   Coulomb (SR)   Coul. recip.
    7.73905e+03    7.37086e+04   -4.44920e+03   -5.60941e+05    3.05585e+03
 Position Rest.      Potential    Kinetic En.   Total Energy  Conserved En.
    5.00471e+02   -4.70450e+05    8.55973e+04   -3.84852e+05   -4.62402e+05
    Temperature Pres. DC (bar) Pressure (bar)   Constr. rmsd
    2.99456e+02   -2.14729e+02   -9.81915e+01    0.00000e+00

   Total Virial (kJ/mol)
    2.95423e+04   -5.11288e+01   -1.30230e+02
   -5.16470e+01    2.96126e+04    2.22273e+02
   -1.32000e+02    2.21992e+02    2.94979e+04

   Pressure (bar)
   -9.44042e+01    3.15910e+00    1.33961e+01
    3.20906e+00   -1.05731e+02   -2.17579e+01
    1.35667e+01   -2.17308e+01   -9.44397e+01

      T-Protein  T-non-Protein
    2.99077e+02    2.99485e+02


	M E G A - F L O P S   A C C O U N T I N G

 NB=Group-cutoff nonbonded kernels    NxN=N-by-N cluster Verlet kernels
 RF=Reaction-Field  VdW=Van der Waals  QSTab=quadratic-spline table
 W3=SPC/TIP3p  W4=TIP4p (single or pairs)
 V&F=Potential and force  V=Potential only  F=Force only

 Computing:                               M-Number         M-Flops  % Flops
-----------------------------------------------------------------------------
 Pair Search distance check           15087.060074      135783.541     0.2
 NxN Ewald Elec. + LJ [F]            538203.152352    35521408.055    52.1
 NxN Ewald Elec. + LJ [V&F]            5446.860416      582814.065     0.9
 NxN Ewald Elec. [F]                 476785.701152    29083927.770    42.6
 NxN Ewald Elec. [V&F]                 4824.961440      405296.761     0.6
 1,4 nonbonded interactions             255.305106       22977.460     0.0
 Calc Weights                          5081.501628      182934.059     0.3
 Spread Q Bspline                    108405.368064      216810.736     0.3
 Gather F Bspline                    108405.368064      650432.208     1.0
 3D-FFT                              139519.590336     1116156.723     1.6
 Solve PME                              290.405808       18585.972     0.0
 Reset In Box                            33.909876         101.730     0.0
 CG-CoM                                  33.943752         101.831     0.0
 Bonds                                   51.251025        3023.810     0.0
 Angles                                 177.353547       29795.396     0.0
 Propers                                 21.300426        4877.798     0.0
 RB-Dihedrals                           197.503950       48783.476     0.1
 Pos. Restr.                             50.051001        2502.550     0.0
 Virial                                  17.783496         320.103     0.0
 Stop-CM                                 17.005752         170.058     0.0
 Calc-Ekin                              338.827752        9148.349     0.0
 Lincs                                   47.952877        2877.173     0.0
 Lincs-Mat                              238.814328         955.257     0.0
 Constraint-V                          1691.367652       13530.941     0.0
 Constraint-Vir                          16.466367         395.193     0.0
 Settle                                 531.831908      171781.706     0.3
-----------------------------------------------------------------------------
 Total                                                68225492.719   100.0
-----------------------------------------------------------------------------


    D O M A I N   D E C O M P O S I T I O N   S T A T I S T I C S

 av. #atoms communicated per step for force:  2 x 90292.7


Dynamic load balancing report:
 DLB was turned on during the run due to measured imbalance.
 Average load imbalance: 4.1%.
 The balanceable part of the MD step is 79%, load imbalance is computed from this.
 Part of the total run time spent waiting due to load imbalance: 3.3%.
 Steps where the load balancing was limited by -rdd, -rcon and/or -dds: X 0 % Y 0 % Z 0 %
 Average PME mesh/force load: 1.023
 Part of the total run time spent waiting due to PP/PME imbalance: 1.4 %


     R E A L   C Y C L E   A N D   T I M E   A C C O U N T I N G

On 36 MPI ranks doing PP, and
on 12 MPI ranks doing PME

 Computing:          Num   Num      Call    Wall time         Giga-Cycles
                     Ranks Threads  Count      (s)         total sum    %
-----------------------------------------------------------------------------
 Domain decomp.        36    1       1001       0.810         84.382   1.6
 DD comm. load         36    1        822       0.005          0.535   0.0
 DD comm. bounds       36    1        801       0.024          2.545   0.0
 Send X to PME         36    1      50001       1.285        133.790   2.5
 Neighbor search       36    1       1001       2.026        210.975   4.0
 Comm. coord.          36    1      49000       2.072        215.834   4.1
 Force                 36    1      50001      24.741       2576.869  49.0
 Wait + Comm. F        36    1      50001       2.865        298.437   5.7
 PME mesh *            12    1      50001      29.384       1020.172  19.4
 PME wait for PP *                              8.188        284.257   5.4
 Wait + Recv. PME F    36    1      50001       0.767         79.889   1.5
 NB X/F buffer ops.    36    1     148001       0.880         91.704   1.7
 Write traj.           36    1        101       0.038          3.928   0.1
 Update                36    1      50001       0.180         18.773   0.4
 Constraints           36    1      50003       0.578         60.172   1.1
 Comm. energies        36    1       5001       1.533        159.617   3.0
 Rest                                           0.074          7.658   0.1
-----------------------------------------------------------------------------
 Total                                         37.877       5260.144 100.0
-----------------------------------------------------------------------------
(*) Note that with separate PME ranks, the walltime column actually sums to
    twice the total reported, but the cycle count total and % are correct.
-----------------------------------------------------------------------------
 Breakdown of PME mesh computation
-----------------------------------------------------------------------------
 PME redist. X/F       12    1     100002       6.179        214.530   4.1
 PME spread            12    1      50001       7.637        265.149   5.0
 PME gather            12    1      50001       6.405        222.385   4.2
 PME 3D-FFT            12    1     100002       5.781        200.715   3.8
 PME 3D-FFT Comm.      12    1     200004       2.949        102.389   1.9
 PME solve Elec        12    1      50001       0.385         13.373   0.3
-----------------------------------------------------------------------------

               Core t (s)   Wall t (s)        (%)
       Time:     1818.095       37.877     4800.0
                 (ns/day)    (hour/ns)
Performance:      228.109        0.105
Finished mdrun on rank 0 Sat Sep 24 20:42:20 2022

