                      :-) GROMACS - gmx grompp, 2020.4 (-:

                            GROMACS is written by:
     Emile Apol      Rossen Apostolov      Paul Bauer     Herman J.C. Berendsen
    Par Bjelkmar      Christian Blau   Viacheslav Bolnykh     Kevin Boyd    
 Aldert van Buuren   Rudi van Drunen     Anton Feenstra       Alan Gray     
  Gerrit Groenhof     Anca Hamuraru    Vincent Hindriksen  M. Eric Irrgang  
  Aleksei Iupinov   Christoph Junghans     Joe Jordan     Dimitrios Karkoulis
    Peter Kasson        Jiri Kraus      Carsten Kutzner      Per Larsson    
  Justin A. Lemkul    Viveca Lindahl    Magnus Lundborg     Erik Marklund   
    Pascal Merz     Pieter Meulenhoff    Teemu Murtola       Szilard Pall   
    Sander Pronk      Roland Schulz      Michael Shirts    Alexey Shvetsov  
   Alfons Sijbers     Peter Tieleman      Jon Vincent      Teemu Virolainen 
 Christian Wennberg    Maarten Wolf      Artem Zhmurov   
                           and the project leaders:
        Mark Abraham, Berk Hess, Erik Lindahl, and David van der Spoel

Copyright (c) 1991-2000, University of Groningen, The Netherlands.
Copyright (c) 2001-2019, The GROMACS development team at
Uppsala University, Stockholm University and
the Royal Institute of Technology, Sweden.
check out http://www.gromacs.org for more information.

GROMACS is free software; you can redistribute it and/or modify it
under the terms of the GNU Lesser General Public License
as published by the Free Software Foundation; either version 2.1
of the License, or (at your option) any later version.

GROMACS:      gmx grompp, version 2020.4
Executable:   /share/apps/gromacs/2020.4/openmpi/intel/bin/gmx_mpi
Data prefix:  /share/apps/gromacs/2020.4/openmpi/intel
Working dir:  /home/rz2522/ondemand/data/sys/myjobs/projects/default/4
Command line:
  gmx_mpi grompp -f md_50.mdp -c npt.gro -t npt.cpt -p topol.top -o md_0_50_48tasks.tpr

Ignoring obsolete mdp entry 'title'
Ignoring obsolete mdp entry 'ns_type'
Ignoring obsolete mdp entry 'title'
Ignoring obsolete mdp entry 'ns_type'
Ignoring obsolete mdp entry 'title'
Ignoring obsolete mdp entry 'ns_type'
Ignoring obsolete mdp entry 'title'
Ignoring obsolete mdp entry 'ns_type'
Ignoring obsolete mdp entry 'title'
Ignoring obsolete mdp entry 'ns_type'
Ignoring obsolete mdp entry 'title'
Ignoring obsolete mdp entry 'ns_type'
Ignoring obsolete mdp entry 'title'
Ignoring obsolete mdp entry 'ns_type'
Ignoring obsolete mdp entry 'title'
Ignoring obsolete mdp entry 'ns_type'
Ignoring obsolete mdp entry 'title'
Ignoring obsolete mdp entry 'ns_type'
Ignoring obsolete mdp entry 'title'
Ignoring obsolete mdp entry 'ns_type'
Ignoring obsolete mdp entry 'title'
Ignoring obsolete mdp entry 'ns_type'
Ignoring obsolete mdp entry 'title'
Ignoring obsolete mdp entry 'ns_type'
Ignoring obsolete mdp entry 'title'
Ignoring obsolete mdp entry 'ns_type'
Ignoring obsolete mdp entry 'title'
Ignoring obsolete mdp entry 'ns_type'
Setting the LD random seed to 1191028350
Ignoring obsolete mdp entry 'title'
Ignoring obsolete mdp entry 'ns_type'
Ignoring obsolete mdp entry 'title'
Ignoring obsolete mdp entry 'ns_type'
Ignoring obsolete mdp entry 'title'
Ignoring obsolete mdp entry 'ns_type'
Ignoring obsolete mdp entry 'title'
Ignoring obsolete mdp entry 'title'
Ignoring obsolete mdp entry 'ns_type'
Ignoring obsolete mdp entry 'title'
Ignoring obsolete mdp entry 'ns_type'
Ignoring obsolete mdp entry 'title'
Ignoring obsolete mdp entry 'ns_type'
Ignoring obsolete mdp entry 'title'
Ignoring obsolete mdp entry 'title'
Ignoring obsolete mdp entry 'title'
Ignoring obsolete mdp entry 'ns_type'
Ignoring obsolete mdp entry 'title'
Ignoring obsolete mdp entry 'ns_type'
Ignoring obsolete mdp entry 'ns_type'
Ignoring obsolete mdp entry 'ns_type'
Ignoring obsolete mdp entry 'ns_type'
Ignoring obsolete mdp entry 'title'
Ignoring obsolete mdp entry 'title'
Ignoring obsolete mdp entry 'ns_type'
Ignoring obsolete mdp entry 'title'
Ignoring obsolete mdp entry 'ns_type'
Ignoring obsolete mdp entry 'ns_type'
Setting the LD random seed to -1061817558
Setting the LD random seed to 945084399
Setting the LD random seed to 1179536244
Setting the LD random seed to 1696495228
Setting the LD random seed to 803099279
Setting the LD random seed to 1549503295
Setting the LD random seed to -1347301804
Setting the LD random seed to -1611277469
Setting the LD random seed to 1086710198
Setting the LD random seed to -1382414519
Setting the LD random seed to 41960508
Setting the LD random seed to 1063135653
Setting the LD random seed to 1060877878
Setting the LD random seed to 1877173051
Setting the LD random seed to -766926228
Setting the LD random seed to -1093539973
Setting the LD random seed to 234141294
Setting the LD random seed to 1613497579
Setting the LD random seed to -811699856
Setting the LD random seed to 1514054132
Setting the LD random seed to -580571412
Setting the LD random seed to 503094396
Setting the LD random seed to 293927628
Setting the LD random seed to -855909709
Setting the LD random seed to 174317975
Setting the LD random seed to 1407277067
Setting the LD random seed to 1633278356
Generated 330891 of the 330891 non-bonded parameter combinations
Generating 1-4 interactions: fudge = 0.5
Generated 330891 of the 330891 non-bonded parameter combinations
Generating 1-4 interactions: fudge = 0.5
Generated 330891 of the 330891 non-bonded parameter combinations
Generated 330891 of the 330891 non-bonded parameter combinations
Generating 1-4 interactions: fudge = 0.5
Generating 1-4 interactions: fudge = 0.5
Generated 330891 of the 330891 non-bonded parameter combinations
Generated 330891 of the 330891 non-bonded parameter combinations
Generating 1-4 interactions: fudge = 0.5
Generating 1-4 interactions: fudge = 0.5
Ignoring obsolete mdp entry 'title'
Ignoring obsolete mdp entry 'ns_type'
Setting the LD random seed to -1431306505
Generated 330891 of the 330891 non-bonded parameter combinations
Generating 1-4 interactions: fudge = 0.5
Generated 330891 of the 330891 non-bonded parameter combinations
Generating 1-4 interactions: fudge = 0.5
Generated 330891 of the 330891 non-bonded parameter combinations
Generating 1-4 interactions: fudge = 0.5
Generated 330891 of the 330891 non-bonded parameter combinations
Generating 1-4 interactions: fudge = 0.5
Generated 330891 of the 330891 non-bonded parameter combinations
Generating 1-4 interactions: fudge = 0.5
Generated 330891 of the 330891 non-bonded parameter combinations
Generating 1-4 interactions: fudge = 0.5
Generated 330891 of the 330891 non-bonded parameter combinations
Generating 1-4 interactions: fudge = 0.5
Generated 330891 of the 330891 non-bonded parameter combinations
Generating 1-4 interactions: fudge = 0.5
Generated 330891 of the 330891 non-bonded parameter combinations
Generating 1-4 interactions: fudge = 0.5
Generated 330891 of the 330891 non-bonded parameter combinations
Generating 1-4 interactions: fudge = 0.5
Generated 330891 of the 330891 non-bonded parameter combinations
Generating 1-4 interactions: fudge = 0.5
Generated 330891 of the 330891 non-bonded parameter combinations
Generating 1-4 interactions: fudge = 0.5
Generated 330891 of the 330891 non-bonded parameter combinations
Generating 1-4 interactions: fudge = 0.5
Generated 330891 of the 330891 non-bonded parameter combinations
Generating 1-4 interactions: fudge = 0.5
Generated 330891 of the 330891 non-bonded parameter combinations
Generating 1-4 interactions: fudge = 0.5
Generated 330891 of the 330891 non-bonded parameter combinations
Generating 1-4 interactions: fudge = 0.5
Generated 330891 of the 330891 non-bonded parameter combinations
Generating 1-4 interactions: fudge = 0.5
Generated 330891 of the 330891 non-bonded parameter combinations
Generating 1-4 interactions: fudge = 0.5
Generated 330891 of the 330891 non-bonded parameter combinations
Generating 1-4 interactions: fudge = 0.5
Generated 330891 of the 330891 non-bonded parameter combinations
Generated 330891 of the 330891 non-bonded parameter combinations
Generating 1-4 interactions: fudge = 0.5
Generated 330891 of the 330891 non-bonded parameter combinations
Generating 1-4 interactions: fudge = 0.5
Generating 1-4 interactions: fudge = 0.5
Ignoring obsolete mdp entry 'title'
Ignoring obsolete mdp entry 'ns_type'
Setting the LD random seed to 222973273
--------------------------------------------------------------------------
Primary job  terminated normally, but 1 process returned
a non-zero exit code. Per user-direction, the job has been aborted.
--------------------------------------------------------------------------
--------------------------------------------------------------------------
mpirun noticed that process rank 32 with PID 3604701 on node cs087 exited on signal 9 (Killed).
--------------------------------------------------------------------------
                      :-) GROMACS - gmx mdrun, 2020.4 (-:

                            GROMACS is written by:
     Emile Apol      Rossen Apostolov      Paul Bauer     Herman J.C. Berendsen
    Par Bjelkmar      Christian Blau   Viacheslav Bolnykh     Kevin Boyd    
 Aldert van Buuren   Rudi van Drunen     Anton Feenstra       Alan Gray     
  Gerrit Groenhof     Anca Hamuraru    Vincent Hindriksen  M. Eric Irrgang  
  Aleksei Iupinov   Christoph Junghans     Joe Jordan     Dimitrios Karkoulis
    Peter Kasson        Jiri Kraus      Carsten Kutzner      Per Larsson    
  Justin A. Lemkul    Viveca Lindahl    Magnus Lundborg     Erik Marklund   
    Pascal Merz     Pieter Meulenhoff    Teemu Murtola       Szilard Pall   
    Sander Pronk      Roland Schulz      Michael Shirts    Alexey Shvetsov  
   Alfons Sijbers     Peter Tieleman      Jon Vincent      Teemu Virolainen 
 Christian Wennberg    Maarten Wolf      Artem Zhmurov   
                           and the project leaders:
        Mark Abraham, Berk Hess, Erik Lindahl, and David van der Spoel

Copyright (c) 1991-2000, University of Groningen, The Netherlands.
Copyright (c) 2001-2019, The GROMACS development team at
Uppsala University, Stockholm University and
the Royal Institute of Technology, Sweden.
check out http://www.gromacs.org for more information.

GROMACS is free software; you can redistribute it and/or modify it
under the terms of the GNU Lesser General Public License
as published by the Free Software Foundation; either version 2.1
of the License, or (at your option) any later version.

GROMACS:      gmx mdrun, version 2020.4
Executable:   /share/apps/gromacs/2020.4/openmpi/intel/bin/gmx_mpi
Data prefix:  /share/apps/gromacs/2020.4/openmpi/intel
Working dir:  /home/rz2522/ondemand/data/sys/myjobs/projects/default/4
Command line:
  gmx_mpi mdrun -deffnm md_0_50_48tasks


-------------------------------------------------------
Program:     gmx mdrun, version 2020.4
Source file: src/gromacs/options/options.cpp (line 179)
Function:    void gmx::internal::OptionSectionImpl::finish()
MPI rank:    8 (out of 40)

Error in user input:
Invalid input values
  In option s
    Required option was not provided, and the default file 'topol' does not
    exist or is not accessible.
    The following extensions were tried to complete the file name:
      .tpr

For more information and tips for troubleshooting, please check the GROMACS
website at http://www.gromacs.org/Documentation/Errors
-------------------------------------------------------

-------------------------------------------------------
Program:     gmx mdrun, version 2020.4
Source file: src/gromacs/options/options.cpp (line 179)
Function:    void gmx::internal::OptionSectionImpl::finish()
MPI rank:    0 (out of 40)

Error in user input:
Invalid input values
  In option s
    Required option was not provided, and the default file 'topol' does not
    exist or is not accessible.
    The following extensions were tried to complete the file name:
      .tpr

For more information and tips for troubleshooting, please check the GROMACS
website at http://www.gromacs.org/Documentation/Errors
-------------------------------------------------------
--------------------------------------------------------------------------
MPI_ABORT was invoked on rank 8 in communicator MPI_COMM_WORLD
with errorcode 1.

NOTE: invoking MPI_ABORT causes Open MPI to kill all MPI processes.
You may or may not see output from other processes, depending on
exactly when Open MPI kills them.
--------------------------------------------------------------------------

-------------------------------------------------------
Program:     gmx mdrun, version 2020.4
Source file: src/gromacs/options/options.cpp (line 179)
Function:    void gmx::internal::OptionSectionImpl::finish()
MPI rank:    16 (out of 40)

Error in user input:
Invalid input values
  In option s
    Required option was not provided, and the default file 'topol' does not
    exist or is not accessible.
    The following extensions were tried to complete the file name:
      .tpr

For more information and tips for troubleshooting, please check the GROMACS
website at http://www.gromacs.org/Documentation/Errors
-------------------------------------------------------

-------------------------------------------------------
Program:     gmx mdrun, version 2020.4
Source file: src/gromacs/options/options.cpp (line 179)
Function:    void gmx::internal::OptionSectionImpl::finish()
MPI rank:    1 (out of 40)

Error in user input:
Invalid input values
  In option s
    Required option was not provided, and the default file 'topol' does not
    exist or is not accessible.
    The following extensions were tried to complete the file name:
      .tpr

For more information and tips for troubleshooting, please check the GROMACS
website at http://www.gromacs.org/Documentation/Errors
-------------------------------------------------------
[cs087.hpc.nyu.edu:3604828] 2 more processes have sent help message help-mpi-api.txt / mpi-abort
[cs087.hpc.nyu.edu:3604828] Set MCA parameter "orte_base_help_aggregate" to 0 to see all help / error messages
[warn] Epoll MOD(1) on fd 109 failed.  Old events were 6; read change was 0 (none); write change was 2 (del): Bad file descriptor
[warn] Epoll MOD(4) on fd 109 failed.  Old events were 6; read change was 2 (del); write change was 0 (none): Bad file descriptor
slurmstepd: error: Detected 5 oom-kill event(s) in StepId=25431908.batch. Some of your processes may have been killed by the cgroup out-of-memory handler.
