                      :-) GROMACS - gmx mdrun, 2020.4 (-:

                            GROMACS is written by:
     Emile Apol      Rossen Apostolov      Paul Bauer     Herman J.C. Berendsen
    Par Bjelkmar      Christian Blau   Viacheslav Bolnykh     Kevin Boyd    
 Aldert van Buuren   Rudi van Drunen     Anton Feenstra       Alan Gray     
  Gerrit Groenhof     Anca Hamuraru    Vincent Hindriksen  M. Eric Irrgang  
  Aleksei Iupinov   Christoph Junghans     Joe Jordan     Dimitrios Karkoulis
    Peter Kasson        Jiri Kraus      Carsten Kutzner      Per Larsson    
  Justin A. Lemkul    Viveca Lindahl    Magnus Lundborg     Erik Marklund   
    Pascal Merz     Pieter Meulenhoff    Teemu Murtola       Szilard Pall   
    Sander Pronk      Roland Schulz      Michael Shirts    Alexey Shvetsov  
   Alfons Sijbers     Peter Tieleman      Jon Vincent      Teemu Virolainen 
 Christian Wennberg    Maarten Wolf      Artem Zhmurov   
                           and the project leaders:
        Mark Abraham, Berk Hess, Erik Lindahl, and David van der Spoel

Copyright (c) 1991-2000, University of Groningen, The Netherlands.
Copyright (c) 2001-2019, The GROMACS development team at
Uppsala University, Stockholm University and
the Royal Institute of Technology, Sweden.
check out http://www.gromacs.org for more information.

GROMACS is free software; you can redistribute it and/or modify it
under the terms of the GNU Lesser General Public License
as published by the Free Software Foundation; either version 2.1
of the License, or (at your option) any later version.

GROMACS:      gmx mdrun, version 2020.4
Executable:   /share/apps/gromacs/2020.4/openmpi/intel/bin/gmx_mpi
Data prefix:  /share/apps/gromacs/2020.4/openmpi/intel
Working dir:  /home/rz2522/ondemand/data/sys/myjobs/projects/default/4
Process ID:   3606470
Command line:
  gmx_mpi mdrun -deffnm npt

GROMACS version:    2020.4
Verified release checksum is 79c2857291b034542c26e90512b92fd4b184a1c9d6fa59c55f2e24ccf14e7281
Precision:          single
Memory model:       64 bit
MPI library:        MPI
OpenMP support:     disabled
GPU support:        disabled
SIMD instructions:  AVX_512
FFT library:        Intel MKL
RDTSCP usage:       enabled
TNG support:        enabled
Hwloc support:      disabled
Tracing support:    disabled
C compiler:         /share/apps/openmpi/4.0.5/intel/bin/mpicc Intel 19.1.2.20200623
C compiler flags:   -xCORE-AVX512 -qopt-zmm-usage=high -mkl=sequential -wd3180 -std=gnu99 -ip -funroll-all-loops -alias-const -ansi-alias -no-prec-div -fimf-domain-exclusion=14 -qoverride-limits -O3 -DNDEBUG
C++ compiler:       /share/apps/openmpi/4.0.5/intel/bin/mpicxx Intel 19.1.2.20200623
C++ compiler flags: -xCORE-AVX512 -qopt-zmm-usage=high -mkl=sequential -wd3180 -ip -funroll-all-loops -alias-const -ansi-alias -no-prec-div -fimf-domain-exclusion=14 -qoverride-limits -O3 -DNDEBUG


Running on 1 node with total 48 cores, 48 logical cores
Hardware detected on host cs087.hpc.nyu.edu (the node of MPI rank 0):
  CPU info:
    Vendor: Intel
    Brand:  Intel(R) Xeon(R) Platinum 8268 CPU @ 2.90GHz
    Family: 6   Model: 85   Stepping: 7
    Features: aes apic avx avx2 avx512f avx512cd avx512bw avx512vl clfsh cmov cx8 cx16 f16c fma htt intel lahf mmx msr nonstop_tsc pcid pclmuldq pdcm pdpe1gb popcnt pse rdrnd rdtscp sse2 sse3 sse4.1 sse4.2 ssse3 tdt x2apic
    Number of AVX-512 FMA units: 2
  Hardware topology: Only logical processor count


++++ PLEASE READ AND CITE THE FOLLOWING REFERENCE ++++
M. J. Abraham, T. Murtola, R. Schulz, S. Páll, J. C. Smith, B. Hess, E.
Lindahl
GROMACS: High performance molecular simulations through multi-level
parallelism from laptops to supercomputers
SoftwareX 1 (2015) pp. 19-25
-------- -------- --- Thank You --- -------- --------


++++ PLEASE READ AND CITE THE FOLLOWING REFERENCE ++++
S. Páll, M. J. Abraham, C. Kutzner, B. Hess, E. Lindahl
Tackling Exascale Software Challenges in Molecular Dynamics Simulations with
GROMACS
In S. Markidis & E. Laure (Eds.), Solving Software Challenges for Exascale 8759 (2015) pp. 3-27
-------- -------- --- Thank You --- -------- --------


++++ PLEASE READ AND CITE THE FOLLOWING REFERENCE ++++
S. Pronk, S. Páll, R. Schulz, P. Larsson, P. Bjelkmar, R. Apostolov, M. R.
Shirts, J. C. Smith, P. M. Kasson, D. van der Spoel, B. Hess, and E. Lindahl
GROMACS 4.5: a high-throughput and highly parallel open source molecular
simulation toolkit
Bioinformatics 29 (2013) pp. 845-54
-------- -------- --- Thank You --- -------- --------


++++ PLEASE READ AND CITE THE FOLLOWING REFERENCE ++++
B. Hess and C. Kutzner and D. van der Spoel and E. Lindahl
GROMACS 4: Algorithms for highly efficient, load-balanced, and scalable
molecular simulation
J. Chem. Theory Comput. 4 (2008) pp. 435-447
-------- -------- --- Thank You --- -------- --------


++++ PLEASE READ AND CITE THE FOLLOWING REFERENCE ++++
D. van der Spoel, E. Lindahl, B. Hess, G. Groenhof, A. E. Mark and H. J. C.
Berendsen
GROMACS: Fast, Flexible and Free
J. Comp. Chem. 26 (2005) pp. 1701-1719
-------- -------- --- Thank You --- -------- --------


++++ PLEASE READ AND CITE THE FOLLOWING REFERENCE ++++
E. Lindahl and B. Hess and D. van der Spoel
GROMACS 3.0: A package for molecular simulation and trajectory analysis
J. Mol. Mod. 7 (2001) pp. 306-317
-------- -------- --- Thank You --- -------- --------


++++ PLEASE READ AND CITE THE FOLLOWING REFERENCE ++++
H. J. C. Berendsen, D. van der Spoel and R. van Drunen
GROMACS: A message-passing parallel molecular dynamics implementation
Comp. Phys. Comm. 91 (1995) pp. 43-56
-------- -------- --- Thank You --- -------- --------


++++ PLEASE CITE THE DOI FOR THIS VERSION OF GROMACS ++++
https://doi.org/10.5281/zenodo.4054979
-------- -------- --- Thank You --- -------- --------

Input Parameters:
   integrator                     = md
   tinit                          = 0
   dt                             = 0.002
   nsteps                         = 50000
   init-step                      = 0
   simulation-part                = 1
   comm-mode                      = Linear
   nstcomm                        = 100
   bd-fric                        = 0
   ld-seed                        = -1225736731
   emtol                          = 10
   emstep                         = 0.01
   niter                          = 20
   fcstep                         = 0
   nstcgsteep                     = 1000
   nbfgscorr                      = 10
   rtpi                           = 0.05
   nstxout                        = 500
   nstvout                        = 500
   nstfout                        = 0
   nstlog                         = 500
   nstcalcenergy                  = 100
   nstenergy                      = 500
   nstxout-compressed             = 0
   compressed-x-precision         = 1000
   cutoff-scheme                  = Verlet
   nstlist                        = 10
   pbc                            = xyz
   periodic-molecules             = false
   verlet-buffer-tolerance        = 0.005
   rlist                          = 1
   coulombtype                    = PME
   coulomb-modifier               = Potential-shift
   rcoulomb-switch                = 0
   rcoulomb                       = 1
   epsilon-r                      = 1
   epsilon-rf                     = inf
   vdw-type                       = Cut-off
   vdw-modifier                   = Potential-shift
   rvdw-switch                    = 0
   rvdw                           = 1
   DispCorr                       = EnerPres
   table-extension                = 1
   fourierspacing                 = 0.16
   fourier-nx                     = 44
   fourier-ny                     = 44
   fourier-nz                     = 44
   pme-order                      = 4
   ewald-rtol                     = 1e-05
   ewald-rtol-lj                  = 0.001
   lj-pme-comb-rule               = Geometric
   ewald-geometry                 = 0
   epsilon-surface                = 0
   tcoupl                         = V-rescale
   nsttcouple                     = 10
   nh-chain-length                = 0
   print-nose-hoover-chain-variables = false
   pcoupl                         = Parrinello-Rahman
   pcoupltype                     = Isotropic
   nstpcouple                     = 10
   tau-p                          = 2
   compressibility (3x3):
      compressibility[    0]={ 4.50000e-05,  0.00000e+00,  0.00000e+00}
      compressibility[    1]={ 0.00000e+00,  4.50000e-05,  0.00000e+00}
      compressibility[    2]={ 0.00000e+00,  0.00000e+00,  4.50000e-05}
   ref-p (3x3):
      ref-p[    0]={ 1.00000e+00,  0.00000e+00,  0.00000e+00}
      ref-p[    1]={ 0.00000e+00,  1.00000e+00,  0.00000e+00}
      ref-p[    2]={ 0.00000e+00,  0.00000e+00,  1.00000e+00}
   refcoord-scaling               = COM
   posres-com (3):
      posres-com[0]= 4.97317e-01
      posres-com[1]= 5.01948e-01
      posres-com[2]= 4.99790e-01
   posres-comB (3):
      posres-comB[0]= 4.97317e-01
      posres-comB[1]= 5.01948e-01
      posres-comB[2]= 4.99790e-01
   QMMM                           = false
   QMconstraints                  = 0
   QMMMscheme                     = 0
   MMChargeScaleFactor            = 1
qm-opts:
   ngQM                           = 0
   constraint-algorithm           = Lincs
   continuation                   = true
   Shake-SOR                      = false
   shake-tol                      = 0.0001
   lincs-order                    = 4
   lincs-iter                     = 1
   lincs-warnangle                = 30
   nwall                          = 0
   wall-type                      = 9-3
   wall-r-linpot                  = -1
   wall-atomtype[0]               = -1
   wall-atomtype[1]               = -1
   wall-density[0]                = 0
   wall-density[1]                = 0
   wall-ewald-zfac                = 3
   pull                           = false
   awh                            = false
   rotation                       = false
   interactiveMD                  = false
   disre                          = No
   disre-weighting                = Conservative
   disre-mixed                    = false
   dr-fc                          = 1000
   dr-tau                         = 0
   nstdisreout                    = 100
   orire-fc                       = 0
   orire-tau                      = 0
   nstorireout                    = 100
   free-energy                    = no
   cos-acceleration               = 0
   deform (3x3):
      deform[    0]={ 0.00000e+00,  0.00000e+00,  0.00000e+00}
      deform[    1]={ 0.00000e+00,  0.00000e+00,  0.00000e+00}
      deform[    2]={ 0.00000e+00,  0.00000e+00,  0.00000e+00}
   simulated-tempering            = false
   swapcoords                     = no
   userint1                       = 0
   userint2                       = 0
   userint3                       = 0
   userint4                       = 0
   userreal1                      = 0
   userreal2                      = 0
   userreal3                      = 0
   userreal4                      = 0
   applied-forces:
     electric-field:
       x:
         E0                       = 0
         omega                    = 0
         t0                       = 0
         sigma                    = 0
       y:
         E0                       = 0
         omega                    = 0
         t0                       = 0
         sigma                    = 0
       z:
         E0                       = 0
         omega                    = 0
         t0                       = 0
         sigma                    = 0
     density-guided-simulation:
       active                     = false
       group                      = protein
       similarity-measure         = inner-product
       atom-spreading-weight      = unity
       force-constant             = 1e+09
       gaussian-transform-spreading-width = 0.2
       gaussian-transform-spreading-range-in-multiples-of-width = 4
       reference-density-filename = reference.mrc
       nst                        = 1
       normalize-densities        = true
       adaptive-force-scaling     = false
       adaptive-force-scaling-time-constant = 4
grpopts:
   nrdf:     4920.79     63837.2
   ref-t:         300         300
   tau-t:         0.1         0.1
annealing:          No          No
annealing-npoints:           0           0
   acc:	           0           0           0
   nfreeze:           N           N           N
   energygrp-flags[  0]: 0

Changing nstlist from 10 to 50, rlist from 1 to 1.111


Initializing Domain Decomposition on 48 ranks
Dynamic load balancing: auto
Using update groups, nr 11645, average size 2.9 atoms, max. radius 0.103 nm
Minimum cell size due to atom displacement: 0.398 nm
Initial maximum distances in bonded interactions:
    two-body bonded interactions: 0.453 nm, LJ-14, atoms 1156 1405
  multi-body bonded interactions: 0.453 nm, Ryckaert-Bell., atoms 1156 1405
Minimum cell size due to bonded interactions: 0.499 nm
Scaling the initial minimum size with 1/0.8 (option -dds) = 1.25
Guess for relative PME load: 0.23
Will use 36 particle-particle and 12 PME only ranks
This is a guess, check the performance at the end of the log file
Using 12 separate PME ranks, as guessed by mdrun
Optimizing the DD grid for 36 cells with a minimum initial size of 0.623 nm
The maximum allowed number of cells is: X 11 Y 11 Z 11
Domain decomposition grid 4 x 3 x 3, separate PME ranks 12
PME domain decomposition: 4 x 3 x 1
Interleaving PP and PME ranks
This rank does only particle-particle work.
Domain decomposition rank 0, coordinates 0 0 0

The initial number of communication pulses is: X 1 Y 1 Z 1
The initial domain decomposition cell size is: X 1.75 nm Y 2.34 nm Z 2.34 nm

The maximum allowed distance for atom groups involved in interactions is:
                 non-bonded interactions           1.318 nm
(the following are initial values, they could change due to box deformation)
            two-body bonded interactions  (-rdd)   1.318 nm
          multi-body bonded interactions  (-rdd)   1.318 nm

When dynamic load balancing gets turned on, these settings will change to:
The maximum number of communication pulses is: X 1 Y 1 Z 1
The minimum size for domain decomposition cells is 1.318 nm
The requested allowed shrink of DD cells (option -dds) is: 0.80
The allowed shrink of domain decomposition cells is: X 0.75 Y 0.56 Z 0.56
The maximum allowed distance for atom groups involved in interactions is:
                 non-bonded interactions           1.318 nm
            two-body bonded interactions  (-rdd)   1.318 nm
          multi-body bonded interactions  (-rdd)   1.318 nm

Using 48 MPI processes

Non-default thread affinity set, disabling internal thread affinity
System total charge: -0.000
Will do PME sum in reciprocal space for electrostatic interactions.

++++ PLEASE READ AND CITE THE FOLLOWING REFERENCE ++++
U. Essmann, L. Perera, M. L. Berkowitz, T. Darden, H. Lee and L. G. Pedersen 
A smooth particle mesh Ewald method
J. Chem. Phys. 103 (1995) pp. 8577-8592
-------- -------- --- Thank You --- -------- --------

Using a Gaussian width (1/beta) of 0.320163 nm for Ewald
Potential shift: LJ r^-12: -1.000e+00 r^-6: -1.000e+00, Ewald -1.000e-05
Initialized non-bonded Ewald tables, spacing: 9.33e-04 size: 1073

Generated table with 1055 data points for 1-4 COUL.
Tabscale = 500 points/nm
Generated table with 1055 data points for 1-4 LJ6.
Tabscale = 500 points/nm
Generated table with 1055 data points for 1-4 LJ12.
Tabscale = 500 points/nm

Using SIMD 4x8 nonbonded short-range kernels

Using a dual 4x8 pair-list setup updated with dynamic pruning:
  outer list: updated every 50 steps, buffer 0.111 nm, rlist 1.111 nm
  inner list: updated every 12 steps, buffer 0.001 nm, rlist 1.001 nm
At tolerance 0.005 kJ/mol/ps per atom, equivalent classical 1x1 list would be:
  outer list: updated every 50 steps, buffer 0.240 nm, rlist 1.240 nm
  inner list: updated every 12 steps, buffer 0.046 nm, rlist 1.046 nm

Using geometric Lennard-Jones combination rule

Long Range LJ corr.: <C6> 3.1923e-04


Initializing LINear Constraint Solver

++++ PLEASE READ AND CITE THE FOLLOWING REFERENCE ++++
B. Hess and H. Bekker and H. J. C. Berendsen and J. G. E. M. Fraaije
LINCS: A Linear Constraint Solver for molecular simulations
J. Comp. Chem. 18 (1997) pp. 1463-1472
-------- -------- --- Thank You --- -------- --------

The number of constraints is 959

++++ PLEASE READ AND CITE THE FOLLOWING REFERENCE ++++
S. Miyamoto and P. A. Kollman
SETTLE: An Analytical Version of the SHAKE and RATTLE Algorithms for Rigid
Water Models
J. Comp. Chem. 13 (1992) pp. 952-962
-------- -------- --- Thank You --- -------- --------


Linking all bonded interactions to atoms

Intra-simulation communication will occur every 10 steps.

++++ PLEASE READ AND CITE THE FOLLOWING REFERENCE ++++
G. Bussi, D. Donadio and M. Parrinello
Canonical sampling through velocity rescaling
J. Chem. Phys. 126 (2007) pp. 014101
-------- -------- --- Thank You --- -------- --------

There are: 33876 Atoms
Atom distribution over 36 domains: av 941 stddev 31 min 895 max 1046
Center of mass motion removal mode is Linear
We have the following groups for center of mass motion removal:
  0:  rest

Started mdrun on rank 0 Sat Sep 24 20:42:25 2022

           Step           Time
              0        0.00000

   Energies (kJ/mol)
           Bond          Angle    Proper Dih. Ryckaert-Bell.          LJ-14
    1.36563e+03    3.83699e+03    2.78181e+02    1.84998e+03    2.68076e+03
     Coulomb-14        LJ (SR)  Disper. corr.   Coulomb (SR)   Coul. recip.
    7.71350e+03    7.26621e+04   -4.44920e+03   -5.59240e+05    3.11642e+03
 Position Rest.      Potential    Kinetic En.   Total Energy  Conserved En.
    1.26108e-01   -4.70186e+05    8.61512e+04   -3.84035e+05   -3.84014e+05
    Temperature Pres. DC (bar) Pressure (bar)   Constr. rmsd
    3.01394e+02   -2.14729e+02   -1.17651e+02    2.77285e-06


DD  step 49 load imb.: force 12.7%  pme mesh/force 0.998

DD  step 499 load imb.: force 15.8%  pme mesh/force 0.932
           Step           Time
            500        1.00000

   Energies (kJ/mol)
           Bond          Angle    Proper Dih. Ryckaert-Bell.          LJ-14
    1.42244e+03    3.65181e+03    2.45411e+02    1.92157e+03    2.64099e+03
     Coulomb-14        LJ (SR)  Disper. corr.   Coulomb (SR)   Coul. recip.
    7.71819e+03    7.47849e+04   -4.47584e+03   -5.62228e+05    3.05509e+03
 Position Rest.      Potential    Kinetic En.   Total Energy  Conserved En.
    4.77044e+02   -4.70786e+05    8.58668e+04   -3.84919e+05   -3.84023e+05
    Temperature Pres. DC (bar) Pressure (bar)   Constr. rmsd
    3.00398e+02   -2.17304e+02    1.95951e+02    2.81594e-06


DD  step 999 load imb.: force 14.8%  pme mesh/force 0.940
           Step           Time
           1000        2.00000

   Energies (kJ/mol)
           Bond          Angle    Proper Dih. Ryckaert-Bell.          LJ-14
    1.37706e+03    3.74698e+03    2.43801e+02    1.83050e+03    2.68332e+03
     Coulomb-14        LJ (SR)  Disper. corr.   Coulomb (SR)   Coul. recip.
    7.70222e+03    7.50891e+04   -4.49618e+03   -5.62935e+05    3.09605e+03
 Position Rest.      Potential    Kinetic En.   Total Energy  Conserved En.
    4.82155e+02   -4.71180e+05    8.54869e+04   -3.85693e+05   -3.84018e+05
    Temperature Pres. DC (bar) Pressure (bar)   Constr. rmsd
    2.99070e+02   -2.19281e+02    3.79575e+02    2.95838e-06


DD  step 1499 load imb.: force 14.6%  pme mesh/force 0.945
           Step           Time
           1500        3.00000

   Energies (kJ/mol)
           Bond          Angle    Proper Dih. Ryckaert-Bell.          LJ-14
    1.48845e+03    3.70912e+03    2.70838e+02    1.76569e+03    2.67568e+03
     Coulomb-14        LJ (SR)  Disper. corr.   Coulomb (SR)   Coul. recip.
    7.80279e+03    7.21478e+04   -4.46759e+03   -5.59499e+05    2.93778e+03
 Position Rest.      Potential    Kinetic En.   Total Energy  Conserved En.
    4.51913e+02   -4.70716e+05    8.55570e+04   -3.85159e+05   -3.84000e+05
    Temperature Pres. DC (bar) Pressure (bar)   Constr. rmsd
    2.99315e+02   -2.16505e+02   -1.10849e+02    2.53601e-06


DD  step 1999 load imb.: force 15.0%  pme mesh/force 0.941
           Step           Time
           2000        4.00000

   Energies (kJ/mol)
           Bond          Angle    Proper Dih. Ryckaert-Bell.          LJ-14
    1.43026e+03    3.75571e+03    2.64929e+02    1.82816e+03    2.76581e+03
     Coulomb-14        LJ (SR)  Disper. corr.   Coulomb (SR)   Coul. recip.
    7.86032e+03    7.30778e+04   -4.47926e+03   -5.59871e+05    3.11090e+03
 Position Rest.      Potential    Kinetic En.   Total Energy  Conserved En.
    4.99637e+02   -4.69757e+05    8.59764e+04   -3.83780e+05   -3.84019e+05
    Temperature Pres. DC (bar) Pressure (bar)   Constr. rmsd
    3.00782e+02   -2.17636e+02    1.12439e+02    3.02412e-06


DD  step 2499 load imb.: force 15.7%  pme mesh/force 0.941
           Step           Time
           2500        5.00000

   Energies (kJ/mol)
           Bond          Angle    Proper Dih. Ryckaert-Bell.          LJ-14
    1.47189e+03    3.73033e+03    2.20530e+02    1.87230e+03    2.62627e+03
     Coulomb-14        LJ (SR)  Disper. corr.   Coulomb (SR)   Coul. recip.
    7.80835e+03    7.36330e+04   -4.47570e+03   -5.60643e+05    2.99731e+03
 Position Rest.      Potential    Kinetic En.   Total Energy  Conserved En.
    4.75138e+02   -4.70283e+05    8.61871e+04   -3.84096e+05   -3.83996e+05
    Temperature Pres. DC (bar) Pressure (bar)   Constr. rmsd
    3.01519e+02   -2.17291e+02   -1.08585e+02    3.04244e-06


DD  step 2999 load imb.: force 15.4%  pme mesh/force 0.971
           Step           Time
           3000        6.00000

   Energies (kJ/mol)
           Bond          Angle    Proper Dih. Ryckaert-Bell.          LJ-14
    1.43837e+03    3.87965e+03    2.59945e+02    1.87192e+03    2.69691e+03
     Coulomb-14        LJ (SR)  Disper. corr.   Coulomb (SR)   Coul. recip.
    7.75641e+03    7.40108e+04   -4.47503e+03   -5.59752e+05    3.02119e+03
 Position Rest.      Potential    Kinetic En.   Total Energy  Conserved En.
    4.46604e+02   -4.68846e+05    8.62622e+04   -3.82584e+05   -3.83998e+05
    Temperature Pres. DC (bar) Pressure (bar)   Constr. rmsd
    3.01782e+02   -2.17225e+02    1.58658e+02    3.20033e-06


DD  step 3499 load imb.: force 14.5%  pme mesh/force 0.943
           Step           Time
           3500        7.00000

   Energies (kJ/mol)
           Bond          Angle    Proper Dih. Ryckaert-Bell.          LJ-14
    1.45903e+03    3.75630e+03    2.05010e+02    1.83866e+03    2.72858e+03
     Coulomb-14        LJ (SR)  Disper. corr.   Coulomb (SR)   Coul. recip.
    7.68302e+03    7.25642e+04   -4.47694e+03   -5.58125e+05    2.96265e+03
 Position Rest.      Potential    Kinetic En.   Total Energy  Conserved En.
    5.19455e+02   -4.68885e+05    8.58219e+04   -3.83064e+05   -3.84001e+05
    Temperature Pres. DC (bar) Pressure (bar)   Constr. rmsd
    3.00242e+02   -2.17411e+02   -7.85202e+01    3.02972e-06


DD  step 3999 load imb.: force 15.4%  pme mesh/force 1.060
           Step           Time
           4000        8.00000

   Energies (kJ/mol)
           Bond          Angle    Proper Dih. Ryckaert-Bell.          LJ-14
    1.38508e+03    3.86892e+03    2.64929e+02    1.81728e+03    2.71071e+03
     Coulomb-14        LJ (SR)  Disper. corr.   Coulomb (SR)   Coul. recip.
    7.77085e+03    7.38403e+04   -4.47104e+03   -5.60348e+05    3.13168e+03
 Position Rest.      Potential    Kinetic En.   Total Energy  Conserved En.
    4.90726e+02   -4.69538e+05    8.52701e+04   -3.84268e+05   -3.83992e+05
    Temperature Pres. DC (bar) Pressure (bar)   Constr. rmsd
    2.98311e+02   -2.16839e+02    1.20653e+02    2.85144e-06


DD  step 4499 load imb.: force 14.4%  pme mesh/force 0.966
           Step           Time
           4500        9.00000

   Energies (kJ/mol)
           Bond          Angle    Proper Dih. Ryckaert-Bell.          LJ-14
    1.44167e+03    3.53946e+03    2.94051e+02    1.84912e+03    2.68373e+03
     Coulomb-14        LJ (SR)  Disper. corr.   Coulomb (SR)   Coul. recip.
    7.75810e+03    7.52335e+04   -4.47462e+03   -5.63052e+05    3.04254e+03
 Position Rest.      Potential    Kinetic En.   Total Energy  Conserved En.
    5.05045e+02   -4.71179e+05    8.52510e+04   -3.85928e+05   -3.83993e+05
    Temperature Pres. DC (bar) Pressure (bar)   Constr. rmsd
    2.98244e+02   -2.17186e+02    2.41168e+02    2.73397e-06


DD  step 4999 load imb.: force 14.9%  pme mesh/force 0.939

step 5000 Turning on dynamic load balancing, because the performance loss due to load imbalance is 6.0 %.
           Step           Time
           5000       10.00000

   Energies (kJ/mol)
           Bond          Angle    Proper Dih. Ryckaert-Bell.          LJ-14
    1.44680e+03    3.79153e+03    2.59541e+02    1.74035e+03    2.71406e+03
     Coulomb-14        LJ (SR)  Disper. corr.   Coulomb (SR)   Coul. recip.
    7.80183e+03    7.42330e+04   -4.47157e+03   -5.62130e+05    2.98975e+03
 Position Rest.      Potential    Kinetic En.   Total Energy  Conserved En.
    4.40807e+02   -4.71184e+05    8.60781e+04   -3.85106e+05   -3.83992e+05
    Temperature Pres. DC (bar) Pressure (bar)   Constr. rmsd
    3.01138e+02   -2.16890e+02    1.52564e+02    2.96506e-06


DD  step 5499  vol min/aver 0.653  load imb.: force  4.5%  pme mesh/force 0.995
           Step           Time
           5500       11.00000

   Energies (kJ/mol)
           Bond          Angle    Proper Dih. Ryckaert-Bell.          LJ-14
    1.36734e+03    3.75901e+03    2.47424e+02    1.80512e+03    2.66469e+03
     Coulomb-14        LJ (SR)  Disper. corr.   Coulomb (SR)   Coul. recip.
    7.77461e+03    7.48511e+04   -4.48645e+03   -5.61917e+05    3.10475e+03
 Position Rest.      Potential    Kinetic En.   Total Energy  Conserved En.
    4.46072e+02   -4.70383e+05    8.55922e+04   -3.84791e+05   -3.83995e+05
    Temperature Pres. DC (bar) Pressure (bar)   Constr. rmsd
    2.99438e+02   -2.18334e+02    1.96185e+02    3.30488e-06


DD  step 5999  vol min/aver 0.622  load imb.: force  4.6%  pme mesh/force 1.015
           Step           Time
           6000       12.00000

   Energies (kJ/mol)
           Bond          Angle    Proper Dih. Ryckaert-Bell.          LJ-14
    1.38037e+03    3.80793e+03    2.59147e+02    1.84727e+03    2.72273e+03
     Coulomb-14        LJ (SR)  Disper. corr.   Coulomb (SR)   Coul. recip.
    7.91123e+03    7.41673e+04   -4.46295e+03   -5.61605e+05    2.95193e+03
 Position Rest.      Potential    Kinetic En.   Total Energy  Conserved En.
    4.64316e+02   -4.70556e+05    8.58876e+04   -3.84668e+05   -3.83981e+05
    Temperature Pres. DC (bar) Pressure (bar)   Constr. rmsd
    3.00471e+02   -2.16056e+02    8.34918e+01    2.68991e-06


DD  step 6499  vol min/aver 0.632  load imb.: force  2.3%  pme mesh/force 1.008
           Step           Time
           6500       13.00000

   Energies (kJ/mol)
           Bond          Angle    Proper Dih. Ryckaert-Bell.          LJ-14
    1.46406e+03    3.74736e+03    2.29830e+02    1.90451e+03    2.68543e+03
     Coulomb-14        LJ (SR)  Disper. corr.   Coulomb (SR)   Coul. recip.
    7.77532e+03    7.34925e+04   -4.45357e+03   -5.60169e+05    3.02815e+03
 Position Rest.      Potential    Kinetic En.   Total Energy  Conserved En.
    4.23227e+02   -4.69872e+05    8.57560e+04   -3.84116e+05   -3.83960e+05
    Temperature Pres. DC (bar) Pressure (bar)   Constr. rmsd
    3.00011e+02   -2.15150e+02    2.04360e+01    2.92229e-06


DD  step 6999  vol min/aver 0.636  load imb.: force  4.4%  pme mesh/force 0.981
           Step           Time
           7000       14.00000

   Energies (kJ/mol)
           Bond          Angle    Proper Dih. Ryckaert-Bell.          LJ-14
    1.45847e+03    3.73305e+03    2.65921e+02    1.82706e+03    2.71432e+03
     Coulomb-14        LJ (SR)  Disper. corr.   Coulomb (SR)   Coul. recip.
    7.69849e+03    7.44301e+04   -4.47191e+03   -5.61114e+05    3.11311e+03
 Position Rest.      Potential    Kinetic En.   Total Energy  Conserved En.
    4.27413e+02   -4.69918e+05    8.51159e+04   -3.84802e+05   -3.83955e+05
    Temperature Pres. DC (bar) Pressure (bar)   Constr. rmsd
    2.97772e+02   -2.16924e+02    1.42937e+02    2.84013e-06


DD  step 7499  vol min/aver 0.656  load imb.: force  3.5%  pme mesh/force 0.992
           Step           Time
           7500       15.00000

   Energies (kJ/mol)
           Bond          Angle    Proper Dih. Ryckaert-Bell.          LJ-14
    1.40941e+03    3.64185e+03    2.77516e+02    1.85570e+03    2.68896e+03
     Coulomb-14        LJ (SR)  Disper. corr.   Coulomb (SR)   Coul. recip.
    7.74314e+03    7.23517e+04   -4.47893e+03   -5.59330e+05    3.01946e+03
 Position Rest.      Potential    Kinetic En.   Total Energy  Conserved En.
    4.64311e+02   -4.70357e+05    8.55584e+04   -3.84799e+05   -3.83968e+05
    Temperature Pres. DC (bar) Pressure (bar)   Constr. rmsd
    2.99320e+02   -2.17604e+02   -7.63591e+01    2.64152e-06


DD  step 7999  vol min/aver 0.636  load imb.: force  3.2%  pme mesh/force 1.000
           Step           Time
           8000       16.00000

   Energies (kJ/mol)
           Bond          Angle    Proper Dih. Ryckaert-Bell.          LJ-14
    1.55295e+03    3.82256e+03    2.76386e+02    1.83948e+03    2.57294e+03
     Coulomb-14        LJ (SR)  Disper. corr.   Coulomb (SR)   Coul. recip.
    7.71371e+03    7.41242e+04   -4.46274e+03   -5.60011e+05    3.13392e+03
 Position Rest.      Potential    Kinetic En.   Total Energy  Conserved En.
    4.95513e+02   -4.68942e+05    8.59154e+04   -3.83027e+05   -3.83949e+05
    Temperature Pres. DC (bar) Pressure (bar)   Constr. rmsd
    3.00569e+02   -2.16036e+02    1.44224e+01    2.66954e-06


DD  step 8499  vol min/aver 0.626  load imb.: force  6.0%  pme mesh/force 1.012
           Step           Time
           8500       17.00000

   Energies (kJ/mol)
           Bond          Angle    Proper Dih. Ryckaert-Bell.          LJ-14
    1.51095e+03    3.73610e+03    2.60410e+02    1.78313e+03    2.66113e+03
     Coulomb-14        LJ (SR)  Disper. corr.   Coulomb (SR)   Coul. recip.
    7.70324e+03    7.38790e+04   -4.45542e+03   -5.60591e+05    3.04209e+03
 Position Rest.      Potential    Kinetic En.   Total Energy  Conserved En.
    4.78845e+02   -4.69991e+05    8.53333e+04   -3.84658e+05   -3.83961e+05
    Temperature Pres. DC (bar) Pressure (bar)   Constr. rmsd
    2.98532e+02   -2.15328e+02   -5.72061e+01    3.20084e-06


DD  step 8999  vol min/aver 0.644  load imb.: force  2.4%  pme mesh/force 0.990
           Step           Time
           9000       18.00000

   Energies (kJ/mol)
           Bond          Angle    Proper Dih. Ryckaert-Bell.          LJ-14
    1.57158e+03    3.72324e+03    2.31986e+02    1.81073e+03    2.68729e+03
     Coulomb-14        LJ (SR)  Disper. corr.   Coulomb (SR)   Coul. recip.
    7.75764e+03    7.36712e+04   -4.46899e+03   -5.59993e+05    3.03218e+03
 Position Rest.      Potential    Kinetic En.   Total Energy  Conserved En.
    4.88242e+02   -4.69488e+05    8.56273e+04   -3.83861e+05   -3.83954e+05
    Temperature Pres. DC (bar) Pressure (bar)   Constr. rmsd
    2.99561e+02   -2.16640e+02   -1.70627e+02    2.99214e-06


DD  step 9499  vol min/aver 0.644  load imb.: force  4.2%  pme mesh/force 1.002
           Step           Time
           9500       19.00000

   Energies (kJ/mol)
           Bond          Angle    Proper Dih. Ryckaert-Bell.          LJ-14
    1.48207e+03    3.74834e+03    2.28750e+02    1.84445e+03    2.73464e+03
     Coulomb-14        LJ (SR)  Disper. corr.   Coulomb (SR)   Coul. recip.
    7.78278e+03    7.36219e+04   -4.48066e+03   -5.60616e+05    3.02903e+03
 Position Rest.      Potential    Kinetic En.   Total Energy  Conserved En.
    4.29303e+02   -4.70195e+05    8.53911e+04   -3.84804e+05   -3.83946e+05
    Temperature Pres. DC (bar) Pressure (bar)   Constr. rmsd
    2.98734e+02   -2.17772e+02    1.99094e+02    2.58930e-06


DD  step 9999  vol min/aver 0.621  load imb.: force  3.2%  pme mesh/force 1.023
           Step           Time
          10000       20.00000

   Energies (kJ/mol)
           Bond          Angle    Proper Dih. Ryckaert-Bell.          LJ-14
    1.37878e+03    3.81039e+03    2.39852e+02    1.88692e+03    2.75248e+03
     Coulomb-14        LJ (SR)  Disper. corr.   Coulomb (SR)   Coul. recip.
    7.85914e+03    7.35569e+04   -4.44420e+03   -5.61093e+05    3.07723e+03
 Position Rest.      Potential    Kinetic En.   Total Energy  Conserved En.
    4.79893e+02   -4.70496e+05    8.58319e+04   -3.84664e+05   -3.83945e+05
    Temperature Pres. DC (bar) Pressure (bar)   Constr. rmsd
    3.00276e+02   -2.14246e+02   -8.29958e+01    3.55212e-06


DD  step 10499  vol min/aver 0.646  load imb.: force  3.7%  pme mesh/force 0.987
           Step           Time
          10500       21.00000

   Energies (kJ/mol)
           Bond          Angle    Proper Dih. Ryckaert-Bell.          LJ-14
    1.42651e+03    3.56648e+03    2.79334e+02    1.83043e+03    2.67407e+03
     Coulomb-14        LJ (SR)  Disper. corr.   Coulomb (SR)   Coul. recip.
    7.83464e+03    7.50165e+04   -4.49095e+03   -5.63478e+05    3.04850e+03
 Position Rest.      Potential    Kinetic En.   Total Energy  Conserved En.
    4.39274e+02   -4.71853e+05    8.57802e+04   -3.86073e+05   -3.83947e+05
    Temperature Pres. DC (bar) Pressure (bar)   Constr. rmsd
    3.00096e+02   -2.18772e+02    1.79107e+02    2.82413e-06


DD  step 10999  vol min/aver 0.634  load imb.: force  3.5%  pme mesh/force 0.986
           Step           Time
          11000       22.00000

   Energies (kJ/mol)
           Bond          Angle    Proper Dih. Ryckaert-Bell.          LJ-14
    1.44099e+03    3.60849e+03    2.59531e+02    1.79250e+03    2.73068e+03
     Coulomb-14        LJ (SR)  Disper. corr.   Coulomb (SR)   Coul. recip.
    7.79503e+03    7.43235e+04   -4.48158e+03   -5.61752e+05    2.93381e+03
 Position Rest.      Potential    Kinetic En.   Total Energy  Conserved En.
    4.83100e+02   -4.70865e+05    8.57430e+04   -3.85122e+05   -3.83929e+05
    Temperature Pres. DC (bar) Pressure (bar)   Constr. rmsd
    2.99966e+02   -2.17861e+02    2.22375e+02    3.34506e-06


DD  step 11499  vol min/aver 0.621  load imb.: force  3.5%  pme mesh/force 0.980
           Step           Time
          11500       23.00000

   Energies (kJ/mol)
           Bond          Angle    Proper Dih. Ryckaert-Bell.          LJ-14
    1.42816e+03    3.81995e+03    2.44724e+02    1.85690e+03    2.68374e+03
     Coulomb-14        LJ (SR)  Disper. corr.   Coulomb (SR)   Coul. recip.
    7.86007e+03    7.26527e+04   -4.48720e+03   -5.60373e+05    3.11156e+03
 Position Rest.      Potential    Kinetic En.   Total Energy  Conserved En.
    4.56880e+02   -4.70745e+05    8.63602e+04   -3.84385e+05   -3.83939e+05
    Temperature Pres. DC (bar) Pressure (bar)   Constr. rmsd
    3.02125e+02   -2.18408e+02   -1.51124e+02    2.85104e-06


DD  step 11999  vol min/aver 0.640  load imb.: force  9.9%  pme mesh/force 1.060
           Step           Time
          12000       24.00000

   Energies (kJ/mol)
           Bond          Angle    Proper Dih. Ryckaert-Bell.          LJ-14
    1.41187e+03    3.51762e+03    2.50252e+02    1.82133e+03    2.77238e+03
     Coulomb-14        LJ (SR)  Disper. corr.   Coulomb (SR)   Coul. recip.
    7.67424e+03    7.33753e+04   -4.46883e+03   -5.61142e+05    2.95733e+03
 Position Rest.      Potential    Kinetic En.   Total Energy  Conserved En.
    4.67775e+02   -4.71362e+05    8.56173e+04   -3.85745e+05   -3.83940e+05
    Temperature Pres. DC (bar) Pressure (bar)   Constr. rmsd
    2.99526e+02   -2.16624e+02   -2.81020e+01    2.58919e-06


DD  step 12499  vol min/aver 0.636  load imb.: force  4.0%  pme mesh/force 1.004
           Step           Time
          12500       25.00000

   Energies (kJ/mol)
           Bond          Angle    Proper Dih. Ryckaert-Bell.          LJ-14
    1.48855e+03    3.55848e+03    2.51503e+02    1.86271e+03    2.59584e+03
     Coulomb-14        LJ (SR)  Disper. corr.   Coulomb (SR)   Coul. recip.
    7.59063e+03    7.39974e+04   -4.45314e+03   -5.61770e+05    3.10603e+03
 Position Rest.      Potential    Kinetic En.   Total Energy  Conserved En.
    4.63112e+02   -4.71309e+05    8.58862e+04   -3.85423e+05   -3.83941e+05
    Temperature Pres. DC (bar) Pressure (bar)   Constr. rmsd
    3.00467e+02   -2.15108e+02   -2.40014e+02    2.90363e-06


DD  step 12999  vol min/aver 0.628  load imb.: force  3.7%  pme mesh/force 0.995
           Step           Time
          13000       26.00000

   Energies (kJ/mol)
           Bond          Angle    Proper Dih. Ryckaert-Bell.          LJ-14
    1.43126e+03    3.80456e+03    2.57953e+02    1.92036e+03    2.67462e+03
     Coulomb-14        LJ (SR)  Disper. corr.   Coulomb (SR)   Coul. recip.
    7.68925e+03    7.22694e+04   -4.46441e+03   -5.59338e+05    3.09623e+03
 Position Rest.      Potential    Kinetic En.   Total Energy  Conserved En.
    4.88484e+02   -4.70170e+05    8.68942e+04   -3.83276e+05   -3.83944e+05
    Temperature Pres. DC (bar) Pressure (bar)   Constr. rmsd
    3.03993e+02   -2.16197e+02   -3.37322e+02    3.31391e-06


DD  step 13499  vol min/aver 0.645  load imb.: force  3.3%  pme mesh/force 0.991
           Step           Time
          13500       27.00000

   Energies (kJ/mol)
           Bond          Angle    Proper Dih. Ryckaert-Bell.          LJ-14
    1.51565e+03    3.63461e+03    2.63709e+02    1.89066e+03    2.72479e+03
     Coulomb-14        LJ (SR)  Disper. corr.   Coulomb (SR)   Coul. recip.
    7.80650e+03    7.36150e+04   -4.48520e+03   -5.60705e+05    3.09262e+03
 Position Rest.      Potential    Kinetic En.   Total Energy  Conserved En.
    4.69592e+02   -4.70177e+05    8.59078e+04   -3.84269e+05   -3.83937e+05
    Temperature Pres. DC (bar) Pressure (bar)   Constr. rmsd
    3.00542e+02   -2.18213e+02    1.35389e+02    2.79798e-06


DD  step 13999  vol min/aver 0.612  load imb.: force  4.1%  pme mesh/force 0.993
           Step           Time
          14000       28.00000

   Energies (kJ/mol)
           Bond          Angle    Proper Dih. Ryckaert-Bell.          LJ-14
    1.39353e+03    3.73517e+03    2.38748e+02    1.78556e+03    2.67401e+03
     Coulomb-14        LJ (SR)  Disper. corr.   Coulomb (SR)   Coul. recip.
    7.72751e+03    7.33301e+04   -4.48178e+03   -5.60867e+05    3.02149e+03
 Position Rest.      Potential    Kinetic En.   Total Energy  Conserved En.
    4.09384e+02   -4.71033e+05    8.68186e+04   -3.84214e+05   -3.83947e+05
    Temperature Pres. DC (bar) Pressure (bar)   Constr. rmsd
    3.03728e+02   -2.17881e+02    3.96271e+01    2.83815e-06


DD  step 14499  vol min/aver 0.643  load imb.: force  3.4%  pme mesh/force 0.997
           Step           Time
          14500       29.00000

   Energies (kJ/mol)
           Bond          Angle    Proper Dih. Ryckaert-Bell.          LJ-14
    1.44192e+03    3.77472e+03    2.16759e+02    1.80358e+03    2.59808e+03
     Coulomb-14        LJ (SR)  Disper. corr.   Coulomb (SR)   Coul. recip.
    7.73343e+03    7.42526e+04   -4.47896e+03   -5.62921e+05    3.03308e+03
 Position Rest.      Potential    Kinetic En.   Total Energy  Conserved En.
    4.27663e+02   -4.72118e+05    8.52683e+04   -3.86850e+05   -3.83931e+05
    Temperature Pres. DC (bar) Pressure (bar)   Constr. rmsd
    2.98305e+02   -2.17607e+02   -9.87400e+01    2.82001e-06


DD  step 14999  vol min/aver 0.614  load imb.: force  4.8%  pme mesh/force 1.031
           Step           Time
          15000       30.00000

   Energies (kJ/mol)
           Bond          Angle    Proper Dih. Ryckaert-Bell.          LJ-14
    1.52939e+03    3.55639e+03    2.76567e+02    1.85219e+03    2.77548e+03
     Coulomb-14        LJ (SR)  Disper. corr.   Coulomb (SR)   Coul. recip.
    7.79814e+03    7.29334e+04   -4.46461e+03   -5.60360e+05    3.02781e+03
 Position Rest.      Potential    Kinetic En.   Total Energy  Conserved En.
    4.51360e+02   -4.70623e+05    8.58841e+04   -3.84739e+05   -3.83927e+05
    Temperature Pres. DC (bar) Pressure (bar)   Constr. rmsd
    3.00459e+02   -2.16216e+02   -1.12499e+02    3.11521e-06


DD  step 15499  vol min/aver 0.623  load imb.: force  3.5%  pme mesh/force 1.005
           Step           Time
          15500       31.00000

   Energies (kJ/mol)
           Bond          Angle    Proper Dih. Ryckaert-Bell.          LJ-14
    1.45203e+03    3.56617e+03    2.34676e+02    1.80071e+03    2.67949e+03
     Coulomb-14        LJ (SR)  Disper. corr.   Coulomb (SR)   Coul. recip.
    7.77123e+03    7.43964e+04   -4.50720e+03   -5.62615e+05    2.99534e+03
 Position Rest.      Potential    Kinetic En.   Total Energy  Conserved En.
    4.66809e+02   -4.71759e+05    8.51476e+04   -3.86612e+05   -3.83918e+05
    Temperature Pres. DC (bar) Pressure (bar)   Constr. rmsd
    2.97882e+02   -2.20357e+02    1.40050e+02    2.89044e-06


DD  step 15999  vol min/aver 0.647  load imb.: force  4.0%  pme mesh/force 1.002
           Step           Time
          16000       32.00000

   Energies (kJ/mol)
           Bond          Angle    Proper Dih. Ryckaert-Bell.          LJ-14
    1.47047e+03    3.61916e+03    2.51104e+02    1.79317e+03    2.65140e+03
     Coulomb-14        LJ (SR)  Disper. corr.   Coulomb (SR)   Coul. recip.
    7.78741e+03    7.46177e+04   -4.47576e+03   -5.62781e+05    2.98620e+03
 Position Rest.      Potential    Kinetic En.   Total Energy  Conserved En.
    4.52641e+02   -4.71628e+05    8.59455e+04   -3.85682e+05   -3.83918e+05
    Temperature Pres. DC (bar) Pressure (bar)   Constr. rmsd
    3.00674e+02   -2.17297e+02    4.01291e-01    2.75337e-06


DD  step 16499  vol min/aver 0.653  load imb.: force  3.1%  pme mesh/force 1.014
           Step           Time
          16500       33.00000

   Energies (kJ/mol)
           Bond          Angle    Proper Dih. Ryckaert-Bell.          LJ-14
    1.38302e+03    3.89431e+03    2.54249e+02    1.91424e+03    2.67926e+03
     Coulomb-14        LJ (SR)  Disper. corr.   Coulomb (SR)   Coul. recip.
    7.78003e+03    7.40322e+04   -4.48036e+03   -5.60625e+05    3.06218e+03
 Position Rest.      Potential    Kinetic En.   Total Energy  Conserved En.
    4.74128e+02   -4.69631e+05    8.47556e+04   -3.84876e+05   -3.83908e+05
    Temperature Pres. DC (bar) Pressure (bar)   Constr. rmsd
    2.96511e+02   -2.17743e+02    1.19213e+02    3.62916e-06


DD  step 16999  vol min/aver 0.609  load imb.: force  3.6%  pme mesh/force 0.989
           Step           Time
          17000       34.00000

   Energies (kJ/mol)
           Bond          Angle    Proper Dih. Ryckaert-Bell.          LJ-14
    1.48982e+03    3.70773e+03    2.46101e+02    1.81756e+03    2.65768e+03
     Coulomb-14        LJ (SR)  Disper. corr.   Coulomb (SR)   Coul. recip.
    7.88109e+03    7.40353e+04   -4.46482e+03   -5.61968e+05    3.06883e+03
 Position Rest.      Potential    Kinetic En.   Total Energy  Conserved En.
    4.74109e+02   -4.71054e+05    8.58712e+04   -3.85183e+05   -3.83904e+05
    Temperature Pres. DC (bar) Pressure (bar)   Constr. rmsd
    3.00414e+02   -2.16237e+02   -1.97915e+01    3.03644e-06


DD  step 17499  vol min/aver 0.648  load imb.: force  6.1%  pme mesh/force 1.002
           Step           Time
          17500       35.00000

   Energies (kJ/mol)
           Bond          Angle    Proper Dih. Ryckaert-Bell.          LJ-14
    1.44499e+03    3.70478e+03    2.24227e+02    1.82092e+03    2.71779e+03
     Coulomb-14        LJ (SR)  Disper. corr.   Coulomb (SR)   Coul. recip.
    7.80140e+03    7.38931e+04   -4.46138e+03   -5.61577e+05    3.05353e+03
 Position Rest.      Potential    Kinetic En.   Total Energy  Conserved En.
    4.83568e+02   -4.70894e+05    8.54052e+04   -3.85489e+05   -3.83907e+05
    Temperature Pres. DC (bar) Pressure (bar)   Constr. rmsd
    2.98784e+02   -2.15904e+02    1.09373e+02    2.78519e-06


DD  step 17999  vol min/aver 0.620  load imb.: force  6.8%  pme mesh/force 1.013
           Step           Time
          18000       36.00000

   Energies (kJ/mol)
           Bond          Angle    Proper Dih. Ryckaert-Bell.          LJ-14
    1.45040e+03    3.65951e+03    2.39051e+02    1.86422e+03    2.67170e+03
     Coulomb-14        LJ (SR)  Disper. corr.   Coulomb (SR)   Coul. recip.
    7.66014e+03    7.40176e+04   -4.45999e+03   -5.61669e+05    3.06944e+03
 Position Rest.      Potential    Kinetic En.   Total Energy  Conserved En.
    4.55322e+02   -4.71042e+05    8.58262e+04   -3.85215e+05   -3.83911e+05
    Temperature Pres. DC (bar) Pressure (bar)   Constr. rmsd
    3.00257e+02   -2.15770e+02   -3.79438e+01    3.12889e-06


DD  step 18499  vol min/aver 0.630  load imb.: force  3.5%  pme mesh/force 0.979
           Step           Time
          18500       37.00000

   Energies (kJ/mol)
           Bond          Angle    Proper Dih. Ryckaert-Bell.          LJ-14
    1.45548e+03    3.82292e+03    2.18583e+02    1.78505e+03    2.57531e+03
     Coulomb-14        LJ (SR)  Disper. corr.   Coulomb (SR)   Coul. recip.
    7.62333e+03    7.30840e+04   -4.47274e+03   -5.60000e+05    3.04753e+03
 Position Rest.      Potential    Kinetic En.   Total Energy  Conserved En.
    4.75878e+02   -4.70384e+05    8.63552e+04   -3.84029e+05   -3.83913e+05
    Temperature Pres. DC (bar) Pressure (bar)   Constr. rmsd
    3.02107e+02   -2.17003e+02   -1.10930e+02    3.00107e-06


DD  step 18999  vol min/aver 0.639  load imb.: force  3.5%  pme mesh/force 0.998
           Step           Time
          19000       38.00000

   Energies (kJ/mol)
           Bond          Angle    Proper Dih. Ryckaert-Bell.          LJ-14
    1.51027e+03    3.76248e+03    2.54284e+02    1.90193e+03    2.62122e+03
     Coulomb-14        LJ (SR)  Disper. corr.   Coulomb (SR)   Coul. recip.
    7.64365e+03    7.40982e+04   -4.46620e+03   -5.59763e+05    3.05760e+03
 Position Rest.      Potential    Kinetic En.   Total Energy  Conserved En.
    4.87284e+02   -4.68892e+05    8.61503e+04   -3.82742e+05   -3.83902e+05
    Temperature Pres. DC (bar) Pressure (bar)   Constr. rmsd
    3.01390e+02   -2.16371e+02    9.97959e+01    3.24663e-06


DD  step 19499  vol min/aver 0.652  load imb.: force  2.7%  pme mesh/force 0.983
           Step           Time
          19500       39.00000

   Energies (kJ/mol)
           Bond          Angle    Proper Dih. Ryckaert-Bell.          LJ-14
    1.39676e+03    3.77413e+03    2.49115e+02    1.91939e+03    2.69041e+03
     Coulomb-14        LJ (SR)  Disper. corr.   Coulomb (SR)   Coul. recip.
    7.85148e+03    7.28428e+04   -4.48022e+03   -5.60896e+05    2.98419e+03
 Position Rest.      Potential    Kinetic En.   Total Energy  Conserved En.
    4.90250e+02   -4.71178e+05    8.63736e+04   -3.84804e+05   -3.83916e+05
    Temperature Pres. DC (bar) Pressure (bar)   Constr. rmsd
    3.02172e+02   -2.17729e+02   -1.60556e+02    2.88686e-06


DD  step 19999  vol min/aver 0.648  load imb.: force  4.0%  pme mesh/force 0.977
           Step           Time
          20000       40.00000

   Energies (kJ/mol)
           Bond          Angle    Proper Dih. Ryckaert-Bell.          LJ-14
    1.50155e+03    3.77586e+03    2.46933e+02    1.87145e+03    2.72748e+03
     Coulomb-14        LJ (SR)  Disper. corr.   Coulomb (SR)   Coul. recip.
    7.84386e+03    7.38133e+04   -4.49190e+03   -5.61518e+05    3.00843e+03
 Position Rest.      Potential    Kinetic En.   Total Energy  Conserved En.
    4.74977e+02   -4.70746e+05    8.64727e+04   -3.84274e+05   -3.83901e+05
    Temperature Pres. DC (bar) Pressure (bar)   Constr. rmsd
    3.02518e+02   -2.18864e+02    1.64008e+02    3.19004e-06


DD  step 20499  vol min/aver 0.635  load imb.: force  3.9%  pme mesh/force 0.997
           Step           Time
          20500       41.00000

   Energies (kJ/mol)
           Bond          Angle    Proper Dih. Ryckaert-Bell.          LJ-14
    1.50226e+03    3.71442e+03    2.45024e+02    1.87927e+03    2.73362e+03
     Coulomb-14        LJ (SR)  Disper. corr.   Coulomb (SR)   Coul. recip.
    7.75399e+03    7.34810e+04   -4.44647e+03   -5.60637e+05    3.01065e+03
 Position Rest.      Potential    Kinetic En.   Total Energy  Conserved En.
    4.99845e+02   -4.70264e+05    8.50516e+04   -3.85212e+05   -3.83896e+05
    Temperature Pres. DC (bar) Pressure (bar)   Constr. rmsd
    2.97547e+02   -2.14465e+02   -1.09155e+02    2.88600e-06


DD  step 20999  vol min/aver 0.630  load imb.: force  2.9%  pme mesh/force 0.982
           Step           Time
          21000       42.00000

   Energies (kJ/mol)
           Bond          Angle    Proper Dih. Ryckaert-Bell.          LJ-14
    1.33646e+03    3.82807e+03    2.40967e+02    1.83135e+03    2.67188e+03
     Coulomb-14        LJ (SR)  Disper. corr.   Coulomb (SR)   Coul. recip.
    7.85460e+03    7.32126e+04   -4.46452e+03   -5.60533e+05    3.08834e+03
 Position Rest.      Potential    Kinetic En.   Total Energy  Conserved En.
    4.52462e+02   -4.70481e+05    8.53256e+04   -3.85155e+05   -3.83892e+05
    Temperature Pres. DC (bar) Pressure (bar)   Constr. rmsd
    2.98505e+02   -2.16208e+02    5.32733e+01    2.82435e-06


DD  step 21499  vol min/aver 0.642  load imb.: force  2.4%  pme mesh/force 0.985
           Step           Time
          21500       43.00000

   Energies (kJ/mol)
           Bond          Angle    Proper Dih. Ryckaert-Bell.          LJ-14
    1.47906e+03    3.69621e+03    2.70211e+02    1.83521e+03    2.56991e+03
     Coulomb-14        LJ (SR)  Disper. corr.   Coulomb (SR)   Coul. recip.
    7.76685e+03    7.43629e+04   -4.47245e+03   -5.62297e+05    2.97329e+03
 Position Rest.      Potential    Kinetic En.   Total Energy  Conserved En.
    4.81249e+02   -4.71334e+05    8.58535e+04   -3.85481e+05   -3.83900e+05
    Temperature Pres. DC (bar) Pressure (bar)   Constr. rmsd
    3.00352e+02   -2.16976e+02   -1.37387e+02    2.69565e-06


DD  step 21999  vol min/aver 0.651  load imb.: force  2.6%  pme mesh/force 1.003
           Step           Time
          22000       44.00000

   Energies (kJ/mol)
           Bond          Angle    Proper Dih. Ryckaert-Bell.          LJ-14
    1.49583e+03    3.73186e+03    2.57887e+02    1.78825e+03    2.66931e+03
     Coulomb-14        LJ (SR)  Disper. corr.   Coulomb (SR)   Coul. recip.
    7.76462e+03    7.44874e+04   -4.47975e+03   -5.61920e+05    3.10149e+03
 Position Rest.      Potential    Kinetic En.   Total Energy  Conserved En.
    4.40108e+02   -4.70663e+05    8.53302e+04   -3.85333e+05   -3.83866e+05
    Temperature Pres. DC (bar) Pressure (bar)   Constr. rmsd
    2.98521e+02   -2.17683e+02    3.29697e+00    3.03076e-06


DD  step 22499  vol min/aver 0.656  load imb.: force  4.2%  pme mesh/force 0.996
           Step           Time
          22500       45.00000

   Energies (kJ/mol)
           Bond          Angle    Proper Dih. Ryckaert-Bell.          LJ-14
    1.42720e+03    3.78418e+03    2.18770e+02    1.89787e+03    2.56403e+03
     Coulomb-14        LJ (SR)  Disper. corr.   Coulomb (SR)   Coul. recip.
    7.67599e+03    7.52499e+04   -4.48175e+03   -5.62427e+05    3.02565e+03
 Position Rest.      Potential    Kinetic En.   Total Energy  Conserved En.
    5.19388e+02   -4.70546e+05    8.58638e+04   -3.84682e+05   -3.83882e+05
    Temperature Pres. DC (bar) Pressure (bar)   Constr. rmsd
    3.00388e+02   -2.17878e+02    3.17082e+01    2.64782e-06


DD  step 22999  vol min/aver 0.656  load imb.: force  3.7%  pme mesh/force 1.004
           Step           Time
          23000       46.00000

   Energies (kJ/mol)
           Bond          Angle    Proper Dih. Ryckaert-Bell.          LJ-14
    1.42920e+03    3.71626e+03    2.44193e+02    1.78580e+03    2.68391e+03
     Coulomb-14        LJ (SR)  Disper. corr.   Coulomb (SR)   Coul. recip.
    7.77412e+03    7.39922e+04   -4.46107e+03   -5.62237e+05    3.06978e+03
 Position Rest.      Potential    Kinetic En.   Total Energy  Conserved En.
    4.53466e+02   -4.71549e+05    8.48986e+04   -3.86651e+05   -3.83887e+05
    Temperature Pres. DC (bar) Pressure (bar)   Constr. rmsd
    2.97011e+02   -2.15874e+02    1.69010e+01    3.11795e-06


DD  step 23499  vol min/aver 0.626  load imb.: force  3.6%  pme mesh/force 1.008
           Step           Time
          23500       47.00000

   Energies (kJ/mol)
           Bond          Angle    Proper Dih. Ryckaert-Bell.          LJ-14
    1.40160e+03    3.63581e+03    1.97680e+02    1.82733e+03    2.71182e+03
     Coulomb-14        LJ (SR)  Disper. corr.   Coulomb (SR)   Coul. recip.
    7.77929e+03    7.35313e+04   -4.48521e+03   -5.61399e+05    3.02458e+03
 Position Rest.      Potential    Kinetic En.   Total Energy  Conserved En.
    5.22915e+02   -4.71252e+05    8.52451e+04   -3.86006e+05   -3.83886e+05
    Temperature Pres. DC (bar) Pressure (bar)   Constr. rmsd
    2.98224e+02   -2.18214e+02    1.01823e+01    2.80658e-06


DD  step 23999  vol min/aver 0.659  load imb.: force  3.6%  pme mesh/force 1.006
           Step           Time
          24000       48.00000

   Energies (kJ/mol)
           Bond          Angle    Proper Dih. Ryckaert-Bell.          LJ-14
    1.49222e+03    3.75484e+03    2.34996e+02    1.84240e+03    2.67101e+03
     Coulomb-14        LJ (SR)  Disper. corr.   Coulomb (SR)   Coul. recip.
    7.73685e+03    7.44228e+04   -4.46818e+03   -5.61510e+05    2.97944e+03
 Position Rest.      Potential    Kinetic En.   Total Energy  Conserved En.
    4.76303e+02   -4.70367e+05    8.57439e+04   -3.84623e+05   -3.83874e+05
    Temperature Pres. DC (bar) Pressure (bar)   Constr. rmsd
    2.99969e+02   -2.16562e+02    6.87662e+01    2.73108e-06


DD  step 24499  vol min/aver 0.605  load imb.: force  5.4%  pme mesh/force 1.008
           Step           Time
          24500       49.00000

   Energies (kJ/mol)
           Bond          Angle    Proper Dih. Ryckaert-Bell.          LJ-14
    1.51350e+03    3.75512e+03    2.63268e+02    1.82083e+03    2.71267e+03
     Coulomb-14        LJ (SR)  Disper. corr.   Coulomb (SR)   Coul. recip.
    7.78269e+03    7.39255e+04   -4.47229e+03   -5.61360e+05    2.98003e+03
 Position Rest.      Potential    Kinetic En.   Total Energy  Conserved En.
    5.01623e+02   -4.70577e+05    8.62939e+04   -3.84283e+05   -3.83885e+05
    Temperature Pres. DC (bar) Pressure (bar)   Constr. rmsd
    3.01893e+02   -2.16960e+02    7.74989e+01    2.95271e-06


DD  step 24999  vol min/aver 0.623  load imb.: force  2.5%  pme mesh/force 0.990
           Step           Time
          25000       50.00000

   Energies (kJ/mol)
           Bond          Angle    Proper Dih. Ryckaert-Bell.          LJ-14
    1.45824e+03    3.67624e+03    2.44718e+02    1.80400e+03    2.69164e+03
     Coulomb-14        LJ (SR)  Disper. corr.   Coulomb (SR)   Coul. recip.
    7.72682e+03    7.41643e+04   -4.48685e+03   -5.61575e+05    3.04903e+03
 Position Rest.      Potential    Kinetic En.   Total Energy  Conserved En.
    5.22970e+02   -4.70724e+05    8.49634e+04   -3.85760e+05   -3.83875e+05
    Temperature Pres. DC (bar) Pressure (bar)   Constr. rmsd
    2.97238e+02   -2.18374e+02    8.59274e+01    2.95285e-06


DD  step 25499  vol min/aver 0.624  load imb.: force  3.6%  pme mesh/force 0.993
           Step           Time
          25500       51.00000

   Energies (kJ/mol)
           Bond          Angle    Proper Dih. Ryckaert-Bell.          LJ-14
    1.59233e+03    3.74158e+03    2.59252e+02    1.83751e+03    2.62016e+03
     Coulomb-14        LJ (SR)  Disper. corr.   Coulomb (SR)   Coul. recip.
    7.62434e+03    7.47197e+04   -4.47724e+03   -5.62350e+05    2.96373e+03
 Position Rest.      Potential    Kinetic En.   Total Energy  Conserved En.
    4.45590e+02   -4.71023e+05    8.52640e+04   -3.85759e+05   -3.83861e+05
    Temperature Pres. DC (bar) Pressure (bar)   Constr. rmsd
    2.98290e+02   -2.17440e+02    1.73071e+02    2.98354e-06


DD  step 25999  vol min/aver 0.608  load imb.: force  3.2%  pme mesh/force 1.410
           Step           Time
          26000       52.00000

   Energies (kJ/mol)
           Bond          Angle    Proper Dih. Ryckaert-Bell.          LJ-14
    1.41044e+03    3.77424e+03    2.53167e+02    1.96496e+03    2.73184e+03
     Coulomb-14        LJ (SR)  Disper. corr.   Coulomb (SR)   Coul. recip.
    7.79479e+03    7.33459e+04   -4.46931e+03   -5.59964e+05    3.08880e+03
 Position Rest.      Potential    Kinetic En.   Total Energy  Conserved En.
    4.81958e+02   -4.69588e+05    8.66859e+04   -3.82902e+05   -3.83888e+05
    Temperature Pres. DC (bar) Pressure (bar)   Constr. rmsd
    3.03264e+02   -2.16672e+02    1.28308e+02    3.25574e-06


DD  step 26499  vol min/aver 0.617  load imb.: force  4.1%  pme mesh/force 0.996
           Step           Time
          26500       53.00000

   Energies (kJ/mol)
           Bond          Angle    Proper Dih. Ryckaert-Bell.          LJ-14
    1.43926e+03    3.60519e+03    2.51169e+02    1.85527e+03    2.61703e+03
     Coulomb-14        LJ (SR)  Disper. corr.   Coulomb (SR)   Coul. recip.
    7.73787e+03    7.31602e+04   -4.48237e+03   -5.60719e+05    2.99262e+03
 Position Rest.      Potential    Kinetic En.   Total Energy  Conserved En.
    4.95655e+02   -4.71047e+05    8.52881e+04   -3.85759e+05   -3.83885e+05
    Temperature Pres. DC (bar) Pressure (bar)   Constr. rmsd
    2.98374e+02   -2.17938e+02   -1.86523e+02    3.06727e-06


DD  step 26999  vol min/aver 0.619  load imb.: force  3.4%  pme mesh/force 0.991
           Step           Time
          27000       54.00000

   Energies (kJ/mol)
           Bond          Angle    Proper Dih. Ryckaert-Bell.          LJ-14
    1.44350e+03    3.78374e+03    2.16301e+02    1.84293e+03    2.68497e+03
     Coulomb-14        LJ (SR)  Disper. corr.   Coulomb (SR)   Coul. recip.
    7.78336e+03    7.39904e+04   -4.46777e+03   -5.61127e+05    3.08581e+03
 Position Rest.      Potential    Kinetic En.   Total Energy  Conserved En.
    4.69306e+02   -4.70294e+05    8.54437e+04   -3.84851e+05   -3.83862e+05
    Temperature Pres. DC (bar) Pressure (bar)   Constr. rmsd
    2.98918e+02   -2.16522e+02    8.53398e+00    2.94699e-06


DD  step 27499  vol min/aver 0.621  load imb.: force  5.0%  pme mesh/force 0.975
           Step           Time
          27500       55.00000

   Energies (kJ/mol)
           Bond          Angle    Proper Dih. Ryckaert-Bell.          LJ-14
    1.47530e+03    3.81544e+03    2.36070e+02    1.76459e+03    2.69723e+03
     Coulomb-14        LJ (SR)  Disper. corr.   Coulomb (SR)   Coul. recip.
    7.64914e+03    7.39680e+04   -4.48215e+03   -5.61361e+05    3.02472e+03
 Position Rest.      Potential    Kinetic En.   Total Energy  Conserved En.
    4.54531e+02   -4.70758e+05    8.55311e+04   -3.85227e+05   -3.83844e+05
    Temperature Pres. DC (bar) Pressure (bar)   Constr. rmsd
    2.99224e+02   -2.17916e+02    1.76667e+02    3.13615e-06


DD  step 27999  vol min/aver 0.613  load imb.: force  3.9%  pme mesh/force 0.994
           Step           Time
          28000       56.00000

   Energies (kJ/mol)
           Bond          Angle    Proper Dih. Ryckaert-Bell.          LJ-14
    1.51967e+03    3.68076e+03    2.50327e+02    1.84331e+03    2.70702e+03
     Coulomb-14        LJ (SR)  Disper. corr.   Coulomb (SR)   Coul. recip.
    7.75968e+03    7.35410e+04   -4.47805e+03   -5.60988e+05    2.98468e+03
 Position Rest.      Potential    Kinetic En.   Total Energy  Conserved En.
    4.90725e+02   -4.70688e+05    8.52686e+04   -3.85420e+05   -3.83853e+05
    Temperature Pres. DC (bar) Pressure (bar)   Constr. rmsd
    2.98306e+02   -2.17519e+02   -7.61220e+00    2.73442e-06


DD  step 28499  vol min/aver 0.602  load imb.: force  8.6%  pme mesh/force 0.936
           Step           Time
          28500       57.00000

   Energies (kJ/mol)
           Bond          Angle    Proper Dih. Ryckaert-Bell.          LJ-14
    1.59785e+03    3.66495e+03    2.42041e+02    1.83084e+03    2.65839e+03
     Coulomb-14        LJ (SR)  Disper. corr.   Coulomb (SR)   Coul. recip.
    7.70917e+03    7.37580e+04   -4.47617e+03   -5.60603e+05    3.03506e+03
 Position Rest.      Potential    Kinetic En.   Total Energy  Conserved En.
    4.52465e+02   -4.70130e+05    8.58637e+04   -3.84267e+05   -3.83864e+05
    Temperature Pres. DC (bar) Pressure (bar)   Constr. rmsd
    3.00388e+02   -2.17337e+02   -1.35149e+02    2.79207e-06


DD  step 28999  vol min/aver 0.621  load imb.: force 15.2%  pme mesh/force 1.930

step 29000 Turning off dynamic load balancing, because it is degrading performance.
Atom distribution over 36 domains: av 941 stddev 27 min 900 max 1043
           Step           Time
          29000       58.00000

   Energies (kJ/mol)
           Bond          Angle    Proper Dih. Ryckaert-Bell.          LJ-14
    1.46711e+03    3.61607e+03    2.53285e+02    1.85556e+03    2.63915e+03
     Coulomb-14        LJ (SR)  Disper. corr.   Coulomb (SR)   Coul. recip.
    7.74138e+03    7.38412e+04   -4.44933e+03   -5.60380e+05    3.09811e+03
 Position Rest.      Potential    Kinetic En.   Total Energy  Conserved En.
    4.77125e+02   -4.69840e+05    8.56787e+04   -3.84161e+05   -3.83860e+05
    Temperature Pres. DC (bar) Pressure (bar)   Constr. rmsd
    2.99741e+02   -2.14741e+02   -1.35802e+02    3.59549e-06


DD  step 29499 load imb.: force 14.9%  pme mesh/force 0.942
           Step           Time
          29500       59.00000

   Energies (kJ/mol)
           Bond          Angle    Proper Dih. Ryckaert-Bell.          LJ-14
    1.45380e+03    3.60278e+03    2.26310e+02    1.81363e+03    2.70505e+03
     Coulomb-14        LJ (SR)  Disper. corr.   Coulomb (SR)   Coul. recip.
    7.79415e+03    7.50908e+04   -4.48328e+03   -5.62806e+05    3.05510e+03
 Position Rest.      Potential    Kinetic En.   Total Energy  Conserved En.
    4.53136e+02   -4.71094e+05    8.53686e+04   -3.85726e+05   -3.83838e+05
    Temperature Pres. DC (bar) Pressure (bar)   Constr. rmsd
    2.98656e+02   -2.18027e+02    2.41452e+02    2.64189e-06


DD  step 29999 load imb.: force 15.3%  pme mesh/force 0.940
           Step           Time
          30000       60.00000

   Energies (kJ/mol)
           Bond          Angle    Proper Dih. Ryckaert-Bell.          LJ-14
    1.31800e+03    3.58114e+03    2.33606e+02    1.81425e+03    2.74037e+03
     Coulomb-14        LJ (SR)  Disper. corr.   Coulomb (SR)   Coul. recip.
    7.77666e+03    7.34315e+04   -4.44845e+03   -5.61339e+05    3.02381e+03
 Position Rest.      Potential    Kinetic En.   Total Energy  Conserved En.
    4.49690e+02   -4.71419e+05    8.54390e+04   -3.85980e+05   -3.83854e+05
    Temperature Pres. DC (bar) Pressure (bar)   Constr. rmsd
    2.98902e+02   -2.14656e+02   -1.70392e+02    3.24021e-06


DD  step 30499 load imb.: force 14.4%  pme mesh/force 0.935
           Step           Time
          30500       61.00000

   Energies (kJ/mol)
           Bond          Angle    Proper Dih. Ryckaert-Bell.          LJ-14
    1.43352e+03    3.76407e+03    2.44815e+02    1.89432e+03    2.68738e+03
     Coulomb-14        LJ (SR)  Disper. corr.   Coulomb (SR)   Coul. recip.
    7.73833e+03    7.47141e+04   -4.49456e+03   -5.62564e+05    3.02232e+03
 Position Rest.      Potential    Kinetic En.   Total Energy  Conserved En.
    4.44573e+02   -4.71115e+05    8.56769e+04   -3.85438e+05   -3.83827e+05
    Temperature Pres. DC (bar) Pressure (bar)   Constr. rmsd
    2.99734e+02   -2.19124e+02    1.62783e+02    3.01177e-06


DD  step 30999 load imb.: force 14.6%  pme mesh/force 0.942
           Step           Time
          31000       62.00000

   Energies (kJ/mol)
           Bond          Angle    Proper Dih. Ryckaert-Bell.          LJ-14
    1.51892e+03    3.65093e+03    2.48172e+02    1.88865e+03    2.67255e+03
     Coulomb-14        LJ (SR)  Disper. corr.   Coulomb (SR)   Coul. recip.
    7.72247e+03    7.37679e+04   -4.46736e+03   -5.60684e+05    2.98389e+03
 Position Rest.      Potential    Kinetic En.   Total Energy  Conserved En.
    4.37573e+02   -4.70260e+05    8.61104e+04   -3.84150e+05   -3.83838e+05
    Temperature Pres. DC (bar) Pressure (bar)   Constr. rmsd
    3.01251e+02   -2.16483e+02   -1.11222e+02    2.82214e-06


DD  step 31499 load imb.: force 13.7%  pme mesh/force 0.990
           Step           Time
          31500       63.00000

   Energies (kJ/mol)
           Bond          Angle    Proper Dih. Ryckaert-Bell.          LJ-14
    1.45566e+03    3.84469e+03    2.72405e+02    1.89055e+03    2.66487e+03
     Coulomb-14        LJ (SR)  Disper. corr.   Coulomb (SR)   Coul. recip.
    7.83036e+03    7.30871e+04   -4.46470e+03   -5.59682e+05    3.03717e+03
 Position Rest.      Potential    Kinetic En.   Total Energy  Conserved En.
    5.04871e+02   -4.69559e+05    8.58910e+04   -3.83668e+05   -3.83828e+05
    Temperature Pres. DC (bar) Pressure (bar)   Constr. rmsd
    3.00483e+02   -2.16225e+02   -1.61137e+02    2.91054e-06


DD  step 31999 load imb.: force 14.9%  pme mesh/force 0.935
           Step           Time
          32000       64.00000

   Energies (kJ/mol)
           Bond          Angle    Proper Dih. Ryckaert-Bell.          LJ-14
    1.40302e+03    3.70548e+03    2.21857e+02    1.82357e+03    2.64242e+03
     Coulomb-14        LJ (SR)  Disper. corr.   Coulomb (SR)   Coul. recip.
    7.75730e+03    7.52085e+04   -4.47523e+03   -5.62806e+05    3.11118e+03
 Position Rest.      Potential    Kinetic En.   Total Energy  Conserved En.
    4.64342e+02   -4.70943e+05    8.62354e+04   -3.84708e+05   -3.83836e+05
    Temperature Pres. DC (bar) Pressure (bar)   Constr. rmsd
    3.01688e+02   -2.17245e+02    2.02397e+02    3.14047e-06


DD  step 32499 load imb.: force 15.3%  pme mesh/force 0.942
           Step           Time
          32500       65.00000

   Energies (kJ/mol)
           Bond          Angle    Proper Dih. Ryckaert-Bell.          LJ-14
    1.51902e+03    3.60221e+03    2.44904e+02    1.82020e+03    2.66930e+03
     Coulomb-14        LJ (SR)  Disper. corr.   Coulomb (SR)   Coul. recip.
    7.61475e+03    7.44658e+04   -4.46218e+03   -5.60422e+05    3.12991e+03
 Position Rest.      Potential    Kinetic En.   Total Energy  Conserved En.
    4.69404e+02   -4.69349e+05    8.46510e+04   -3.84698e+05   -3.83812e+05
    Temperature Pres. DC (bar) Pressure (bar)   Constr. rmsd
    2.96145e+02   -2.15981e+02    5.44986e+01    2.81686e-06


DD  step 32999 load imb.: force 16.1%  pme mesh/force 0.933
           Step           Time
          33000       66.00000

   Energies (kJ/mol)
           Bond          Angle    Proper Dih. Ryckaert-Bell.          LJ-14
    1.50803e+03    3.66037e+03    2.48171e+02    1.82545e+03    2.59970e+03
     Coulomb-14        LJ (SR)  Disper. corr.   Coulomb (SR)   Coul. recip.
    7.75619e+03    7.30913e+04   -4.46668e+03   -5.60698e+05    3.06238e+03
 Position Rest.      Potential    Kinetic En.   Total Energy  Conserved En.
    4.73217e+02   -4.70940e+05    8.55102e+04   -3.85430e+05   -3.83831e+05
    Temperature Pres. DC (bar) Pressure (bar)   Constr. rmsd
    2.99151e+02   -2.16416e+02   -3.06259e+02    2.67660e-06


DD  step 33499 load imb.: force 14.4%  pme mesh/force 0.948
           Step           Time
          33500       67.00000

   Energies (kJ/mol)
           Bond          Angle    Proper Dih. Ryckaert-Bell.          LJ-14
    1.40146e+03    3.58699e+03    2.47512e+02    1.86579e+03    2.61642e+03
     Coulomb-14        LJ (SR)  Disper. corr.   Coulomb (SR)   Coul. recip.
    7.74676e+03    7.37208e+04   -4.46462e+03   -5.60897e+05    2.97892e+03
 Position Rest.      Potential    Kinetic En.   Total Energy  Conserved En.
    4.64047e+02   -4.70732e+05    8.57113e+04   -3.85021e+05   -3.83825e+05
    Temperature Pres. DC (bar) Pressure (bar)   Constr. rmsd
    2.99855e+02   -2.16218e+02   -1.09139e+02    3.23183e-06


DD  step 33999 load imb.: force 15.5%  pme mesh/force 0.941
           Step           Time
          34000       68.00000

   Energies (kJ/mol)
           Bond          Angle    Proper Dih. Ryckaert-Bell.          LJ-14
    1.37785e+03    3.63856e+03    2.68525e+02    1.79932e+03    2.69424e+03
     Coulomb-14        LJ (SR)  Disper. corr.   Coulomb (SR)   Coul. recip.
    7.72116e+03    7.40551e+04   -4.48048e+03   -5.62206e+05    2.99660e+03
 Position Rest.      Potential    Kinetic En.   Total Energy  Conserved En.
    4.39026e+02   -4.71696e+05    8.48839e+04   -3.86812e+05   -3.83807e+05
    Temperature Pres. DC (bar) Pressure (bar)   Constr. rmsd
    2.96960e+02   -2.17755e+02    3.13100e+01    2.67459e-06


DD  step 34499 load imb.: force 15.7%  pme mesh/force 0.940
           Step           Time
          34500       69.00000

   Energies (kJ/mol)
           Bond          Angle    Proper Dih. Ryckaert-Bell.          LJ-14
    1.44184e+03    3.75210e+03    2.31732e+02    1.80064e+03    2.75471e+03
     Coulomb-14        LJ (SR)  Disper. corr.   Coulomb (SR)   Coul. recip.
    7.77796e+03    7.37775e+04   -4.46908e+03   -5.61159e+05    3.01846e+03
 Position Rest.      Potential    Kinetic En.   Total Energy  Conserved En.
    3.90355e+02   -4.70682e+05    8.50348e+04   -3.85647e+05   -3.83810e+05
    Temperature Pres. DC (bar) Pressure (bar)   Constr. rmsd
    2.97488e+02   -2.16649e+02    3.27303e+01    2.85627e-06


DD  step 34999 load imb.: force 14.7%  pme mesh/force 0.948

step 35000 Turning on dynamic load balancing, because the performance loss due to load imbalance is 3.7 %.
           Step           Time
          35000       70.00000

   Energies (kJ/mol)
           Bond          Angle    Proper Dih. Ryckaert-Bell.          LJ-14
    1.56705e+03    3.65745e+03    2.41372e+02    1.90337e+03    2.60773e+03
     Coulomb-14        LJ (SR)  Disper. corr.   Coulomb (SR)   Coul. recip.
    7.70771e+03    7.43494e+04   -4.46692e+03   -5.61743e+05    2.93978e+03
 Position Rest.      Potential    Kinetic En.   Total Energy  Conserved En.
    4.86877e+02   -4.70750e+05    8.60975e+04   -3.84652e+05   -3.83810e+05
    Temperature Pres. DC (bar) Pressure (bar)   Constr. rmsd
    3.01206e+02   -2.16440e+02    4.47120e+01    2.88687e-06


DD  step 35499  vol min/aver 0.640  load imb.: force  4.7%  pme mesh/force 0.993
           Step           Time
          35500       71.00000

   Energies (kJ/mol)
           Bond          Angle    Proper Dih. Ryckaert-Bell.          LJ-14
    1.46693e+03    3.65830e+03    2.21578e+02    1.82041e+03    2.64798e+03
     Coulomb-14        LJ (SR)  Disper. corr.   Coulomb (SR)   Coul. recip.
    7.73218e+03    7.45032e+04   -4.47644e+03   -5.62368e+05    3.04262e+03
 Position Rest.      Potential    Kinetic En.   Total Energy  Conserved En.
    4.45350e+02   -4.71306e+05    8.54125e+04   -3.85894e+05   -3.83800e+05
    Temperature Pres. DC (bar) Pressure (bar)   Constr. rmsd
    2.98809e+02   -2.17362e+02    1.19884e+02    3.05816e-06


DD  step 35999  vol min/aver 0.644  load imb.: force  3.2%  pme mesh/force 0.991
           Step           Time
          36000       72.00000

   Energies (kJ/mol)
           Bond          Angle    Proper Dih. Ryckaert-Bell.          LJ-14
    1.38156e+03    3.67018e+03    2.47792e+02    1.86225e+03    2.70502e+03
     Coulomb-14        LJ (SR)  Disper. corr.   Coulomb (SR)   Coul. recip.
    7.79868e+03    7.38744e+04   -4.45463e+03   -5.60849e+05    3.10605e+03
 Position Rest.      Potential    Kinetic En.   Total Energy  Conserved En.
    4.44220e+02   -4.70213e+05    8.51308e+04   -3.85083e+05   -3.83805e+05
    Temperature Pres. DC (bar) Pressure (bar)   Constr. rmsd
    2.97824e+02   -2.15252e+02   -3.78173e+01    2.66984e-06


DD  step 36499  vol min/aver 0.644  load imb.: force  2.6%  pme mesh/force 1.004
           Step           Time
          36500       73.00000

   Energies (kJ/mol)
           Bond          Angle    Proper Dih. Ryckaert-Bell.          LJ-14
    1.50980e+03    3.71458e+03    2.13147e+02    1.86883e+03    2.74297e+03
     Coulomb-14        LJ (SR)  Disper. corr.   Coulomb (SR)   Coul. recip.
    7.79775e+03    7.42503e+04   -4.47106e+03   -5.61869e+05    3.02514e+03
 Position Rest.      Potential    Kinetic En.   Total Energy  Conserved En.
    4.29905e+02   -4.70788e+05    8.55635e+04   -3.85224e+05   -3.83778e+05
    Temperature Pres. DC (bar) Pressure (bar)   Constr. rmsd
    2.99338e+02   -2.16841e+02    9.93532e+01    2.67764e-06


DD  step 36999  vol min/aver 0.642  load imb.: force  3.3%  pme mesh/force 0.997
           Step           Time
          37000       74.00000

   Energies (kJ/mol)
           Bond          Angle    Proper Dih. Ryckaert-Bell.          LJ-14
    1.57591e+03    3.58921e+03    2.31218e+02    1.85705e+03    2.64235e+03
     Coulomb-14        LJ (SR)  Disper. corr.   Coulomb (SR)   Coul. recip.
    7.77434e+03    7.39420e+04   -4.44547e+03   -5.61261e+05    3.09855e+03
 Position Rest.      Potential    Kinetic En.   Total Energy  Conserved En.
    4.86395e+02   -4.70509e+05    8.53291e+04   -3.85180e+05   -3.83805e+05
    Temperature Pres. DC (bar) Pressure (bar)   Constr. rmsd
    2.98517e+02   -2.14368e+02   -1.79259e+02    2.75373e-06


DD  step 37499  vol min/aver 0.627  load imb.: force  4.5%  pme mesh/force 1.000
           Step           Time
          37500       75.00000

   Energies (kJ/mol)
           Bond          Angle    Proper Dih. Ryckaert-Bell.          LJ-14
    1.48462e+03    3.76338e+03    2.65046e+02    1.82705e+03    2.63057e+03
     Coulomb-14        LJ (SR)  Disper. corr.   Coulomb (SR)   Coul. recip.
    7.77407e+03    7.35287e+04   -4.45661e+03   -5.60464e+05    3.00652e+03
 Position Rest.      Potential    Kinetic En.   Total Energy  Conserved En.
    4.83205e+02   -4.70158e+05    8.56220e+04   -3.84536e+05   -3.83789e+05
    Temperature Pres. DC (bar) Pressure (bar)   Constr. rmsd
    2.99542e+02   -2.15443e+02   -1.40818e+02    3.24790e-06


DD  step 37999  vol min/aver 0.624  load imb.: force  3.9%  pme mesh/force 1.003
           Step           Time
          38000       76.00000

   Energies (kJ/mol)
           Bond          Angle    Proper Dih. Ryckaert-Bell.          LJ-14
    1.53223e+03    3.85454e+03    2.33935e+02    1.85055e+03    2.65958e+03
     Coulomb-14        LJ (SR)  Disper. corr.   Coulomb (SR)   Coul. recip.
    7.73283e+03    7.35819e+04   -4.45853e+03   -5.60076e+05    2.99094e+03
 Position Rest.      Potential    Kinetic En.   Total Energy  Conserved En.
    4.96541e+02   -4.69602e+05    8.56084e+04   -3.83993e+05   -3.83782e+05
    Temperature Pres. DC (bar) Pressure (bar)   Constr. rmsd
    2.99495e+02   -2.15629e+02    8.89018e+00    2.94253e-06


DD  step 38499  vol min/aver 0.630  load imb.: force  2.8%  pme mesh/force 1.004
           Step           Time
          38500       77.00000

   Energies (kJ/mol)
           Bond          Angle    Proper Dih. Ryckaert-Bell.          LJ-14
    1.40003e+03    3.52308e+03    3.00954e+02    1.86100e+03    2.75200e+03
     Coulomb-14        LJ (SR)  Disper. corr.   Coulomb (SR)   Coul. recip.
    7.80102e+03    7.52644e+04   -4.48172e+03   -5.63512e+05    2.99321e+03
 Position Rest.      Potential    Kinetic En.   Total Energy  Conserved En.
    4.85828e+02   -4.71613e+05    8.60655e+04   -3.85547e+05   -3.83797e+05
    Temperature Pres. DC (bar) Pressure (bar)   Constr. rmsd
    3.01094e+02   -2.17875e+02    3.23330e+02    2.77564e-06


DD  step 38999  vol min/aver 0.658  load imb.: force  5.0%  pme mesh/force 0.987
           Step           Time
          39000       78.00000

   Energies (kJ/mol)
           Bond          Angle    Proper Dih. Ryckaert-Bell.          LJ-14
    1.60184e+03    3.61004e+03    2.49863e+02    1.85455e+03    2.67277e+03
     Coulomb-14        LJ (SR)  Disper. corr.   Coulomb (SR)   Coul. recip.
    7.77986e+03    7.35649e+04   -4.48369e+03   -5.60834e+05    3.01764e+03
 Position Rest.      Potential    Kinetic En.   Total Energy  Conserved En.
    4.42704e+02   -4.70523e+05    8.54664e+04   -3.85057e+05   -3.83778e+05
    Temperature Pres. DC (bar) Pressure (bar)   Constr. rmsd
    2.98998e+02   -2.18066e+02   -1.38729e+02    2.96352e-06


DD  step 39499  vol min/aver 0.643  load imb.: force  4.4%  pme mesh/force 1.030
           Step           Time
          39500       79.00000

   Energies (kJ/mol)
           Bond          Angle    Proper Dih. Ryckaert-Bell.          LJ-14
    1.42161e+03    3.68301e+03    2.52556e+02    1.89928e+03    2.69157e+03
     Coulomb-14        LJ (SR)  Disper. corr.   Coulomb (SR)   Coul. recip.
    7.72041e+03    7.37866e+04   -4.46823e+03   -5.61624e+05    3.10018e+03
 Position Rest.      Potential    Kinetic En.   Total Energy  Conserved En.
    4.29303e+02   -4.71108e+05    8.48315e+04   -3.86277e+05   -3.83765e+05
    Temperature Pres. DC (bar) Pressure (bar)   Constr. rmsd
    2.96777e+02   -2.16567e+02   -5.09948e+01    2.61196e-06


DD  step 39999  vol min/aver 0.600  load imb.: force  4.6%  pme mesh/force 0.977
           Step           Time
          40000       80.00000

   Energies (kJ/mol)
           Bond          Angle    Proper Dih. Ryckaert-Bell.          LJ-14
    1.49533e+03    3.94215e+03    2.52259e+02    1.80865e+03    2.70603e+03
     Coulomb-14        LJ (SR)  Disper. corr.   Coulomb (SR)   Coul. recip.
    7.82857e+03    7.38634e+04   -4.45366e+03   -5.60219e+05    3.08643e+03
 Position Rest.      Potential    Kinetic En.   Total Energy  Conserved En.
    4.11720e+02   -4.69278e+05    8.60323e+04   -3.83245e+05   -3.83776e+05
    Temperature Pres. DC (bar) Pressure (bar)   Constr. rmsd
    3.00978e+02   -2.15158e+02    1.61596e+02    2.49055e-06


DD  step 40499  vol min/aver 0.628  load imb.: force  3.5%  pme mesh/force 1.008
           Step           Time
          40500       81.00000

   Energies (kJ/mol)
           Bond          Angle    Proper Dih. Ryckaert-Bell.          LJ-14
    1.46441e+03    3.69774e+03    2.77782e+02    1.89909e+03    2.74573e+03
     Coulomb-14        LJ (SR)  Disper. corr.   Coulomb (SR)   Coul. recip.
    7.79644e+03    7.41571e+04   -4.47012e+03   -5.61626e+05    3.15206e+03
 Position Rest.      Potential    Kinetic En.   Total Energy  Conserved En.
    4.43206e+02   -4.70462e+05    8.62999e+04   -3.84163e+05   -3.83780e+05
    Temperature Pres. DC (bar) Pressure (bar)   Constr. rmsd
    3.01914e+02   -2.16749e+02    1.11744e+02    2.95716e-06


DD  step 40999  vol min/aver 0.622  load imb.: force  3.9%  pme mesh/force 1.004
           Step           Time
          41000       82.00000

   Energies (kJ/mol)
           Bond          Angle    Proper Dih. Ryckaert-Bell.          LJ-14
    1.47265e+03    3.51023e+03    2.32705e+02    1.85759e+03    2.68615e+03
     Coulomb-14        LJ (SR)  Disper. corr.   Coulomb (SR)   Coul. recip.
    7.82018e+03    7.31414e+04   -4.47290e+03   -5.60751e+05    2.98819e+03
 Position Rest.      Potential    Kinetic En.   Total Energy  Conserved En.
    4.67841e+02   -4.71047e+05    8.54130e+04   -3.85634e+05   -3.83777e+05
    Temperature Pres. DC (bar) Pressure (bar)   Constr. rmsd
    2.98811e+02   -2.17019e+02   -1.06336e+02    2.93284e-06


DD  step 41499  vol min/aver 0.625  load imb.: force  3.1%  pme mesh/force 0.993
           Step           Time
          41500       83.00000

   Energies (kJ/mol)
           Bond          Angle    Proper Dih. Ryckaert-Bell.          LJ-14
    1.36143e+03    3.49739e+03    2.64545e+02    1.85052e+03    2.67680e+03
     Coulomb-14        LJ (SR)  Disper. corr.   Coulomb (SR)   Coul. recip.
    7.76508e+03    7.36601e+04   -4.46152e+03   -5.60828e+05    3.02921e+03
 Position Rest.      Potential    Kinetic En.   Total Energy  Conserved En.
    4.98128e+02   -4.70686e+05    8.53533e+04   -3.85333e+05   -3.83805e+05
    Temperature Pres. DC (bar) Pressure (bar)   Constr. rmsd
    2.98602e+02   -2.15917e+02   -1.44876e+01    2.87864e-06


DD  step 41999  vol min/aver 0.644  load imb.: force  4.5%  pme mesh/force 0.992
           Step           Time
          42000       84.00000

   Energies (kJ/mol)
           Bond          Angle    Proper Dih. Ryckaert-Bell.          LJ-14
    1.53436e+03    3.84603e+03    2.39927e+02    1.84441e+03    2.63202e+03
     Coulomb-14        LJ (SR)  Disper. corr.   Coulomb (SR)   Coul. recip.
    7.74168e+03    7.40023e+04   -4.46976e+03   -5.60856e+05    3.06484e+03
 Position Rest.      Potential    Kinetic En.   Total Energy  Conserved En.
    5.06293e+02   -4.69914e+05    8.53996e+04   -3.84514e+05   -3.83772e+05
    Temperature Pres. DC (bar) Pressure (bar)   Constr. rmsd
    2.98764e+02   -2.16715e+02    1.84075e+01    2.87028e-06


DD  step 42499  vol min/aver 0.638  load imb.: force  3.5%  pme mesh/force 0.998
           Step           Time
          42500       85.00000

   Energies (kJ/mol)
           Bond          Angle    Proper Dih. Ryckaert-Bell.          LJ-14
    1.32536e+03    3.71261e+03    2.40930e+02    1.80222e+03    2.72225e+03
     Coulomb-14        LJ (SR)  Disper. corr.   Coulomb (SR)   Coul. recip.
    7.76878e+03    7.48021e+04   -4.47786e+03   -5.62064e+05    2.96411e+03
 Position Rest.      Potential    Kinetic En.   Total Energy  Conserved En.
    4.78714e+02   -4.70725e+05    8.49343e+04   -3.85790e+05   -3.83766e+05
    Temperature Pres. DC (bar) Pressure (bar)   Constr. rmsd
    2.97136e+02   -2.17501e+02    3.32673e+02    2.45359e-06


DD  step 42999  vol min/aver 0.624  load imb.: force  3.9%  pme mesh/force 1.011
           Step           Time
          43000       86.00000

   Energies (kJ/mol)
           Bond          Angle    Proper Dih. Ryckaert-Bell.          LJ-14
    1.38007e+03    3.55235e+03    2.45854e+02    1.85090e+03    2.64386e+03
     Coulomb-14        LJ (SR)  Disper. corr.   Coulomb (SR)   Coul. recip.
    7.84096e+03    7.42492e+04   -4.46935e+03   -5.62553e+05    2.97321e+03
 Position Rest.      Potential    Kinetic En.   Total Energy  Conserved En.
    4.94605e+02   -4.71791e+05    8.52460e+04   -3.86545e+05   -3.83768e+05
    Temperature Pres. DC (bar) Pressure (bar)   Constr. rmsd
    2.98227e+02   -2.16675e+02   -1.21102e+02    3.16129e-06


DD  step 43499  vol min/aver 0.642  load imb.: force  3.8%  pme mesh/force 0.992
           Step           Time
          43500       87.00000

   Energies (kJ/mol)
           Bond          Angle    Proper Dih. Ryckaert-Bell.          LJ-14
    1.42772e+03    3.54622e+03    2.73042e+02    1.88222e+03    2.77912e+03
     Coulomb-14        LJ (SR)  Disper. corr.   Coulomb (SR)   Coul. recip.
    7.79015e+03    7.40388e+04   -4.46893e+03   -5.61130e+05    3.08820e+03
 Position Rest.      Potential    Kinetic En.   Total Energy  Conserved En.
    4.58914e+02   -4.70314e+05    8.46261e+04   -3.85688e+05   -3.83767e+05
    Temperature Pres. DC (bar) Pressure (bar)   Constr. rmsd
    2.96058e+02   -2.16635e+02    1.41973e+02    3.42145e-06


DD  step 43999  vol min/aver 0.635  load imb.: force  3.6%  pme mesh/force 0.966
           Step           Time
          44000       88.00000

   Energies (kJ/mol)
           Bond          Angle    Proper Dih. Ryckaert-Bell.          LJ-14
    1.45117e+03    3.77176e+03    2.66669e+02    1.86340e+03    2.67413e+03
     Coulomb-14        LJ (SR)  Disper. corr.   Coulomb (SR)   Coul. recip.
    7.68911e+03    7.40593e+04   -4.48578e+03   -5.61796e+05    3.05588e+03
 Position Rest.      Potential    Kinetic En.   Total Energy  Conserved En.
    4.22667e+02   -4.71028e+05    8.56850e+04   -3.85343e+05   -3.83754e+05
    Temperature Pres. DC (bar) Pressure (bar)   Constr. rmsd
    2.99763e+02   -2.18269e+02    2.87293e+01    2.90499e-06


DD  step 44499  vol min/aver 0.631  load imb.: force  3.1%  pme mesh/force 1.004
           Step           Time
          44500       89.00000

   Energies (kJ/mol)
           Bond          Angle    Proper Dih. Ryckaert-Bell.          LJ-14
    1.42007e+03    3.68500e+03    2.66378e+02    1.84650e+03    2.72592e+03
     Coulomb-14        LJ (SR)  Disper. corr.   Coulomb (SR)   Coul. recip.
    7.78877e+03    7.44142e+04   -4.45908e+03   -5.61435e+05    3.12820e+03
 Position Rest.      Potential    Kinetic En.   Total Energy  Conserved En.
    5.05544e+02   -4.70113e+05    8.57373e+04   -3.84376e+05   -3.83766e+05
    Temperature Pres. DC (bar) Pressure (bar)   Constr. rmsd
    2.99946e+02   -2.15682e+02    1.92994e+02    2.91459e-06


DD  step 44999  vol min/aver 0.641  load imb.: force  3.6%  pme mesh/force 0.999
           Step           Time
          45000       90.00000

   Energies (kJ/mol)
           Bond          Angle    Proper Dih. Ryckaert-Bell.          LJ-14
    1.51287e+03    3.76634e+03    2.38907e+02    1.83859e+03    2.65616e+03
     Coulomb-14        LJ (SR)  Disper. corr.   Coulomb (SR)   Coul. recip.
    7.72699e+03    7.33190e+04   -4.45956e+03   -5.60163e+05    2.94952e+03
 Position Rest.      Potential    Kinetic En.   Total Energy  Conserved En.
    4.52630e+02   -4.70161e+05    8.61962e+04   -3.83965e+05   -3.83778e+05
    Temperature Pres. DC (bar) Pressure (bar)   Constr. rmsd
    3.01551e+02   -2.15729e+02   -5.53306e+01    3.21492e-06


DD  step 45499  vol min/aver 0.623  load imb.: force  3.8%  pme mesh/force 1.021
           Step           Time
          45500       91.00000

   Energies (kJ/mol)
           Bond          Angle    Proper Dih. Ryckaert-Bell.          LJ-14
    1.50272e+03    3.82652e+03    2.39445e+02    1.79340e+03    2.66652e+03
     Coulomb-14        LJ (SR)  Disper. corr.   Coulomb (SR)   Coul. recip.
    7.75613e+03    7.40095e+04   -4.45102e+03   -5.60829e+05    3.07473e+03
 Position Rest.      Potential    Kinetic En.   Total Energy  Conserved En.
    4.35250e+02   -4.69976e+05    8.59254e+04   -3.84050e+05   -3.83761e+05
    Temperature Pres. DC (bar) Pressure (bar)   Constr. rmsd
    3.00604e+02   -2.14904e+02    9.67593e+01    3.05873e-06


DD  step 45999  vol min/aver 0.638  load imb.: force  2.4%  pme mesh/force 0.996
           Step           Time
          46000       92.00000

   Energies (kJ/mol)
           Bond          Angle    Proper Dih. Ryckaert-Bell.          LJ-14
    1.44342e+03    3.59152e+03    2.33016e+02    1.70166e+03    2.76202e+03
     Coulomb-14        LJ (SR)  Disper. corr.   Coulomb (SR)   Coul. recip.
    7.80804e+03    7.28881e+04   -4.46807e+03   -5.60230e+05    3.05237e+03
 Position Rest.      Potential    Kinetic En.   Total Energy  Conserved En.
    4.78026e+02   -4.70739e+05    8.65918e+04   -3.84148e+05   -3.83777e+05
    Temperature Pres. DC (bar) Pressure (bar)   Constr. rmsd
    3.02935e+02   -2.16551e+02   -2.38588e+01    2.93277e-06


DD  step 46499  vol min/aver 0.625  load imb.: force  2.1%  pme mesh/force 0.991
           Step           Time
          46500       93.00000

   Energies (kJ/mol)
           Bond          Angle    Proper Dih. Ryckaert-Bell.          LJ-14
    1.46013e+03    3.83658e+03    2.45865e+02    1.75069e+03    2.69980e+03
     Coulomb-14        LJ (SR)  Disper. corr.   Coulomb (SR)   Coul. recip.
    7.71800e+03    7.44138e+04   -4.47552e+03   -5.61836e+05    2.92451e+03
 Position Rest.      Potential    Kinetic En.   Total Energy  Conserved En.
    4.63285e+02   -4.70798e+05    8.62346e+04   -3.84564e+05   -3.83769e+05
    Temperature Pres. DC (bar) Pressure (bar)   Constr. rmsd
    3.01685e+02   -2.17274e+02    1.04274e+02    3.34821e-06


DD  step 46999  vol min/aver 0.648  load imb.: force  2.8%  pme mesh/force 1.066
           Step           Time
          47000       94.00000

   Energies (kJ/mol)
           Bond          Angle    Proper Dih. Ryckaert-Bell.          LJ-14
    1.42330e+03    3.80751e+03    2.86312e+02    1.73812e+03    2.72968e+03
     Coulomb-14        LJ (SR)  Disper. corr.   Coulomb (SR)   Coul. recip.
    7.86590e+03    7.26664e+04   -4.47052e+03   -5.60705e+05    3.07046e+03
 Position Rest.      Potential    Kinetic En.   Total Energy  Conserved En.
    4.77555e+02   -4.71110e+05    8.56384e+04   -3.85472e+05   -3.83754e+05
    Temperature Pres. DC (bar) Pressure (bar)   Constr. rmsd
    2.99599e+02   -2.16789e+02   -1.73194e+02    2.68128e-06


DD  step 47499  vol min/aver 0.621  load imb.: force  3.5%  pme mesh/force 0.996
           Step           Time
          47500       95.00000

   Energies (kJ/mol)
           Bond          Angle    Proper Dih. Ryckaert-Bell.          LJ-14
    1.52512e+03    3.77129e+03    2.52719e+02    1.89781e+03    2.70378e+03
     Coulomb-14        LJ (SR)  Disper. corr.   Coulomb (SR)   Coul. recip.
    7.73045e+03    7.37519e+04   -4.48461e+03   -5.60951e+05    3.08332e+03
 Position Rest.      Potential    Kinetic En.   Total Energy  Conserved En.
    4.93596e+02   -4.70226e+05    8.64953e+04   -3.83731e+05   -3.83751e+05
    Temperature Pres. DC (bar) Pressure (bar)   Constr. rmsd
    3.02597e+02   -2.18156e+02    9.15817e+01    3.03055e-06


DD  step 47999  vol min/aver 0.617  load imb.: force  3.8%  pme mesh/force 1.003
           Step           Time
          48000       96.00000

   Energies (kJ/mol)
           Bond          Angle    Proper Dih. Ryckaert-Bell.          LJ-14
    1.51786e+03    3.79898e+03    2.28980e+02    1.86147e+03    2.68589e+03
     Coulomb-14        LJ (SR)  Disper. corr.   Coulomb (SR)   Coul. recip.
    7.77357e+03    7.26526e+04   -4.44898e+03   -5.60388e+05    3.06233e+03
 Position Rest.      Potential    Kinetic En.   Total Energy  Conserved En.
    4.62615e+02   -4.70792e+05    8.75765e+04   -3.83216e+05   -3.83765e+05
    Temperature Pres. DC (bar) Pressure (bar)   Constr. rmsd
    3.06380e+02   -2.14707e+02   -1.69048e+02    3.07012e-06


DD  step 48499  vol min/aver 0.625  load imb.: force  2.9%  pme mesh/force 1.002
           Step           Time
          48500       97.00000

   Energies (kJ/mol)
           Bond          Angle    Proper Dih. Ryckaert-Bell.          LJ-14
    1.41731e+03    3.70525e+03    2.24758e+02    1.82471e+03    2.61131e+03
     Coulomb-14        LJ (SR)  Disper. corr.   Coulomb (SR)   Coul. recip.
    7.71291e+03    7.40652e+04   -4.44267e+03   -5.61341e+05    3.05657e+03
 Position Rest.      Potential    Kinetic En.   Total Energy  Conserved En.
    5.05248e+02   -4.70661e+05    8.53305e+04   -3.85330e+05   -3.83751e+05
    Temperature Pres. DC (bar) Pressure (bar)   Constr. rmsd
    2.98522e+02   -2.14099e+02   -1.51268e+02    3.03145e-06


DD  step 48999  vol min/aver 0.648  load imb.: force  4.4%  pme mesh/force 0.985
           Step           Time
          49000       98.00000

   Energies (kJ/mol)
           Bond          Angle    Proper Dih. Ryckaert-Bell.          LJ-14
    1.46580e+03    3.82021e+03    2.43105e+02    1.79776e+03    2.61670e+03
     Coulomb-14        LJ (SR)  Disper. corr.   Coulomb (SR)   Coul. recip.
    7.78011e+03    7.28996e+04   -4.46727e+03   -5.59849e+05    3.03733e+03
 Position Rest.      Potential    Kinetic En.   Total Energy  Conserved En.
    4.38029e+02   -4.70217e+05    8.59770e+04   -3.84240e+05   -3.83744e+05
    Temperature Pres. DC (bar) Pressure (bar)   Constr. rmsd
    3.00784e+02   -2.16474e+02   -1.98763e+02    3.38389e-06


DD  step 49499  vol min/aver 0.640  load imb.: force  4.0%  pme mesh/force 0.986
           Step           Time
          49500       99.00000

   Energies (kJ/mol)
           Bond          Angle    Proper Dih. Ryckaert-Bell.          LJ-14
    1.49848e+03    3.65577e+03    2.44959e+02    1.89537e+03    2.67137e+03
     Coulomb-14        LJ (SR)  Disper. corr.   Coulomb (SR)   Coul. recip.
    7.73593e+03    7.28204e+04   -4.46633e+03   -5.58569e+05    3.05268e+03
 Position Rest.      Potential    Kinetic En.   Total Energy  Conserved En.
    4.57953e+02   -4.69003e+05    8.57668e+04   -3.83236e+05   -3.83734e+05
    Temperature Pres. DC (bar) Pressure (bar)   Constr. rmsd
    3.00049e+02   -2.16382e+02    4.68034e+01    3.19845e-06


DD  step 49999  vol min/aver 0.637  load imb.: force  3.7%  pme mesh/force 0.996
           Step           Time
          50000      100.00000

Writing checkpoint, step 50000 at Sat Sep 24 20:43:04 2022


   Energies (kJ/mol)
           Bond          Angle    Proper Dih. Ryckaert-Bell.          LJ-14
    1.40528e+03    3.74560e+03    2.26654e+02    1.82614e+03    2.73574e+03
     Coulomb-14        LJ (SR)  Disper. corr.   Coulomb (SR)   Coul. recip.
    7.77469e+03    7.27774e+04   -4.48160e+03   -5.59393e+05    3.03733e+03
 Position Rest.      Potential    Kinetic En.   Total Energy  Conserved En.
    4.72441e+02   -4.69873e+05    8.57703e+04   -3.84103e+05   -3.83727e+05
    Temperature Pres. DC (bar) Pressure (bar)   Constr. rmsd
    3.00061e+02   -2.17863e+02   -1.07799e+02    2.73168e-06


	<======  ###############  ==>
	<====  A V E R A G E S  ====>
	<==  ###############  ======>

	Statistics over 50001 steps using 501 frames

   Energies (kJ/mol)
           Bond          Angle    Proper Dih. Ryckaert-Bell.          LJ-14
    1.45232e+03    3.72296e+03    2.46518e+02    1.84109e+03    2.67813e+03
     Coulomb-14        LJ (SR)  Disper. corr.   Coulomb (SR)   Coul. recip.
    7.75565e+03    7.38164e+04   -4.47053e+03   -5.61099e+05    3.03969e+03
 Position Rest.      Potential    Kinetic En.   Total Energy  Conserved En.
    4.67909e+02   -4.70549e+05    8.57467e+04   -3.84802e+05   -3.83871e+05
    Temperature Pres. DC (bar) Pressure (bar)   Constr. rmsd
    2.99979e+02   -2.16792e+02    6.53863e+00    0.00000e+00

          Box-X          Box-Y          Box-Z
    6.99894e+00    6.99894e+00    6.99894e+00

   Total Virial (kJ/mol)
    2.85561e+04    3.37936e+01   -8.00723e+01
    3.28074e+01    2.85065e+04    1.40232e+02
   -8.06283e+01    1.40553e+02    2.84864e+04

   Pressure (bar)
    4.47842e+00   -2.90416e+00    9.63856e+00
   -2.80855e+00    8.14493e+00   -1.47771e+01
    9.69201e+00   -1.48084e+01    6.99254e+00

      T-Protein  T-non-Protein
    3.00230e+02    2.99959e+02


	M E G A - F L O P S   A C C O U N T I N G

 NB=Group-cutoff nonbonded kernels    NxN=N-by-N cluster Verlet kernels
 RF=Reaction-Field  VdW=Van der Waals  QSTab=quadratic-spline table
 W3=SPC/TIP3p  W4=TIP4p (single or pairs)
 V&F=Potential and force  V=Potential only  F=Force only

 Computing:                               M-Number         M-Flops  % Flops
-----------------------------------------------------------------------------
 Pair Search distance check           15132.660014      136193.940     0.2
 NxN Ewald Elec. + LJ [F]            540360.039792    35663762.626    52.1
 NxN Ewald Elec. + LJ [V&F]            5469.345424      585219.960     0.9
 NxN Ewald Elec. [F]                 478561.364944    29192243.262    42.6
 NxN Ewald Elec. [V&F]                 4843.799728      406879.177     0.6
 1,4 nonbonded interactions             255.305106       22977.460     0.0
 Calc Weights                          5081.501628      182934.059     0.3
 Spread Q Bspline                    108405.368064      216810.736     0.3
 Gather F Bspline                    108405.368064      650432.208     0.9
 3D-FFT                              139519.590336     1116156.723     1.6
 Solve PME                              290.405808       18585.972     0.0
 Reset In Box                            33.842124         101.526     0.0
 CG-CoM                                  33.909876         101.730     0.0
 Bonds                                   51.251025        3023.810     0.0
 Angles                                 177.353547       29795.396     0.0
 Propers                                 21.300426        4877.798     0.0
 RB-Dihedrals                           197.503950       48783.476     0.1
 Pos. Restr.                             50.051001        2502.550     0.0
 Virial                                 177.515496        3195.279     0.0
 Stop-CM                                 16.971876         169.719     0.0
 Calc-Ekin                              338.827752        9148.349     0.0
 Lincs                                   47.950959        2877.058     0.0
 Lincs-Mat                              238.804776         955.219     0.0
 Constraint-V                          1691.333826       13530.671     0.0
 Constraint-Vir                         164.367867        3944.829     0.0
 Settle                                 531.810636      171774.835     0.3
-----------------------------------------------------------------------------
 Total                                                68486978.367   100.0
-----------------------------------------------------------------------------


    D O M A I N   D E C O M P O S I T I O N   S T A T I S T I C S

 av. #atoms communicated per step for force:  2 x 90582.8


Dynamic load balancing report:
 DLB was turned on during the run due to measured imbalance.
 Average load imbalance: 4.6%.
 The balanceable part of the MD step is 78%, load imbalance is computed from this.
 Part of the total run time spent waiting due to load imbalance: 3.5%.
 Steps where the load balancing was limited by -rdd, -rcon and/or -dds: X 0 % Y 0 % Z 0 %
 Average PME mesh/force load: 1.010
 Part of the total run time spent waiting due to PP/PME imbalance: 0.6 %


     R E A L   C Y C L E   A N D   T I M E   A C C O U N T I N G

On 36 MPI ranks doing PP, and
on 12 MPI ranks doing PME

 Computing:          Num   Num      Call    Wall time         Giga-Cycles
                     Ranks Threads  Count      (s)         total sum    %
-----------------------------------------------------------------------------
 Domain decomp.        36    1       1000       0.824         85.828   1.6
 DD comm. load         36    1        804       0.004          0.442   0.0
 DD comm. bounds       36    1        781       0.026          2.714   0.0
 Send X to PME         36    1      50001       1.319        137.352   2.5
 Neighbor search       36    1       1001       2.027        211.067   3.8
 Comm. coord.          36    1      49000       2.251        234.468   4.3
 Force                 36    1      50001      24.916       2594.967  47.3
 Wait + Comm. F        36    1      50001       3.289        342.562   6.2
 PME mesh *            12    1      50001      29.812       1034.947  18.9
 PME wait for PP *                              9.418        326.968   6.0
 Wait + Recv. PME F    36    1      50001       1.131        117.826   2.1
 NB X/F buffer ops.    36    1     148001       0.886         92.310   1.7
 Write traj.           36    1        101       0.037          3.811   0.1
 Update                36    1      50001       0.186         19.393   0.4
 Constraints           36    1      50001       0.583         60.733   1.1
 Comm. energies        36    1       5001       1.898        197.659   3.6
 Rest                                           0.138         14.330   0.3
-----------------------------------------------------------------------------
 Total                                         39.516       5487.283 100.0
-----------------------------------------------------------------------------
(*) Note that with separate PME ranks, the walltime column actually sums to
    twice the total reported, but the cycle count total and % are correct.
-----------------------------------------------------------------------------
 Breakdown of PME mesh computation
-----------------------------------------------------------------------------
 PME redist. X/F       12    1     100002       6.562        227.788   4.2
 PME spread            12    1      50001       7.727        268.254   4.9
 PME gather            12    1      50001       6.400        222.166   4.0
 PME 3D-FFT            12    1     100002       5.792        201.068   3.7
 PME 3D-FFT Comm.      12    1     200004       2.866         99.496   1.8
 PME solve Elec        12    1      50001       0.419         14.536   0.3
-----------------------------------------------------------------------------

               Core t (s)   Wall t (s)        (%)
       Time:     1896.605       39.516     4799.6
                 (ns/day)    (hour/ns)
Performance:      218.651        0.110
Finished mdrun on rank 0 Sat Sep 24 20:43:04 2022

